[0 0]	0	[0. 0. 0. 0. 0. 0.]	False	[0.14199741 0.14752507 0.15777528 0.02085906 0.12412503 0.40771815]
[1 0]	1	[0. 0. 0. 0. 0. 0.]	False	[0.14199741 0.14752507 0.15777528 0.02085906 0.12412503 0.40771815]
[2 1]	0	[0. 0. 0. 0. 0. 0.]	False	[0.14199741 0.14752507 0.15777528 0.02085906 0.12412503 0.40771815]
[3 2]	0	[0. 0. 0. 0. 0. 0.]	False	[0.14199741 0.14752507 0.15777528 0.02085906 0.12412503 0.40771815]
[4 4]	1	[0. 0. 0. 0. 0. 0.]	False	[0.14199741 0.14752507 0.15777528 0.02085906 0.12412503 0.40771815]
[5 9]	0	[6.37849798 3.80507597 2.5126212  0.75632265 2.49531244 5.63243171]	True	[0.14199741 0.14752507 0.15777528 0.02085906 0.12412503 0.40771815]
[0 0]	0	[0. 0. 0. 0. 0. 0.]	False	[0.35644346 0.06373908 0.12222908 0.25897238 0.07737534 0.12124065]
[1 0]	1	[0. 0. 0. 0. 0. 0.]	False	[0.35644346 0.06373908 0.12222908 0.25897238 0.07737534 0.12124065]
[2 1]	1	[0. 0. 0. 0. 0. 0.]	False	[0.35644346 0.06373908 0.12222908 0.25897238 0.07737534 0.12124065]
[3 3]	1	[0. 0. 0. 0. 0. 0.]	False	[0.35644346 0.06373908 0.12222908 0.25897238 0.07737534 0.12124065]
[4 7]	1	[0. 0. 0. 0. 0. 0.]	False	[0.35644346 0.06373908 0.12222908 0.25897238 0.07737534 0.12124065]
[ 5 15]	1	[3.57753129 3.67307393 5.43392619 2.06131042 2.63388133 5.74420686]	True	[0.35644346 0.06373908 0.12222908 0.25897238 0.07737534 0.12124065]
[0 0]	0	[0. 0. 0. 0. 0. 0.]	False	[0.41108283 0.08663248 0.09862784 0.12086152 0.19572936 0.08706605]
[1 0]	0	[0. 0. 0. 0. 0. 0.]	False	[0.41108283 0.08663248 0.09862784 0.12086152 0.19572936 0.08706605]
[2 0]	1	[0. 0. 0. 0. 0. 0.]	False	[0.41108283 0.08663248 0.09862784 0.12086152 0.19572936 0.08706605]
[3 1]	0	[0. 0. 0. 0. 0. 0.]	False	[0.41108283 0.08663248 0.09862784 0.12086152 0.19572936 0.08706605]
[4 2]	0	[0. 0. 0. 0. 0. 0.]	False	[0.41108283 0.08663248 0.09862784 0.12086152 0.19572936 0.08706605]
[5 4]	1	[2.22158757 1.01733311 7.9499714  3.6379799  3.77557594 1.82692783]	True	[0.41108283 0.08663248 0.09862784 0.12086152 0.19572936 0.08706605]
[0 0]	0	[0. 0. 0. 0. 0. 0.]	False	[0.30625334 0.10129881 0.15162227 0.04797238 0.21678363 0.17606959]
[1 0]	1	[0. 0. 0. 0. 0. 0.]	False	[0.30625334 0.10129881 0.15162227 0.04797238 0.21678363 0.17606959]
[2 1]	1	[0. 0. 0. 0. 0. 0.]	False	[0.30625334 0.10129881 0.15162227 0.04797238 0.21678363 0.17606959]
[3 3]	0	[0. 0. 0. 0. 0. 0.]	False	[0.30625334 0.10129881 0.15162227 0.04797238 0.21678363 0.17606959]
[4 6]	1	[0. 0. 0. 0. 0. 0.]	False	[0.30625334 0.10129881 0.15162227 0.04797238 0.21678363 0.17606959]
[ 5 13]	1	[4.74718378 6.36499948 4.05818821 4.43996757 0.42190953 0.76864591]	True	[0.30625334 0.10129881 0.15162227 0.04797238 0.21678363 0.17606959]
[0 0]	1	[0. 0. 0. 0. 0. 0.]	False	[0.14544722 0.24640189 0.20213214 0.01944525 0.15979588 0.22677758]
[1 1]	1	[0. 0. 0. 0. 0. 0.]	False	[0.14544722 0.24640189 0.20213214 0.01944525 0.15979588 0.22677758]
[2 3]	0	[0. 0. 0. 0. 0. 0.]	False	[0.14544722 0.24640189 0.20213214 0.01944525 0.15979588 0.22677758]
[3 6]	1	[0. 0. 0. 0. 0. 0.]	False	[0.14544722 0.24640189 0.20213214 0.01944525 0.15979588 0.22677758]
[ 4 13]	0	[0. 0. 0. 0. 0. 0.]	False	[0.14544722 0.24640189 0.20213214 0.01944525 0.15979588 0.22677758]
[ 5 26]	0	[4.27687318 2.83055698 5.27541783 5.03273808 0.01475194 4.53184284]	True	[0.14544722 0.24640189 0.20213214 0.01944525 0.15979588 0.22677758]
[0 0]	1	[0. 0. 0. 0. 0. 0.]	False	[0.1487079  0.20084561 0.23194082 0.15652402 0.20169903 0.0602826 ]
[1 1]	0	[0. 0. 0. 0. 0. 0.]	False	[0.1487079  0.20084561 0.23194082 0.15652402 0.20169903 0.0602826 ]
[2 2]	1	[0. 0. 0. 0. 0. 0.]	False	[0.1487079  0.20084561 0.23194082 0.15652402 0.20169903 0.0602826 ]
[3 5]	0	[0. 0. 0. 0. 0. 0.]	False	[0.1487079  0.20084561 0.23194082 0.15652402 0.20169903 0.0602826 ]
[ 4 10]	1	[0. 0. 0. 0. 0. 0.]	False	[0.1487079  0.20084561 0.23194082 0.15652402 0.20169903 0.0602826 ]
[ 5 21]	1	[3.09497945 1.2275849  3.84351994 7.19938601 3.78799616 2.82159852]	True	[0.1487079  0.20084561 0.23194082 0.15652402 0.20169903 0.0602826 ]
[0 0]	0	[0. 0. 0. 0. 0. 0.]	False	[0.11049028 0.2593528  0.21997659 0.09978271 0.09480344 0.21559414]
[1 0]	1	[0. 0. 0. 0. 0. 0.]	False	[0.11049028 0.2593528  0.21997659 0.09978271 0.09480344 0.21559414]
[2 1]	1	[0. 0. 0. 0. 0. 0.]	False	[0.11049028 0.2593528  0.21997659 0.09978271 0.09480344 0.21559414]
[3 3]	1	[0. 0. 0. 0. 0. 0.]	False	[0.11049028 0.2593528  0.21997659 0.09978271 0.09480344 0.21559414]
[4 7]	0	[0. 0. 0. 0. 0. 0.]	False	[0.11049028 0.2593528  0.21997659 0.09978271 0.09480344 0.21559414]
[ 5 14]	1	[0.63888729 0.28507461 4.87857435 6.41971655 5.85711844 0.43757381]	True	[0.11049028 0.2593528  0.21997659 0.09978271 0.09480344 0.21559414]
[0 0]	0	[0. 0. 0. 0. 0. 0.]	False	[0.0693314  0.18401147 0.1911059  0.11583769 0.11682779 0.32288572]
[1 0]	1	[0. 0. 0. 0. 0. 0.]	False	[0.0693314  0.18401147 0.1911059  0.11583769 0.11682779 0.32288572]
[2 1]	0	[0. 0. 0. 0. 0. 0.]	False	[0.0693314  0.18401147 0.1911059  0.11583769 0.11682779 0.32288572]
[3 2]	0	[0. 0. 0. 0. 0. 0.]	False	[0.0693314  0.18401147 0.1911059  0.11583769 0.11682779 0.32288572]
[4 4]	1	[0. 0. 0. 0. 0. 0.]	False	[0.0693314  0.18401147 0.1911059  0.11583769 0.11682779 0.32288572]
[5 9]	1	[0.79285198 4.00586269 0.36314749 8.9344773  1.82041716 0.2318847 ]	True	[0.0693314  0.18401147 0.1911059  0.11583769 0.11682779 0.32288572]
[0 0]	0	[0. 0. 0. 0. 0. 0.]	False	[0.10554731 0.21400177 0.22408016 0.05504631 0.27471352 0.12661096]
[1 0]	1	[0. 0. 0. 0. 0. 0.]	False	[0.10554731 0.21400177 0.22408016 0.05504631 0.27471352 0.12661096]
[2 1]	1	[0. 0. 0. 0. 0. 0.]	False	[0.10554731 0.21400177 0.22408016 0.05504631 0.27471352 0.12661096]
[3 3]	0	[0. 0. 0. 0. 0. 0.]	False	[0.10554731 0.21400177 0.22408016 0.05504631 0.27471352 0.12661096]
[4 6]	1	[0. 0. 0. 0. 0. 0.]	False	[0.10554731 0.21400177 0.22408016 0.05504631 0.27471352 0.12661096]
[ 5 13]	0	[6.30499955 1.82204004 1.93686289 3.35062427 1.83174219 6.21238686]	True	[0.10554731 0.21400177 0.22408016 0.05504631 0.27471352 0.12661096]
[0 0]	0	[0. 0. 0. 0. 0. 0.]	False	[0.28730297 0.19302967 0.01094238 0.3314525  0.02776986 0.14950255]
[1 0]	0	[0. 0. 0. 0. 0. 0.]	False	[0.28730297 0.19302967 0.01094238 0.3314525  0.02776986 0.14950255]
[2 0]	0	[0. 0. 0. 0. 0. 0.]	False	[0.28730297 0.19302967 0.01094238 0.3314525  0.02776986 0.14950255]
[3 0]	0	[0. 0. 0. 0. 0. 0.]	False	[0.28730297 0.19302967 0.01094238 0.3314525  0.02776986 0.14950255]
[4 0]	1	[0. 0. 0. 0. 0. 0.]	False	[0.28730297 0.19302967 0.01094238 0.3314525  0.02776986 0.14950255]
[5 1]	1	[4.01332296 7.17080888 1.46983043 3.82182158 2.20659648 3.29195217]	True	[0.28730297 0.19302967 0.01094238 0.3314525  0.02776986 0.14950255]
[0 0]	0	[0. 0. 0. 0. 0. 0.]	False	[0.25138077 0.00876565 0.1854902  0.27333012 0.17731047 0.1037228 ]
[1 0]	1	[0. 0. 0. 0. 0. 0.]	False	[0.25138077 0.00876565 0.1854902  0.27333012 0.17731047 0.1037228 ]
[2 1]	1	[0. 0. 0. 0. 0. 0.]	False	[0.25138077 0.00876565 0.1854902  0.27333012 0.17731047 0.1037228 ]
[3 3]	1	[0. 0. 0. 0. 0. 0.]	False	[0.25138077 0.00876565 0.1854902  0.27333012 0.17731047 0.1037228 ]
[4 7]	1	[0. 0. 0. 0. 0. 0.]	False	[0.25138077 0.00876565 0.1854902  0.27333012 0.17731047 0.1037228 ]
[ 5 15]	0	[0.74870183 2.51804488 6.59949427 2.14794505 6.05084902 2.88429005]	True	[0.25138077 0.00876565 0.1854902  0.27333012 0.17731047 0.1037228 ]
[0 0]	1	[0. 0. 0. 0. 0. 0.]	False	[0.11289087 0.14529246 0.02075657 0.07776982 0.24239433 0.40089592]
[1 1]	1	[0. 0. 0. 0. 0. 0.]	False	[0.11289087 0.14529246 0.02075657 0.07776982 0.24239433 0.40089592]
[2 3]	1	[0. 0. 0. 0. 0. 0.]	False	[0.11289087 0.14529246 0.02075657 0.07776982 0.24239433 0.40089592]
[3 7]	0	[0. 0. 0. 0. 0. 0.]	False	[0.11289087 0.14529246 0.02075657 0.07776982 0.24239433 0.40089592]
[ 4 14]	1	[0. 0. 0. 0. 0. 0.]	False	[0.11289087 0.14529246 0.02075657 0.07776982 0.24239433 0.40089592]
[ 5 29]	0	[9.59164585 1.48925818 0.72278285 2.04850964 1.0181982  0.16402902]	True	[0.11289087 0.14529246 0.02075657 0.07776982 0.24239433 0.40089592]
[0 0]	0	[0. 0. 0. 0. 0. 0.]	False	[0.24766302 0.1199874  0.06921808 0.22106512 0.268349   0.07371738]
[1 0]	1	[0. 0. 0. 0. 0. 0.]	False	[0.24766302 0.1199874  0.06921808 0.22106512 0.268349   0.07371738]
[2 1]	1	[0. 0. 0. 0. 0. 0.]	False	[0.24766302 0.1199874  0.06921808 0.22106512 0.268349   0.07371738]
[3 3]	1	[0. 0. 0. 0. 0. 0.]	False	[0.24766302 0.1199874  0.06921808 0.22106512 0.268349   0.07371738]
[4 7]	1	[0. 0. 0. 0. 0. 0.]	False	[0.24766302 0.1199874  0.06921808 0.22106512 0.268349   0.07371738]
[ 5 15]	0	[0.74870183 2.51804488 6.59949427 2.14794505 6.05084902 2.88429005]	True	[0.24766302 0.1199874  0.06921808 0.22106512 0.268349   0.07371738]
[0 0]	0	[0. 0. 0. 0. 0. 0.]	False	[0.18455008 0.19251603 0.09438875 0.155625   0.21139474 0.16152549]
[1 0]	0	[0. 0. 0. 0. 0. 0.]	False	[0.18455008 0.19251603 0.09438875 0.155625   0.21139474 0.16152549]
[2 0]	1	[0. 0. 0. 0. 0. 0.]	False	[0.18455008 0.19251603 0.09438875 0.155625   0.21139474 0.16152549]
[3 1]	0	[0. 0. 0. 0. 0. 0.]	False	[0.18455008 0.19251603 0.09438875 0.155625   0.21139474 0.16152549]
[4 2]	1	[0. 0. 0. 0. 0. 0.]	False	[0.18455008 0.19251603 0.09438875 0.155625   0.21139474 0.16152549]
[5 5]	0	[4.43311346 4.91328158 5.11707495 3.9065904  2.22236853 3.13406169]	True	[0.18455008 0.19251603 0.09438875 0.155625   0.21139474 0.16152549]
[0 0]	1	[0. 0. 0. 0. 0. 0.]	False	[0.09729923 0.22949949 0.46847603 0.00048701 0.17265315 0.03158512]
[1 1]	1	[0. 0. 0. 0. 0. 0.]	False	[0.09729923 0.22949949 0.46847603 0.00048701 0.17265315 0.03158512]
[2 3]	1	[0. 0. 0. 0. 0. 0.]	False	[0.09729923 0.22949949 0.46847603 0.00048701 0.17265315 0.03158512]
[3 7]	0	[0. 0. 0. 0. 0. 0.]	False	[0.09729923 0.22949949 0.46847603 0.00048701 0.17265315 0.03158512]
[ 4 14]	1	[0. 0. 0. 0. 0. 0.]	False	[0.09729923 0.22949949 0.46847603 0.00048701 0.17265315 0.03158512]
[ 5 29]	0	[9.59164585 1.48925818 0.72278285 2.04850964 1.0181982  0.16402902]	True	[0.09729923 0.22949949 0.46847603 0.00048701 0.17265315 0.03158512]
[0 0]	1	[0. 0. 0. 0. 0. 0.]	False	[0.01028366 0.28963804 0.15202492 0.02649596 0.21340352 0.30815387]
[1 1]	0	[0. 0. 0. 0. 0. 0.]	False	[0.01028366 0.28963804 0.15202492 0.02649596 0.21340352 0.30815387]
[2 2]	1	[0. 0. 0. 0. 0. 0.]	False	[0.01028366 0.28963804 0.15202492 0.02649596 0.21340352 0.30815387]
[3 5]	1	[0. 0. 0. 0. 0. 0.]	False	[0.01028366 0.28963804 0.15202492 0.02649596 0.21340352 0.30815387]
[ 4 11]	1	[0. 0. 0. 0. 0. 0.]	False	[0.01028366 0.28963804 0.15202492 0.02649596 0.21340352 0.30815387]
[ 5 23]	0	[5.96294481 6.46817991 1.35988062 2.83106174 0.74946184 3.48999411]	True	[0.01028366 0.28963804 0.15202492 0.02649596 0.21340352 0.30815387]
[0 0]	0	[0. 0. 0. 0. 0. 0.]	False	[0.16419956 0.22956875 0.08111477 0.04102457 0.4223993  0.06169298]
[1 0]	1	[0. 0. 0. 0. 0. 0.]	False	[0.16419956 0.22956875 0.08111477 0.04102457 0.4223993  0.06169298]
[2 1]	0	[0. 0. 0. 0. 0. 0.]	False	[0.16419956 0.22956875 0.08111477 0.04102457 0.4223993  0.06169298]
[3 2]	0	[0. 0. 0. 0. 0. 0.]	False	[0.16419956 0.22956875 0.08111477 0.04102457 0.4223993  0.06169298]
[4 4]	1	[0. 0. 0. 0. 0. 0.]	False	[0.16419956 0.22956875 0.08111477 0.04102457 0.4223993  0.06169298]
[5 9]	0	[6.37849798 3.80507597 2.5126212  0.75632265 2.49531244 5.63243171]	True	[0.16419956 0.22956875 0.08111477 0.04102457 0.4223993  0.06169298]
[0 0]	1	[0. 0. 0. 0. 0. 0.]	False	[0.06327377 0.03240512 0.07707506 0.1717521  0.47404656 0.18144742]
[1 1]	1	[0. 0. 0. 0. 0. 0.]	False	[0.06327377 0.03240512 0.07707506 0.1717521  0.47404656 0.18144742]
[2 3]	1	[0. 0. 0. 0. 0. 0.]	False	[0.06327377 0.03240512 0.07707506 0.1717521  0.47404656 0.18144742]
[3 7]	1	[0. 0. 0. 0. 0. 0.]	False	[0.06327377 0.03240512 0.07707506 0.1717521  0.47404656 0.18144742]
[ 4 15]	1	[0. 0. 0. 0. 0. 0.]	False	[0.06327377 0.03240512 0.07707506 0.1717521  0.47404656 0.18144742]
[ 5 31]	0	[2.5850297  0.26144699 2.28343938 8.50777354 3.93535625 0.40734769]	True	[0.06327377 0.03240512 0.07707506 0.1717521  0.47404656 0.18144742]
[0 0]	0	[0. 0. 0. 0. 0. 0.]	False	[0.27081224 0.01206363 0.3428723  0.20556505 0.09210699 0.07657975]
[1 0]	0	[0. 0. 0. 0. 0. 0.]	False	[0.27081224 0.01206363 0.3428723  0.20556505 0.09210699 0.07657975]
[2 0]	0	[0. 0. 0. 0. 0. 0.]	False	[0.27081224 0.01206363 0.3428723  0.20556505 0.09210699 0.07657975]
[3 0]	0	[0. 0. 0. 0. 0. 0.]	False	[0.27081224 0.01206363 0.3428723  0.20556505 0.09210699 0.07657975]
[4 0]	1	[0. 0. 0. 0. 0. 0.]	False	[0.27081224 0.01206363 0.3428723  0.20556505 0.09210699 0.07657975]
[5 1]	1	[4.01332296 7.17080888 1.46983043 3.82182158 2.20659648 3.29195217]	True	[0.27081224 0.01206363 0.3428723  0.20556505 0.09210699 0.07657975]
[0 0]	1	[0. 0. 0. 0. 0. 0.]	False	[0.15508796 0.2341462  0.10931699 0.24427518 0.07326558 0.18390813]
[1 1]	1	[0. 0. 0. 0. 0. 0.]	False	[0.15508796 0.2341462  0.10931699 0.24427518 0.07326558 0.18390813]
[2 3]	1	[0. 0. 0. 0. 0. 0.]	False	[0.15508796 0.2341462  0.10931699 0.24427518 0.07326558 0.18390813]
[3 7]	0	[0. 0. 0. 0. 0. 0.]	False	[0.15508796 0.2341462  0.10931699 0.24427518 0.07326558 0.18390813]
[ 4 14]	0	[0. 0. 0. 0. 0. 0.]	False	[0.15508796 0.2341462  0.10931699 0.24427518 0.07326558 0.18390813]
[ 5 28]	0	[4.41604152 0.86551038 2.05709774 4.70986355 3.106477   6.60944809]	True	[0.15508796 0.2341462  0.10931699 0.24427518 0.07326558 0.18390813]
[0 0]	1	[0. 0. 0. 0. 0. 0.]	False	[0.11727425 0.1005246  0.24886061 0.00167517 0.42814508 0.10352025]
[1 1]	1	[0. 0. 0. 0. 0. 0.]	False	[0.11727425 0.1005246  0.24886061 0.00167517 0.42814508 0.10352025]
[2 3]	1	[0. 0. 0. 0. 0. 0.]	False	[0.11727425 0.1005246  0.24886061 0.00167517 0.42814508 0.10352025]
[3 7]	0	[0. 0. 0. 0. 0. 0.]	False	[0.11727425 0.1005246  0.24886061 0.00167517 0.42814508 0.10352025]
[ 4 14]	0	[0. 0. 0. 0. 0. 0.]	False	[0.11727425 0.1005246  0.24886061 0.00167517 0.42814508 0.10352025]
[ 5 28]	1	[5.95498781 5.94146861 4.17018388 0.93397018 0.89950814 3.18829456]	True	[0.11727425 0.1005246  0.24886061 0.00167517 0.42814508 0.10352025]
[0 0]	1	[0. 0. 0. 0. 0. 0.]	False	[0.1342599  0.3208646  0.24030659 0.01836778 0.12507147 0.16112973]
[1 1]	0	[0. 0. 0. 0. 0. 0.]	False	[0.1342599  0.3208646  0.24030659 0.01836778 0.12507147 0.16112973]
[2 2]	0	[0. 0. 0. 0. 0. 0.]	False	[0.1342599  0.3208646  0.24030659 0.01836778 0.12507147 0.16112973]
[3 4]	0	[0. 0. 0. 0. 0. 0.]	False	[0.1342599  0.3208646  0.24030659 0.01836778 0.12507147 0.16112973]
[4 8]	1	[0. 0. 0. 0. 0. 0.]	False	[0.1342599  0.3208646  0.24030659 0.01836778 0.12507147 0.16112973]
[ 5 17]	0	[1.63510684 3.25906419 0.37991887 7.02694214 2.53469812 5.54598751]	True	[0.1342599  0.3208646  0.24030659 0.01836778 0.12507147 0.16112973]
[0 0]	0	[0. 0. 0. 0. 0. 0.]	False	[0.1442685  0.02013147 0.2045374  0.2908961  0.11393968 0.22622684]
[1 0]	0	[0. 0. 0. 0. 0. 0.]	False	[0.1442685  0.02013147 0.2045374  0.2908961  0.11393968 0.22622684]
[2 0]	0	[0. 0. 0. 0. 0. 0.]	False	[0.1442685  0.02013147 0.2045374  0.2908961  0.11393968 0.22622684]
[3 0]	1	[0. 0. 0. 0. 0. 0.]	False	[0.1442685  0.02013147 0.2045374  0.2908961  0.11393968 0.22622684]
[4 1]	0	[0. 0. 0. 0. 0. 0.]	False	[0.1442685  0.02013147 0.2045374  0.2908961  0.11393968 0.22622684]
[5 2]	0	[3.74601154 0.91228863 5.92072559 4.37056585 2.73662976 4.84656035]	True	[0.1442685  0.02013147 0.2045374  0.2908961  0.11393968 0.22622684]
[0 0]	1	[0. 0. 0. 0. 0. 0.]	False	[0.15885633 0.04185268 0.21237674 0.4133589  0.10398512 0.06957018]
[1 1]	0	[0. 0. 0. 0. 0. 0.]	False	[0.15885633 0.04185268 0.21237674 0.4133589  0.10398512 0.06957018]
[2 2]	0	[0. 0. 0. 0. 0. 0.]	False	[0.15885633 0.04185268 0.21237674 0.4133589  0.10398512 0.06957018]
[3 4]	1	[0. 0. 0. 0. 0. 0.]	False	[0.15885633 0.04185268 0.21237674 0.4133589  0.10398512 0.06957018]
[4 9]	0	[0. 0. 0. 0. 0. 0.]	False	[0.15885633 0.04185268 0.21237674 0.4133589  0.10398512 0.06957018]
[ 5 18]	1	[4.92392025 4.74424707 2.56041791 4.76935788 1.43523334 4.67811073]	True	[0.15885633 0.04185268 0.21237674 0.4133589  0.10398512 0.06957018]
[0 0]	1	[0. 0. 0. 0. 0. 0.]	False	[0.15894195 0.2548538  0.03348063 0.03723923 0.35529688 0.1601875 ]
[1 1]	1	[0. 0. 0. 0. 0. 0.]	False	[0.15894195 0.2548538  0.03348063 0.03723923 0.35529688 0.1601875 ]
[2 3]	0	[0. 0. 0. 0. 0. 0.]	False	[0.15894195 0.2548538  0.03348063 0.03723923 0.35529688 0.1601875 ]
[3 6]	1	[0. 0. 0. 0. 0. 0.]	False	[0.15894195 0.2548538  0.03348063 0.03723923 0.35529688 0.1601875 ]
[ 4 13]	0	[0. 0. 0. 0. 0. 0.]	False	[0.15894195 0.2548538  0.03348063 0.03723923 0.35529688 0.1601875 ]
[ 5 26]	0	[4.27687318 2.83055698 5.27541783 5.03273808 0.01475194 4.53184284]	True	[0.15894195 0.2548538  0.03348063 0.03723923 0.35529688 0.1601875 ]
[0 0]	0	[0. 0. 0. 0. 0. 0.]	False	[0.28689098 0.12034404 0.29606897 0.1374293  0.14872389 0.01054272]
[1 0]	0	[0. 0. 0. 0. 0. 0.]	False	[0.28689098 0.12034404 0.29606897 0.1374293  0.14872389 0.01054272]
[2 0]	1	[0. 0. 0. 0. 0. 0.]	False	[0.28689098 0.12034404 0.29606897 0.1374293  0.14872389 0.01054272]
[3 1]	1	[0. 0. 0. 0. 0. 0.]	False	[0.28689098 0.12034404 0.29606897 0.1374293  0.14872389 0.01054272]
[4 3]	0	[0. 0. 0. 0. 0. 0.]	False	[0.28689098 0.12034404 0.29606897 0.1374293  0.14872389 0.01054272]
[5 6]	1	[3.26794393 3.28877157 2.91598351 0.49403134 7.86629258 2.80694464]	True	[0.28689098 0.12034404 0.29606897 0.1374293  0.14872389 0.01054272]
[0 0]	0	[0. 0. 0. 0. 0. 0.]	False	[0.17182946 0.15206811 0.2395184  0.03649189 0.3270565  0.07303558]
[1 0]	1	[0. 0. 0. 0. 0. 0.]	False	[0.17182946 0.15206811 0.2395184  0.03649189 0.3270565  0.07303558]
[2 1]	0	[0. 0. 0. 0. 0. 0.]	False	[0.17182946 0.15206811 0.2395184  0.03649189 0.3270565  0.07303558]
[3 2]	1	[0. 0. 0. 0. 0. 0.]	False	[0.17182946 0.15206811 0.2395184  0.03649189 0.3270565  0.07303558]
[4 5]	0	[0. 0. 0. 0. 0. 0.]	False	[0.17182946 0.15206811 0.2395184  0.03649189 0.3270565  0.07303558]
[ 5 10]	0	[0.24871352 3.25946831 3.9988045  6.9335196  4.81556096 1.43535682]	True	[0.17182946 0.15206811 0.2395184  0.03649189 0.3270565  0.07303558]
[0 0]	1	[0. 0. 0. 0. 0. 0.]	False	[0.24538225 0.34126794 0.09583709 0.19768813 0.00428683 0.11553773]
[1 1]	0	[0. 0. 0. 0. 0. 0.]	False	[0.24538225 0.34126794 0.09583709 0.19768813 0.00428683 0.11553773]
[2 2]	1	[0. 0. 0. 0. 0. 0.]	False	[0.24538225 0.34126794 0.09583709 0.19768813 0.00428683 0.11553773]
[3 5]	0	[0. 0. 0. 0. 0. 0.]	False	[0.24538225 0.34126794 0.09583709 0.19768813 0.00428683 0.11553773]
[ 4 10]	0	[0. 0. 0. 0. 0. 0.]	False	[0.24538225 0.34126794 0.09583709 0.19768813 0.00428683 0.11553773]
[ 5 20]	0	[7.08401121 1.66591657 2.90546299 2.62634248 3.62934098 4.30464879]	True	[0.24538225 0.34126794 0.09583709 0.19768813 0.00428683 0.11553773]
[0 0]	0	[0. 0. 0. 0. 0. 0.]	False	[0.13748994 0.00644243 0.16097505 0.04438901 0.2666467  0.3840569 ]
[1 0]	0	[0. 0. 0. 0. 0. 0.]	False	[0.13748994 0.00644243 0.16097505 0.04438901 0.2666467  0.3840569 ]
[2 0]	1	[0. 0. 0. 0. 0. 0.]	False	[0.13748994 0.00644243 0.16097505 0.04438901 0.2666467  0.3840569 ]
[3 1]	0	[0. 0. 0. 0. 0. 0.]	False	[0.13748994 0.00644243 0.16097505 0.04438901 0.2666467  0.3840569 ]
[4 2]	0	[0. 0. 0. 0. 0. 0.]	False	[0.13748994 0.00644243 0.16097505 0.04438901 0.2666467  0.3840569 ]
[5 4]	0	[5.9254461  0.35473447 5.4459742  3.57702685 0.95237377 4.62628146]	True	[0.13748994 0.00644243 0.16097505 0.04438901 0.2666467  0.3840569 ]
[0 0]	0	[0. 0. 0. 0. 0. 0.]	False	[0.16531226 0.47505346 0.07808766 0.01907733 0.00289457 0.25957465]
[1 0]	0	[0. 0. 0. 0. 0. 0.]	False	[0.16531226 0.47505346 0.07808766 0.01907733 0.00289457 0.25957465]
[2 0]	0	[0. 0. 0. 0. 0. 0.]	False	[0.16531226 0.47505346 0.07808766 0.01907733 0.00289457 0.25957465]
[3 0]	0	[0. 0. 0. 0. 0. 0.]	False	[0.16531226 0.47505346 0.07808766 0.01907733 0.00289457 0.25957465]
[4 0]	0	[0. 0. 0. 0. 0. 0.]	False	[0.16531226 0.47505346 0.07808766 0.01907733 0.00289457 0.25957465]
[5 0]	0	[0.26745039 3.54435815 4.39088762 0.5898826  7.7984232  2.63110921]	True	[0.16531226 0.47505346 0.07808766 0.01907733 0.00289457 0.25957465]
[0 0]	0	[0. 0. 0. 0. 0. 0.]	False	[0.29053518 0.03740859 0.08416466 0.16706748 0.11040729 0.31041682]
[1 0]	1	[0. 0. 0. 0. 0. 0.]	False	[0.29053518 0.03740859 0.08416466 0.16706748 0.11040729 0.31041682]
[2 1]	1	[0. 0. 0. 0. 0. 0.]	False	[0.29053518 0.03740859 0.08416466 0.16706748 0.11040729 0.31041682]
[3 3]	0	[0. 0. 0. 0. 0. 0.]	False	[0.29053518 0.03740859 0.08416466 0.16706748 0.11040729 0.31041682]
[4 6]	0	[0. 0. 0. 0. 0. 0.]	False	[0.29053518 0.03740859 0.08416466 0.16706748 0.11040729 0.31041682]
[ 5 12]	1	[1.05128312 4.85979168 3.28552824 6.26921471 3.39863537 3.69171469]	True	[0.29053518 0.03740859 0.08416466 0.16706748 0.11040729 0.31041682]
[0 0]	0	[0. 0. 0. 0. 0. 0.]	False	[0.05084831 0.13454895 0.30067173 0.17549154 0.14058858 0.19785081]
[1 0]	0	[0. 0. 0. 0. 0. 0.]	False	[0.05084831 0.13454895 0.30067173 0.17549154 0.14058858 0.19785081]
[2 0]	1	[0. 0. 0. 0. 0. 0.]	False	[0.05084831 0.13454895 0.30067173 0.17549154 0.14058858 0.19785081]
[3 1]	1	[0. 0. 0. 0. 0. 0.]	False	[0.05084831 0.13454895 0.30067173 0.17549154 0.14058858 0.19785081]
[4 3]	0	[0. 0. 0. 0. 0. 0.]	False	[0.05084831 0.13454895 0.30067173 0.17549154 0.14058858 0.19785081]
[5 6]	1	[3.26794393 3.28877157 2.91598351 0.49403134 7.86629258 2.80694464]	True	[0.05084831 0.13454895 0.30067173 0.17549154 0.14058858 0.19785081]
[0 0]	0	[0. 0. 0. 0. 0. 0.]	False	[0.06584602 0.10608076 0.10107783 0.15322623 0.36433148 0.20943767]
[1 0]	1	[0. 0. 0. 0. 0. 0.]	False	[0.06584602 0.10608076 0.10107783 0.15322623 0.36433148 0.20943767]
[2 1]	0	[0. 0. 0. 0. 0. 0.]	False	[0.06584602 0.10608076 0.10107783 0.15322623 0.36433148 0.20943767]
[3 2]	1	[0. 0. 0. 0. 0. 0.]	False	[0.06584602 0.10608076 0.10107783 0.15322623 0.36433148 0.20943767]
[4 5]	0	[0. 0. 0. 0. 0. 0.]	False	[0.06584602 0.10608076 0.10107783 0.15322623 0.36433148 0.20943767]
[ 5 10]	0	[0.24871352 3.25946831 3.9988045  6.9335196  4.81556096 1.43535682]	True	[0.06584602 0.10608076 0.10107783 0.15322623 0.36433148 0.20943767]
[0 0]	0	[0. 0. 0. 0. 0. 0.]	False	[0.09739039 0.28957826 0.11509517 0.17428006 0.21675551 0.10690068]
[1 0]	1	[0. 0. 0. 0. 0. 0.]	False	[0.09739039 0.28957826 0.11509517 0.17428006 0.21675551 0.10690068]
[2 1]	1	[0. 0. 0. 0. 0. 0.]	False	[0.09739039 0.28957826 0.11509517 0.17428006 0.21675551 0.10690068]
[3 3]	1	[0. 0. 0. 0. 0. 0.]	False	[0.09739039 0.28957826 0.11509517 0.17428006 0.21675551 0.10690068]
[4 7]	1	[0. 0. 0. 0. 0. 0.]	False	[0.09739039 0.28957826 0.11509517 0.17428006 0.21675551 0.10690068]
[ 5 15]	0	[0.74870183 2.51804488 6.59949427 2.14794505 6.05084902 2.88429005]	True	[0.09739039 0.28957826 0.11509517 0.17428006 0.21675551 0.10690068]
[0 0]	1	[0. 0. 0. 0. 0. 0.]	False	[0.06334497 0.26009116 0.0041971  0.16189829 0.1832096  0.32725888]
[1 1]	0	[0. 0. 0. 0. 0. 0.]	False	[0.06334497 0.26009116 0.0041971  0.16189829 0.1832096  0.32725888]
[2 2]	0	[0. 0. 0. 0. 0. 0.]	False	[0.06334497 0.26009116 0.0041971  0.16189829 0.1832096  0.32725888]
[3 4]	0	[0. 0. 0. 0. 0. 0.]	False	[0.06334497 0.26009116 0.0041971  0.16189829 0.1832096  0.32725888]
[4 8]	1	[0. 0. 0. 0. 0. 0.]	False	[0.06334497 0.26009116 0.0041971  0.16189829 0.1832096  0.32725888]
[ 5 17]	1	[7.11491625 1.26647073 5.01203819 4.52740681 1.16148237 0.89835304]	True	[0.06334497 0.26009116 0.0041971  0.16189829 0.1832096  0.32725888]
[0 0]	0	[0. 0. 0. 0. 0. 0.]	False	[0.12579124 0.09254286 0.19330801 0.21450262 0.20298785 0.17086749]
[1 0]	1	[0. 0. 0. 0. 0. 0.]	False	[0.12579124 0.09254286 0.19330801 0.21450262 0.20298785 0.17086749]
[2 1]	0	[0. 0. 0. 0. 0. 0.]	False	[0.12579124 0.09254286 0.19330801 0.21450262 0.20298785 0.17086749]
[3 2]	1	[0. 0. 0. 0. 0. 0.]	False	[0.12579124 0.09254286 0.19330801 0.21450262 0.20298785 0.17086749]
[4 5]	1	[0. 0. 0. 0. 0. 0.]	False	[0.12579124 0.09254286 0.19330801 0.21450262 0.20298785 0.17086749]
[ 5 11]	1	[1.65116829 3.72063198 5.63953167 0.25461896 6.35720791 3.33875729]	True	[0.12579124 0.09254286 0.19330801 0.21450262 0.20298785 0.17086749]
[0 0]	0	[0. 0. 0. 0. 0. 0.]	False	[0.33846077 0.17019337 0.18271835 0.01682257 0.00554056 0.28626433]
[1 0]	1	[0. 0. 0. 0. 0. 0.]	False	[0.33846077 0.17019337 0.18271835 0.01682257 0.00554056 0.28626433]
[2 1]	1	[0. 0. 0. 0. 0. 0.]	False	[0.33846077 0.17019337 0.18271835 0.01682257 0.00554056 0.28626433]
[3 3]	0	[0. 0. 0. 0. 0. 0.]	False	[0.33846077 0.17019337 0.18271835 0.01682257 0.00554056 0.28626433]
[4 6]	0	[0. 0. 0. 0. 0. 0.]	False	[0.33846077 0.17019337 0.18271835 0.01682257 0.00554056 0.28626433]
[ 5 12]	0	[2.5078766  4.59291179 0.81935207 8.24752456 0.33308447 1.95237595]	True	[0.33846077 0.17019337 0.18271835 0.01682257 0.00554056 0.28626433]
[0 0]	1	[0. 0. 0. 0. 0. 0.]	False	[0.23125453 0.04216216 0.1178453  0.298524   0.17172055 0.13849348]
[1 1]	0	[0. 0. 0. 0. 0. 0.]	False	[0.23125453 0.04216216 0.1178453  0.298524   0.17172055 0.13849348]
[2 2]	0	[0. 0. 0. 0. 0. 0.]	False	[0.23125453 0.04216216 0.1178453  0.298524   0.17172055 0.13849348]
[3 4]	0	[0. 0. 0. 0. 0. 0.]	False	[0.23125453 0.04216216 0.1178453  0.298524   0.17172055 0.13849348]
[4 8]	1	[0. 0. 0. 0. 0. 0.]	False	[0.23125453 0.04216216 0.1178453  0.298524   0.17172055 0.13849348]
[ 5 17]	0	[1.63510684 3.25906419 0.37991887 7.02694214 2.53469812 5.54598751]	True	[0.23125453 0.04216216 0.1178453  0.298524   0.17172055 0.13849348]
[0 0]	0	[0. 0. 0. 0. 0. 0.]	False	[0.330443   0.09738717 0.08587077 0.13902444 0.3041757  0.04309893]
[1 0]	0	[0. 0. 0. 0. 0. 0.]	False	[0.330443   0.09738717 0.08587077 0.13902444 0.3041757  0.04309893]
[2 0]	0	[0. 0. 0. 0. 0. 0.]	False	[0.330443   0.09738717 0.08587077 0.13902444 0.3041757  0.04309893]
[3 0]	1	[0. 0. 0. 0. 0. 0.]	False	[0.330443   0.09738717 0.08587077 0.13902444 0.3041757  0.04309893]
[4 1]	0	[0. 0. 0. 0. 0. 0.]	False	[0.330443   0.09738717 0.08587077 0.13902444 0.3041757  0.04309893]
[5 2]	0	[3.74601154 0.91228863 5.92072559 4.37056585 2.73662976 4.84656035]	True	[0.330443   0.09738717 0.08587077 0.13902444 0.3041757  0.04309893]
[0 0]	1	[0. 0. 0. 0. 0. 0.]	False	[0.18892388 0.28122133 0.0652816  0.07334159 0.18746458 0.203767  ]
[1 1]	1	[0. 0. 0. 0. 0. 0.]	False	[0.18892388 0.28122133 0.0652816  0.07334159 0.18746458 0.203767  ]
[2 3]	1	[0. 0. 0. 0. 0. 0.]	False	[0.18892388 0.28122133 0.0652816  0.07334159 0.18746458 0.203767  ]
[3 7]	0	[0. 0. 0. 0. 0. 0.]	False	[0.18892388 0.28122133 0.0652816  0.07334159 0.18746458 0.203767  ]
[ 4 14]	0	[0. 0. 0. 0. 0. 0.]	False	[0.18892388 0.28122133 0.0652816  0.07334159 0.18746458 0.203767  ]
[ 5 28]	1	[5.95498781 5.94146861 4.17018388 0.93397018 0.89950814 3.18829456]	True	[0.18892388 0.28122133 0.0652816  0.07334159 0.18746458 0.203767  ]
[0 0]	1	[0. 0. 0. 0. 0. 0.]	False	[0.11071064 0.01330185 0.39245158 0.3885871  0.090835   0.00411387]
[1 1]	1	[0. 0. 0. 0. 0. 0.]	False	[0.11071064 0.01330185 0.39245158 0.3885871  0.090835   0.00411387]
[2 3]	0	[0. 0. 0. 0. 0. 0.]	False	[0.11071064 0.01330185 0.39245158 0.3885871  0.090835   0.00411387]
[3 6]	0	[0. 0. 0. 0. 0. 0.]	False	[0.11071064 0.01330185 0.39245158 0.3885871  0.090835   0.00411387]
[ 4 12]	1	[0. 0. 0. 0. 0. 0.]	False	[0.11071064 0.01330185 0.39245158 0.3885871  0.090835   0.00411387]
[ 5 25]	0	[0.93689572 0.77924846 2.83896436 1.98294555 8.45958836 3.86763124]	True	[0.11071064 0.01330185 0.39245158 0.3885871  0.090835   0.00411387]
[0 0]	0	[0. 0. 0. 0. 0. 0.]	False	[0.41403943 0.4313693  0.03759459 0.00388708 0.00628798 0.10682166]
[1 0]	0	[0. 0. 0. 0. 0. 0.]	False	[0.41403943 0.4313693  0.03759459 0.00388708 0.00628798 0.10682166]
[2 0]	0	[0. 0. 0. 0. 0. 0.]	False	[0.41403943 0.4313693  0.03759459 0.00388708 0.00628798 0.10682166]
[3 0]	0	[0. 0. 0. 0. 0. 0.]	False	[0.41403943 0.4313693  0.03759459 0.00388708 0.00628798 0.10682166]
[4 0]	0	[0. 0. 0. 0. 0. 0.]	False	[0.41403943 0.4313693  0.03759459 0.00388708 0.00628798 0.10682166]
[5 0]	0	[0.26745039 3.54435815 4.39088762 0.5898826  7.7984232  2.63110921]	True	[0.41403943 0.4313693  0.03759459 0.00388708 0.00628798 0.10682166]
[0 0]	1	[0. 0. 0. 0. 0. 0.]	False	[0.19954605 0.21851283 0.05845047 0.3479636  0.16997653 0.00555051]
[1 1]	1	[0. 0. 0. 0. 0. 0.]	False	[0.19954605 0.21851283 0.05845047 0.3479636  0.16997653 0.00555051]
[2 3]	0	[0. 0. 0. 0. 0. 0.]	False	[0.19954605 0.21851283 0.05845047 0.3479636  0.16997653 0.00555051]
[3 6]	1	[0. 0. 0. 0. 0. 0.]	False	[0.19954605 0.21851283 0.05845047 0.3479636  0.16997653 0.00555051]
[ 4 13]	0	[0. 0. 0. 0. 0. 0.]	False	[0.19954605 0.21851283 0.05845047 0.3479636  0.16997653 0.00555051]
[ 5 26]	0	[4.27687318 2.83055698 5.27541783 5.03273808 0.01475194 4.53184284]	True	[0.19954605 0.21851283 0.05845047 0.3479636  0.16997653 0.00555051]
[0 0]	1	[0. 0. 0. 0. 0. 0.]	False	[0.32772934 0.0807884  0.22180262 0.24697758 0.07438171 0.04832031]
[1 1]	1	[0. 0. 0. 0. 0. 0.]	False	[0.32772934 0.0807884  0.22180262 0.24697758 0.07438171 0.04832031]
[2 3]	1	[0. 0. 0. 0. 0. 0.]	False	[0.32772934 0.0807884  0.22180262 0.24697758 0.07438171 0.04832031]
[3 7]	0	[0. 0. 0. 0. 0. 0.]	False	[0.32772934 0.0807884  0.22180262 0.24697758 0.07438171 0.04832031]
[ 4 14]	0	[0. 0. 0. 0. 0. 0.]	False	[0.32772934 0.0807884  0.22180262 0.24697758 0.07438171 0.04832031]
[ 5 28]	1	[5.95498781 5.94146861 4.17018388 0.93397018 0.89950814 3.18829456]	True	[0.32772934 0.0807884  0.22180262 0.24697758 0.07438171 0.04832031]
[0 0]	1	[0. 0. 0. 0. 0. 0.]	False	[0.40704188 0.09997568 0.11574765 0.00956267 0.10131864 0.26635358]
[1 1]	1	[0. 0. 0. 0. 0. 0.]	False	[0.40704188 0.09997568 0.11574765 0.00956267 0.10131864 0.26635358]
[2 3]	1	[0. 0. 0. 0. 0. 0.]	False	[0.40704188 0.09997568 0.11574765 0.00956267 0.10131864 0.26635358]
[3 7]	1	[0. 0. 0. 0. 0. 0.]	False	[0.40704188 0.09997568 0.11574765 0.00956267 0.10131864 0.26635358]
[ 4 15]	0	[0. 0. 0. 0. 0. 0.]	False	[0.40704188 0.09997568 0.11574765 0.00956267 0.10131864 0.26635358]
[ 5 30]	0	[2.12268361 0.64607954 6.43093367 0.73854263 6.94484318 2.22341982]	True	[0.40704188 0.09997568 0.11574765 0.00956267 0.10131864 0.26635358]
[0 0]	0	[0. 0. 0. 0. 0. 0.]	False	[0.05511681 0.00824429 0.4692134  0.20690556 0.21970725 0.04081275]
[1 0]	1	[0. 0. 0. 0. 0. 0.]	False	[0.05511681 0.00824429 0.4692134  0.20690556 0.21970725 0.04081275]
[2 1]	1	[0. 0. 0. 0. 0. 0.]	False	[0.05511681 0.00824429 0.4692134  0.20690556 0.21970725 0.04081275]
[3 3]	0	[0. 0. 0. 0. 0. 0.]	False	[0.05511681 0.00824429 0.4692134  0.20690556 0.21970725 0.04081275]
[4 6]	0	[0. 0. 0. 0. 0. 0.]	False	[0.05511681 0.00824429 0.4692134  0.20690556 0.21970725 0.04081275]
[ 5 12]	1	[1.05128312 4.85979168 3.28552824 6.26921471 3.39863537 3.69171469]	True	[0.05511681 0.00824429 0.4692134  0.20690556 0.21970725 0.04081275]
[0 0]	0	[0. 0. 0. 0. 0. 0.]	False	[0.08686489 0.4461985  0.06617101 0.18467492 0.0408758  0.17521483]
[1 0]	0	[0. 0. 0. 0. 0. 0.]	False	[0.08686489 0.4461985  0.06617101 0.18467492 0.0408758  0.17521483]
[2 0]	1	[0. 0. 0. 0. 0. 0.]	False	[0.08686489 0.4461985  0.06617101 0.18467492 0.0408758  0.17521483]
[3 1]	0	[0. 0. 0. 0. 0. 0.]	False	[0.08686489 0.4461985  0.06617101 0.18467492 0.0408758  0.17521483]
[4 2]	0	[0. 0. 0. 0. 0. 0.]	False	[0.08686489 0.4461985  0.06617101 0.18467492 0.0408758  0.17521483]
[5 4]	0	[5.9254461  0.35473447 5.4459742  3.57702685 0.95237377 4.62628146]	True	[0.08686489 0.4461985  0.06617101 0.18467492 0.0408758  0.17521483]
[0 0]	1	[0. 0. 0. 0. 0. 0.]	False	[0.17602888 0.02088762 0.14016399 0.18400532 0.14685617 0.332058  ]
[1 1]	1	[0. 0. 0. 0. 0. 0.]	False	[0.17602888 0.02088762 0.14016399 0.18400532 0.14685617 0.332058  ]
[2 3]	1	[0. 0. 0. 0. 0. 0.]	False	[0.17602888 0.02088762 0.14016399 0.18400532 0.14685617 0.332058  ]
[3 7]	1	[0. 0. 0. 0. 0. 0.]	False	[0.17602888 0.02088762 0.14016399 0.18400532 0.14685617 0.332058  ]
[ 4 15]	1	[0. 0. 0. 0. 0. 0.]	False	[0.17602888 0.02088762 0.14016399 0.18400532 0.14685617 0.332058  ]
[ 5 31]	1	[4.72502594 5.38532887 5.40386645 1.57883722 0.24912224 4.11288237]	True	[0.17602888 0.02088762 0.14016399 0.18400532 0.14685617 0.332058  ]
[0 0]	0	[0. 0. 0. 0. 0. 0.]	False	[0.28464028 0.09819049 0.07228799 0.11539845 0.09304541 0.33643734]
[1 0]	1	[0. 0. 0. 0. 0. 0.]	False	[0.28464028 0.09819049 0.07228799 0.11539845 0.09304541 0.33643734]
[2 1]	1	[0. 0. 0. 0. 0. 0.]	False	[0.28464028 0.09819049 0.07228799 0.11539845 0.09304541 0.33643734]
[3 3]	1	[0. 0. 0. 0. 0. 0.]	False	[0.28464028 0.09819049 0.07228799 0.11539845 0.09304541 0.33643734]
[4 7]	1	[0. 0. 0. 0. 0. 0.]	False	[0.28464028 0.09819049 0.07228799 0.11539845 0.09304541 0.33643734]
[ 5 15]	0	[0.74870183 2.51804488 6.59949427 2.14794505 6.05084902 2.88429005]	True	[0.28464028 0.09819049 0.07228799 0.11539845 0.09304541 0.33643734]
[0 0]	0	[0. 0. 0. 0. 0. 0.]	False	[0.04729647 0.11043254 0.29739672 0.4742039  0.06125504 0.00941543]
[1 0]	1	[0. 0. 0. 0. 0. 0.]	False	[0.04729647 0.11043254 0.29739672 0.4742039  0.06125504 0.00941543]
[2 1]	1	[0. 0. 0. 0. 0. 0.]	False	[0.04729647 0.11043254 0.29739672 0.4742039  0.06125504 0.00941543]
[3 3]	1	[0. 0. 0. 0. 0. 0.]	False	[0.04729647 0.11043254 0.29739672 0.4742039  0.06125504 0.00941543]
[4 7]	0	[0. 0. 0. 0. 0. 0.]	False	[0.04729647 0.11043254 0.29739672 0.4742039  0.06125504 0.00941543]
[ 5 14]	1	[0.63888729 0.28507461 4.87857435 6.41971655 5.85711844 0.43757381]	True	[0.04729647 0.11043254 0.29739672 0.4742039  0.06125504 0.00941543]
[0 0]	0	[0. 0. 0. 0. 0. 0.]	False	[0.18277042 0.05766997 0.39564875 0.1704058  0.10296017 0.09054491]
[1 0]	0	[0. 0. 0. 0. 0. 0.]	False	[0.18277042 0.05766997 0.39564875 0.1704058  0.10296017 0.09054491]
[2 0]	1	[0. 0. 0. 0. 0. 0.]	False	[0.18277042 0.05766997 0.39564875 0.1704058  0.10296017 0.09054491]
[3 1]	1	[0. 0. 0. 0. 0. 0.]	False	[0.18277042 0.05766997 0.39564875 0.1704058  0.10296017 0.09054491]
[4 3]	0	[0. 0. 0. 0. 0. 0.]	False	[0.18277042 0.05766997 0.39564875 0.1704058  0.10296017 0.09054491]
[5 6]	0	[2.39054781 1.97492965 4.51911017 0.07046741 1.74139824 8.18077893]	True	[0.18277042 0.05766997 0.39564875 0.1704058  0.10296017 0.09054491]
[0 0]	0	[0. 0. 0. 0. 0. 0.]	False	[0.10909829 0.04129181 0.01018812 0.22107664 0.2695662  0.3487789 ]
[1 0]	0	[0. 0. 0. 0. 0. 0.]	False	[0.10909829 0.04129181 0.01018812 0.22107664 0.2695662  0.3487789 ]
[2 0]	0	[0. 0. 0. 0. 0. 0.]	False	[0.10909829 0.04129181 0.01018812 0.22107664 0.2695662  0.3487789 ]
[3 0]	0	[0. 0. 0. 0. 0. 0.]	False	[0.10909829 0.04129181 0.01018812 0.22107664 0.2695662  0.3487789 ]
[4 0]	0	[0. 0. 0. 0. 0. 0.]	False	[0.10909829 0.04129181 0.01018812 0.22107664 0.2695662  0.3487789 ]
[5 0]	0	[0.26745039 3.54435815 4.39088762 0.5898826  7.7984232  2.63110921]	True	[0.10909829 0.04129181 0.01018812 0.22107664 0.2695662  0.3487789 ]
[0 0]	0	[0. 0. 0. 0. 0. 0.]	False	[0.4599322  0.03602955 0.02144884 0.05609564 0.0275344  0.3989594 ]
[1 0]	0	[0. 0. 0. 0. 0. 0.]	False	[0.4599322  0.03602955 0.02144884 0.05609564 0.0275344  0.3989594 ]
[2 0]	0	[0. 0. 0. 0. 0. 0.]	False	[0.4599322  0.03602955 0.02144884 0.05609564 0.0275344  0.3989594 ]
[3 0]	0	[0. 0. 0. 0. 0. 0.]	False	[0.4599322  0.03602955 0.02144884 0.05609564 0.0275344  0.3989594 ]
[4 0]	0	[0. 0. 0. 0. 0. 0.]	False	[0.4599322  0.03602955 0.02144884 0.05609564 0.0275344  0.3989594 ]
[5 0]	0	[0.26745039 3.54435815 4.39088762 0.5898826  7.7984232  2.63110921]	True	[0.4599322  0.03602955 0.02144884 0.05609564 0.0275344  0.3989594 ]
[0 0]	0	[0. 0. 0. 0. 0. 0.]	False	[0.02954154 0.29288855 0.24847429 0.14166096 0.1857091  0.10172562]
[1 0]	0	[0. 0. 0. 0. 0. 0.]	False	[0.02954154 0.29288855 0.24847429 0.14166096 0.1857091  0.10172562]
[2 0]	1	[0. 0. 0. 0. 0. 0.]	False	[0.02954154 0.29288855 0.24847429 0.14166096 0.1857091  0.10172562]
[3 1]	1	[0. 0. 0. 0. 0. 0.]	False	[0.02954154 0.29288855 0.24847429 0.14166096 0.1857091  0.10172562]
[4 3]	0	[0. 0. 0. 0. 0. 0.]	False	[0.02954154 0.29288855 0.24847429 0.14166096 0.1857091  0.10172562]
[5 6]	1	[3.26794393 3.28877157 2.91598351 0.49403134 7.86629258 2.80694464]	True	[0.02954154 0.29288855 0.24847429 0.14166096 0.1857091  0.10172562]
[0 0]	0	[0. 0. 0. 0. 0. 0.]	False	[0.05414822 0.14391918 0.14991184 0.00733006 0.32632163 0.31836906]
[1 0]	0	[0. 0. 0. 0. 0. 0.]	False	[0.05414822 0.14391918 0.14991184 0.00733006 0.32632163 0.31836906]
[2 0]	0	[0. 0. 0. 0. 0. 0.]	False	[0.05414822 0.14391918 0.14991184 0.00733006 0.32632163 0.31836906]
[3 0]	0	[0. 0. 0. 0. 0. 0.]	False	[0.05414822 0.14391918 0.14991184 0.00733006 0.32632163 0.31836906]
[4 0]	0	[0. 0. 0. 0. 0. 0.]	False	[0.05414822 0.14391918 0.14991184 0.00733006 0.32632163 0.31836906]
[5 0]	0	[0.26745039 3.54435815 4.39088762 0.5898826  7.7984232  2.63110921]	True	[0.05414822 0.14391918 0.14991184 0.00733006 0.32632163 0.31836906]
[0 0]	1	[0. 0. 0. 0. 0. 0.]	False	[0.01099748 0.12800594 0.16526395 0.33809996 0.12510905 0.23252371]
[1 1]	0	[0. 0. 0. 0. 0. 0.]	False	[0.01099748 0.12800594 0.16526395 0.33809996 0.12510905 0.23252371]
[2 2]	1	[0. 0. 0. 0. 0. 0.]	False	[0.01099748 0.12800594 0.16526395 0.33809996 0.12510905 0.23252371]
[3 5]	1	[0. 0. 0. 0. 0. 0.]	False	[0.01099748 0.12800594 0.16526395 0.33809996 0.12510905 0.23252371]
[ 4 11]	1	[0. 0. 0. 0. 0. 0.]	False	[0.01099748 0.12800594 0.16526395 0.33809996 0.12510905 0.23252371]
[ 5 23]	1	[0.43320751 1.24640954 5.6313907  1.62670791 4.58871327 6.54551489]	True	[0.01099748 0.12800594 0.16526395 0.33809996 0.12510905 0.23252371]
[0 0]	0	[0. 0. 0. 0. 0. 0.]	False	[0.21425308 0.21604408 0.16784646 0.24892923 0.05874987 0.09417729]
[1 0]	0	[0. 0. 0. 0. 0. 0.]	False	[0.21425308 0.21604408 0.16784646 0.24892923 0.05874987 0.09417729]
[2 0]	0	[0. 0. 0. 0. 0. 0.]	False	[0.21425308 0.21604408 0.16784646 0.24892923 0.05874987 0.09417729]
[3 0]	0	[0. 0. 0. 0. 0. 0.]	False	[0.21425308 0.21604408 0.16784646 0.24892923 0.05874987 0.09417729]
[4 0]	1	[0. 0. 0. 0. 0. 0.]	False	[0.21425308 0.21604408 0.16784646 0.24892923 0.05874987 0.09417729]
[5 1]	0	[0.5844333  4.28059796 7.00237899 2.51448544 4.32323182 2.69974756]	True	[0.21425308 0.21604408 0.16784646 0.24892923 0.05874987 0.09417729]
[0 0]	1	[0. 0. 0. 0. 0. 0.]	False	[0.0731084  0.3325772  0.00629791 0.31425023 0.00371    0.27005625]
[1 1]	0	[0. 0. 0. 0. 0. 0.]	False	[0.0731084  0.3325772  0.00629791 0.31425023 0.00371    0.27005625]
[2 2]	1	[0. 0. 0. 0. 0. 0.]	False	[0.0731084  0.3325772  0.00629791 0.31425023 0.00371    0.27005625]
[3 5]	0	[0. 0. 0. 0. 0. 0.]	False	[0.0731084  0.3325772  0.00629791 0.31425023 0.00371    0.27005625]
[ 4 10]	0	[0. 0. 0. 0. 0. 0.]	False	[0.0731084  0.3325772  0.00629791 0.31425023 0.00371    0.27005625]
[ 5 20]	1	[0.71623214 3.11241519 1.7018771  7.50296641 5.38823009 1.25537605]	True	[0.0731084  0.3325772  0.00629791 0.31425023 0.00371    0.27005625]
[0 0]	1	[0. 0. 0. 0. 0. 0.]	False	[0.09005623 0.29097828 0.09744988 0.3395811  0.07589942 0.10603511]
[1 1]	0	[0. 0. 0. 0. 0. 0.]	False	[0.09005623 0.29097828 0.09744988 0.3395811  0.07589942 0.10603511]
[2 2]	0	[0. 0. 0. 0. 0. 0.]	False	[0.09005623 0.29097828 0.09744988 0.3395811  0.07589942 0.10603511]
[3 4]	1	[0. 0. 0. 0. 0. 0.]	False	[0.09005623 0.29097828 0.09744988 0.3395811  0.07589942 0.10603511]
[4 9]	0	[0. 0. 0. 0. 0. 0.]	False	[0.09005623 0.29097828 0.09744988 0.3395811  0.07589942 0.10603511]
[ 5 18]	1	[4.92392025 4.74424707 2.56041791 4.76935788 1.43523334 4.67811073]	True	[0.09005623 0.29097828 0.09744988 0.3395811  0.07589942 0.10603511]
[0 0]	0	[0. 0. 0. 0. 0. 0.]	False	[0.14545596 0.15208131 0.09458987 0.13568512 0.18434764 0.2878401 ]
[1 0]	1	[0. 0. 0. 0. 0. 0.]	False	[0.14545596 0.15208131 0.09458987 0.13568512 0.18434764 0.2878401 ]
[2 1]	1	[0. 0. 0. 0. 0. 0.]	False	[0.14545596 0.15208131 0.09458987 0.13568512 0.18434764 0.2878401 ]
[3 3]	1	[0. 0. 0. 0. 0. 0.]	False	[0.14545596 0.15208131 0.09458987 0.13568512 0.18434764 0.2878401 ]
[4 7]	0	[0. 0. 0. 0. 0. 0.]	False	[0.14545596 0.15208131 0.09458987 0.13568512 0.18434764 0.2878401 ]
[ 5 14]	0	[1.25720612 0.74301296 1.3374366  8.30597947 5.08394071 1.1148452 ]	True	[0.14545596 0.15208131 0.09458987 0.13568512 0.18434764 0.2878401 ]
[0 0]	1	[0. 0. 0. 0. 0. 0.]	False	[3.1499019e-01 2.4129623e-01 2.5851402e-01 1.7507789e-01 9.9757118e-03
 1.4604723e-04]
[1 1]	0	[0. 0. 0. 0. 0. 0.]	False	[3.1499019e-01 2.4129623e-01 2.5851402e-01 1.7507789e-01 9.9757118e-03
 1.4604723e-04]
[2 2]	0	[0. 0. 0. 0. 0. 0.]	False	[3.1499019e-01 2.4129623e-01 2.5851402e-01 1.7507789e-01 9.9757118e-03
 1.4604723e-04]
[3 4]	0	[0. 0. 0. 0. 0. 0.]	False	[3.1499019e-01 2.4129623e-01 2.5851402e-01 1.7507789e-01 9.9757118e-03
 1.4604723e-04]
[4 8]	0	[0. 0. 0. 0. 0. 0.]	False	[3.1499019e-01 2.4129623e-01 2.5851402e-01 1.7507789e-01 9.9757118e-03
 1.4604723e-04]
[ 5 16]	0	[3.94583726 0.62586462 0.72667245 9.06686254 1.13056724 0.15630224]	True	[3.1499019e-01 2.4129623e-01 2.5851402e-01 1.7507789e-01 9.9757118e-03
 1.4604723e-04]
[0 0]	0	[0. 0. 0. 0. 0. 0.]	False	[0.02577524 0.11113053 0.35045764 0.14921445 0.10413343 0.25928867]
[1 0]	0	[0. 0. 0. 0. 0. 0.]	False	[0.02577524 0.11113053 0.35045764 0.14921445 0.10413343 0.25928867]
[2 0]	1	[0. 0. 0. 0. 0. 0.]	False	[0.02577524 0.11113053 0.35045764 0.14921445 0.10413343 0.25928867]
[3 1]	0	[0. 0. 0. 0. 0. 0.]	False	[0.02577524 0.11113053 0.35045764 0.14921445 0.10413343 0.25928867]
[4 2]	1	[0. 0. 0. 0. 0. 0.]	False	[0.02577524 0.11113053 0.35045764 0.14921445 0.10413343 0.25928867]
[5 5]	1	[6.44612546 5.14526023 1.37156642 1.37449512 0.62784821 5.27343712]	True	[0.02577524 0.11113053 0.35045764 0.14921445 0.10413343 0.25928867]
[0 0]	0	[0. 0. 0. 0. 0. 0.]	False	[0.04135762 0.14466855 0.11358558 0.14737253 0.31046566 0.24254999]
[1 0]	1	[0. 0. 0. 0. 0. 0.]	False	[0.04135762 0.14466855 0.11358558 0.14737253 0.31046566 0.24254999]
[2 1]	1	[0. 0. 0. 0. 0. 0.]	False	[0.04135762 0.14466855 0.11358558 0.14737253 0.31046566 0.24254999]
[3 3]	0	[0. 0. 0. 0. 0. 0.]	False	[0.04135762 0.14466855 0.11358558 0.14737253 0.31046566 0.24254999]
[4 6]	0	[0. 0. 0. 0. 0. 0.]	False	[0.04135762 0.14466855 0.11358558 0.14737253 0.31046566 0.24254999]
[ 5 12]	1	[1.05128312 4.85979168 3.28552824 6.26921471 3.39863537 3.69171469]	True	[0.04135762 0.14466855 0.11358558 0.14737253 0.31046566 0.24254999]
[0 0]	1	[0. 0. 0. 0. 0. 0.]	False	[0.12975557 0.3790833  0.38026175 0.02519135 0.01557509 0.07013294]
[1 1]	1	[0. 0. 0. 0. 0. 0.]	False	[0.12975557 0.3790833  0.38026175 0.02519135 0.01557509 0.07013294]
[2 3]	1	[0. 0. 0. 0. 0. 0.]	False	[0.12975557 0.3790833  0.38026175 0.02519135 0.01557509 0.07013294]
[3 7]	0	[0. 0. 0. 0. 0. 0.]	False	[0.12975557 0.3790833  0.38026175 0.02519135 0.01557509 0.07013294]
[ 4 14]	1	[0. 0. 0. 0. 0. 0.]	False	[0.12975557 0.3790833  0.38026175 0.02519135 0.01557509 0.07013294]
[ 5 29]	1	[4.4579775  3.16479945 1.00362159 2.24428595 7.91409455 1.19729395]	True	[0.12975557 0.3790833  0.38026175 0.02519135 0.01557509 0.07013294]
[0 0]	1	[0. 0. 0. 0. 0. 0.]	False	[0.09619895 0.0042448  0.06657702 0.3661356  0.42021886 0.04662472]
[1 1]	0	[0. 0. 0. 0. 0. 0.]	False	[0.09619895 0.0042448  0.06657702 0.3661356  0.42021886 0.04662472]
[2 2]	1	[0. 0. 0. 0. 0. 0.]	False	[0.09619895 0.0042448  0.06657702 0.3661356  0.42021886 0.04662472]
[3 5]	1	[0. 0. 0. 0. 0. 0.]	False	[0.09619895 0.0042448  0.06657702 0.3661356  0.42021886 0.04662472]
[ 4 11]	0	[0. 0. 0. 0. 0. 0.]	False	[0.09619895 0.0042448  0.06657702 0.3661356  0.42021886 0.04662472]
[ 5 22]	0	[5.06781785 3.12557557 6.88555034 1.21769126 2.73086695 2.86300362]	True	[0.09619895 0.0042448  0.06657702 0.3661356  0.42021886 0.04662472]
[0 0]	0	[0. 0. 0. 0. 0. 0.]	False	[0.09730528 0.08423263 0.01208047 0.748981   0.02442834 0.03297228]
[1 0]	0	[0. 0. 0. 0. 0. 0.]	False	[0.09730528 0.08423263 0.01208047 0.748981   0.02442834 0.03297228]
[2 0]	1	[0. 0. 0. 0. 0. 0.]	False	[0.09730528 0.08423263 0.01208047 0.748981   0.02442834 0.03297228]
[3 1]	1	[0. 0. 0. 0. 0. 0.]	False	[0.09730528 0.08423263 0.01208047 0.748981   0.02442834 0.03297228]
[4 3]	0	[0. 0. 0. 0. 0. 0.]	False	[0.09730528 0.08423263 0.01208047 0.748981   0.02442834 0.03297228]
[5 6]	0	[2.39054781 1.97492965 4.51911017 0.07046741 1.74139824 8.18077893]	True	[0.09730528 0.08423263 0.01208047 0.748981   0.02442834 0.03297228]
[0 0]	1	[0. 0. 0. 0. 0. 0.]	False	[0.07333377 0.37026513 0.04615531 0.07734066 0.29510278 0.13780232]
[1 1]	0	[0. 0. 0. 0. 0. 0.]	False	[0.07333377 0.37026513 0.04615531 0.07734066 0.29510278 0.13780232]
[2 2]	1	[0. 0. 0. 0. 0. 0.]	False	[0.07333377 0.37026513 0.04615531 0.07734066 0.29510278 0.13780232]
[3 5]	0	[0. 0. 0. 0. 0. 0.]	False	[0.07333377 0.37026513 0.04615531 0.07734066 0.29510278 0.13780232]
[ 4 10]	1	[0. 0. 0. 0. 0. 0.]	False	[0.07333377 0.37026513 0.04615531 0.07734066 0.29510278 0.13780232]
[ 5 21]	1	[3.09497945 1.2275849  3.84351994 7.19938601 3.78799616 2.82159852]	True	[0.07333377 0.37026513 0.04615531 0.07734066 0.29510278 0.13780232]
[0 0]	1	[0. 0. 0. 0. 0. 0.]	False	[0.04347558 0.17123912 0.24174379 0.12232164 0.08321264 0.33800718]
[1 1]	1	[0. 0. 0. 0. 0. 0.]	False	[0.04347558 0.17123912 0.24174379 0.12232164 0.08321264 0.33800718]
[2 3]	1	[0. 0. 0. 0. 0. 0.]	False	[0.04347558 0.17123912 0.24174379 0.12232164 0.08321264 0.33800718]
[3 7]	0	[0. 0. 0. 0. 0. 0.]	False	[0.04347558 0.17123912 0.24174379 0.12232164 0.08321264 0.33800718]
[ 4 14]	0	[0. 0. 0. 0. 0. 0.]	False	[0.04347558 0.17123912 0.24174379 0.12232164 0.08321264 0.33800718]
[ 5 28]	1	[5.95498781 5.94146861 4.17018388 0.93397018 0.89950814 3.18829456]	True	[0.04347558 0.17123912 0.24174379 0.12232164 0.08321264 0.33800718]
[0 0]	1	[0. 0. 0. 0. 0. 0.]	False	[0.18208396 0.19914381 0.09891456 0.272356   0.185413   0.0620887 ]
[1 1]	0	[0. 0. 0. 0. 0. 0.]	False	[0.18208396 0.19914381 0.09891456 0.272356   0.185413   0.0620887 ]
[2 2]	1	[0. 0. 0. 0. 0. 0.]	False	[0.18208396 0.19914381 0.09891456 0.272356   0.185413   0.0620887 ]
[3 5]	0	[0. 0. 0. 0. 0. 0.]	False	[0.18208396 0.19914381 0.09891456 0.272356   0.185413   0.0620887 ]
[ 4 10]	0	[0. 0. 0. 0. 0. 0.]	False	[0.18208396 0.19914381 0.09891456 0.272356   0.185413   0.0620887 ]
[ 5 20]	1	[0.71623214 3.11241519 1.7018771  7.50296641 5.38823009 1.25537605]	True	[0.18208396 0.19914381 0.09891456 0.272356   0.185413   0.0620887 ]
[0 0]	1	[0. 0. 0. 0. 0. 0.]	False	[0.30750737 0.01968182 0.0386324  0.3168882  0.17631637 0.14097382]
[1 1]	1	[0. 0. 0. 0. 0. 0.]	False	[0.30750737 0.01968182 0.0386324  0.3168882  0.17631637 0.14097382]
[2 3]	1	[0. 0. 0. 0. 0. 0.]	False	[0.30750737 0.01968182 0.0386324  0.3168882  0.17631637 0.14097382]
[3 7]	0	[0. 0. 0. 0. 0. 0.]	False	[0.30750737 0.01968182 0.0386324  0.3168882  0.17631637 0.14097382]
[ 4 14]	1	[0. 0. 0. 0. 0. 0.]	False	[0.30750737 0.01968182 0.0386324  0.3168882  0.17631637 0.14097382]
[ 5 29]	0	[9.59164585 1.48925818 0.72278285 2.04850964 1.0181982  0.16402902]	True	[0.30750737 0.01968182 0.0386324  0.3168882  0.17631637 0.14097382]
[0 0]	0	[0. 0. 0. 0. 0. 0.]	False	[0.25528112 0.18131955 0.14933059 0.18107481 0.17952406 0.0534698 ]
[1 0]	0	[0. 0. 0. 0. 0. 0.]	False	[0.25528112 0.18131955 0.14933059 0.18107481 0.17952406 0.0534698 ]
[2 0]	1	[0. 0. 0. 0. 0. 0.]	False	[0.25528112 0.18131955 0.14933059 0.18107481 0.17952406 0.0534698 ]
[3 1]	1	[0. 0. 0. 0. 0. 0.]	False	[0.25528112 0.18131955 0.14933059 0.18107481 0.17952406 0.0534698 ]
[4 3]	0	[0. 0. 0. 0. 0. 0.]	False	[0.25528112 0.18131955 0.14933059 0.18107481 0.17952406 0.0534698 ]
[5 6]	1	[3.26794393 3.28877157 2.91598351 0.49403134 7.86629258 2.80694464]	True	[0.25528112 0.18131955 0.14933059 0.18107481 0.17952406 0.0534698 ]
[0 0]	0	[0. 0. 0. 0. 0. 0.]	False	[0.13456859 0.10624519 0.2242772  0.021702   0.4203695  0.09283753]
[1 0]	0	[0. 0. 0. 0. 0. 0.]	False	[0.13456859 0.10624519 0.2242772  0.021702   0.4203695  0.09283753]
[2 0]	1	[0. 0. 0. 0. 0. 0.]	False	[0.13456859 0.10624519 0.2242772  0.021702   0.4203695  0.09283753]
[3 1]	0	[0. 0. 0. 0. 0. 0.]	False	[0.13456859 0.10624519 0.2242772  0.021702   0.4203695  0.09283753]
[4 2]	1	[0. 0. 0. 0. 0. 0.]	False	[0.13456859 0.10624519 0.2242772  0.021702   0.4203695  0.09283753]
[5 5]	0	[4.43311346 4.91328158 5.11707495 3.9065904  2.22236853 3.13406169]	True	[0.13456859 0.10624519 0.2242772  0.021702   0.4203695  0.09283753]
[0 0]	0	[0. 0. 0. 0. 0. 0.]	False	[0.04907884 0.02392804 0.36399853 0.19640727 0.11939739 0.24718991]
[1 0]	0	[0. 0. 0. 0. 0. 0.]	False	[0.04907884 0.02392804 0.36399853 0.19640727 0.11939739 0.24718991]
[2 0]	0	[0. 0. 0. 0. 0. 0.]	False	[0.04907884 0.02392804 0.36399853 0.19640727 0.11939739 0.24718991]
[3 0]	0	[0. 0. 0. 0. 0. 0.]	False	[0.04907884 0.02392804 0.36399853 0.19640727 0.11939739 0.24718991]
[4 0]	1	[0. 0. 0. 0. 0. 0.]	False	[0.04907884 0.02392804 0.36399853 0.19640727 0.11939739 0.24718991]
[5 1]	1	[4.01332296 7.17080888 1.46983043 3.82182158 2.20659648 3.29195217]	True	[0.04907884 0.02392804 0.36399853 0.19640727 0.11939739 0.24718991]
[0 0]	1	[0. 0. 0. 0. 0. 0.]	False	[0.10152973 0.04671296 0.261544   0.11945885 0.41279694 0.05795749]
[1 1]	1	[0. 0. 0. 0. 0. 0.]	False	[0.10152973 0.04671296 0.261544   0.11945885 0.41279694 0.05795749]
[2 3]	1	[0. 0. 0. 0. 0. 0.]	False	[0.10152973 0.04671296 0.261544   0.11945885 0.41279694 0.05795749]
[3 7]	1	[0. 0. 0. 0. 0. 0.]	False	[0.10152973 0.04671296 0.261544   0.11945885 0.41279694 0.05795749]
[ 4 15]	0	[0. 0. 0. 0. 0. 0.]	False	[0.10152973 0.04671296 0.261544   0.11945885 0.41279694 0.05795749]
[ 5 30]	1	[3.08973572 5.6223787  0.9737901  5.75218769 3.94430958 3.04119754]	True	[0.10152973 0.04671296 0.261544   0.11945885 0.41279694 0.05795749]
[0 0]	0	[0. 0. 0. 0. 0. 0.]	False	[0.35407466 0.1421182  0.12730621 0.1037194  0.19575532 0.0770262 ]
[1 0]	1	[0. 0. 0. 0. 0. 0.]	False	[0.35407466 0.1421182  0.12730621 0.1037194  0.19575532 0.0770262 ]
[2 1]	0	[0. 0. 0. 0. 0. 0.]	False	[0.35407466 0.1421182  0.12730621 0.1037194  0.19575532 0.0770262 ]
[3 2]	0	[0. 0. 0. 0. 0. 0.]	False	[0.35407466 0.1421182  0.12730621 0.1037194  0.19575532 0.0770262 ]
[4 4]	0	[0. 0. 0. 0. 0. 0.]	False	[0.35407466 0.1421182  0.12730621 0.1037194  0.19575532 0.0770262 ]
