[0 0]	2	[ 0. -1.]	False	[0.36990267 0.6300973 ]
[0 0]	2	[ 0. -1.]	False	[0.36990267 0.6300973 ]
[0 0]	1	[ 0.7 -1. ]	True	[0.36990267 0.6300973 ]
[0 0]	2	[ 0. -1.]	False	[0.8698766  0.13012333]
[0 0]	0	[ 0. -1.]	False	[0.8698766  0.13012333]
[0 0]	2	[ 0. -1.]	False	[0.8698766  0.13012333]
[0 0]	2	[ 0. -1.]	False	[0.8698766  0.13012333]
[0 0]	1	[ 0.7 -1. ]	True	[0.8698766  0.13012333]
[0 0]	2	[ 0. -1.]	False	[0.14214858 0.8578514 ]
[0 0]	1	[ 0.7 -1. ]	True	[0.14214858 0.8578514 ]
[0 0]	2	[ 0. -1.]	False	[0.7147162 0.2852837]
[0 0]	1	[ 0.7 -1. ]	True	[0.7147162 0.2852837]
[0 0]	0	[ 0. -1.]	False	[0.75659287 0.2434071 ]
[0 0]	1	[ 0.7 -1. ]	True	[0.75659287 0.2434071 ]
[0 0]	0	[ 0. -1.]	False	[0.08982959 0.9101704 ]
[0 0]	2	[ 0. -1.]	False	[0.08982959 0.9101704 ]
[0 0]	3	[ 0. -1.]	False	[0.08982959 0.9101704 ]
[0 1]	3	[ 0. -1.]	False	[0.08982959 0.9101704 ]
[0 2]	2	[ 0. -1.]	False	[0.08982959 0.9101704 ]
[0 1]	2	[ 0. -1.]	False	[0.08982959 0.9101704 ]
[0 0]	1	[ 0.7 -1. ]	True	[0.08982959 0.9101704 ]
[0 0]	3	[ 0. -1.]	False	[0.42577678 0.5742232 ]
[0 1]	3	[ 0. -1.]	False	[0.42577678 0.5742232 ]
[0 2]	3	[ 0. -1.]	False	[0.42577678 0.5742232 ]
[0 3]	3	[ 0. -1.]	False	[0.42577678 0.5742232 ]
[0 4]	1	[ 0. -1.]	False	[0.42577678 0.5742232 ]
[1 4]	0	[ 0. -1.]	False	[0.42577678 0.5742232 ]
[0 4]	2	[ 0. -1.]	False	[0.42577678 0.5742232 ]
[0 3]	1	[ 0. -1.]	False	[0.42577678 0.5742232 ]
[1 3]	2	[ 0. -1.]	False	[0.42577678 0.5742232 ]
[1 2]	1	[ 0. -1.]	False	[0.42577678 0.5742232 ]
[2 2]	2	[ 8.2 -1. ]	True	[0.42577678 0.5742232 ]
[0 0]	2	[ 0. -1.]	False	[0.05554134 0.9444587 ]
[0 0]	1	[ 0.7 -1. ]	True	[0.05554134 0.9444587 ]
[0 0]	2	[ 0. -1.]	False	[0.28262427 0.7173757 ]
[0 0]	0	[ 0. -1.]	False	[0.28262427 0.7173757 ]
[0 0]	3	[ 0. -1.]	False	[0.28262427 0.7173757 ]
[0 1]	2	[ 0. -1.]	False	[0.28262427 0.7173757 ]
[0 0]	3	[ 0. -1.]	False	[0.28262427 0.7173757 ]
[0 1]	3	[ 0. -1.]	False	[0.28262427 0.7173757 ]
[0 2]	3	[ 0. -1.]	False	[0.28262427 0.7173757 ]
[0 3]	2	[ 0. -1.]	False	[0.28262427 0.7173757 ]
[0 2]	1	[ 0. -1.]	False	[0.28262427 0.7173757 ]
[1 2]	3	[ 0. -1.]	False	[0.28262427 0.7173757 ]
[1 3]	0	[ 0. -1.]	False	[0.28262427 0.7173757 ]
[0 3]	2	[ 0. -1.]	False	[0.28262427 0.7173757 ]
[0 2]	1	[ 0. -1.]	False	[0.28262427 0.7173757 ]
[1 2]	3	[ 0. -1.]	False	[0.28262427 0.7173757 ]
[1 3]	3	[ 0. -1.]	False	[0.28262427 0.7173757 ]
[1 4]	0	[ 0. -1.]	False	[0.28262427 0.7173757 ]
[0 4]	2	[ 0. -1.]	False	[0.28262427 0.7173757 ]
[0 3]	0	[ 0. -1.]	False	[0.28262427 0.7173757 ]
[0 3]	1	[ 0. -1.]	False	[0.28262427 0.7173757 ]
[1 3]	2	[ 0. -1.]	False	[0.28262427 0.7173757 ]
[1 2]	2	[ 0. -1.]	False	[0.28262427 0.7173757 ]
[1 1]	3	[ 0. -1.]	False	[0.28262427 0.7173757 ]
[1 2]	1	[ 0. -1.]	False	[0.28262427 0.7173757 ]
[2 2]	2	[ 8.2 -1. ]	True	[0.28262427 0.7173757 ]
[0 0]	1	[ 0.7 -1. ]	True	[0.31039557 0.6896044 ]
[0 0]	0	[ 0. -1.]	False	[0.66379803 0.336202  ]
[0 0]	0	[ 0. -1.]	False	[0.66379803 0.336202  ]
[0 0]	1	[ 0.7 -1. ]	True	[0.66379803 0.336202  ]
[0 0]	2	[ 0. -1.]	False	[0.89637905 0.10362098]
[0 0]	3	[ 0. -1.]	False	[0.89637905 0.10362098]
[0 1]	1	[ 0. -1.]	False	[0.89637905 0.10362098]
[1 1]	1	[ 8.2 -1. ]	True	[0.89637905 0.10362098]
[0 0]	0	[ 0. -1.]	False	[0.7172947  0.28270534]
[0 0]	1	[ 0.7 -1. ]	True	[0.7172947  0.28270534]
[0 0]	0	[ 0. -1.]	False	[0.602565   0.39743498]
[0 0]	1	[ 0.7 -1. ]	True	[0.602565   0.39743498]
[0 0]	0	[ 0. -1.]	False	[0.05048743 0.94951254]
[0 0]	1	[ 0.7 -1. ]	True	[0.05048743 0.94951254]
[0 0]	2	[ 0. -1.]	False	[0.9744438 0.0255562]
[0 0]	3	[ 0. -1.]	False	[0.9744438 0.0255562]
[0 1]	0	[ 0. -1.]	False	[0.9744438 0.0255562]
[0 1]	2	[ 0. -1.]	False	[0.9744438 0.0255562]
[0 0]	1	[ 0.7 -1. ]	True	[0.9744438 0.0255562]
[0 0]	2	[ 0. -1.]	False	[0.3672844 0.6327156]
[0 0]	2	[ 0. -1.]	False	[0.3672844 0.6327156]
[0 0]	3	[ 0. -1.]	False	[0.3672844 0.6327156]
[0 1]	0	[ 0. -1.]	False	[0.3672844 0.6327156]
[0 1]	2	[ 0. -1.]	False	[0.3672844 0.6327156]
[0 0]	0	[ 0. -1.]	False	[0.3672844 0.6327156]
[0 0]	0	[ 0. -1.]	False	[0.3672844 0.6327156]
[0 0]	1	[ 0.7 -1. ]	True	[0.3672844 0.6327156]
[0 0]	2	[ 0. -1.]	False	[0.52452654 0.47547346]
[0 0]	0	[ 0. -1.]	False	[0.52452654 0.47547346]
[0 0]	2	[ 0. -1.]	False	[0.52452654 0.47547346]
[0 0]	1	[ 0.7 -1. ]	True	[0.52452654 0.47547346]
[0 0]	2	[ 0. -1.]	False	[0.15686175 0.8431382 ]
[0 0]	3	[ 0. -1.]	False	[0.15686175 0.8431382 ]
[0 1]	1	[ 0. -1.]	False	[0.15686175 0.8431382 ]
[1 1]	1	[ 8.2 -1. ]	True	[0.15686175 0.8431382 ]
[0 0]	3	[ 0. -1.]	False	[0.41682652 0.5831735 ]
[0 1]	1	[ 0. -1.]	False	[0.41682652 0.5831735 ]
[1 1]	1	[ 8.2 -1. ]	True	[0.41682652 0.5831735 ]
[0 0]	0	[ 0. -1.]	False	[0.532197   0.46780306]
[0 0]	0	[ 0. -1.]	False	[0.532197   0.46780306]
[0 0]	0	[ 0. -1.]	False	[0.532197   0.46780306]
[0 0]	3	[ 0. -1.]	False	[0.532197   0.46780306]
[0 1]	2	[ 0. -1.]	False	[0.532197   0.46780306]
[0 0]	3	[ 0. -1.]	False	[0.532197   0.46780306]
[0 1]	2	[ 0. -1.]	False	[0.532197   0.46780306]
[0 0]	3	[ 0. -1.]	False	[0.532197   0.46780306]
[0 1]	2	[ 0. -1.]	False	[0.532197   0.46780306]
[0 0]	3	[ 0. -1.]	False	[0.532197   0.46780306]
[0 1]	2	[ 0. -1.]	False	[0.532197   0.46780306]
[0 0]	2	[ 0. -1.]	False	[0.532197   0.46780306]
[0 0]	1	[ 0.7 -1. ]	True	[0.532197   0.46780306]
[0 0]	0	[ 0. -1.]	False	[0.22937472 0.7706253 ]
[0 0]	2	[ 0. -1.]	False	[0.22937472 0.7706253 ]
[0 0]	1	[ 0.7 -1. ]	True	[0.22937472 0.7706253 ]
[0 0]	1	[ 0.7 -1. ]	True	[0.96914524 0.03085477]
[0 0]	0	[ 0. -1.]	False	[0.6162966  0.38370338]
[0 0]	1	[ 0.7 -1. ]	True	[0.6162966  0.38370338]
[0 0]	0	[ 0. -1.]	False	[0.4192936  0.58070636]
[0 0]	2	[ 0. -1.]	False	[0.4192936  0.58070636]
[0 0]	2	[ 0. -1.]	False	[0.4192936  0.58070636]
[0 0]	1	[ 0.7 -1. ]	True	[0.4192936  0.58070636]
[0 0]	2	[ 0. -1.]	False	[0.20572813 0.7942719 ]
[0 0]	1	[ 0.7 -1. ]	True	[0.20572813 0.7942719 ]
[0 0]	0	[ 0. -1.]	False	[0.42636985 0.5736302 ]
[0 0]	0	[ 0. -1.]	False	[0.42636985 0.5736302 ]
[0 0]	0	[ 0. -1.]	False	[0.42636985 0.5736302 ]
[0 0]	3	[ 0. -1.]	False	[0.42636985 0.5736302 ]
[0 1]	2	[ 0. -1.]	False	[0.42636985 0.5736302 ]
[0 0]	0	[ 0. -1.]	False	[0.42636985 0.5736302 ]
[0 0]	2	[ 0. -1.]	False	[0.42636985 0.5736302 ]
[0 0]	1	[ 0.7 -1. ]	True	[0.42636985 0.5736302 ]
[0 0]	1	[ 0.7 -1. ]	True	[0.15359266 0.84640735]
[0 0]	0	[ 0. -1.]	False	[0.5001084  0.49989155]
[0 0]	2	[ 0. -1.]	False	[0.5001084  0.49989155]
[0 0]	3	[ 0. -1.]	False	[0.5001084  0.49989155]
[0 1]	1	[ 0. -1.]	False	[0.5001084  0.49989155]
[1 1]	2	[ 0.7 -1. ]	True	[0.5001084  0.49989155]
[0 0]	3	[ 0. -1.]	False	[0.7903165 0.2096835]
[0 1]	1	[ 0. -1.]	False	[0.7903165 0.2096835]
[1 1]	3	[ 0. -1.]	False	[0.7903165 0.2096835]
[1 2]	1	[ 0. -1.]	False	[0.7903165 0.2096835]
[2 2]	3	[ 0. -1.]	False	[0.7903165 0.2096835]
[2 3]	1	[ 0. -1.]	False	[0.7903165 0.2096835]
[3 3]	1	[14. -1.]	True	[0.7903165 0.2096835]
[0 0]	2	[ 0. -1.]	False	[0.85433066 0.14566933]
[0 0]	0	[ 0. -1.]	False	[0.85433066 0.14566933]
[0 0]	3	[ 0. -1.]	False	[0.85433066 0.14566933]
[0 1]	1	[ 0. -1.]	False	[0.85433066 0.14566933]
[1 1]	1	[ 8.2 -1. ]	True	[0.85433066 0.14566933]
[0 0]	2	[ 0. -1.]	False	[0.16329986 0.83670014]
[0 0]	3	[ 0. -1.]	False	[0.16329986 0.83670014]
[0 1]	3	[ 0. -1.]	False	[0.16329986 0.83670014]
[0 2]	3	[ 0. -1.]	False	[0.16329986 0.83670014]
[0 3]	0	[ 0. -1.]	False	[0.16329986 0.83670014]
[0 3]	0	[ 0. -1.]	False	[0.16329986 0.83670014]
[0 3]	0	[ 0. -1.]	False	[0.16329986 0.83670014]
[0 3]	1	[ 0. -1.]	False	[0.16329986 0.83670014]
[1 3]	0	[ 0. -1.]	False	[0.16329986 0.83670014]
[0 3]	2	[ 0. -1.]	False	[0.16329986 0.83670014]
[0 2]	0	[ 0. -1.]	False	[0.16329986 0.83670014]
[0 2]	0	[ 0. -1.]	False	[0.16329986 0.83670014]
[0 2]	1	[ 0. -1.]	False	[0.16329986 0.83670014]
[1 2]	2	[ 0. -1.]	False	[0.16329986 0.83670014]
[1 1]	0	[ 0. -1.]	False	[0.16329986 0.83670014]
[0 1]	0	[ 0. -1.]	False	[0.16329986 0.83670014]
[0 1]	1	[ 0. -1.]	False	[0.16329986 0.83670014]
[1 1]	2	[ 0.7 -1. ]	True	[0.16329986 0.83670014]
[0 0]	2	[ 0. -1.]	False	[0.5672261 0.4327739]
[0 0]	2	[ 0. -1.]	False	[0.5672261 0.4327739]
[0 0]	1	[ 0.7 -1. ]	True	[0.5672261 0.4327739]
[0 0]	2	[ 0. -1.]	False	[0.89351404 0.10648597]
[0 0]	0	[ 0. -1.]	False	[0.89351404 0.10648597]
[0 0]	0	[ 0. -1.]	False	[0.89351404 0.10648597]
[0 0]	2	[ 0. -1.]	False	[0.89351404 0.10648597]
[0 0]	1	[ 0.7 -1. ]	True	[0.89351404 0.10648597]
[0 0]	2	[ 0. -1.]	False	[0.42978513 0.57021487]
[0 0]	3	[ 0. -1.]	False	[0.42978513 0.57021487]
[0 1]	1	[ 0. -1.]	False	[0.42978513 0.57021487]
[1 1]	2	[ 0.7 -1. ]	True	[0.42978513 0.57021487]
[0 0]	3	[ 0. -1.]	False	[0.2387586 0.7612414]
[0 1]	2	[ 0. -1.]	False	[0.2387586 0.7612414]
[0 0]	2	[ 0. -1.]	False	[0.2387586 0.7612414]
[0 0]	3	[ 0. -1.]	False	[0.2387586 0.7612414]
[0 1]	2	[ 0. -1.]	False	[0.2387586 0.7612414]
[0 0]	1	[ 0.7 -1. ]	True	[0.2387586 0.7612414]
[0 0]	2	[ 0. -1.]	False	[0.50212604 0.49787396]
[0 0]	0	[ 0. -1.]	False	[0.50212604 0.49787396]
[0 0]	3	[ 0. -1.]	False	[0.50212604 0.49787396]
[0 1]	2	[ 0. -1.]	False	[0.50212604 0.49787396]
[0 0]	1	[ 0.7 -1. ]	True	[0.50212604 0.49787396]
[0 0]	1	[ 0.7 -1. ]	True	[0.33894384 0.6610562 ]
[0 0]	1	[ 0.7 -1. ]	True	[0.74338824 0.25661176]
[0 0]	2	[ 0. -1.]	False	[0.7142753 0.2857246]
[0 0]	2	[ 0. -1.]	False	[0.7142753 0.2857246]
[0 0]	2	[ 0. -1.]	False	[0.7142753 0.2857246]
[0 0]	2	[ 0. -1.]	False	[0.7142753 0.2857246]
[0 0]	0	[ 0. -1.]	False	[0.7142753 0.2857246]
[0 0]	1	[ 0.7 -1. ]	True	[0.7142753 0.2857246]
[0 0]	3	[ 0. -1.]	False	[0.39538643 0.6046136 ]
[0 1]	0	[ 0. -1.]	False	[0.39538643 0.6046136 ]
[0 1]	3	[ 0. -1.]	False	[0.39538643 0.6046136 ]
[0 2]	2	[ 0. -1.]	False	[0.39538643 0.6046136 ]
[0 1]	3	[ 0. -1.]	False	[0.39538643 0.6046136 ]
[0 2]	2	[ 0. -1.]	False	[0.39538643 0.6046136 ]
[0 1]	1	[ 0. -1.]	False	[0.39538643 0.6046136 ]
[1 1]	1	[ 8.2 -1. ]	True	[0.39538643 0.6046136 ]
[0 0]	1	[ 0.7 -1. ]	True	[0.4026392 0.5973608]
[0 0]	1	[ 0.7 -1. ]	True	[0.31241 0.68759]
[0 0]	1	[ 0.7 -1. ]	True	[0.9089176  0.09108234]
[0 0]	1	[ 0.7 -1. ]	True	[0.38945705 0.61054295]
[0 0]	3	[ 0. -1.]	False	[0.22128622 0.77871376]
[0 1]	2	[ 0. -1.]	False	[0.22128622 0.77871376]
[0 0]	1	[ 0.7 -1. ]	True	[0.22128622 0.77871376]
[0 0]	0	[ 0. -1.]	False	[0.882101   0.11789901]
[0 0]	2	[ 0. -1.]	False	[0.882101   0.11789901]
[0 0]	0	[ 0. -1.]	False	[0.882101   0.11789901]
[0 0]	0	[ 0. -1.]	False	[0.882101   0.11789901]
[0 0]	1	[ 0.7 -1. ]	True	[0.882101   0.11789901]
[0 0]	0	[ 0. -1.]	False	[0.09756589 0.9024342 ]
[0 0]	1	[ 0.7 -1. ]	True	[0.09756589 0.9024342 ]
[0 0]	2	[ 0. -1.]	False	[0.41541868 0.5845813 ]
[0 0]	1	[ 0.7 -1. ]	True	[0.41541868 0.5845813 ]
[0 0]	2	[ 0. -1.]	False	[0.49307558 0.5069244 ]
[0 0]	1	[ 0.7 -1. ]	True	[0.49307558 0.5069244 ]
[0 0]	2	[ 0. -1.]	False	[0.5116582 0.4883419]
[0 0]	1	[ 0.7 -1. ]	True	[0.5116582 0.4883419]
[0 0]	0	[ 0. -1.]	False	[0.664834 0.335166]
[0 0]	3	[ 0. -1.]	False	[0.664834 0.335166]
[0 1]	0	[ 0. -1.]	False	[0.664834 0.335166]
[0 1]	2	[ 0. -1.]	False	[0.664834 0.335166]
[0 0]	3	[ 0. -1.]	False	[0.664834 0.335166]
[0 1]	1	[ 0. -1.]	False	[0.664834 0.335166]
[1 1]	2	[ 0.7 -1. ]	True	[0.664834 0.335166]
[0 0]	0	[ 0. -1.]	False	[0.06199911 0.93800086]
[0 0]	0	[ 0. -1.]	False	[0.06199911 0.93800086]
[0 0]	2	[ 0. -1.]	False	[0.06199911 0.93800086]
[0 0]	1	[ 0.7 -1. ]	True	[0.06199911 0.93800086]
[0 0]	3	[ 0. -1.]	False	[0.44756675 0.5524332 ]
[0 1]	0	[ 0. -1.]	False	[0.44756675 0.5524332 ]
[0 1]	2	[ 0. -1.]	False	[0.44756675 0.5524332 ]
[0 0]	1	[ 0.7 -1. ]	True	[0.44756675 0.5524332 ]
[0 0]	2	[ 0. -1.]	False	[0.4796529 0.5203471]
[0 0]	0	[ 0. -1.]	False	[0.4796529 0.5203471]
[0 0]	1	[ 0.7 -1. ]	True	[0.4796529 0.5203471]
[0 0]	3	[ 0. -1.]	False	[0.24505696 0.7549431 ]
[0 1]	3	[ 0. -1.]	False	[0.24505696 0.7549431 ]
[0 2]	2	[ 0. -1.]	False	[0.24505696 0.7549431 ]
[0 1]	3	[ 0. -1.]	False	[0.24505696 0.7549431 ]
[0 2]	3	[ 0. -1.]	False	[0.24505696 0.7549431 ]
[0 3]	1	[ 0. -1.]	False	[0.24505696 0.7549431 ]
[1 3]	2	[ 0. -1.]	False	[0.24505696 0.7549431 ]
[1 2]	0	[ 0. -1.]	False	[0.24505696 0.7549431 ]
[0 2]	1	[ 0. -1.]	False	[0.24505696 0.7549431 ]
[1 2]	1	[ 0. -1.]	False	[0.24505696 0.7549431 ]
[2 2]	1	[11.5 -1. ]	True	[0.24505696 0.7549431 ]
[0 0]	3	[ 0. -1.]	False	[0.14574681 0.85425323]
[0 1]	1	[ 0. -1.]	False	[0.14574681 0.85425323]
[1 1]	0	[ 0. -1.]	False	[0.14574681 0.85425323]
[0 1]	1	[ 0. -1.]	False	[0.14574681 0.85425323]
[1 1]	0	[ 0. -1.]	False	[0.14574681 0.85425323]
[0 1]	3	[ 0. -1.]	False	[0.14574681 0.85425323]
[0 2]	3	[ 0. -1.]	False	[0.14574681 0.85425323]
[0 3]	2	[ 0. -1.]	False	[0.14574681 0.85425323]
[0 2]	0	[ 0. -1.]	False	[0.14574681 0.85425323]
[0 2]	3	[ 0. -1.]	False	[0.14574681 0.85425323]
[0 3]	3	[ 0. -1.]	False	[0.14574681 0.85425323]
[0 4]	0	[ 0. -1.]	False	[0.14574681 0.85425323]
[0 4]	3	[ 0. -1.]	False	[0.14574681 0.85425323]
[0 5]	2	[ 0. -1.]	False	[0.14574681 0.85425323]
[0 4]	0	[ 0. -1.]	False	[0.14574681 0.85425323]
[0 4]	1	[ 0. -1.]	False	[0.14574681 0.85425323]
[1 4]	0	[ 0. -1.]	False	[0.14574681 0.85425323]
[0 4]	1	[ 0. -1.]	False	[0.14574681 0.85425323]
[1 4]	2	[ 0. -1.]	False	[0.14574681 0.85425323]
[1 3]	3	[ 0. -1.]	False	[0.14574681 0.85425323]
[1 4]	0	[ 0. -1.]	False	[0.14574681 0.85425323]
[0 4]	0	[ 0. -1.]	False	[0.14574681 0.85425323]
[0 4]	2	[ 0. -1.]	False	[0.14574681 0.85425323]
[0 3]	3	[ 0. -1.]	False	[0.14574681 0.85425323]
[0 4]	1	[ 0. -1.]	False	[0.14574681 0.85425323]
[1 4]	1	[ 0. -1.]	False	[0.14574681 0.85425323]
[2 4]	1	[ 0. -1.]	False	[0.14574681 0.85425323]
[3 4]	1	[15.1 -1. ]	True	[0.14574681 0.85425323]
[0 0]	2	[ 0. -1.]	False	[0.3471188 0.6528812]
[0 0]	3	[ 0. -1.]	False	[0.3471188 0.6528812]
[0 1]	1	[ 0. -1.]	False	[0.3471188 0.6528812]
[1 1]	3	[ 0. -1.]	False	[0.3471188 0.6528812]
[1 2]	2	[ 0. -1.]	False	[0.3471188 0.6528812]
[1 1]	1	[ 8.2 -1. ]	True	[0.3471188 0.6528812]
[0 0]	1	[ 0.7 -1. ]	True	[0.6311069  0.36889306]
[0 0]	3	[ 0. -1.]	False	[0.17205612 0.82794386]
[0 1]	0	[ 0. -1.]	False	[0.17205612 0.82794386]
[0 1]	2	[ 0. -1.]	False	[0.17205612 0.82794386]
[0 0]	2	[ 0. -1.]	False	[0.17205612 0.82794386]
[0 0]	0	[ 0. -1.]	False	[0.17205612 0.82794386]
[0 0]	1	[ 0.7 -1. ]	True	[0.17205612 0.82794386]
[0 0]	0	[ 0. -1.]	False	[0.32230732 0.6776927 ]
[0 0]	3	[ 0. -1.]	False	[0.32230732 0.6776927 ]
[0 1]	3	[ 0. -1.]	False	[0.32230732 0.6776927 ]
[0 2]	0	[ 0. -1.]	False	[0.32230732 0.6776927 ]
[0 2]	0	[ 0. -1.]	False	[0.32230732 0.6776927 ]
[0 2]	0	[ 0. -1.]	False	[0.32230732 0.6776927 ]
[0 2]	3	[ 0. -1.]	False	[0.32230732 0.6776927 ]
[0 3]	2	[ 0. -1.]	False	[0.32230732 0.6776927 ]
[0 2]	0	[ 0. -1.]	False	[0.32230732 0.6776927 ]
[0 2]	0	[ 0. -1.]	False	[0.32230732 0.6776927 ]
[0 2]	0	[ 0. -1.]	False	[0.32230732 0.6776927 ]
[0 2]	2	[ 0. -1.]	False	[0.32230732 0.6776927 ]
[0 1]	0	[ 0. -1.]	False	[0.32230732 0.6776927 ]
[0 1]	1	[ 0. -1.]	False	[0.32230732 0.6776927 ]
[1 1]	2	[ 0.7 -1. ]	True	[0.32230732 0.6776927 ]
[0 0]	0	[ 0. -1.]	False	[0.6282011  0.37179887]
[0 0]	0	[ 0. -1.]	False	[0.6282011  0.37179887]
[0 0]	0	[ 0. -1.]	False	[0.6282011  0.37179887]
[0 0]	3	[ 0. -1.]	False	[0.6282011  0.37179887]
[0 1]	1	[ 0. -1.]	False	[0.6282011  0.37179887]
[1 1]	1	[ 8.2 -1. ]	True	[0.6282011  0.37179887]
[0 0]	0	[ 0. -1.]	False	[0.9985617  0.00143833]
[0 0]	0	[ 0. -1.]	False	[0.9985617  0.00143833]
[0 0]	2	[ 0. -1.]	False	[0.9985617  0.00143833]
[0 0]	2	[ 0. -1.]	False	[0.9985617  0.00143833]
[0 0]	1	[ 0.7 -1. ]	True	[0.9985617  0.00143833]
[0 0]	1	[ 0.7 -1. ]	True	[0.8302236  0.16977642]
[0 0]	3	[ 0. -1.]	False	[0.3679449  0.63205516]
[0 1]	1	[ 0. -1.]	False	[0.3679449  0.63205516]
[1 1]	1	[ 8.2 -1. ]	True	[0.3679449  0.63205516]
[0 0]	1	[ 0.7 -1. ]	True	[0.7504469  0.24955311]
[0 0]	1	[ 0.7 -1. ]	True	[0.13388428 0.8661157 ]
[0 0]	0	[ 0. -1.]	False	[0.29110244 0.7088976 ]
[0 0]	1	[ 0.7 -1. ]	True	[0.29110244 0.7088976 ]
[0 0]	1	[ 0.7 -1. ]	True	[0.69287306 0.30712694]
[0 0]	2	[ 0. -1.]	False	[0.19749972 0.80250025]
[0 0]	0	[ 0. -1.]	False	[0.19749972 0.80250025]
[0 0]	2	[ 0. -1.]	False	[0.19749972 0.80250025]
[0 0]	1	[ 0.7 -1. ]	True	[0.19749972 0.80250025]
[0 0]	0	[ 0. -1.]	False	[0.98335457 0.01664543]
[0 0]	3	[ 0. -1.]	False	[0.98335457 0.01664543]
[0 1]	1	[ 0. -1.]	False	[0.98335457 0.01664543]
[1 1]	2	[ 0.7 -1. ]	True	[0.98335457 0.01664543]
[0 0]	1	[ 0.7 -1. ]	True	[0.61894864 0.38105136]
[0 0]	0	[ 0. -1.]	False	[0.45031032 0.54968965]
[0 0]	1	[ 0.7 -1. ]	True	[0.45031032 0.54968965]
[0 0]	1	[ 0.7 -1. ]	True	[0.74179554 0.25820446]
[0 0]	1	[ 0.7 -1. ]	True	[0.701207   0.29879308]
[0 0]	3	[ 0. -1.]	False	[0.66260713 0.33739293]
[0 1]	3	[ 0. -1.]	False	[0.66260713 0.33739293]
[0 2]	0	[ 0. -1.]	False	[0.66260713 0.33739293]
[0 2]	0	[ 0. -1.]	False	[0.66260713 0.33739293]
[0 2]	2	[ 0. -1.]	False	[0.66260713 0.33739293]
[0 1]	3	[ 0. -1.]	False	[0.66260713 0.33739293]
[0 2]	2	[ 0. -1.]	False	[0.66260713 0.33739293]
[0 1]	1	[ 0. -1.]	False	[0.66260713 0.33739293]
[1 1]	1	[ 8.2 -1. ]	True	[0.66260713 0.33739293]
[0 0]	1	[ 0.7 -1. ]	True	[0.21816275 0.7818373 ]
[0 0]	1	[ 0.7 -1. ]	True	[0.6099495  0.39005047]
[0 0]	1	[ 0.7 -1. ]	True	[0.24573952 0.75426054]
[0 0]	3	[ 0. -1.]	False	[0.38391677 0.6160832 ]
[0 1]	2	[ 0. -1.]	False	[0.38391677 0.6160832 ]
[0 0]	3	[ 0. -1.]	False	[0.38391677 0.6160832 ]
[0 1]	3	[ 0. -1.]	False	[0.38391677 0.6160832 ]
[0 2]	1	[ 0. -1.]	False	[0.38391677 0.6160832 ]
[1 2]	3	[ 0. -1.]	False	[0.38391677 0.6160832 ]
[1 3]	3	[ 0. -1.]	False	[0.38391677 0.6160832 ]
[1 4]	1	[ 0. -1.]	False	[0.38391677 0.6160832 ]
[2 4]	0	[ 0. -1.]	False	[0.38391677 0.6160832 ]
[1 4]	1	[ 0. -1.]	False	[0.38391677 0.6160832 ]
[2 4]	1	[ 0. -1.]	False	[0.38391677 0.6160832 ]
[3 4]	1	[15.1 -1. ]	True	[0.38391677 0.6160832 ]
[0 0]	3	[ 0. -1.]	False	[0.5508559 0.4491441]
[0 1]	1	[ 0. -1.]	False	[0.5508559 0.4491441]
[1 1]	1	[ 8.2 -1. ]	True	[0.5508559 0.4491441]
[0 0]	1	[ 0.7 -1. ]	True	[0.22140363 0.77859634]
[0 0]	3	[ 0. -1.]	False	[0.52037716 0.4796229 ]
[0 1]	1	[ 0. -1.]	False	[0.52037716 0.4796229 ]
[1 1]	1	[ 8.2 -1. ]	True	[0.52037716 0.4796229 ]
[0 0]	0	[ 0. -1.]	False	[0.6985386  0.30146137]
[0 0]	1	[ 0.7 -1. ]	True	[0.6985386  0.30146137]
[0 0]	2	[ 0. -1.]	False	[0.03426269 0.96573734]
[0 0]	2	[ 0. -1.]	False	[0.03426269 0.96573734]
[0 0]	2	[ 0. -1.]	False	[0.03426269 0.96573734]
[0 0]	1	[ 0.7 -1. ]	True	[0.03426269 0.96573734]
[0 0]	1	[ 0.7 -1. ]	True	[0.5910501  0.40894988]
[0 0]	3	[ 0. -1.]	False	[0.05406881 0.9459312 ]
[0 1]	1	[ 0. -1.]	False	[0.05406881 0.9459312 ]
[1 1]	3	[ 0. -1.]	False	[0.05406881 0.9459312 ]
[1 2]	0	[ 0. -1.]	False	[0.05406881 0.9459312 ]
[0 2]	2	[ 0. -1.]	False	[0.05406881 0.9459312 ]
[0 1]	1	[ 0. -1.]	False	[0.05406881 0.9459312 ]
[1 1]	2	[ 0.7 -1. ]	True	[0.05406881 0.9459312 ]
[0 0]	3	[ 0. -1.]	False	[0.2702009  0.72979903]
[0 1]	0	[ 0. -1.]	False	[0.2702009  0.72979903]
[0 1]	3	[ 0. -1.]	False	[0.2702009  0.72979903]
[0 2]	2	[ 0. -1.]	False	[0.2702009  0.72979903]
[0 1]	1	[ 0. -1.]	False	[0.2702009  0.72979903]
[1 1]	1	[ 8.2 -1. ]	True	[0.2702009  0.72979903]
[0 0]	1	[ 0.7 -1. ]	True	[0.7363457  0.26365426]
[0 0]	3	[ 0. -1.]	False	[0.24926654 0.75073344]
[0 1]	0	[ 0. -1.]	False	[0.24926654 0.75073344]
[0 1]	1	[ 0. -1.]	False	[0.24926654 0.75073344]
[1 1]	1	[ 8.2 -1. ]	True	[0.24926654 0.75073344]
[0 0]	1	[ 0.7 -1. ]	True	[0.68982565 0.31017438]
[0 0]	3	[ 0. -1.]	False	[0.13581741 0.86418265]
[0 1]	1	[ 0. -1.]	False	[0.13581741 0.86418265]
[1 1]	2	[ 0.7 -1. ]	True	[0.13581741 0.86418265]
[0 0]	3	[ 0. -1.]	False	[0.00981016 0.9901898 ]
[0 1]	0	[ 0. -1.]	False	[0.00981016 0.9901898 ]
[0 1]	3	[ 0. -1.]	False	[0.00981016 0.9901898 ]
[0 2]	0	[ 0. -1.]	False	[0.00981016 0.9901898 ]
[0 2]	0	[ 0. -1.]	False	[0.00981016 0.9901898 ]
[0 2]	2	[ 0. -1.]	False	[0.00981016 0.9901898 ]
[0 1]	2	[ 0. -1.]	False	[0.00981016 0.9901898 ]
[0 0]	3	[ 0. -1.]	False	[0.00981016 0.9901898 ]
[0 1]	3	[ 0. -1.]	False	[0.00981016 0.9901898 ]
[0 2]	1	[ 0. -1.]	False	[0.00981016 0.9901898 ]
[1 2]	2	[ 0. -1.]	False	[0.00981016 0.9901898 ]
[1 1]	1	[ 8.2 -1. ]	True	[0.00981016 0.9901898 ]
[0 0]	3	[ 0. -1.]	False	[0.5410132 0.4589868]
[0 1]	2	[ 0. -1.]	False	[0.5410132 0.4589868]
[0 0]	2	[ 0. -1.]	False	[0.5410132 0.4589868]
[0 0]	2	[ 0. -1.]	False	[0.5410132 0.4589868]
[0 0]	3	[ 0. -1.]	False	[0.5410132 0.4589868]
[0 1]	0	[ 0. -1.]	False	[0.5410132 0.4589868]
[0 1]	3	[ 0. -1.]	False	[0.5410132 0.4589868]
[0 2]	2	[ 0. -1.]	False	[0.5410132 0.4589868]
[0 1]	0	[ 0. -1.]	False	[0.5410132 0.4589868]
[0 1]	1	[ 0. -1.]	False	[0.5410132 0.4589868]
[1 1]	0	[ 0. -1.]	False	[0.5410132 0.4589868]
[0 1]	2	[ 0. -1.]	False	[0.5410132 0.4589868]
[0 0]	3	[ 0. -1.]	False	[0.5410132 0.4589868]
[0 1]	2	[ 0. -1.]	False	[0.5410132 0.4589868]
[0 0]	1	[ 0.7 -1. ]	True	[0.5410132 0.4589868]
[0 0]	1	[ 0.7 -1. ]	True	[0.70371896 0.29628107]
[0 0]	1	[ 0.7 -1. ]	True	[0.4961801  0.50381994]
[0 0]	1	[ 0.7 -1. ]	True	[0.42203933 0.57796067]
[0 0]	1	[ 0.7 -1. ]	True	[0.04744435 0.95255566]
[0 0]	0	[ 0. -1.]	False	[0.54833174 0.45166823]
[0 0]	0	[ 0. -1.]	False	[0.54833174 0.45166823]
[0 0]	0	[ 0. -1.]	False	[0.54833174 0.45166823]
[0 0]	0	[ 0. -1.]	False	[0.54833174 0.45166823]
[0 0]	3	[ 0. -1.]	False	[0.54833174 0.45166823]
[0 1]	1	[ 0. -1.]	False	[0.54833174 0.45166823]
[1 1]	1	[ 8.2 -1. ]	True	[0.54833174 0.45166823]
[0 0]	3	[ 0. -1.]	False	[0.14586578 0.85413426]
[0 1]	1	[ 0. -1.]	False	[0.14586578 0.85413426]
[1 1]	3	[ 0. -1.]	False	[0.14586578 0.85413426]
[1 2]	0	[ 0. -1.]	False	[0.14586578 0.85413426]
[0 2]	1	[ 0. -1.]	False	[0.14586578 0.85413426]
[1 2]	0	[ 0. -1.]	False	[0.14586578 0.85413426]
[0 2]	0	[ 0. -1.]	False	[0.14586578 0.85413426]
[0 2]	1	[ 0. -1.]	False	[0.14586578 0.85413426]
[1 2]	2	[ 0. -1.]	False	[0.14586578 0.85413426]
[1 1]	0	[ 0. -1.]	False	[0.14586578 0.85413426]
[0 1]	3	[ 0. -1.]	False	[0.14586578 0.85413426]
[0 2]	1	[ 0. -1.]	False	[0.14586578 0.85413426]
[1 2]	1	[ 0. -1.]	False	[0.14586578 0.85413426]
[2 2]	1	[11.5 -1. ]	True	[0.14586578 0.85413426]
[0 0]	2	[ 0. -1.]	False	[0.22141828 0.77858174]
[0 0]	1	[ 0.7 -1. ]	True	[0.22141828 0.77858174]
[0 0]	1	[ 0.7 -1. ]	True	[0.58877194 0.41122806]
[0 0]	0	[ 0. -1.]	False	[0.50443256 0.49556744]
[0 0]	2	[ 0. -1.]	False	[0.50443256 0.49556744]
[0 0]	2	[ 0. -1.]	False	[0.50443256 0.49556744]
[0 0]	2	[ 0. -1.]	False	[0.50443256 0.49556744]
[0 0]	0	[ 0. -1.]	False	[0.50443256 0.49556744]
[0 0]	0	[ 0. -1.]	False	[0.50443256 0.49556744]
[0 0]	0	[ 0. -1.]	False	[0.50443256 0.49556744]
[0 0]	1	[ 0.7 -1. ]	True	[0.50443256 0.49556744]
[0 0]	1	[ 0.7 -1. ]	True	[0.04727247 0.9527275 ]
[0 0]	2	[ 0. -1.]	False	[0.523994   0.47600606]
[0 0]	3	[ 0. -1.]	False	[0.523994   0.47600606]
[0 1]	3	[ 0. -1.]	False	[0.523994   0.47600606]
[0 2]	1	[ 0. -1.]	False	[0.523994   0.47600606]
[1 2]	1	[ 0. -1.]	False	[0.523994   0.47600606]
[2 2]	0	[ 0. -1.]	False	[0.523994   0.47600606]
[1 2]	1	[ 0. -1.]	False	[0.523994   0.47600606]
[2 2]	1	[11.5 -1. ]	True	[0.523994   0.47600606]
[0 0]	1	[ 0.7 -1. ]	True	[0.25566375 0.74433625]
[0 0]	1	[ 0.7 -1. ]	True	[0.31011063 0.6898894 ]
[0 0]	0	[ 0. -1.]	False	[0.5792161  0.42078394]
[0 0]	0	[ 0. -1.]	False	[0.5792161  0.42078394]
[0 0]	0	[ 0. -1.]	False	[0.5792161  0.42078394]
[0 0]	2	[ 0. -1.]	False	[0.5792161  0.42078394]
[0 0]	3	[ 0. -1.]	False	[0.5792161  0.42078394]
[0 1]	1	[ 0. -1.]	False	[0.5792161  0.42078394]
[1 1]	1	[ 8.2 -1. ]	True	[0.5792161  0.42078394]
[0 0]	1	[ 0.7 -1. ]	True	[0.33394027 0.6660598 ]
[0 0]	3	[ 0. -1.]	False	[0.40508536 0.5949147 ]
[0 1]	2	[ 0. -1.]	False	[0.40508536 0.5949147 ]
[0 0]	3	[ 0. -1.]	False	[0.40508536 0.5949147 ]
[0 1]	1	[ 0. -1.]	False	[0.40508536 0.5949147 ]
[1 1]	1	[ 8.2 -1. ]	True	[0.40508536 0.5949147 ]
[0 0]	2	[ 0. -1.]	False	[0.9949115  0.00508851]
[0 0]	3	[ 0. -1.]	False	[0.9949115  0.00508851]
[0 1]	2	[ 0. -1.]	False	[0.9949115  0.00508851]
[0 0]	2	[ 0. -1.]	False	[0.9949115  0.00508851]
[0 0]	1	[ 0.7 -1. ]	True	[0.9949115  0.00508851]
[0 0]	1	[ 0.7 -1. ]	True	[0.8710047  0.12899524]
[0 0]	3	[ 0. -1.]	False	[0.7575655  0.24243453]
[0 1]	1	[ 0. -1.]	False	[0.7575655  0.24243453]
[1 1]	0	[ 0. -1.]	False	[0.7575655  0.24243453]
[0 1]	1	[ 0. -1.]	False	[0.7575655  0.24243453]
[1 1]	3	[ 0. -1.]	False	[0.7575655  0.24243453]
[1 2]	1	[ 0. -1.]	False	[0.7575655  0.24243453]
[2 2]	3	[ 0. -1.]	False	[0.7575655  0.24243453]
[2 3]	1	[ 0. -1.]	False	[0.7575655  0.24243453]
[3 3]	3	[ 0. -1.]	False	[0.7575655  0.24243453]
[3 4]	0	[ 0. -1.]	False	[0.7575655  0.24243453]
[2 4]	1	[ 0. -1.]	False	[0.7575655  0.24243453]
[3 4]	0	[ 0. -1.]	False	[0.7575655  0.24243453]
[2 4]	1	[ 0. -1.]	False	[0.7575655  0.24243453]
[3 4]	1	[15.1 -1. ]	True	[0.7575655  0.24243453]
[0 0]	0	[ 0. -1.]	False	[0.85240227 0.14759772]
[0 0]	2	[ 0. -1.]	False	[0.85240227 0.14759772]
[0 0]	2	[ 0. -1.]	False	[0.85240227 0.14759772]
[0 0]	3	[ 0. -1.]	False	[0.85240227 0.14759772]
[0 1]	1	[ 0. -1.]	False	[0.85240227 0.14759772]
[1 1]	1	[ 8.2 -1. ]	True	[0.85240227 0.14759772]
[0 0]	3	[ 0. -1.]	False	[0.5722222  0.42777783]
[0 1]	1	[ 0. -1.]	False	[0.5722222  0.42777783]
[1 1]	2	[ 0.7 -1. ]	True	[0.5722222  0.42777783]
[0 0]	3	[ 0. -1.]	False	[0.40569592 0.59430414]
[0 1]	0	[ 0. -1.]	False	[0.40569592 0.59430414]
[0 1]	1	[ 0. -1.]	False	[0.40569592 0.59430414]
[1 1]	3	[ 0. -1.]	False	[0.40569592 0.59430414]
[1 2]	1	[ 0. -1.]	False	[0.40569592 0.59430414]
[2 2]	1	[11.5 -1. ]	True	[0.40569592 0.59430414]
[0 0]	2	[ 0. -1.]	False	[0.79472    0.20527996]
[0 0]	3	[ 0. -1.]	False	[0.79472    0.20527996]
[0 1]	1	[ 0. -1.]	False	[0.79472    0.20527996]
[1 1]	3	[ 0. -1.]	False	[0.79472    0.20527996]
[1 2]	2	[ 0. -1.]	False	[0.79472    0.20527996]
[1 1]	2	[ 0.7 -1. ]	True	[0.79472    0.20527996]
[0 0]	0	[ 0. -1.]	False	[0.6500779  0.34992215]
[0 0]	0	[ 0. -1.]	False	[0.6500779  0.34992215]
[0 0]	3	[ 0. -1.]	False	[0.6500779  0.34992215]
[0 1]	1	[ 0. -1.]	False	[0.6500779  0.34992215]
[1 1]	0	[ 0. -1.]	False	[0.6500779  0.34992215]
[0 1]	0	[ 0. -1.]	False	[0.6500779  0.34992215]
[0 1]	0	[ 0. -1.]	False	[0.6500779  0.34992215]
[0 1]	3	[ 0. -1.]	False	[0.6500779  0.34992215]
[0 2]	2	[ 0. -1.]	False	[0.6500779  0.34992215]
[0 1]	3	[ 0. -1.]	False	[0.6500779  0.34992215]
[0 2]	2	[ 0. -1.]	False	[0.6500779  0.34992215]
[0 1]	0	[ 0. -1.]	False	[0.6500779  0.34992215]
[0 1]	2	[ 0. -1.]	False	[0.6500779  0.34992215]
[0 0]	1	[ 0.7 -1. ]	True	[0.6500779  0.34992215]
[0 0]	2	[ 0. -1.]	False	[0.8299161  0.17008384]
[0 0]	3	[ 0. -1.]	False	[0.8299161  0.17008384]
[0 1]	2	[ 0. -1.]	False	[0.8299161  0.17008384]
[0 0]	2	[ 0. -1.]	False	[0.8299161  0.17008384]
[0 0]	3	[ 0. -1.]	False	[0.8299161  0.17008384]
[0 1]	3	[ 0. -1.]	False	[0.8299161  0.17008384]
[0 2]	1	[ 0. -1.]	False	[0.8299161  0.17008384]
[1 2]	2	[ 0. -1.]	False	[0.8299161  0.17008384]
[1 1]	3	[ 0. -1.]	False	[0.8299161  0.17008384]
[1 2]	2	[ 0. -1.]	False	[0.8299161  0.17008384]
[1 1]	0	[ 0. -1.]	False	[0.8299161  0.17008384]
[0 1]	2	[ 0. -1.]	False	[0.8299161  0.17008384]
[0 0]	0	[ 0. -1.]	False	[0.8299161  0.17008384]
[0 0]	3	[ 0. -1.]	False	[0.8299161  0.17008384]
[0 1]	3	[ 0. -1.]	False	[0.8299161  0.17008384]
[0 2]	0	[ 0. -1.]	False	[0.8299161  0.17008384]
[0 2]	3	[ 0. -1.]	False	[0.8299161  0.17008384]
[0 3]	2	[ 0. -1.]	False	[0.8299161  0.17008384]
[0 2]	0	[ 0. -1.]	False	[0.8299161  0.17008384]
[0 2]	1	[ 0. -1.]	False	[0.8299161  0.17008384]
[1 2]	1	[ 0. -1.]	False	[0.8299161  0.17008384]
[2 2]	2	[ 8.2 -1. ]	True	[0.8299161  0.17008384]
[0 0]	2	[ 0. -1.]	False	[0.55345845 0.44654155]
[0 0]	3	[ 0. -1.]	False	[0.55345845 0.44654155]
[0 1]	0	[ 0. -1.]	False	[0.55345845 0.44654155]
[0 1]	1	[ 0. -1.]	False	[0.55345845 0.44654155]
[1 1]	0	[ 0. -1.]	False	[0.55345845 0.44654155]
[0 1]	3	[ 0. -1.]	False	[0.55345845 0.44654155]
[0 2]	0	[ 0. -1.]	False	[0.55345845 0.44654155]
[0 2]	1	[ 0. -1.]	False	[0.55345845 0.44654155]
[1 2]	0	[ 0. -1.]	False	[0.55345845 0.44654155]
[0 2]	3	[ 0. -1.]	False	[0.55345845 0.44654155]
[0 3]	3	[ 0. -1.]	False	[0.55345845 0.44654155]
[0 4]	0	[ 0. -1.]	False	[0.55345845 0.44654155]
[0 4]	0	[ 0. -1.]	False	[0.55345845 0.44654155]
[0 4]	3	[ 0. -1.]	False	[0.55345845 0.44654155]
[0 5]	1	[ 0. -1.]	False	[0.55345845 0.44654155]
[1 5]	3	[ 0. -1.]	False	[0.55345845 0.44654155]
[1 6]	2	[ 0. -1.]	False	[0.55345845 0.44654155]
[1 5]	0	[ 0. -1.]	False	[0.55345845 0.44654155]
[0 5]	0	[ 0. -1.]	False	[0.55345845 0.44654155]
[0 5]	3	[ 0. -1.]	False	[0.55345845 0.44654155]
[0 6]	1	[ 0. -1.]	False	[0.55345845 0.44654155]
[1 6]	1	[ 0. -1.]	False	[0.55345845 0.44654155]
[2 6]	2	[ 0. -1.]	False	[0.55345845 0.44654155]
[2 5]	1	[ 0. -1.]	False	[0.55345845 0.44654155]
[3 5]	0	[ 0. -1.]	False	[0.55345845 0.44654155]
[2 5]	2	[ 0. -1.]	False	[0.55345845 0.44654155]
[2 4]	1	[ 0. -1.]	False	[0.55345845 0.44654155]
[3 4]	0	[ 0. -1.]	False	[0.55345845 0.44654155]
[2 4]	0	[ 0. -1.]	False	[0.55345845 0.44654155]
[1 4]	1	[ 0. -1.]	False	[0.55345845 0.44654155]
[2 4]	1	[ 0. -1.]	False	[0.55345845 0.44654155]
[3 4]	2	[ 0. -1.]	False	[0.55345845 0.44654155]
[3 3]	3	[ 0. -1.]	False	[0.55345845 0.44654155]
[3 4]	1	[15.1 -1. ]	True	[0.55345845 0.44654155]
[0 0]	0	[ 0. -1.]	False	[0.18574333 0.81425667]
[0 0]	1	[ 0.7 -1. ]	True	[0.18574333 0.81425667]
[0 0]	1	[ 0.7 -1. ]	True	[0.9391346  0.06086539]
[0 0]	3	[ 0. -1.]	False	[0.98877686 0.0112232 ]
[0 1]	0	[ 0. -1.]	False	[0.98877686 0.0112232 ]
[0 1]	1	[ 0. -1.]	False	[0.98877686 0.0112232 ]
[1 1]	1	[ 8.2 -1. ]	True	[0.98877686 0.0112232 ]
[0 0]	0	[ 0. -1.]	False	[0.64476645 0.3552335 ]
[0 0]	0	[ 0. -1.]	False	[0.64476645 0.3552335 ]
[0 0]	2	[ 0. -1.]	False	[0.64476645 0.3552335 ]
[0 0]	2	[ 0. -1.]	False	[0.64476645 0.3552335 ]
[0 0]	2	[ 0. -1.]	False	[0.64476645 0.3552335 ]
[0 0]	3	[ 0. -1.]	False	[0.64476645 0.3552335 ]
[0 1]	2	[ 0. -1.]	False	[0.64476645 0.3552335 ]
[0 0]	2	[ 0. -1.]	False	[0.64476645 0.3552335 ]
[0 0]	2	[ 0. -1.]	False	[0.64476645 0.3552335 ]
[0 0]	1	[ 0.7 -1. ]	True	[0.64476645 0.3552335 ]
[0 0]	2	[ 0. -1.]	False	[0.7597743  0.24022564]
[0 0]	0	[ 0. -1.]	False	[0.7597743  0.24022564]
[0 0]	3	[ 0. -1.]	False	[0.7597743  0.24022564]
[0 1]	0	[ 0. -1.]	False	[0.7597743  0.24022564]
[0 1]	3	[ 0. -1.]	False	[0.7597743  0.24022564]
[0 2]	1	[ 0. -1.]	False	[0.7597743  0.24022564]
[1 2]	0	[ 0. -1.]	False	[0.7597743  0.24022564]
[0 2]	1	[ 0. -1.]	False	[0.7597743  0.24022564]
[1 2]	1	[ 0. -1.]	False	[0.7597743  0.24022564]
[2 2]	0	[ 0. -1.]	False	[0.7597743  0.24022564]
[1 2]	1	[ 0. -1.]	False	[0.7597743  0.24022564]
[2 2]	2	[ 8.2 -1. ]	True	[0.7597743  0.24022564]
[0 0]	2	[ 0. -1.]	False	[0.40744892 0.5925511 ]
[0 0]	3	[ 0. -1.]	False	[0.40744892 0.5925511 ]
[0 1]	1	[ 0. -1.]	False	[0.40744892 0.5925511 ]
[1 1]	2	[ 0.7 -1. ]	True	[0.40744892 0.5925511 ]
[0 0]	1	[ 0.7 -1. ]	True	[0.514906   0.48509398]
[0 0]	1	[ 0.7 -1. ]	True	[0.3203321 0.6796679]
[0 0]	0	[ 0. -1.]	False	[0.67482656 0.3251734 ]
[0 0]	0	[ 0. -1.]	False	[0.67482656 0.3251734 ]
[0 0]	2	[ 0. -1.]	False	[0.67482656 0.3251734 ]
[0 0]	1	[ 0.7 -1. ]	True	[0.67482656 0.3251734 ]
[0 0]	0	[ 0. -1.]	False	[0.47634417 0.5236558 ]
[0 0]	3	[ 0. -1.]	False	[0.47634417 0.5236558 ]
[0 1]	0	[ 0. -1.]	False	[0.47634417 0.5236558 ]
[0 1]	2	[ 0. -1.]	False	[0.47634417 0.5236558 ]
[0 0]	2	[ 0. -1.]	False	[0.47634417 0.5236558 ]
[0 0]	3	[ 0. -1.]	False	[0.47634417 0.5236558 ]
[0 1]	3	[ 0. -1.]	False	[0.47634417 0.5236558 ]
[0 2]	0	[ 0. -1.]	False	[0.47634417 0.5236558 ]
[0 2]	0	[ 0. -1.]	False	[0.47634417 0.5236558 ]
[0 2]	0	[ 0. -1.]	False	[0.47634417 0.5236558 ]
[0 2]	3	[ 0. -1.]	False	[0.47634417 0.5236558 ]
[0 3]	1	[ 0. -1.]	False	[0.47634417 0.5236558 ]
[1 3]	2	[ 0. -1.]	False	[0.47634417 0.5236558 ]
[1 2]	1	[ 0. -1.]	False	[0.47634417 0.5236558 ]
[2 2]	0	[ 0. -1.]	False	[0.47634417 0.5236558 ]
[1 2]	2	[ 0. -1.]	False	[0.47634417 0.5236558 ]
[1 1]	1	[ 8.2 -1. ]	True	[0.47634417 0.5236558 ]
[0 0]	0	[ 0. -1.]	False	[0.87097096 0.12902896]
[0 0]	0	[ 0. -1.]	False	[0.87097096 0.12902896]
[0 0]	3	[ 0. -1.]	False	[0.87097096 0.12902896]
[0 1]	1	[ 0. -1.]	False	[0.87097096 0.12902896]
[1 1]	3	[ 0. -1.]	False	[0.87097096 0.12902896]
[1 2]	3	[ 0. -1.]	False	[0.87097096 0.12902896]
[1 3]	2	[ 0. -1.]	False	[0.87097096 0.12902896]
[1 2]	1	[ 0. -1.]	False	[0.87097096 0.12902896]
[2 2]	0	[ 0. -1.]	False	[0.87097096 0.12902896]
[1 2]	1	[ 0. -1.]	False	[0.87097096 0.12902896]
[2 2]	1	[11.5 -1. ]	True	[0.87097096 0.12902896]
[0 0]	1	[ 0.7 -1. ]	True	[0.27367046 0.72632957]
[0 0]	1	[ 0.7 -1. ]	True	[0.28143436 0.71856564]
[0 0]	2	[ 0. -1.]	False	[0.98286945 0.01713053]
[0 0]	0	[ 0. -1.]	False	[0.98286945 0.01713053]
[0 0]	2	[ 0. -1.]	False	[0.98286945 0.01713053]
