[0 0]	2	[ 0. -1.]	False	[0.7551067  0.24489327]
[0 0]	3	[ 0. -1.]	False	[0.7551067  0.24489327]
[0 1]	1	[ 0. -1.]	False	[0.7551067  0.24489327]
[1 1]	2	[ 0.7 -1. ]	True	[0.7551067  0.24489327]
[0 0]	1	[ 0.7 -1. ]	True	[0.6777895 0.3222105]
[0 0]	0	[ 0. -1.]	False	[0.946872   0.05312799]
[0 0]	0	[ 0. -1.]	False	[0.946872   0.05312799]
[0 0]	3	[ 0. -1.]	False	[0.946872   0.05312799]
[0 1]	1	[ 0. -1.]	False	[0.946872   0.05312799]
[1 1]	2	[ 0.7 -1. ]	True	[0.946872   0.05312799]
[0 0]	3	[ 0. -1.]	False	[0.58277726 0.41722274]
[0 1]	2	[ 0. -1.]	False	[0.58277726 0.41722274]
[0 0]	3	[ 0. -1.]	False	[0.58277726 0.41722274]
[0 1]	0	[ 0. -1.]	False	[0.58277726 0.41722274]
[0 1]	0	[ 0. -1.]	False	[0.58277726 0.41722274]
[0 1]	1	[ 0. -1.]	False	[0.58277726 0.41722274]
[1 1]	0	[ 0. -1.]	False	[0.58277726 0.41722274]
[0 1]	2	[ 0. -1.]	False	[0.58277726 0.41722274]
[0 0]	2	[ 0. -1.]	False	[0.58277726 0.41722274]
[0 0]	0	[ 0. -1.]	False	[0.58277726 0.41722274]
[0 0]	2	[ 0. -1.]	False	[0.58277726 0.41722274]
[0 0]	1	[ 0.7 -1. ]	True	[0.58277726 0.41722274]
[0 0]	3	[ 0. -1.]	False	[0.33215094 0.66784906]
[0 1]	2	[ 0. -1.]	False	[0.33215094 0.66784906]
[0 0]	3	[ 0. -1.]	False	[0.33215094 0.66784906]
[0 1]	2	[ 0. -1.]	False	[0.33215094 0.66784906]
[0 0]	3	[ 0. -1.]	False	[0.33215094 0.66784906]
[0 1]	1	[ 0. -1.]	False	[0.33215094 0.66784906]
[1 1]	0	[ 0. -1.]	False	[0.33215094 0.66784906]
[0 1]	2	[ 0. -1.]	False	[0.33215094 0.66784906]
[0 0]	3	[ 0. -1.]	False	[0.33215094 0.66784906]
[0 1]	0	[ 0. -1.]	False	[0.33215094 0.66784906]
[0 1]	1	[ 0. -1.]	False	[0.33215094 0.66784906]
[1 1]	3	[ 0. -1.]	False	[0.33215094 0.66784906]
[1 2]	0	[ 0. -1.]	False	[0.33215094 0.66784906]
[0 2]	2	[ 0. -1.]	False	[0.33215094 0.66784906]
[0 1]	2	[ 0. -1.]	False	[0.33215094 0.66784906]
[0 0]	2	[ 0. -1.]	False	[0.33215094 0.66784906]
[0 0]	2	[ 0. -1.]	False	[0.33215094 0.66784906]
[0 0]	1	[ 0.7 -1. ]	True	[0.33215094 0.66784906]
[0 0]	2	[ 0. -1.]	False	[0.12233476 0.8776653 ]
[0 0]	3	[ 0. -1.]	False	[0.12233476 0.8776653 ]
[0 1]	3	[ 0. -1.]	False	[0.12233476 0.8776653 ]
[0 2]	0	[ 0. -1.]	False	[0.12233476 0.8776653 ]
[0 2]	2	[ 0. -1.]	False	[0.12233476 0.8776653 ]
[0 1]	0	[ 0. -1.]	False	[0.12233476 0.8776653 ]
[0 1]	3	[ 0. -1.]	False	[0.12233476 0.8776653 ]
[0 2]	1	[ 0. -1.]	False	[0.12233476 0.8776653 ]
[1 2]	2	[ 0. -1.]	False	[0.12233476 0.8776653 ]
[1 1]	2	[ 0.7 -1. ]	True	[0.12233476 0.8776653 ]
[0 0]	1	[ 0.7 -1. ]	True	[0.99473894 0.00526108]
[0 0]	0	[ 0. -1.]	False	[0.7300876  0.26991242]
[0 0]	3	[ 0. -1.]	False	[0.7300876  0.26991242]
[0 1]	2	[ 0. -1.]	False	[0.7300876  0.26991242]
[0 0]	0	[ 0. -1.]	False	[0.7300876  0.26991242]
[0 0]	0	[ 0. -1.]	False	[0.7300876  0.26991242]
[0 0]	2	[ 0. -1.]	False	[0.7300876  0.26991242]
[0 0]	3	[ 0. -1.]	False	[0.7300876  0.26991242]
[0 1]	3	[ 0. -1.]	False	[0.7300876  0.26991242]
[0 2]	1	[ 0. -1.]	False	[0.7300876  0.26991242]
[1 2]	3	[ 0. -1.]	False	[0.7300876  0.26991242]
[1 3]	3	[ 0. -1.]	False	[0.7300876  0.26991242]
[1 4]	3	[ 0. -1.]	False	[0.7300876  0.26991242]
[1 5]	3	[ 0. -1.]	False	[0.7300876  0.26991242]
[1 6]	1	[ 0. -1.]	False	[0.7300876  0.26991242]
[2 6]	1	[ 0. -1.]	False	[0.7300876  0.26991242]
[3 6]	0	[ 0. -1.]	False	[0.7300876  0.26991242]
[2 6]	2	[ 0. -1.]	False	[0.7300876  0.26991242]
[2 5]	3	[ 0. -1.]	False	[0.7300876  0.26991242]
[2 6]	3	[ 0. -1.]	False	[0.7300876  0.26991242]
[2 7]	1	[ 0. -1.]	False	[0.7300876  0.26991242]
[3 7]	2	[ 0. -1.]	False	[0.7300876  0.26991242]
[3 6]	1	[ 0. -1.]	False	[0.7300876  0.26991242]
[4 6]	3	[ 0. -1.]	False	[0.7300876  0.26991242]
[4 7]	1	[ 0. -1.]	False	[0.7300876  0.26991242]
[5 7]	3	[ 0. -1.]	False	[0.7300876  0.26991242]
[5 8]	3	[ 0. -1.]	False	[0.7300876  0.26991242]
[5 9]	3	[ 0. -1.]	False	[0.7300876  0.26991242]
[ 5 10]	2	[ 0. -1.]	False	[0.7300876  0.26991242]
[5 9]	1	[ 0. -1.]	False	[0.7300876  0.26991242]
[6 9]	0	[ 0. -1.]	False	[0.7300876  0.26991242]
[5 9]	2	[ 0. -1.]	False	[0.7300876  0.26991242]
[5 8]	3	[ 0. -1.]	False	[0.7300876  0.26991242]
[5 9]	3	[ 0. -1.]	False	[0.7300876  0.26991242]
[ 5 10]	3	[ 0. -1.]	False	[0.7300876  0.26991242]
[ 5 10]	1	[ 0. -1.]	False	[0.7300876  0.26991242]
[ 6 10]	1	[ 0. -1.]	False	[0.7300876  0.26991242]
[ 7 10]	1	[ 0. -1.]	False	[0.7300876  0.26991242]
[ 8 10]	3	[ 0. -1.]	False	[0.7300876  0.26991242]
[ 8 10]	0	[ 0. -1.]	False	[0.7300876  0.26991242]
[ 7 10]	3	[ 0. -1.]	False	[0.7300876  0.26991242]
[ 7 10]	2	[ 0. -1.]	False	[0.7300876  0.26991242]
[7 9]	1	[ 0. -1.]	False	[0.7300876  0.26991242]
[8 9]	3	[ 0. -1.]	False	[0.7300876  0.26991242]
[ 8 10]	3	[ 0. -1.]	False	[0.7300876  0.26991242]
[ 8 10]	3	[ 0. -1.]	False	[0.7300876  0.26991242]
[ 8 10]	3	[ 0. -1.]	False	[0.7300876  0.26991242]
[ 8 10]	3	[ 0. -1.]	False	[0.7300876  0.26991242]
[ 8 10]	2	[ 0. -1.]	False	[0.7300876  0.26991242]
[8 9]	3	[ 0. -1.]	False	[0.7300876  0.26991242]
[ 8 10]	0	[ 0. -1.]	False	[0.7300876  0.26991242]
[ 7 10]	1	[ 0. -1.]	False	[0.7300876  0.26991242]
[ 8 10]	3	[ 0. -1.]	False	[0.7300876  0.26991242]
[ 8 10]	3	[ 0. -1.]	False	[0.7300876  0.26991242]
[ 8 10]	3	[ 0. -1.]	False	[0.7300876  0.26991242]
[ 8 10]	1	[ 0. -1.]	False	[0.7300876  0.26991242]
[ 9 10]	2	[ 0. -1.]	False	[0.7300876  0.26991242]
[9 9]	2	[22.4 -1. ]	True	[0.7300876  0.26991242]
[0 0]	2	[ 0. -1.]	False	[0.63672376 0.36327624]
[0 0]	2	[ 0. -1.]	False	[0.63672376 0.36327624]
[0 0]	1	[ 0.7 -1. ]	True	[0.63672376 0.36327624]
[0 0]	3	[ 0. -1.]	False	[0.21667026 0.7833298 ]
[0 1]	0	[ 0. -1.]	False	[0.21667026 0.7833298 ]
[0 1]	2	[ 0. -1.]	False	[0.21667026 0.7833298 ]
[0 0]	0	[ 0. -1.]	False	[0.21667026 0.7833298 ]
[0 0]	1	[ 0.7 -1. ]	True	[0.21667026 0.7833298 ]
[0 0]	3	[ 0. -1.]	False	[0.27556318 0.7244368 ]
[0 1]	3	[ 0. -1.]	False	[0.27556318 0.7244368 ]
[0 2]	3	[ 0. -1.]	False	[0.27556318 0.7244368 ]
[0 3]	3	[ 0. -1.]	False	[0.27556318 0.7244368 ]
[0 4]	2	[ 0. -1.]	False	[0.27556318 0.7244368 ]
[0 3]	2	[ 0. -1.]	False	[0.27556318 0.7244368 ]
[0 2]	0	[ 0. -1.]	False	[0.27556318 0.7244368 ]
[0 2]	0	[ 0. -1.]	False	[0.27556318 0.7244368 ]
[0 2]	1	[ 0. -1.]	False	[0.27556318 0.7244368 ]
[1 2]	3	[ 0. -1.]	False	[0.27556318 0.7244368 ]
[1 3]	1	[ 0. -1.]	False	[0.27556318 0.7244368 ]
[2 3]	1	[ 0. -1.]	False	[0.27556318 0.7244368 ]
[3 3]	2	[11.5 -1. ]	True	[0.27556318 0.7244368 ]
[0 0]	2	[ 0. -1.]	False	[0.06953765 0.93046236]
[0 0]	3	[ 0. -1.]	False	[0.06953765 0.93046236]
[0 1]	0	[ 0. -1.]	False	[0.06953765 0.93046236]
[0 1]	1	[ 0. -1.]	False	[0.06953765 0.93046236]
[1 1]	1	[ 8.2 -1. ]	True	[0.06953765 0.93046236]
[0 0]	2	[ 0. -1.]	False	[0.9815387  0.01846131]
[0 0]	0	[ 0. -1.]	False	[0.9815387  0.01846131]
[0 0]	2	[ 0. -1.]	False	[0.9815387  0.01846131]
[0 0]	0	[ 0. -1.]	False	[0.9815387  0.01846131]
[0 0]	0	[ 0. -1.]	False	[0.9815387  0.01846131]
[0 0]	1	[ 0.7 -1. ]	True	[0.9815387  0.01846131]
[0 0]	0	[ 0. -1.]	False	[0.07226443 0.92773557]
[0 0]	1	[ 0.7 -1. ]	True	[0.07226443 0.92773557]
[0 0]	3	[ 0. -1.]	False	[0.5577416  0.44225845]
[0 1]	1	[ 0. -1.]	False	[0.5577416  0.44225845]
[1 1]	0	[ 0. -1.]	False	[0.5577416  0.44225845]
[0 1]	1	[ 0. -1.]	False	[0.5577416  0.44225845]
[1 1]	2	[ 0.7 -1. ]	True	[0.5577416  0.44225845]
[0 0]	2	[ 0. -1.]	False	[0.32525545 0.67474455]
[0 0]	1	[ 0.7 -1. ]	True	[0.32525545 0.67474455]
[0 0]	1	[ 0.7 -1. ]	True	[0.9786033  0.02139671]
[0 0]	3	[ 0. -1.]	False	[0.5281753  0.47182468]
[0 1]	0	[ 0. -1.]	False	[0.5281753  0.47182468]
[0 1]	2	[ 0. -1.]	False	[0.5281753  0.47182468]
[0 0]	2	[ 0. -1.]	False	[0.5281753  0.47182468]
[0 0]	0	[ 0. -1.]	False	[0.5281753  0.47182468]
[0 0]	1	[ 0.7 -1. ]	True	[0.5281753  0.47182468]
[0 0]	1	[ 0.7 -1. ]	True	[0.6274558 0.3725443]
[0 0]	1	[ 0.7 -1. ]	True	[0.8461619 0.1538381]
[0 0]	2	[ 0. -1.]	False	[0.20310122 0.7968987 ]
[0 0]	2	[ 0. -1.]	False	[0.20310122 0.7968987 ]
[0 0]	2	[ 0. -1.]	False	[0.20310122 0.7968987 ]
[0 0]	2	[ 0. -1.]	False	[0.20310122 0.7968987 ]
[0 0]	1	[ 0.7 -1. ]	True	[0.20310122 0.7968987 ]
[0 0]	2	[ 0. -1.]	False	[0.06212309 0.93787694]
[0 0]	0	[ 0. -1.]	False	[0.06212309 0.93787694]
[0 0]	3	[ 0. -1.]	False	[0.06212309 0.93787694]
[0 1]	3	[ 0. -1.]	False	[0.06212309 0.93787694]
