[0 0]	0	[0. 0. 0. 0. 0. 0.]	False	[0.18956456 0.12184107 0.16163445 0.09372459 0.11138853 0.32184678]
[1 0]	1	[0. 0. 0. 0. 0. 0.]	False	[0.18956456 0.12184107 0.16163445 0.09372459 0.11138853 0.32184678]
[2 1]	1	[0. 0. 0. 0. 0. 0.]	False	[0.18956456 0.12184107 0.16163445 0.09372459 0.11138853 0.32184678]
[3 3]	0	[0. 0. 0. 0. 0. 0.]	False	[0.18956456 0.12184107 0.16163445 0.09372459 0.11138853 0.32184678]
[4 6]	0	[0. 0. 0. 0. 0. 0.]	False	[0.18956456 0.12184107 0.16163445 0.09372459 0.11138853 0.32184678]
[ 5 12]	1	[1.05128312 4.85979168 3.28552824 6.26921471 3.39863537 3.69171469]	True	[0.18956456 0.12184107 0.16163445 0.09372459 0.11138853 0.32184678]
[0 0]	0	[0. 0. 0. 0. 0. 0.]	False	[0.33600318 0.09472223 0.128247   0.22828302 0.10397706 0.10876755]
[1 0]	1	[0. 0. 0. 0. 0. 0.]	False	[0.33600318 0.09472223 0.128247   0.22828302 0.10397706 0.10876755]
[2 1]	1	[0. 0. 0. 0. 0. 0.]	False	[0.33600318 0.09472223 0.128247   0.22828302 0.10397706 0.10876755]
[3 3]	1	[0. 0. 0. 0. 0. 0.]	False	[0.33600318 0.09472223 0.128247   0.22828302 0.10397706 0.10876755]
[4 7]	0	[0. 0. 0. 0. 0. 0.]	False	[0.33600318 0.09472223 0.128247   0.22828302 0.10397706 0.10876755]
[ 5 14]	1	[0.63888729 0.28507461 4.87857435 6.41971655 5.85711844 0.43757381]	True	[0.33600318 0.09472223 0.128247   0.22828302 0.10397706 0.10876755]
[0 0]	1	[0. 0. 0. 0. 0. 0.]	False	[0.09071932 0.25904414 0.04103341 0.10669173 0.37579146 0.12671995]
[1 1]	0	[0. 0. 0. 0. 0. 0.]	False	[0.09071932 0.25904414 0.04103341 0.10669173 0.37579146 0.12671995]
[2 2]	1	[0. 0. 0. 0. 0. 0.]	False	[0.09071932 0.25904414 0.04103341 0.10669173 0.37579146 0.12671995]
[3 5]	0	[0. 0. 0. 0. 0. 0.]	False	[0.09071932 0.25904414 0.04103341 0.10669173 0.37579146 0.12671995]
[ 4 10]	0	[0. 0. 0. 0. 0. 0.]	False	[0.09071932 0.25904414 0.04103341 0.10669173 0.37579146 0.12671995]
[ 5 20]	0	[7.08401121 1.66591657 2.90546299 2.62634248 3.62934098 4.30464879]	True	[0.09071932 0.25904414 0.04103341 0.10669173 0.37579146 0.12671995]
[0 0]	0	[0. 0. 0. 0. 0. 0.]	False	[0.05776961 0.29714903 0.23789956 0.27188092 0.06986099 0.0654399 ]
[1 0]	1	[0. 0. 0. 0. 0. 0.]	False	[0.05776961 0.29714903 0.23789956 0.27188092 0.06986099 0.0654399 ]
[2 1]	1	[0. 0. 0. 0. 0. 0.]	False	[0.05776961 0.29714903 0.23789956 0.27188092 0.06986099 0.0654399 ]
[3 3]	1	[0. 0. 0. 0. 0. 0.]	False	[0.05776961 0.29714903 0.23789956 0.27188092 0.06986099 0.0654399 ]
[4 7]	0	[0. 0. 0. 0. 0. 0.]	False	[0.05776961 0.29714903 0.23789956 0.27188092 0.06986099 0.0654399 ]
[ 5 14]	1	[0.63888729 0.28507461 4.87857435 6.41971655 5.85711844 0.43757381]	True	[0.05776961 0.29714903 0.23789956 0.27188092 0.06986099 0.0654399 ]
[0 0]	1	[0. 0. 0. 0. 0. 0.]	False	[0.10440182 0.0922723  0.12153295 0.04823754 0.2726848  0.36087057]
[1 1]	0	[0. 0. 0. 0. 0. 0.]	False	[0.10440182 0.0922723  0.12153295 0.04823754 0.2726848  0.36087057]
[2 2]	1	[0. 0. 0. 0. 0. 0.]	False	[0.10440182 0.0922723  0.12153295 0.04823754 0.2726848  0.36087057]
[3 5]	1	[0. 0. 0. 0. 0. 0.]	False	[0.10440182 0.0922723  0.12153295 0.04823754 0.2726848  0.36087057]
[ 4 11]	1	[0. 0. 0. 0. 0. 0.]	False	[0.10440182 0.0922723  0.12153295 0.04823754 0.2726848  0.36087057]
[ 5 23]	0	[5.96294481 6.46817991 1.35988062 2.83106174 0.74946184 3.48999411]	True	[0.10440182 0.0922723  0.12153295 0.04823754 0.2726848  0.36087057]
[0 0]	1	[0. 0. 0. 0. 0. 0.]	False	[0.27717754 0.24446066 0.15482919 0.05576899 0.12729977 0.14046378]
[1 1]	1	[0. 0. 0. 0. 0. 0.]	False	[0.27717754 0.24446066 0.15482919 0.05576899 0.12729977 0.14046378]
[2 3]	1	[0. 0. 0. 0. 0. 0.]	False	[0.27717754 0.24446066 0.15482919 0.05576899 0.12729977 0.14046378]
[3 7]	0	[0. 0. 0. 0. 0. 0.]	False	[0.27717754 0.24446066 0.15482919 0.05576899 0.12729977 0.14046378]
[ 4 14]	1	[0. 0. 0. 0. 0. 0.]	False	[0.27717754 0.24446066 0.15482919 0.05576899 0.12729977 0.14046378]
[ 5 29]	0	[9.59164585 1.48925818 0.72278285 2.04850964 1.0181982  0.16402902]	True	[0.27717754 0.24446066 0.15482919 0.05576899 0.12729977 0.14046378]
[0 0]	0	[0. 0. 0. 0. 0. 0.]	False	[0.14922313 0.09147109 0.07797809 0.22167616 0.24411061 0.21554087]
[1 0]	1	[0. 0. 0. 0. 0. 0.]	False	[0.14922313 0.09147109 0.07797809 0.22167616 0.24411061 0.21554087]
[2 1]	0	[0. 0. 0. 0. 0. 0.]	False	[0.14922313 0.09147109 0.07797809 0.22167616 0.24411061 0.21554087]
[3 2]	0	[0. 0. 0. 0. 0. 0.]	False	[0.14922313 0.09147109 0.07797809 0.22167616 0.24411061 0.21554087]
[4 4]	0	[0. 0. 0. 0. 0. 0.]	False	[0.14922313 0.09147109 0.07797809 0.22167616 0.24411061 0.21554087]
[5 8]	1	[0.29748325 8.22965311 0.07526586 1.98395573 1.77853129 5.00793316]	True	[0.14922313 0.09147109 0.07797809 0.22167616 0.24411061 0.21554087]
[0 0]	0	[0. 0. 0. 0. 0. 0.]	False	[0.11694556 0.12345345 0.33059424 0.06313644 0.18478517 0.18108515]
[1 0]	0	[0. 0. 0. 0. 0. 0.]	False	[0.11694556 0.12345345 0.33059424 0.06313644 0.18478517 0.18108515]
[2 0]	1	[0. 0. 0. 0. 0. 0.]	False	[0.11694556 0.12345345 0.33059424 0.06313644 0.18478517 0.18108515]
[3 1]	0	[0. 0. 0. 0. 0. 0.]	False	[0.11694556 0.12345345 0.33059424 0.06313644 0.18478517 0.18108515]
[4 2]	1	[0. 0. 0. 0. 0. 0.]	False	[0.11694556 0.12345345 0.33059424 0.06313644 0.18478517 0.18108515]
[5 5]	1	[6.44612546 5.14526023 1.37156642 1.37449512 0.62784821 5.27343712]	True	[0.11694556 0.12345345 0.33059424 0.06313644 0.18478517 0.18108515]
[0 0]	1	[0. 0. 0. 0. 0. 0.]	False	[0.20858385 0.19097884 0.18831785 0.12921762 0.22947705 0.0534248 ]
[1 1]	1	[0. 0. 0. 0. 0. 0.]	False	[0.20858385 0.19097884 0.18831785 0.12921762 0.22947705 0.0534248 ]
[2 3]	1	[0. 0. 0. 0. 0. 0.]	False	[0.20858385 0.19097884 0.18831785 0.12921762 0.22947705 0.0534248 ]
[3 7]	0	[0. 0. 0. 0. 0. 0.]	False	[0.20858385 0.19097884 0.18831785 0.12921762 0.22947705 0.0534248 ]
[ 4 14]	1	[0. 0. 0. 0. 0. 0.]	False	[0.20858385 0.19097884 0.18831785 0.12921762 0.22947705 0.0534248 ]
[ 5 29]	0	[9.59164585 1.48925818 0.72278285 2.04850964 1.0181982  0.16402902]	True	[0.20858385 0.19097884 0.18831785 0.12921762 0.22947705 0.0534248 ]
[0 0]	1	[0. 0. 0. 0. 0. 0.]	False	[0.18554616 0.01538901 0.39550298 0.16586341 0.01188465 0.22581375]
[1 1]	0	[0. 0. 0. 0. 0. 0.]	False	[0.18554616 0.01538901 0.39550298 0.16586341 0.01188465 0.22581375]
[2 2]	0	[0. 0. 0. 0. 0. 0.]	False	[0.18554616 0.01538901 0.39550298 0.16586341 0.01188465 0.22581375]
[3 4]	1	[0. 0. 0. 0. 0. 0.]	False	[0.18554616 0.01538901 0.39550298 0.16586341 0.01188465 0.22581375]
[4 9]	0	[0. 0. 0. 0. 0. 0.]	False	[0.18554616 0.01538901 0.39550298 0.16586341 0.01188465 0.22581375]
[ 5 18]	0	[2.75824608 5.28476545 2.49891273 0.63079997 7.07433925 2.78829399]	True	[0.18554616 0.01538901 0.39550298 0.16586341 0.01188465 0.22581375]
[0 0]	1	[0. 0. 0. 0. 0. 0.]	False	[0.17366362 0.1656068  0.31227216 0.1022015  0.14547719 0.10077868]
[1 1]	1	[0. 0. 0. 0. 0. 0.]	False	[0.17366362 0.1656068  0.31227216 0.1022015  0.14547719 0.10077868]
[2 3]	1	[0. 0. 0. 0. 0. 0.]	False	[0.17366362 0.1656068  0.31227216 0.1022015  0.14547719 0.10077868]
[3 7]	1	[0. 0. 0. 0. 0. 0.]	False	[0.17366362 0.1656068  0.31227216 0.1022015  0.14547719 0.10077868]
[ 4 15]	0	[0. 0. 0. 0. 0. 0.]	False	[0.17366362 0.1656068  0.31227216 0.1022015  0.14547719 0.10077868]
[ 5 30]	1	[3.08973572 5.6223787  0.9737901  5.75218769 3.94430958 3.04119754]	True	[0.17366362 0.1656068  0.31227216 0.1022015  0.14547719 0.10077868]
[0 0]	1	[0. 0. 0. 0. 0. 0.]	False	[0.19350658 0.5573447  0.03011712 0.03957048 0.03991078 0.13955036]
[1 1]	0	[0. 0. 0. 0. 0. 0.]	False	[0.19350658 0.5573447  0.03011712 0.03957048 0.03991078 0.13955036]
[2 2]	0	[0. 0. 0. 0. 0. 0.]	False	[0.19350658 0.5573447  0.03011712 0.03957048 0.03991078 0.13955036]
[3 4]	0	[0. 0. 0. 0. 0. 0.]	False	[0.19350658 0.5573447  0.03011712 0.03957048 0.03991078 0.13955036]
[4 8]	0	[0. 0. 0. 0. 0. 0.]	False	[0.19350658 0.5573447  0.03011712 0.03957048 0.03991078 0.13955036]
[ 5 16]	1	[2.53054533 4.2406129  2.22057705 7.51774642 3.47885032 1.43654771]	True	[0.19350658 0.5573447  0.03011712 0.03957048 0.03991078 0.13955036]
[0 0]	0	[0. 0. 0. 0. 0. 0.]	False	[0.22867183 0.39455235 0.21555716 0.04467768 0.09910417 0.01743681]
[1 0]	1	[0. 0. 0. 0. 0. 0.]	False	[0.22867183 0.39455235 0.21555716 0.04467768 0.09910417 0.01743681]
[2 1]	0	[0. 0. 0. 0. 0. 0.]	False	[0.22867183 0.39455235 0.21555716 0.04467768 0.09910417 0.01743681]
[3 2]	0	[0. 0. 0. 0. 0. 0.]	False	[0.22867183 0.39455235 0.21555716 0.04467768 0.09910417 0.01743681]
[4 4]	1	[0. 0. 0. 0. 0. 0.]	False	[0.22867183 0.39455235 0.21555716 0.04467768 0.09910417 0.01743681]
[5 9]	0	[6.37849798 3.80507597 2.5126212  0.75632265 2.49531244 5.63243171]	True	[0.22867183 0.39455235 0.21555716 0.04467768 0.09910417 0.01743681]
[0 0]	1	[0. 0. 0. 0. 0. 0.]	False	[0.08649103 0.10732404 0.13161394 0.20710988 0.26889563 0.19856547]
[1 1]	0	[0. 0. 0. 0. 0. 0.]	False	[0.08649103 0.10732404 0.13161394 0.20710988 0.26889563 0.19856547]
[2 2]	1	[0. 0. 0. 0. 0. 0.]	False	[0.08649103 0.10732404 0.13161394 0.20710988 0.26889563 0.19856547]
[3 5]	1	[0. 0. 0. 0. 0. 0.]	False	[0.08649103 0.10732404 0.13161394 0.20710988 0.26889563 0.19856547]
[ 4 11]	1	[0. 0. 0. 0. 0. 0.]	False	[0.08649103 0.10732404 0.13161394 0.20710988 0.26889563 0.19856547]
[ 5 23]	0	[5.96294481 6.46817991 1.35988062 2.83106174 0.74946184 3.48999411]	True	[0.08649103 0.10732404 0.13161394 0.20710988 0.26889563 0.19856547]
[0 0]	1	[0. 0. 0. 0. 0. 0.]	False	[0.1357709  0.12908682 0.14452459 0.12972425 0.34072077 0.12017264]
[1 1]	0	[0. 0. 0. 0. 0. 0.]	False	[0.1357709  0.12908682 0.14452459 0.12972425 0.34072077 0.12017264]
[2 2]	0	[0. 0. 0. 0. 0. 0.]	False	[0.1357709  0.12908682 0.14452459 0.12972425 0.34072077 0.12017264]
[3 4]	0	[0. 0. 0. 0. 0. 0.]	False	[0.1357709  0.12908682 0.14452459 0.12972425 0.34072077 0.12017264]
[4 8]	0	[0. 0. 0. 0. 0. 0.]	False	[0.1357709  0.12908682 0.14452459 0.12972425 0.34072077 0.12017264]
[ 5 16]	1	[2.53054533 4.2406129  2.22057705 7.51774642 3.47885032 1.43654771]	True	[0.1357709  0.12908682 0.14452459 0.12972425 0.34072077 0.12017264]
[0 0]	1	[0. 0. 0. 0. 0. 0.]	False	[0.22798245 0.05545268 0.24908355 0.02002975 0.27056846 0.17688315]
[1 1]	0	[0. 0. 0. 0. 0. 0.]	False	[0.22798245 0.05545268 0.24908355 0.02002975 0.27056846 0.17688315]
[2 2]	1	[0. 0. 0. 0. 0. 0.]	False	[0.22798245 0.05545268 0.24908355 0.02002975 0.27056846 0.17688315]
[3 5]	1	[0. 0. 0. 0. 0. 0.]	False	[0.22798245 0.05545268 0.24908355 0.02002975 0.27056846 0.17688315]
[ 4 11]	0	[0. 0. 0. 0. 0. 0.]	False	[0.22798245 0.05545268 0.24908355 0.02002975 0.27056846 0.17688315]
[ 5 22]	1	[8.30192712 0.40973443 1.69099424 4.54961192 2.64473811 0.59753994]	True	[0.22798245 0.05545268 0.24908355 0.02002975 0.27056846 0.17688315]
[0 0]	0	[0. 0. 0. 0. 0. 0.]	False	[0.28827623 0.18262672 0.0273841  0.00665093 0.21929376 0.27576825]
[1 0]	1	[0. 0. 0. 0. 0. 0.]	False	[0.28827623 0.18262672 0.0273841  0.00665093 0.21929376 0.27576825]
[2 1]	1	[0. 0. 0. 0. 0. 0.]	False	[0.28827623 0.18262672 0.0273841  0.00665093 0.21929376 0.27576825]
[3 3]	0	[0. 0. 0. 0. 0. 0.]	False	[0.28827623 0.18262672 0.0273841  0.00665093 0.21929376 0.27576825]
[4 6]	1	[0. 0. 0. 0. 0. 0.]	False	[0.28827623 0.18262672 0.0273841  0.00665093 0.21929376 0.27576825]
[ 5 13]	1	[4.74718378 6.36499948 4.05818821 4.43996757 0.42190953 0.76864591]	True	[0.28827623 0.18262672 0.0273841  0.00665093 0.21929376 0.27576825]
[0 0]	1	[0. 0. 0. 0. 0. 0.]	False	[0.09199459 0.06002318 0.36438262 0.13605817 0.08493416 0.2626073 ]
[1 1]	1	[0. 0. 0. 0. 0. 0.]	False	[0.09199459 0.06002318 0.36438262 0.13605817 0.08493416 0.2626073 ]
[2 3]	1	[0. 0. 0. 0. 0. 0.]	False	[0.09199459 0.06002318 0.36438262 0.13605817 0.08493416 0.2626073 ]
[3 7]	0	[0. 0. 0. 0. 0. 0.]	False	[0.09199459 0.06002318 0.36438262 0.13605817 0.08493416 0.2626073 ]
[ 4 14]	0	[0. 0. 0. 0. 0. 0.]	False	[0.09199459 0.06002318 0.36438262 0.13605817 0.08493416 0.2626073 ]
[ 5 28]	1	[5.95498781 5.94146861 4.17018388 0.93397018 0.89950814 3.18829456]	True	[0.09199459 0.06002318 0.36438262 0.13605817 0.08493416 0.2626073 ]
[0 0]	0	[0. 0. 0. 0. 0. 0.]	False	[0.20282869 0.36062464 0.01291768 0.02837361 0.11540971 0.27984563]
[1 0]	0	[0. 0. 0. 0. 0. 0.]	False	[0.20282869 0.36062464 0.01291768 0.02837361 0.11540971 0.27984563]
[2 0]	1	[0. 0. 0. 0. 0. 0.]	False	[0.20282869 0.36062464 0.01291768 0.02837361 0.11540971 0.27984563]
[3 1]	0	[0. 0. 0. 0. 0. 0.]	False	[0.20282869 0.36062464 0.01291768 0.02837361 0.11540971 0.27984563]
[4 2]	0	[0. 0. 0. 0. 0. 0.]	False	[0.20282869 0.36062464 0.01291768 0.02837361 0.11540971 0.27984563]
[5 4]	0	[5.9254461  0.35473447 5.4459742  3.57702685 0.95237377 4.62628146]	True	[0.20282869 0.36062464 0.01291768 0.02837361 0.11540971 0.27984563]
[0 0]	0	[0. 0. 0. 0. 0. 0.]	False	[0.07807436 0.07976498 0.11746665 0.24668491 0.18610379 0.2919053 ]
[1 0]	1	[0. 0. 0. 0. 0. 0.]	False	[0.07807436 0.07976498 0.11746665 0.24668491 0.18610379 0.2919053 ]
[2 1]	1	[0. 0. 0. 0. 0. 0.]	False	[0.07807436 0.07976498 0.11746665 0.24668491 0.18610379 0.2919053 ]
[3 3]	0	[0. 0. 0. 0. 0. 0.]	False	[0.07807436 0.07976498 0.11746665 0.24668491 0.18610379 0.2919053 ]
[4 6]	1	[0. 0. 0. 0. 0. 0.]	False	[0.07807436 0.07976498 0.11746665 0.24668491 0.18610379 0.2919053 ]
[ 5 13]	0	[6.30499955 1.82204004 1.93686289 3.35062427 1.83174219 6.21238686]	True	[0.07807436 0.07976498 0.11746665 0.24668491 0.18610379 0.2919053 ]
[0 0]	1	[0. 0. 0. 0. 0. 0.]	False	[2.4332350e-01 2.5292239e-01 2.1818486e-01 1.9810259e-04 2.5332928e-01
 3.2041911e-02]
[1 1]	1	[0. 0. 0. 0. 0. 0.]	False	[2.4332350e-01 2.5292239e-01 2.1818486e-01 1.9810259e-04 2.5332928e-01
 3.2041911e-02]
[2 3]	0	[0. 0. 0. 0. 0. 0.]	False	[2.4332350e-01 2.5292239e-01 2.1818486e-01 1.9810259e-04 2.5332928e-01
 3.2041911e-02]
[3 6]	0	[0. 0. 0. 0. 0. 0.]	False	[2.4332350e-01 2.5292239e-01 2.1818486e-01 1.9810259e-04 2.5332928e-01
 3.2041911e-02]
[ 4 12]	0	[0. 0. 0. 0. 0. 0.]	False	[2.4332350e-01 2.5292239e-01 2.1818486e-01 1.9810259e-04 2.5332928e-01
 3.2041911e-02]
[ 5 24]	1	[4.44128859 1.8202686  4.22272069 2.30194565 0.67272146 7.30607281]	True	[2.4332350e-01 2.5292239e-01 2.1818486e-01 1.9810259e-04 2.5332928e-01
 3.2041911e-02]
[0 0]	1	[0. 0. 0. 0. 0. 0.]	False	[0.04590261 0.04045046 0.09909245 0.31282273 0.06482153 0.43691024]
[1 1]	1	[0. 0. 0. 0. 0. 0.]	False	[0.04590261 0.04045046 0.09909245 0.31282273 0.06482153 0.43691024]
[2 3]	1	[0. 0. 0. 0. 0. 0.]	False	[0.04590261 0.04045046 0.09909245 0.31282273 0.06482153 0.43691024]
[3 7]	0	[0. 0. 0. 0. 0. 0.]	False	[0.04590261 0.04045046 0.09909245 0.31282273 0.06482153 0.43691024]
[ 4 14]	1	[0. 0. 0. 0. 0. 0.]	False	[0.04590261 0.04045046 0.09909245 0.31282273 0.06482153 0.43691024]
[ 5 29]	0	[9.59164585 1.48925818 0.72278285 2.04850964 1.0181982  0.16402902]	True	[0.04590261 0.04045046 0.09909245 0.31282273 0.06482153 0.43691024]
[0 0]	1	[0. 0. 0. 0. 0. 0.]	False	[0.22935058 0.247486   0.08187896 0.04427517 0.08830689 0.30870244]
[1 1]	1	[0. 0. 0. 0. 0. 0.]	False	[0.22935058 0.247486   0.08187896 0.04427517 0.08830689 0.30870244]
[2 3]	1	[0. 0. 0. 0. 0. 0.]	False	[0.22935058 0.247486   0.08187896 0.04427517 0.08830689 0.30870244]
[3 7]	1	[0. 0. 0. 0. 0. 0.]	False	[0.22935058 0.247486   0.08187896 0.04427517 0.08830689 0.30870244]
[ 4 15]	1	[0. 0. 0. 0. 0. 0.]	False	[0.22935058 0.247486   0.08187896 0.04427517 0.08830689 0.30870244]
[ 5 31]	1	[4.72502594 5.38532887 5.40386645 1.57883722 0.24912224 4.11288237]	True	[0.22935058 0.247486   0.08187896 0.04427517 0.08830689 0.30870244]
[0 0]	1	[0. 0. 0. 0. 0. 0.]	False	[0.13431853 0.28439254 0.2005964  0.05091231 0.22867456 0.10110562]
[1 1]	1	[0. 0. 0. 0. 0. 0.]	False	[0.13431853 0.28439254 0.2005964  0.05091231 0.22867456 0.10110562]
[2 3]	1	[0. 0. 0. 0. 0. 0.]	False	[0.13431853 0.28439254 0.2005964  0.05091231 0.22867456 0.10110562]
[3 7]	0	[0. 0. 0. 0. 0. 0.]	False	[0.13431853 0.28439254 0.2005964  0.05091231 0.22867456 0.10110562]
[ 4 14]	1	[0. 0. 0. 0. 0. 0.]	False	[0.13431853 0.28439254 0.2005964  0.05091231 0.22867456 0.10110562]
[ 5 29]	1	[4.4579775  3.16479945 1.00362159 2.24428595 7.91409455 1.19729395]	True	[0.13431853 0.28439254 0.2005964  0.05091231 0.22867456 0.10110562]
[0 0]	1	[0. 0. 0. 0. 0. 0.]	False	[0.13052477 0.07689699 0.46156392 0.04141269 0.08754209 0.20205957]
[1 1]	1	[0. 0. 0. 0. 0. 0.]	False	[0.13052477 0.07689699 0.46156392 0.04141269 0.08754209 0.20205957]
[2 3]	0	[0. 0. 0. 0. 0. 0.]	False	[0.13052477 0.07689699 0.46156392 0.04141269 0.08754209 0.20205957]
[3 6]	1	[0. 0. 0. 0. 0. 0.]	False	[0.13052477 0.07689699 0.46156392 0.04141269 0.08754209 0.20205957]
[ 4 13]	0	[0. 0. 0. 0. 0. 0.]	False	[0.13052477 0.07689699 0.46156392 0.04141269 0.08754209 0.20205957]
[ 5 26]	1	[3.73578206 6.07088863 2.17391882 4.89911933 0.27124696 4.51523815]	True	[0.13052477 0.07689699 0.46156392 0.04141269 0.08754209 0.20205957]
[0 0]	1	[0. 0. 0. 0. 0. 0.]	False	[0.25205877 0.12362784 0.23910128 0.18443206 0.08412149 0.11665849]
[1 1]	1	[0. 0. 0. 0. 0. 0.]	False	[0.25205877 0.12362784 0.23910128 0.18443206 0.08412149 0.11665849]
[2 3]	1	[0. 0. 0. 0. 0. 0.]	False	[0.25205877 0.12362784 0.23910128 0.18443206 0.08412149 0.11665849]
[3 7]	0	[0. 0. 0. 0. 0. 0.]	False	[0.25205877 0.12362784 0.23910128 0.18443206 0.08412149 0.11665849]
[ 4 14]	0	[0. 0. 0. 0. 0. 0.]	False	[0.25205877 0.12362784 0.23910128 0.18443206 0.08412149 0.11665849]
[ 5 28]	0	[4.41604152 0.86551038 2.05709774 4.70986355 3.106477   6.60944809]	True	[0.25205877 0.12362784 0.23910128 0.18443206 0.08412149 0.11665849]
[0 0]	1	[0. 0. 0. 0. 0. 0.]	False	[0.11900735 0.0653076  0.02982714 0.37514684 0.13303824 0.2776729 ]
[1 1]	0	[0. 0. 0. 0. 0. 0.]	False	[0.11900735 0.0653076  0.02982714 0.37514684 0.13303824 0.2776729 ]
[2 2]	0	[0. 0. 0. 0. 0. 0.]	False	[0.11900735 0.0653076  0.02982714 0.37514684 0.13303824 0.2776729 ]
[3 4]	0	[0. 0. 0. 0. 0. 0.]	False	[0.11900735 0.0653076  0.02982714 0.37514684 0.13303824 0.2776729 ]
[4 8]	0	[0. 0. 0. 0. 0. 0.]	False	[0.11900735 0.0653076  0.02982714 0.37514684 0.13303824 0.2776729 ]
[ 5 16]	0	[3.94583726 0.62586462 0.72667245 9.06686254 1.13056724 0.15630224]	True	[0.11900735 0.0653076  0.02982714 0.37514684 0.13303824 0.2776729 ]
[0 0]	0	[0. 0. 0. 0. 0. 0.]	False	[0.11053892 0.23700757 0.07944    0.2601575  0.12487423 0.18798164]
[1 0]	0	[0. 0. 0. 0. 0. 0.]	False	[0.11053892 0.23700757 0.07944    0.2601575  0.12487423 0.18798164]
[2 0]	0	[0. 0. 0. 0. 0. 0.]	False	[0.11053892 0.23700757 0.07944    0.2601575  0.12487423 0.18798164]
[3 0]	1	[0. 0. 0. 0. 0. 0.]	False	[0.11053892 0.23700757 0.07944    0.2601575  0.12487423 0.18798164]
[4 1]	0	[0. 0. 0. 0. 0. 0.]	False	[0.11053892 0.23700757 0.07944    0.2601575  0.12487423 0.18798164]
[5 2]	0	[3.74601154 0.91228863 5.92072559 4.37056585 2.73662976 4.84656035]	True	[0.11053892 0.23700757 0.07944    0.2601575  0.12487423 0.18798164]
[0 0]	1	[0. 0. 0. 0. 0. 0.]	False	[0.03856602 0.11938307 0.18606482 0.15715025 0.2013254  0.29751042]
[1 1]	0	[0. 0. 0. 0. 0. 0.]	False	[0.03856602 0.11938307 0.18606482 0.15715025 0.2013254  0.29751042]
[2 2]	0	[0. 0. 0. 0. 0. 0.]	False	[0.03856602 0.11938307 0.18606482 0.15715025 0.2013254  0.29751042]
[3 4]	1	[0. 0. 0. 0. 0. 0.]	False	[0.03856602 0.11938307 0.18606482 0.15715025 0.2013254  0.29751042]
[4 9]	1	[0. 0. 0. 0. 0. 0.]	False	[0.03856602 0.11938307 0.18606482 0.15715025 0.2013254  0.29751042]
[ 5 19]	0	[2.43924518 1.00523211 6.09587506 1.47285316 6.69893956 2.972341  ]	True	[0.03856602 0.11938307 0.18606482 0.15715025 0.2013254  0.29751042]
[0 0]	0	[0. 0. 0. 0. 0. 0.]	False	[0.04608892 0.19704512 0.35297763 0.01087685 0.39189216 0.00111932]
[1 0]	0	[0. 0. 0. 0. 0. 0.]	False	[0.04608892 0.19704512 0.35297763 0.01087685 0.39189216 0.00111932]
[2 0]	1	[0. 0. 0. 0. 0. 0.]	False	[0.04608892 0.19704512 0.35297763 0.01087685 0.39189216 0.00111932]
[3 1]	0	[0. 0. 0. 0. 0. 0.]	False	[0.04608892 0.19704512 0.35297763 0.01087685 0.39189216 0.00111932]
[4 2]	1	[0. 0. 0. 0. 0. 0.]	False	[0.04608892 0.19704512 0.35297763 0.01087685 0.39189216 0.00111932]
[5 5]	0	[4.43311346 4.91328158 5.11707495 3.9065904  2.22236853 3.13406169]	True	[0.04608892 0.19704512 0.35297763 0.01087685 0.39189216 0.00111932]
[0 0]	0	[0. 0. 0. 0. 0. 0.]	False	[0.19364537 0.20872869 0.44316766 0.00953934 0.0237127  0.12120626]
[1 0]	0	[0. 0. 0. 0. 0. 0.]	False	[0.19364537 0.20872869 0.44316766 0.00953934 0.0237127  0.12120626]
[2 0]	1	[0. 0. 0. 0. 0. 0.]	False	[0.19364537 0.20872869 0.44316766 0.00953934 0.0237127  0.12120626]
[3 1]	0	[0. 0. 0. 0. 0. 0.]	False	[0.19364537 0.20872869 0.44316766 0.00953934 0.0237127  0.12120626]
[4 2]	1	[0. 0. 0. 0. 0. 0.]	False	[0.19364537 0.20872869 0.44316766 0.00953934 0.0237127  0.12120626]
[5 5]	1	[6.44612546 5.14526023 1.37156642 1.37449512 0.62784821 5.27343712]	True	[0.19364537 0.20872869 0.44316766 0.00953934 0.0237127  0.12120626]
[0 0]	0	[0. 0. 0. 0. 0. 0.]	False	[0.5385671  0.09142736 0.06381351 0.08533306 0.17300397 0.04785491]
[1 0]	0	[0. 0. 0. 0. 0. 0.]	False	[0.5385671  0.09142736 0.06381351 0.08533306 0.17300397 0.04785491]
[2 0]	0	[0. 0. 0. 0. 0. 0.]	False	[0.5385671  0.09142736 0.06381351 0.08533306 0.17300397 0.04785491]
[3 0]	0	[0. 0. 0. 0. 0. 0.]	False	[0.5385671  0.09142736 0.06381351 0.08533306 0.17300397 0.04785491]
[4 0]	1	[0. 0. 0. 0. 0. 0.]	False	[0.5385671  0.09142736 0.06381351 0.08533306 0.17300397 0.04785491]
[5 1]	1	[4.01332296 7.17080888 1.46983043 3.82182158 2.20659648 3.29195217]	True	[0.5385671  0.09142736 0.06381351 0.08533306 0.17300397 0.04785491]
[0 0]	1	[0. 0. 0. 0. 0. 0.]	False	[0.18337646 0.21562783 0.16723186 0.08455998 0.22034892 0.12885478]
[1 1]	1	[0. 0. 0. 0. 0. 0.]	False	[0.18337646 0.21562783 0.16723186 0.08455998 0.22034892 0.12885478]
[2 3]	0	[0. 0. 0. 0. 0. 0.]	False	[0.18337646 0.21562783 0.16723186 0.08455998 0.22034892 0.12885478]
[3 6]	1	[0. 0. 0. 0. 0. 0.]	False	[0.18337646 0.21562783 0.16723186 0.08455998 0.22034892 0.12885478]
[ 4 13]	1	[0. 0. 0. 0. 0. 0.]	False	[0.18337646 0.21562783 0.16723186 0.08455998 0.22034892 0.12885478]
[ 5 27]	1	[1.40468169 5.19102545 6.72110624 4.75666122 0.91486715 1.56334486]	True	[0.18337646 0.21562783 0.16723186 0.08455998 0.22034892 0.12885478]
[0 0]	1	[0. 0. 0. 0. 0. 0.]	False	[0.09499451 0.04641389 0.08696184 0.2284985  0.35900393 0.18412733]
[1 1]	1	[0. 0. 0. 0. 0. 0.]	False	[0.09499451 0.04641389 0.08696184 0.2284985  0.35900393 0.18412733]
[2 3]	0	[0. 0. 0. 0. 0. 0.]	False	[0.09499451 0.04641389 0.08696184 0.2284985  0.35900393 0.18412733]
[3 6]	0	[0. 0. 0. 0. 0. 0.]	False	[0.09499451 0.04641389 0.08696184 0.2284985  0.35900393 0.18412733]
[ 4 12]	0	[0. 0. 0. 0. 0. 0.]	False	[0.09499451 0.04641389 0.08696184 0.2284985  0.35900393 0.18412733]
[ 5 24]	1	[4.44128859 1.8202686  4.22272069 2.30194565 0.67272146 7.30607281]	True	[0.09499451 0.04641389 0.08696184 0.2284985  0.35900393 0.18412733]
[0 0]	0	[0. 0. 0. 0. 0. 0.]	False	[3.9792681e-01 1.2780792e-01 8.9682072e-02 1.9655952e-01 1.8788742e-01
 1.3626524e-04]
[1 0]	0	[0. 0. 0. 0. 0. 0.]	False	[3.9792681e-01 1.2780792e-01 8.9682072e-02 1.9655952e-01 1.8788742e-01
 1.3626524e-04]
[2 0]	1	[0. 0. 0. 0. 0. 0.]	False	[3.9792681e-01 1.2780792e-01 8.9682072e-02 1.9655952e-01 1.8788742e-01
 1.3626524e-04]
[3 1]	1	[0. 0. 0. 0. 0. 0.]	False	[3.9792681e-01 1.2780792e-01 8.9682072e-02 1.9655952e-01 1.8788742e-01
 1.3626524e-04]
[4 3]	0	[0. 0. 0. 0. 0. 0.]	False	[3.9792681e-01 1.2780792e-01 8.9682072e-02 1.9655952e-01 1.8788742e-01
 1.3626524e-04]
[5 6]	0	[2.39054781 1.97492965 4.51911017 0.07046741 1.74139824 8.18077893]	True	[3.9792681e-01 1.2780792e-01 8.9682072e-02 1.9655952e-01 1.8788742e-01
 1.3626524e-04]
[0 0]	1	[0. 0. 0. 0. 0. 0.]	False	[0.07062586 0.10805809 0.2746027  0.2615602  0.10711483 0.17803827]
[1 1]	0	[0. 0. 0. 0. 0. 0.]	False	[0.07062586 0.10805809 0.2746027  0.2615602  0.10711483 0.17803827]
[2 2]	0	[0. 0. 0. 0. 0. 0.]	False	[0.07062586 0.10805809 0.2746027  0.2615602  0.10711483 0.17803827]
[3 4]	0	[0. 0. 0. 0. 0. 0.]	False	[0.07062586 0.10805809 0.2746027  0.2615602  0.10711483 0.17803827]
[4 8]	0	[0. 0. 0. 0. 0. 0.]	False	[0.07062586 0.10805809 0.2746027  0.2615602  0.10711483 0.17803827]
[ 5 16]	0	[3.94583726 0.62586462 0.72667245 9.06686254 1.13056724 0.15630224]	True	[0.07062586 0.10805809 0.2746027  0.2615602  0.10711483 0.17803827]
[0 0]	1	[0. 0. 0. 0. 0. 0.]	False	[0.24172084 0.06301368 0.14322019 0.15139498 0.3488169  0.05183346]
[1 1]	0	[0. 0. 0. 0. 0. 0.]	False	[0.24172084 0.06301368 0.14322019 0.15139498 0.3488169  0.05183346]
[2 2]	0	[0. 0. 0. 0. 0. 0.]	False	[0.24172084 0.06301368 0.14322019 0.15139498 0.3488169  0.05183346]
[3 4]	0	[0. 0. 0. 0. 0. 0.]	False	[0.24172084 0.06301368 0.14322019 0.15139498 0.3488169  0.05183346]
[4 8]	0	[0. 0. 0. 0. 0. 0.]	False	[0.24172084 0.06301368 0.14322019 0.15139498 0.3488169  0.05183346]
[ 5 16]	1	[2.53054533 4.2406129  2.22057705 7.51774642 3.47885032 1.43654771]	True	[0.24172084 0.06301368 0.14322019 0.15139498 0.3488169  0.05183346]
[0 0]	1	[0. 0. 0. 0. 0. 0.]	False	[0.033829   0.16139582 0.09848953 0.2055837  0.23278327 0.26791868]
[1 1]	1	[0. 0. 0. 0. 0. 0.]	False	[0.033829   0.16139582 0.09848953 0.2055837  0.23278327 0.26791868]
[2 3]	1	[0. 0. 0. 0. 0. 0.]	False	[0.033829   0.16139582 0.09848953 0.2055837  0.23278327 0.26791868]
[3 7]	1	[0. 0. 0. 0. 0. 0.]	False	[0.033829   0.16139582 0.09848953 0.2055837  0.23278327 0.26791868]
[ 4 15]	0	[0. 0. 0. 0. 0. 0.]	False	[0.033829   0.16139582 0.09848953 0.2055837  0.23278327 0.26791868]
[ 5 30]	1	[3.08973572 5.6223787  0.9737901  5.75218769 3.94430958 3.04119754]	True	[0.033829   0.16139582 0.09848953 0.2055837  0.23278327 0.26791868]
[0 0]	0	[0. 0. 0. 0. 0. 0.]	False	[0.31301925 0.21663016 0.06609388 0.00916763 0.15760143 0.2374877 ]
[1 0]	1	[0. 0. 0. 0. 0. 0.]	False	[0.31301925 0.21663016 0.06609388 0.00916763 0.15760143 0.2374877 ]
[2 1]	1	[0. 0. 0. 0. 0. 0.]	False	[0.31301925 0.21663016 0.06609388 0.00916763 0.15760143 0.2374877 ]
[3 3]	1	[0. 0. 0. 0. 0. 0.]	False	[0.31301925 0.21663016 0.06609388 0.00916763 0.15760143 0.2374877 ]
[4 7]	1	[0. 0. 0. 0. 0. 0.]	False	[0.31301925 0.21663016 0.06609388 0.00916763 0.15760143 0.2374877 ]
[ 5 15]	1	[3.57753129 3.67307393 5.43392619 2.06131042 2.63388133 5.74420686]	True	[0.31301925 0.21663016 0.06609388 0.00916763 0.15760143 0.2374877 ]
[0 0]	1	[0. 0. 0. 0. 0. 0.]	False	[0.1865436  0.04432154 0.13541569 0.34681916 0.14611958 0.1407805 ]
[1 1]	1	[0. 0. 0. 0. 0. 0.]	False	[0.1865436  0.04432154 0.13541569 0.34681916 0.14611958 0.1407805 ]
[2 3]	1	[0. 0. 0. 0. 0. 0.]	False	[0.1865436  0.04432154 0.13541569 0.34681916 0.14611958 0.1407805 ]
[3 7]	0	[0. 0. 0. 0. 0. 0.]	False	[0.1865436  0.04432154 0.13541569 0.34681916 0.14611958 0.1407805 ]
[ 4 14]	0	[0. 0. 0. 0. 0. 0.]	False	[0.1865436  0.04432154 0.13541569 0.34681916 0.14611958 0.1407805 ]
[ 5 28]	0	[4.41604152 0.86551038 2.05709774 4.70986355 3.106477   6.60944809]	True	[0.1865436  0.04432154 0.13541569 0.34681916 0.14611958 0.1407805 ]
[0 0]	0	[0. 0. 0. 0. 0. 0.]	False	[0.00881174 0.02217359 0.2273628  0.15296546 0.35219893 0.23648751]
[1 0]	0	[0. 0. 0. 0. 0. 0.]	False	[0.00881174 0.02217359 0.2273628  0.15296546 0.35219893 0.23648751]
[2 0]	0	[0. 0. 0. 0. 0. 0.]	False	[0.00881174 0.02217359 0.2273628  0.15296546 0.35219893 0.23648751]
[3 0]	0	[0. 0. 0. 0. 0. 0.]	False	[0.00881174 0.02217359 0.2273628  0.15296546 0.35219893 0.23648751]
[4 0]	1	[0. 0. 0. 0. 0. 0.]	False	[0.00881174 0.02217359 0.2273628  0.15296546 0.35219893 0.23648751]
[5 1]	0	[0.5844333  4.28059796 7.00237899 2.51448544 4.32323182 2.69974756]	True	[0.00881174 0.02217359 0.2273628  0.15296546 0.35219893 0.23648751]
[0 0]	1	[0. 0. 0. 0. 0. 0.]	False	[0.2552351  0.25638682 0.02743252 0.3351325  0.02722801 0.09858509]
[1 1]	0	[0. 0. 0. 0. 0. 0.]	False	[0.2552351  0.25638682 0.02743252 0.3351325  0.02722801 0.09858509]
[2 2]	0	[0. 0. 0. 0. 0. 0.]	False	[0.2552351  0.25638682 0.02743252 0.3351325  0.02722801 0.09858509]
[3 4]	0	[0. 0. 0. 0. 0. 0.]	False	[0.2552351  0.25638682 0.02743252 0.3351325  0.02722801 0.09858509]
[4 8]	1	[0. 0. 0. 0. 0. 0.]	False	[0.2552351  0.25638682 0.02743252 0.3351325  0.02722801 0.09858509]
[ 5 17]	0	[1.63510684 3.25906419 0.37991887 7.02694214 2.53469812 5.54598751]	True	[0.2552351  0.25638682 0.02743252 0.3351325  0.02722801 0.09858509]
[0 0]	0	[0. 0. 0. 0. 0. 0.]	False	[0.10986257 0.11871615 0.0979666  0.15143397 0.10046123 0.42155948]
[1 0]	0	[0. 0. 0. 0. 0. 0.]	False	[0.10986257 0.11871615 0.0979666  0.15143397 0.10046123 0.42155948]
[2 0]	1	[0. 0. 0. 0. 0. 0.]	False	[0.10986257 0.11871615 0.0979666  0.15143397 0.10046123 0.42155948]
[3 1]	1	[0. 0. 0. 0. 0. 0.]	False	[0.10986257 0.11871615 0.0979666  0.15143397 0.10046123 0.42155948]
[4 3]	1	[0. 0. 0. 0. 0. 0.]	False	[0.10986257 0.11871615 0.0979666  0.15143397 0.10046123 0.42155948]
[5 7]	0	[3.96600091 3.6266905  4.44655634 6.0366069  1.58135473 3.52204257]	True	[0.10986257 0.11871615 0.0979666  0.15143397 0.10046123 0.42155948]
[0 0]	1	[0. 0. 0. 0. 0. 0.]	False	[0.21780887 0.29417822 0.01570144 0.12389226 0.13448194 0.21393736]
[1 1]	0	[0. 0. 0. 0. 0. 0.]	False	[0.21780887 0.29417822 0.01570144 0.12389226 0.13448194 0.21393736]
[2 2]	1	[0. 0. 0. 0. 0. 0.]	False	[0.21780887 0.29417822 0.01570144 0.12389226 0.13448194 0.21393736]
[3 5]	1	[0. 0. 0. 0. 0. 0.]	False	[0.21780887 0.29417822 0.01570144 0.12389226 0.13448194 0.21393736]
[ 4 11]	0	[0. 0. 0. 0. 0. 0.]	False	[0.21780887 0.29417822 0.01570144 0.12389226 0.13448194 0.21393736]
[ 5 22]	0	[5.06781785 3.12557557 6.88555034 1.21769126 2.73086695 2.86300362]	True	[0.21780887 0.29417822 0.01570144 0.12389226 0.13448194 0.21393736]
[0 0]	0	[0. 0. 0. 0. 0. 0.]	False	[0.04511302 0.04666944 0.10344313 0.47249115 0.18264295 0.14964034]
[1 0]	1	[0. 0. 0. 0. 0. 0.]	False	[0.04511302 0.04666944 0.10344313 0.47249115 0.18264295 0.14964034]
[2 1]	0	[0. 0. 0. 0. 0. 0.]	False	[0.04511302 0.04666944 0.10344313 0.47249115 0.18264295 0.14964034]
[3 2]	0	[0. 0. 0. 0. 0. 0.]	False	[0.04511302 0.04666944 0.10344313 0.47249115 0.18264295 0.14964034]
[4 4]	0	[0. 0. 0. 0. 0. 0.]	False	[0.04511302 0.04666944 0.10344313 0.47249115 0.18264295 0.14964034]
[5 8]	1	[0.29748325 8.22965311 0.07526586 1.98395573 1.77853129 5.00793316]	True	[0.04511302 0.04666944 0.10344313 0.47249115 0.18264295 0.14964034]
[0 0]	1	[0. 0. 0. 0. 0. 0.]	False	[0.1866219  0.2434708  0.1886858  0.16529098 0.20949116 0.00643937]
[1 1]	0	[0. 0. 0. 0. 0. 0.]	False	[0.1866219  0.2434708  0.1886858  0.16529098 0.20949116 0.00643937]
[2 2]	0	[0. 0. 0. 0. 0. 0.]	False	[0.1866219  0.2434708  0.1886858  0.16529098 0.20949116 0.00643937]
[3 4]	0	[0. 0. 0. 0. 0. 0.]	False	[0.1866219  0.2434708  0.1886858  0.16529098 0.20949116 0.00643937]
[4 8]	1	[0. 0. 0. 0. 0. 0.]	False	[0.1866219  0.2434708  0.1886858  0.16529098 0.20949116 0.00643937]
[ 5 17]	0	[1.63510684 3.25906419 0.37991887 7.02694214 2.53469812 5.54598751]	True	[0.1866219  0.2434708  0.1886858  0.16529098 0.20949116 0.00643937]
[0 0]	0	[0. 0. 0. 0. 0. 0.]	False	[0.25192085 0.01345496 0.03593688 0.27578843 0.05867323 0.36422572]
[1 0]	0	[0. 0. 0. 0. 0. 0.]	False	[0.25192085 0.01345496 0.03593688 0.27578843 0.05867323 0.36422572]
[2 0]	1	[0. 0. 0. 0. 0. 0.]	False	[0.25192085 0.01345496 0.03593688 0.27578843 0.05867323 0.36422572]
[3 1]	0	[0. 0. 0. 0. 0. 0.]	False	[0.25192085 0.01345496 0.03593688 0.27578843 0.05867323 0.36422572]
[4 2]	0	[0. 0. 0. 0. 0. 0.]	False	[0.25192085 0.01345496 0.03593688 0.27578843 0.05867323 0.36422572]
[5 4]	0	[5.9254461  0.35473447 5.4459742  3.57702685 0.95237377 4.62628146]	True	[0.25192085 0.01345496 0.03593688 0.27578843 0.05867323 0.36422572]
[0 0]	1	[0. 0. 0. 0. 0. 0.]	False	[0.27100626 0.01700802 0.1163831  0.14238279 0.2985159  0.15470387]
[1 1]	0	[0. 0. 0. 0. 0. 0.]	False	[0.27100626 0.01700802 0.1163831  0.14238279 0.2985159  0.15470387]
[2 2]	1	[0. 0. 0. 0. 0. 0.]	False	[0.27100626 0.01700802 0.1163831  0.14238279 0.2985159  0.15470387]
[3 5]	0	[0. 0. 0. 0. 0. 0.]	False	[0.27100626 0.01700802 0.1163831  0.14238279 0.2985159  0.15470387]
[ 4 10]	0	[0. 0. 0. 0. 0. 0.]	False	[0.27100626 0.01700802 0.1163831  0.14238279 0.2985159  0.15470387]
[ 5 20]	0	[7.08401121 1.66591657 2.90546299 2.62634248 3.62934098 4.30464879]	True	[0.27100626 0.01700802 0.1163831  0.14238279 0.2985159  0.15470387]
[0 0]	0	[0. 0. 0. 0. 0. 0.]	False	[0.11323046 0.12081894 0.0519921  0.11467578 0.07282104 0.52646166]
[1 0]	0	[0. 0. 0. 0. 0. 0.]	False	[0.11323046 0.12081894 0.0519921  0.11467578 0.07282104 0.52646166]
[2 0]	1	[0. 0. 0. 0. 0. 0.]	False	[0.11323046 0.12081894 0.0519921  0.11467578 0.07282104 0.52646166]
[3 1]	1	[0. 0. 0. 0. 0. 0.]	False	[0.11323046 0.12081894 0.0519921  0.11467578 0.07282104 0.52646166]
[4 3]	1	[0. 0. 0. 0. 0. 0.]	False	[0.11323046 0.12081894 0.0519921  0.11467578 0.07282104 0.52646166]
[5 7]	0	[3.96600091 3.6266905  4.44655634 6.0366069  1.58135473 3.52204257]	True	[0.11323046 0.12081894 0.0519921  0.11467578 0.07282104 0.52646166]
[0 0]	0	[0. 0. 0. 0. 0. 0.]	False	[0.24698022 0.1388566  0.15306932 0.23873878 0.13025638 0.09209871]
[1 0]	0	[0. 0. 0. 0. 0. 0.]	False	[0.24698022 0.1388566  0.15306932 0.23873878 0.13025638 0.09209871]
[2 0]	1	[0. 0. 0. 0. 0. 0.]	False	[0.24698022 0.1388566  0.15306932 0.23873878 0.13025638 0.09209871]
[3 1]	1	[0. 0. 0. 0. 0. 0.]	False	[0.24698022 0.1388566  0.15306932 0.23873878 0.13025638 0.09209871]
[4 3]	0	[0. 0. 0. 0. 0. 0.]	False	[0.24698022 0.1388566  0.15306932 0.23873878 0.13025638 0.09209871]
[5 6]	1	[3.26794393 3.28877157 2.91598351 0.49403134 7.86629258 2.80694464]	True	[0.24698022 0.1388566  0.15306932 0.23873878 0.13025638 0.09209871]
[0 0]	1	[0. 0. 0. 0. 0. 0.]	False	[0.33108968 0.2938864  0.19042921 0.06368001 0.0560553  0.06485941]
[1 1]	0	[0. 0. 0. 0. 0. 0.]	False	[0.33108968 0.2938864  0.19042921 0.06368001 0.0560553  0.06485941]
[2 2]	1	[0. 0. 0. 0. 0. 0.]	False	[0.33108968 0.2938864  0.19042921 0.06368001 0.0560553  0.06485941]
[3 5]	1	[0. 0. 0. 0. 0. 0.]	False	[0.33108968 0.2938864  0.19042921 0.06368001 0.0560553  0.06485941]
[ 4 11]	0	[0. 0. 0. 0. 0. 0.]	False	[0.33108968 0.2938864  0.19042921 0.06368001 0.0560553  0.06485941]
[ 5 22]	0	[5.06781785 3.12557557 6.88555034 1.21769126 2.73086695 2.86300362]	True	[0.33108968 0.2938864  0.19042921 0.06368001 0.0560553  0.06485941]
[0 0]	1	[0. 0. 0. 0. 0. 0.]	False	[0.08948497 0.1873658  0.12773609 0.4177845  0.14872828 0.02890037]
[1 1]	1	[0. 0. 0. 0. 0. 0.]	False	[0.08948497 0.1873658  0.12773609 0.4177845  0.14872828 0.02890037]
[2 3]	0	[0. 0. 0. 0. 0. 0.]	False	[0.08948497 0.1873658  0.12773609 0.4177845  0.14872828 0.02890037]
[3 6]	1	[0. 0. 0. 0. 0. 0.]	False	[0.08948497 0.1873658  0.12773609 0.4177845  0.14872828 0.02890037]
[ 4 13]	1	[0. 0. 0. 0. 0. 0.]	False	[0.08948497 0.1873658  0.12773609 0.4177845  0.14872828 0.02890037]
[ 5 27]	1	[1.40468169 5.19102545 6.72110624 4.75666122 0.91486715 1.56334486]	True	[0.08948497 0.1873658  0.12773609 0.4177845  0.14872828 0.02890037]
[0 0]	0	[0. 0. 0. 0. 0. 0.]	False	[0.06160959 0.17399503 0.23928674 0.11649118 0.2048666  0.20375092]
[1 0]	0	[0. 0. 0. 0. 0. 0.]	False	[0.06160959 0.17399503 0.23928674 0.11649118 0.2048666  0.20375092]
[2 0]	1	[0. 0. 0. 0. 0. 0.]	False	[0.06160959 0.17399503 0.23928674 0.11649118 0.2048666  0.20375092]
[3 1]	0	[0. 0. 0. 0. 0. 0.]	False	[0.06160959 0.17399503 0.23928674 0.11649118 0.2048666  0.20375092]
[4 2]	1	[0. 0. 0. 0. 0. 0.]	False	[0.06160959 0.17399503 0.23928674 0.11649118 0.2048666  0.20375092]
[5 5]	0	[4.43311346 4.91328158 5.11707495 3.9065904  2.22236853 3.13406169]	True	[0.06160959 0.17399503 0.23928674 0.11649118 0.2048666  0.20375092]
[0 0]	0	[0. 0. 0. 0. 0. 0.]	False	[0.2076377  0.11424966 0.08061622 0.10355626 0.18394096 0.30999917]
[1 0]	0	[0. 0. 0. 0. 0. 0.]	False	[0.2076377  0.11424966 0.08061622 0.10355626 0.18394096 0.30999917]
[2 0]	1	[0. 0. 0. 0. 0. 0.]	False	[0.2076377  0.11424966 0.08061622 0.10355626 0.18394096 0.30999917]
[3 1]	0	[0. 0. 0. 0. 0. 0.]	False	[0.2076377  0.11424966 0.08061622 0.10355626 0.18394096 0.30999917]
[4 2]	0	[0. 0. 0. 0. 0. 0.]	False	[0.2076377  0.11424966 0.08061622 0.10355626 0.18394096 0.30999917]
[5 4]	0	[5.9254461  0.35473447 5.4459742  3.57702685 0.95237377 4.62628146]	True	[0.2076377  0.11424966 0.08061622 0.10355626 0.18394096 0.30999917]
[0 0]	1	[0. 0. 0. 0. 0. 0.]	False	[0.42288727 0.05717544 0.04752821 0.18005218 0.16745658 0.12490028]
[1 1]	1	[0. 0. 0. 0. 0. 0.]	False	[0.42288727 0.05717544 0.04752821 0.18005218 0.16745658 0.12490028]
[2 3]	1	[0. 0. 0. 0. 0. 0.]	False	[0.42288727 0.05717544 0.04752821 0.18005218 0.16745658 0.12490028]
[3 7]	1	[0. 0. 0. 0. 0. 0.]	False	[0.42288727 0.05717544 0.04752821 0.18005218 0.16745658 0.12490028]
[ 4 15]	0	[0. 0. 0. 0. 0. 0.]	False	[0.42288727 0.05717544 0.04752821 0.18005218 0.16745658 0.12490028]
[ 5 30]	0	[2.12268361 0.64607954 6.43093367 0.73854263 6.94484318 2.22341982]	True	[0.42288727 0.05717544 0.04752821 0.18005218 0.16745658 0.12490028]
[0 0]	1	[0. 0. 0. 0. 0. 0.]	False	[0.23376825 0.14058733 0.19450033 0.04949633 0.21441773 0.16723002]
[1 1]	0	[0. 0. 0. 0. 0. 0.]	False	[0.23376825 0.14058733 0.19450033 0.04949633 0.21441773 0.16723002]
[2 2]	1	[0. 0. 0. 0. 0. 0.]	False	[0.23376825 0.14058733 0.19450033 0.04949633 0.21441773 0.16723002]
[3 5]	1	[0. 0. 0. 0. 0. 0.]	False	[0.23376825 0.14058733 0.19450033 0.04949633 0.21441773 0.16723002]
[ 4 11]	0	[0. 0. 0. 0. 0. 0.]	False	[0.23376825 0.14058733 0.19450033 0.04949633 0.21441773 0.16723002]
[ 5 22]	1	[8.30192712 0.40973443 1.69099424 4.54961192 2.64473811 0.59753994]	True	[0.23376825 0.14058733 0.19450033 0.04949633 0.21441773 0.16723002]
[0 0]	0	[0. 0. 0. 0. 0. 0.]	False	[0.20339517 0.0262377  0.09251069 0.24390791 0.11770415 0.3162444 ]
[1 0]	0	[0. 0. 0. 0. 0. 0.]	False	[0.20339517 0.0262377  0.09251069 0.24390791 0.11770415 0.3162444 ]
[2 0]	1	[0. 0. 0. 0. 0. 0.]	False	[0.20339517 0.0262377  0.09251069 0.24390791 0.11770415 0.3162444 ]
[3 1]	0	[0. 0. 0. 0. 0. 0.]	False	[0.20339517 0.0262377  0.09251069 0.24390791 0.11770415 0.3162444 ]
[4 2]	0	[0. 0. 0. 0. 0. 0.]	False	[0.20339517 0.0262377  0.09251069 0.24390791 0.11770415 0.3162444 ]
[5 4]	1	[2.22158757 1.01733311 7.9499714  3.6379799  3.77557594 1.82692783]	True	[0.20339517 0.0262377  0.09251069 0.24390791 0.11770415 0.3162444 ]
[0 0]	1	[0. 0. 0. 0. 0. 0.]	False	[0.06877311 0.11972975 0.15264852 0.0868224  0.1807829  0.39124337]
[1 1]	0	[0. 0. 0. 0. 0. 0.]	False	[0.06877311 0.11972975 0.15264852 0.0868224  0.1807829  0.39124337]
[2 2]	0	[0. 0. 0. 0. 0. 0.]	False	[0.06877311 0.11972975 0.15264852 0.0868224  0.1807829  0.39124337]
[3 4]	0	[0. 0. 0. 0. 0. 0.]	False	[0.06877311 0.11972975 0.15264852 0.0868224  0.1807829  0.39124337]
[4 8]	0	[0. 0. 0. 0. 0. 0.]	False	[0.06877311 0.11972975 0.15264852 0.0868224  0.1807829  0.39124337]
[ 5 16]	1	[2.53054533 4.2406129  2.22057705 7.51774642 3.47885032 1.43654771]	True	[0.06877311 0.11972975 0.15264852 0.0868224  0.1807829  0.39124337]
[0 0]	0	[0. 0. 0. 0. 0. 0.]	False	[0.12590294 0.15854703 0.02604191 0.13657686 0.22875133 0.32417992]
[1 0]	0	[0. 0. 0. 0. 0. 0.]	False	[0.12590294 0.15854703 0.02604191 0.13657686 0.22875133 0.32417992]
[2 0]	1	[0. 0. 0. 0. 0. 0.]	False	[0.12590294 0.15854703 0.02604191 0.13657686 0.22875133 0.32417992]
[3 1]	0	[0. 0. 0. 0. 0. 0.]	False	[0.12590294 0.15854703 0.02604191 0.13657686 0.22875133 0.32417992]
[4 2]	1	[0. 0. 0. 0. 0. 0.]	False	[0.12590294 0.15854703 0.02604191 0.13657686 0.22875133 0.32417992]
[5 5]	0	[4.43311346 4.91328158 5.11707495 3.9065904  2.22236853 3.13406169]	True	[0.12590294 0.15854703 0.02604191 0.13657686 0.22875133 0.32417992]
[0 0]	0	[0. 0. 0. 0. 0. 0.]	False	[0.20880298 0.21748619 0.22718857 0.04447678 0.08979574 0.21224979]
[1 0]	0	[0. 0. 0. 0. 0. 0.]	False	[0.20880298 0.21748619 0.22718857 0.04447678 0.08979574 0.21224979]
[2 0]	0	[0. 0. 0. 0. 0. 0.]	False	[0.20880298 0.21748619 0.22718857 0.04447678 0.08979574 0.21224979]
[3 0]	1	[0. 0. 0. 0. 0. 0.]	False	[0.20880298 0.21748619 0.22718857 0.04447678 0.08979574 0.21224979]
[4 1]	0	[0. 0. 0. 0. 0. 0.]	False	[0.20880298 0.21748619 0.22718857 0.04447678 0.08979574 0.21224979]
[5 2]	0	[3.74601154 0.91228863 5.92072559 4.37056585 2.73662976 4.84656035]	True	[0.20880298 0.21748619 0.22718857 0.04447678 0.08979574 0.21224979]
[0 0]	0	[0. 0. 0. 0. 0. 0.]	False	[0.07723746 0.04758199 0.01046184 0.38043717 0.09905649 0.3852251 ]
[1 0]	1	[0. 0. 0. 0. 0. 0.]	False	[0.07723746 0.04758199 0.01046184 0.38043717 0.09905649 0.3852251 ]
[2 1]	0	[0. 0. 0. 0. 0. 0.]	False	[0.07723746 0.04758199 0.01046184 0.38043717 0.09905649 0.3852251 ]
[3 2]	0	[0. 0. 0. 0. 0. 0.]	False	[0.07723746 0.04758199 0.01046184 0.38043717 0.09905649 0.3852251 ]
[4 4]	1	[0. 0. 0. 0. 0. 0.]	False	[0.07723746 0.04758199 0.01046184 0.38043717 0.09905649 0.3852251 ]
[5 9]	1	[0.79285198 4.00586269 0.36314749 8.9344773  1.82041716 0.2318847 ]	True	[0.07723746 0.04758199 0.01046184 0.38043717 0.09905649 0.3852251 ]
[0 0]	0	[0. 0. 0. 0. 0. 0.]	False	[0.2453337  0.2669786  0.12958649 0.27648193 0.06751756 0.01410174]
[1 0]	0	[0. 0. 0. 0. 0. 0.]	False	[0.2453337  0.2669786  0.12958649 0.27648193 0.06751756 0.01410174]
[2 0]	0	[0. 0. 0. 0. 0. 0.]	False	[0.2453337  0.2669786  0.12958649 0.27648193 0.06751756 0.01410174]
[3 0]	0	[0. 0. 0. 0. 0. 0.]	False	[0.2453337  0.2669786  0.12958649 0.27648193 0.06751756 0.01410174]
[4 0]	0	[0. 0. 0. 0. 0. 0.]	False	[0.2453337  0.2669786  0.12958649 0.27648193 0.06751756 0.01410174]
[5 0]	1	[0.46075946 5.29084735 7.92804145 2.28448495 1.01115855 1.64300963]	True	[0.2453337  0.2669786  0.12958649 0.27648193 0.06751756 0.01410174]
[0 0]	0	[0. 0. 0. 0. 0. 0.]	False	[0.03362305 0.33157542 0.06273131 0.10941631 0.00337769 0.45927617]
[1 0]	0	[0. 0. 0. 0. 0. 0.]	False	[0.03362305 0.33157542 0.06273131 0.10941631 0.00337769 0.45927617]
[2 0]	0	[0. 0. 0. 0. 0. 0.]	False	[0.03362305 0.33157542 0.06273131 0.10941631 0.00337769 0.45927617]
[3 0]	1	[0. 0. 0. 0. 0. 0.]	False	[0.03362305 0.33157542 0.06273131 0.10941631 0.00337769 0.45927617]
[4 1]	0	[0. 0. 0. 0. 0. 0.]	False	[0.03362305 0.33157542 0.06273131 0.10941631 0.00337769 0.45927617]
[5 2]	1	[2.42167773 3.34415377 6.35216354 0.03806333 0.66323198 6.49313525]	True	[0.03362305 0.33157542 0.06273131 0.10941631 0.00337769 0.45927617]
[0 0]	0	[0. 0. 0. 0. 0. 0.]	False	[0.05419103 0.414982   0.05009666 0.33175087 0.14129682 0.00768268]
[1 0]	1	[0. 0. 0. 0. 0. 0.]	False	[0.05419103 0.414982   0.05009666 0.33175087 0.14129682 0.00768268]
[2 1]	1	[0. 0. 0. 0. 0. 0.]	False	[0.05419103 0.414982   0.05009666 0.33175087 0.14129682 0.00768268]
[3 3]	0	[0. 0. 0. 0. 0. 0.]	False	[0.05419103 0.414982   0.05009666 0.33175087 0.14129682 0.00768268]
[4 6]	1	[0. 0. 0. 0. 0. 0.]	False	[0.05419103 0.414982   0.05009666 0.33175087 0.14129682 0.00768268]
[ 5 13]	1	[4.74718378 6.36499948 4.05818821 4.43996757 0.42190953 0.76864591]	True	[0.05419103 0.414982   0.05009666 0.33175087 0.14129682 0.00768268]
[0 0]	0	[0. 0. 0. 0. 0. 0.]	False	[0.26565808 0.09201777 0.1097011  0.06556807 0.03672313 0.43033177]
[1 0]	0	[0. 0. 0. 0. 0. 0.]	False	[0.26565808 0.09201777 0.1097011  0.06556807 0.03672313 0.43033177]
[2 0]	0	[0. 0. 0. 0. 0. 0.]	False	[0.26565808 0.09201777 0.1097011  0.06556807 0.03672313 0.43033177]
[3 0]	1	[0. 0. 0. 0. 0. 0.]	False	[0.26565808 0.09201777 0.1097011  0.06556807 0.03672313 0.43033177]
[4 1]	1	[0. 0. 0. 0. 0. 0.]	False	[0.26565808 0.09201777 0.1097011  0.06556807 0.03672313 0.43033177]
[5 3]	0	[5.26768145 0.23364916 0.23646111 1.25030802 1.41161868 8.28161149]	True	[0.26565808 0.09201777 0.1097011  0.06556807 0.03672313 0.43033177]
[0 0]	0	[0. 0. 0. 0. 0. 0.]	False	[0.22565216 0.19198641 0.22130273 0.00672139 0.08912198 0.26521534]
[1 0]	0	[0. 0. 0. 0. 0. 0.]	False	[0.22565216 0.19198641 0.22130273 0.00672139 0.08912198 0.26521534]
[2 0]	0	[0. 0. 0. 0. 0. 0.]	False	[0.22565216 0.19198641 0.22130273 0.00672139 0.08912198 0.26521534]
[3 0]	1	[0. 0. 0. 0. 0. 0.]	False	[0.22565216 0.19198641 0.22130273 0.00672139 0.08912198 0.26521534]
[4 1]	0	[0. 0. 0. 0. 0. 0.]	False	[0.22565216 0.19198641 0.22130273 0.00672139 0.08912198 0.26521534]
[5 2]	1	[2.42167773 3.34415377 6.35216354 0.03806333 0.66323198 6.49313525]	True	[0.22565216 0.19198641 0.22130273 0.00672139 0.08912198 0.26521534]
[0 0]	1	[0. 0. 0. 0. 0. 0.]	False	[0.3248576  0.02587093 0.29691908 0.19745418 0.07808415 0.07681409]
[1 1]	1	[0. 0. 0. 0. 0. 0.]	False	[0.3248576  0.02587093 0.29691908 0.19745418 0.07808415 0.07681409]
[2 3]	0	[0. 0. 0. 0. 0. 0.]	False	[0.3248576  0.02587093 0.29691908 0.19745418 0.07808415 0.07681409]
[3 6]	0	[0. 0. 0. 0. 0. 0.]	False	[0.3248576  0.02587093 0.29691908 0.19745418 0.07808415 0.07681409]
[ 4 12]	1	[0. 0. 0. 0. 0. 0.]	False	[0.3248576  0.02587093 0.29691908 0.19745418 0.07808415 0.07681409]
[ 5 25]	0	[0.93689572 0.77924846 2.83896436 1.98294555 8.45958836 3.86763124]	True	[0.3248576  0.02587093 0.29691908 0.19745418 0.07808415 0.07681409]
[0 0]	1	[0. 0. 0. 0. 0. 0.]	False	[0.38557708 0.14932193 0.0288307  0.2002324  0.03317741 0.20286046]
[1 1]	0	[0. 0. 0. 0. 0. 0.]	False	[0.38557708 0.14932193 0.0288307  0.2002324  0.03317741 0.20286046]
[2 2]	0	[0. 0. 0. 0. 0. 0.]	False	[0.38557708 0.14932193 0.0288307  0.2002324  0.03317741 0.20286046]
[3 4]	0	[0. 0. 0. 0. 0. 0.]	False	[0.38557708 0.14932193 0.0288307  0.2002324  0.03317741 0.20286046]
[4 8]	0	[0. 0. 0. 0. 0. 0.]	False	[0.38557708 0.14932193 0.0288307  0.2002324  0.03317741 0.20286046]
[ 5 16]	0	[3.94583726 0.62586462 0.72667245 9.06686254 1.13056724 0.15630224]	True	[0.38557708 0.14932193 0.0288307  0.2002324  0.03317741 0.20286046]
[0 0]	0	[0. 0. 0. 0. 0. 0.]	False	[0.4675957  0.1362348  0.18694992 0.00175424 0.00447938 0.202986  ]
[1 0]	0	[0. 0. 0. 0. 0. 0.]	False	[0.4675957  0.1362348  0.18694992 0.00175424 0.00447938 0.202986  ]
[2 0]	1	[0. 0. 0. 0. 0. 0.]	False	[0.4675957  0.1362348  0.18694992 0.00175424 0.00447938 0.202986  ]
[3 1]	1	[0. 0. 0. 0. 0. 0.]	False	[0.4675957  0.1362348  0.18694992 0.00175424 0.00447938 0.202986  ]
[4 3]	0	[0. 0. 0. 0. 0. 0.]	False	[0.4675957  0.1362348  0.18694992 0.00175424 0.00447938 0.202986  ]
[5 6]	0	[2.39054781 1.97492965 4.51911017 0.07046741 1.74139824 8.18077893]	True	[0.4675957  0.1362348  0.18694992 0.00175424 0.00447938 0.202986  ]
[0 0]	0	[0. 0. 0. 0. 0. 0.]	False	[0.29323032 0.16165471 0.2123517  0.00726548 0.2940999  0.03139788]
[1 0]	1	[0. 0. 0. 0. 0. 0.]	False	[0.29323032 0.16165471 0.2123517  0.00726548 0.2940999  0.03139788]
[2 1]	1	[0. 0. 0. 0. 0. 0.]	False	[0.29323032 0.16165471 0.2123517  0.00726548 0.2940999  0.03139788]
[3 3]	1	[0. 0. 0. 0. 0. 0.]	False	[0.29323032 0.16165471 0.2123517  0.00726548 0.2940999  0.03139788]
[4 7]	1	[0. 0. 0. 0. 0. 0.]	False	[0.29323032 0.16165471 0.2123517  0.00726548 0.2940999  0.03139788]
[ 5 15]	1	[3.57753129 3.67307393 5.43392619 2.06131042 2.63388133 5.74420686]	True	[0.29323032 0.16165471 0.2123517  0.00726548 0.2940999  0.03139788]
[0 0]	0	[0. 0. 0. 0. 0. 0.]	False	[0.09036172 0.0748921  0.03989692 0.22959639 0.08952529 0.47572765]
[1 0]	0	[0. 0. 0. 0. 0. 0.]	False	[0.09036172 0.0748921  0.03989692 0.22959639 0.08952529 0.47572765]
[2 0]	1	[0. 0. 0. 0. 0. 0.]	False	[0.09036172 0.0748921  0.03989692 0.22959639 0.08952529 0.47572765]
[3 1]	0	[0. 0. 0. 0. 0. 0.]	False	[0.09036172 0.0748921  0.03989692 0.22959639 0.08952529 0.47572765]
[4 2]	1	[0. 0. 0. 0. 0. 0.]	False	[0.09036172 0.0748921  0.03989692 0.22959639 0.08952529 0.47572765]
[5 5]	0	[4.43311346 4.91328158 5.11707495 3.9065904  2.22236853 3.13406169]	True	[0.09036172 0.0748921  0.03989692 0.22959639 0.08952529 0.47572765]
[0 0]	0	[0. 0. 0. 0. 0. 0.]	False	[0.1999507  0.1623608  0.2035466  0.09488036 0.25743678 0.08182473]
[1 0]	0	[0. 0. 0. 0. 0. 0.]	False	[0.1999507  0.1623608  0.2035466  0.09488036 0.25743678 0.08182473]
[2 0]	0	[0. 0. 0. 0. 0. 0.]	False	[0.1999507  0.1623608  0.2035466  0.09488036 0.25743678 0.08182473]
[3 0]	1	[0. 0. 0. 0. 0. 0.]	False	[0.1999507  0.1623608  0.2035466  0.09488036 0.25743678 0.08182473]
[4 1]	0	[0. 0. 0. 0. 0. 0.]	False	[0.1999507  0.1623608  0.2035466  0.09488036 0.25743678 0.08182473]
[5 2]	1	[2.42167773 3.34415377 6.35216354 0.03806333 0.66323198 6.49313525]	True	[0.1999507  0.1623608  0.2035466  0.09488036 0.25743678 0.08182473]
[0 0]	0	[0. 0. 0. 0. 0. 0.]	False	[0.17467977 0.10792348 0.10122886 0.11377691 0.2470512  0.2553398 ]
[1 0]	1	[0. 0. 0. 0. 0. 0.]	False	[0.17467977 0.10792348 0.10122886 0.11377691 0.2470512  0.2553398 ]
[2 1]	1	[0. 0. 0. 0. 0. 0.]	False	[0.17467977 0.10792348 0.10122886 0.11377691 0.2470512  0.2553398 ]
[3 3]	0	[0. 0. 0. 0. 0. 0.]	False	[0.17467977 0.10792348 0.10122886 0.11377691 0.2470512  0.2553398 ]
[4 6]	0	[0. 0. 0. 0. 0. 0.]	False	[0.17467977 0.10792348 0.10122886 0.11377691 0.2470512  0.2553398 ]
[ 5 12]	1	[1.05128312 4.85979168 3.28552824 6.26921471 3.39863537 3.69171469]	True	[0.17467977 0.10792348 0.10122886 0.11377691 0.2470512  0.2553398 ]
[0 0]	1	[0. 0. 0. 0. 0. 0.]	False	[0.08894876 0.23566766 0.10712292 0.46041393 0.03711402 0.07073267]
[1 1]	0	[0. 0. 0. 0. 0. 0.]	False	[0.08894876 0.23566766 0.10712292 0.46041393 0.03711402 0.07073267]
[2 2]	0	[0. 0. 0. 0. 0. 0.]	False	[0.08894876 0.23566766 0.10712292 0.46041393 0.03711402 0.07073267]
[3 4]	0	[0. 0. 0. 0. 0. 0.]	False	[0.08894876 0.23566766 0.10712292 0.46041393 0.03711402 0.07073267]
[4 8]	1	[0. 0. 0. 0. 0. 0.]	False	[0.08894876 0.23566766 0.10712292 0.46041393 0.03711402 0.07073267]
[ 5 17]	1	[7.11491625 1.26647073 5.01203819 4.52740681 1.16148237 0.89835304]	True	[0.08894876 0.23566766 0.10712292 0.46041393 0.03711402 0.07073267]
[0 0]	0	[0. 0. 0. 0. 0. 0.]	False	[0.0031652  0.4418456  0.12152233 0.06654959 0.25072908 0.11618818]
[1 0]	1	[0. 0. 0. 0. 0. 0.]	False	[0.0031652  0.4418456  0.12152233 0.06654959 0.25072908 0.11618818]
[2 1]	0	[0. 0. 0. 0. 0. 0.]	False	[0.0031652  0.4418456  0.12152233 0.06654959 0.25072908 0.11618818]
[3 2]	1	[0. 0. 0. 0. 0. 0.]	False	[0.0031652  0.4418456  0.12152233 0.06654959 0.25072908 0.11618818]
[4 5]	1	[0. 0. 0. 0. 0. 0.]	False	[0.0031652  0.4418456  0.12152233 0.06654959 0.25072908 0.11618818]
[ 5 11]	1	[1.65116829 3.72063198 5.63953167 0.25461896 6.35720791 3.33875729]	True	[0.0031652  0.4418456  0.12152233 0.06654959 0.25072908 0.11618818]
[0 0]	1	[0. 0. 0. 0. 0. 0.]	False	[0.21548142 0.15820304 0.24869888 0.18236655 0.15590952 0.03934063]
[1 1]	1	[0. 0. 0. 0. 0. 0.]	False	[0.21548142 0.15820304 0.24869888 0.18236655 0.15590952 0.03934063]
[2 3]	0	[0. 0. 0. 0. 0. 0.]	False	[0.21548142 0.15820304 0.24869888 0.18236655 0.15590952 0.03934063]
[3 6]	0	[0. 0. 0. 0. 0. 0.]	False	[0.21548142 0.15820304 0.24869888 0.18236655 0.15590952 0.03934063]
[ 4 12]	0	[0. 0. 0. 0. 0. 0.]	False	[0.21548142 0.15820304 0.24869888 0.18236655 0.15590952 0.03934063]
[ 5 24]	1	[4.44128859 1.8202686  4.22272069 2.30194565 0.67272146 7.30607281]	True	[0.21548142 0.15820304 0.24869888 0.18236655 0.15590952 0.03934063]
[0 0]	1	[0. 0. 0. 0. 0. 0.]	False	[0.23365273 0.02320347 0.23796375 0.1344008  0.29098707 0.07979211]
[1 1]	0	[0. 0. 0. 0. 0. 0.]	False	[0.23365273 0.02320347 0.23796375 0.1344008  0.29098707 0.07979211]
[2 2]	1	[0. 0. 0. 0. 0. 0.]	False	[0.23365273 0.02320347 0.23796375 0.1344008  0.29098707 0.07979211]
[3 5]	1	[0. 0. 0. 0. 0. 0.]	False	[0.23365273 0.02320347 0.23796375 0.1344008  0.29098707 0.07979211]
[ 4 11]	0	[0. 0. 0. 0. 0. 0.]	False	[0.23365273 0.02320347 0.23796375 0.1344008  0.29098707 0.07979211]
[ 5 22]	1	[8.30192712 0.40973443 1.69099424 4.54961192 2.64473811 0.59753994]	True	[0.23365273 0.02320347 0.23796375 0.1344008  0.29098707 0.07979211]
[0 0]	1	[0. 0. 0. 0. 0. 0.]	False	[0.08540516 0.10033251 0.01764102 0.42820966 0.19158207 0.17682953]
[1 1]	0	[0. 0. 0. 0. 0. 0.]	False	[0.08540516 0.10033251 0.01764102 0.42820966 0.19158207 0.17682953]
[2 2]	0	[0. 0. 0. 0. 0. 0.]	False	[0.08540516 0.10033251 0.01764102 0.42820966 0.19158207 0.17682953]
[3 4]	0	[0. 0. 0. 0. 0. 0.]	False	[0.08540516 0.10033251 0.01764102 0.42820966 0.19158207 0.17682953]
[4 8]	1	[0. 0. 0. 0. 0. 0.]	False	[0.08540516 0.10033251 0.01764102 0.42820966 0.19158207 0.17682953]
[ 5 17]	1	[7.11491625 1.26647073 5.01203819 4.52740681 1.16148237 0.89835304]	True	[0.08540516 0.10033251 0.01764102 0.42820966 0.19158207 0.17682953]
[0 0]	1	[0. 0. 0. 0. 0. 0.]	False	[0.33892968 0.18895552 0.02806437 0.22746816 0.0066292  0.20995307]
[1 1]	0	[0. 0. 0. 0. 0. 0.]	False	[0.33892968 0.18895552 0.02806437 0.22746816 0.0066292  0.20995307]
[2 2]	0	[0. 0. 0. 0. 0. 0.]	False	[0.33892968 0.18895552 0.02806437 0.22746816 0.0066292  0.20995307]
[3 4]	1	[0. 0. 0. 0. 0. 0.]	False	[0.33892968 0.18895552 0.02806437 0.22746816 0.0066292  0.20995307]
[4 9]	1	[0. 0. 0. 0. 0. 0.]	False	[0.33892968 0.18895552 0.02806437 0.22746816 0.0066292  0.20995307]
[ 5 19]	0	[2.43924518 1.00523211 6.09587506 1.47285316 6.69893956 2.972341  ]	True	[0.33892968 0.18895552 0.02806437 0.22746816 0.0066292  0.20995307]
[0 0]	1	[0. 0. 0. 0. 0. 0.]	False	[0.12597586 0.23668702 0.10314998 0.13754746 0.01688727 0.37975243]
[1 1]	1	[0. 0. 0. 0. 0. 0.]	False	[0.12597586 0.23668702 0.10314998 0.13754746 0.01688727 0.37975243]
[2 3]	0	[0. 0. 0. 0. 0. 0.]	False	[0.12597586 0.23668702 0.10314998 0.13754746 0.01688727 0.37975243]
[3 6]	1	[0. 0. 0. 0. 0. 0.]	False	[0.12597586 0.23668702 0.10314998 0.13754746 0.01688727 0.37975243]
[ 4 13]	0	[0. 0. 0. 0. 0. 0.]	False	[0.12597586 0.23668702 0.10314998 0.13754746 0.01688727 0.37975243]
[ 5 26]	0	[4.27687318 2.83055698 5.27541783 5.03273808 0.01475194 4.53184284]	True	[0.12597586 0.23668702 0.10314998 0.13754746 0.01688727 0.37975243]
[0 0]	0	[0. 0. 0. 0. 0. 0.]	False	[0.23062956 0.42293373 0.04201131 0.10480937 0.06937572 0.13024038]
[1 0]	0	[0. 0. 0. 0. 0. 0.]	False	[0.23062956 0.42293373 0.04201131 0.10480937 0.06937572 0.13024038]
[2 0]	0	[0. 0. 0. 0. 0. 0.]	False	[0.23062956 0.42293373 0.04201131 0.10480937 0.06937572 0.13024038]
[3 0]	1	[0. 0. 0. 0. 0. 0.]	False	[0.23062956 0.42293373 0.04201131 0.10480937 0.06937572 0.13024038]
[4 1]	0	[0. 0. 0. 0. 0. 0.]	False	[0.23062956 0.42293373 0.04201131 0.10480937 0.06937572 0.13024038]
[5 2]	1	[2.42167773 3.34415377 6.35216354 0.03806333 0.66323198 6.49313525]	True	[0.23062956 0.42293373 0.04201131 0.10480937 0.06937572 0.13024038]
[0 0]	0	[0. 0. 0. 0. 0. 0.]	False	[0.12992583 0.10787529 0.08748974 0.03456847 0.14527331 0.49486732]
[1 0]	1	[0. 0. 0. 0. 0. 0.]	False	[0.12992583 0.10787529 0.08748974 0.03456847 0.14527331 0.49486732]
[2 1]	0	[0. 0. 0. 0. 0. 0.]	False	[0.12992583 0.10787529 0.08748974 0.03456847 0.14527331 0.49486732]
[3 2]	1	[0. 0. 0. 0. 0. 0.]	False	[0.12992583 0.10787529 0.08748974 0.03456847 0.14527331 0.49486732]
[4 5]	0	[0. 0. 0. 0. 0. 0.]	False	[0.12992583 0.10787529 0.08748974 0.03456847 0.14527331 0.49486732]
[ 5 10]	0	[0.24871352 3.25946831 3.9988045  6.9335196  4.81556096 1.43535682]	True	[0.12992583 0.10787529 0.08748974 0.03456847 0.14527331 0.49486732]
[0 0]	1	[0. 0. 0. 0. 0. 0.]	False	[0.32743582 0.00886738 0.18093601 0.30101058 0.05106042 0.13068977]
[1 1]	1	[0. 0. 0. 0. 0. 0.]	False	[0.32743582 0.00886738 0.18093601 0.30101058 0.05106042 0.13068977]
[2 3]	1	[0. 0. 0. 0. 0. 0.]	False	[0.32743582 0.00886738 0.18093601 0.30101058 0.05106042 0.13068977]
[3 7]	0	[0. 0. 0. 0. 0. 0.]	False	[0.32743582 0.00886738 0.18093601 0.30101058 0.05106042 0.13068977]
[ 4 14]	0	[0. 0. 0. 0. 0. 0.]	False	[0.32743582 0.00886738 0.18093601 0.30101058 0.05106042 0.13068977]
[ 5 28]	1	[5.95498781 5.94146861 4.17018388 0.93397018 0.89950814 3.18829456]	True	[0.32743582 0.00886738 0.18093601 0.30101058 0.05106042 0.13068977]
[0 0]	1	[0. 0. 0. 0. 0. 0.]	False	[0.02321652 0.00326932 0.6505606  0.0822383  0.03397209 0.20674317]
[1 1]	0	[0. 0. 0. 0. 0. 0.]	False	[0.02321652 0.00326932 0.6505606  0.0822383  0.03397209 0.20674317]
[2 2]	1	[0. 0. 0. 0. 0. 0.]	False	[0.02321652 0.00326932 0.6505606  0.0822383  0.03397209 0.20674317]
[3 5]	0	[0. 0. 0. 0. 0. 0.]	False	[0.02321652 0.00326932 0.6505606  0.0822383  0.03397209 0.20674317]
[ 4 10]	0	[0. 0. 0. 0. 0. 0.]	False	[0.02321652 0.00326932 0.6505606  0.0822383  0.03397209 0.20674317]
[ 5 20]	1	[0.71623214 3.11241519 1.7018771  7.50296641 5.38823009 1.25537605]	True	[0.02321652 0.00326932 0.6505606  0.0822383  0.03397209 0.20674317]
[0 0]	1	[0. 0. 0. 0. 0. 0.]	False	[0.41404444 0.0858425  0.30096695 0.10592842 0.05511069 0.03810695]
[1 1]	1	[0. 0. 0. 0. 0. 0.]	False	[0.41404444 0.0858425  0.30096695 0.10592842 0.05511069 0.03810695]
[2 3]	1	[0. 0. 0. 0. 0. 0.]	False	[0.41404444 0.0858425  0.30096695 0.10592842 0.05511069 0.03810695]
[3 7]	1	[0. 0. 0. 0. 0. 0.]	False	[0.41404444 0.0858425  0.30096695 0.10592842 0.05511069 0.03810695]
[ 4 15]	0	[0. 0. 0. 0. 0. 0.]	False	[0.41404444 0.0858425  0.30096695 0.10592842 0.05511069 0.03810695]
[ 5 30]	1	[3.08973572 5.6223787  0.9737901  5.75218769 3.94430958 3.04119754]	True	[0.41404444 0.0858425  0.30096695 0.10592842 0.05511069 0.03810695]
[0 0]	0	[0. 0. 0. 0. 0. 0.]	False	[0.17955297 0.13854016 0.0356639  0.04612006 0.25256833 0.34755453]
[1 0]	0	[0. 0. 0. 0. 0. 0.]	False	[0.17955297 0.13854016 0.0356639  0.04612006 0.25256833 0.34755453]
[2 0]	1	[0. 0. 0. 0. 0. 0.]	False	[0.17955297 0.13854016 0.0356639  0.04612006 0.25256833 0.34755453]
[3 1]	1	[0. 0. 0. 0. 0. 0.]	False	[0.17955297 0.13854016 0.0356639  0.04612006 0.25256833 0.34755453]
[4 3]	0	[0. 0. 0. 0. 0. 0.]	False	[0.17955297 0.13854016 0.0356639  0.04612006 0.25256833 0.34755453]
[5 6]	1	[3.26794393 3.28877157 2.91598351 0.49403134 7.86629258 2.80694464]	True	[0.17955297 0.13854016 0.0356639  0.04612006 0.25256833 0.34755453]
[0 0]	1	[0. 0. 0. 0. 0. 0.]	False	[0.2962861  0.01833056 0.12342489 0.14398995 0.40481678 0.01315176]
[1 1]	0	[0. 0. 0. 0. 0. 0.]	False	[0.2962861  0.01833056 0.12342489 0.14398995 0.40481678 0.01315176]
[2 2]	1	[0. 0. 0. 0. 0. 0.]	False	[0.2962861  0.01833056 0.12342489 0.14398995 0.40481678 0.01315176]
[3 5]	0	[0. 0. 0. 0. 0. 0.]	False	[0.2962861  0.01833056 0.12342489 0.14398995 0.40481678 0.01315176]
[ 4 10]	1	[0. 0. 0. 0. 0. 0.]	False	[0.2962861  0.01833056 0.12342489 0.14398995 0.40481678 0.01315176]
[ 5 21]	0	[1.33651336 4.76969307 0.64008086 6.48262472 5.64538051 1.07671362]	True	[0.2962861  0.01833056 0.12342489 0.14398995 0.40481678 0.01315176]
[0 0]	0	[0. 0. 0. 0. 0. 0.]	False	[0.06084039 0.3687365  0.11249585 0.00093668 0.02238054 0.43461007]
[1 0]	0	[0. 0. 0. 0. 0. 0.]	False	[0.06084039 0.3687365  0.11249585 0.00093668 0.02238054 0.43461007]
[2 0]	0	[0. 0. 0. 0. 0. 0.]	False	[0.06084039 0.3687365  0.11249585 0.00093668 0.02238054 0.43461007]
[3 0]	1	[0. 0. 0. 0. 0. 0.]	False	[0.06084039 0.3687365  0.11249585 0.00093668 0.02238054 0.43461007]
[4 1]	1	[0. 0. 0. 0. 0. 0.]	False	[0.06084039 0.3687365  0.11249585 0.00093668 0.02238054 0.43461007]
[5 3]	0	[5.26768145 0.23364916 0.23646111 1.25030802 1.41161868 8.28161149]	True	[0.06084039 0.3687365  0.11249585 0.00093668 0.02238054 0.43461007]
[0 0]	0	[0. 0. 0. 0. 0. 0.]	False	[0.05945271 0.04146012 0.07927845 0.5108825  0.2111175  0.09780865]
[1 0]	1	[0. 0. 0. 0. 0. 0.]	False	[0.05945271 0.04146012 0.07927845 0.5108825  0.2111175  0.09780865]
[2 1]	1	[0. 0. 0. 0. 0. 0.]	False	[0.05945271 0.04146012 0.07927845 0.5108825  0.2111175  0.09780865]
[3 3]	1	[0. 0. 0. 0. 0. 0.]	False	[0.05945271 0.04146012 0.07927845 0.5108825  0.2111175  0.09780865]
[4 7]	0	[0. 0. 0. 0. 0. 0.]	False	[0.05945271 0.04146012 0.07927845 0.5108825  0.2111175  0.09780865]
[ 5 14]	0	[1.25720612 0.74301296 1.3374366  8.30597947 5.08394071 1.1148452 ]	True	[0.05945271 0.04146012 0.07927845 0.5108825  0.2111175  0.09780865]
[0 0]	0	[0. 0. 0. 0. 0. 0.]	False	[0.20113596 0.06895725 0.00429996 0.19805051 0.29339564 0.23416066]
[1 0]	0	[0. 0. 0. 0. 0. 0.]	False	[0.20113596 0.06895725 0.00429996 0.19805051 0.29339564 0.23416066]
[2 0]	0	[0. 0. 0. 0. 0. 0.]	False	[0.20113596 0.06895725 0.00429996 0.19805051 0.29339564 0.23416066]
[3 0]	1	[0. 0. 0. 0. 0. 0.]	False	[0.20113596 0.06895725 0.00429996 0.19805051 0.29339564 0.23416066]
[4 1]	0	[0. 0. 0. 0. 0. 0.]	False	[0.20113596 0.06895725 0.00429996 0.19805051 0.29339564 0.23416066]
[5 2]	1	[2.42167773 3.34415377 6.35216354 0.03806333 0.66323198 6.49313525]	True	[0.20113596 0.06895725 0.00429996 0.19805051 0.29339564 0.23416066]
[0 0]	1	[0. 0. 0. 0. 0. 0.]	False	[0.07102259 0.30323732 0.06526114 0.21040654 0.28158405 0.06848828]
[1 1]	1	[0. 0. 0. 0. 0. 0.]	False	[0.07102259 0.30323732 0.06526114 0.21040654 0.28158405 0.06848828]
[2 3]	1	[0. 0. 0. 0. 0. 0.]	False	[0.07102259 0.30323732 0.06526114 0.21040654 0.28158405 0.06848828]
[3 7]	0	[0. 0. 0. 0. 0. 0.]	False	[0.07102259 0.30323732 0.06526114 0.21040654 0.28158405 0.06848828]
[ 4 14]	0	[0. 0. 0. 0. 0. 0.]	False	[0.07102259 0.30323732 0.06526114 0.21040654 0.28158405 0.06848828]
[ 5 28]	0	[4.41604152 0.86551038 2.05709774 4.70986355 3.106477   6.60944809]	True	[0.07102259 0.30323732 0.06526114 0.21040654 0.28158405 0.06848828]
[0 0]	0	[0. 0. 0. 0. 0. 0.]	False	[0.20998394 0.16371082 0.31294847 0.13199429 0.07550506 0.10585741]
[1 0]	0	[0. 0. 0. 0. 0. 0.]	False	[0.20998394 0.16371082 0.31294847 0.13199429 0.07550506 0.10585741]
[2 0]	0	[0. 0. 0. 0. 0. 0.]	False	[0.20998394 0.16371082 0.31294847 0.13199429 0.07550506 0.10585741]
[3 0]	1	[0. 0. 0. 0. 0. 0.]	False	[0.20998394 0.16371082 0.31294847 0.13199429 0.07550506 0.10585741]
[4 1]	1	[0. 0. 0. 0. 0. 0.]	False	[0.20998394 0.16371082 0.31294847 0.13199429 0.07550506 0.10585741]
[5 3]	1	[0.19537027 2.3433365  6.62653841 2.84247689 1.71456358 6.28809908]	True	[0.20998394 0.16371082 0.31294847 0.13199429 0.07550506 0.10585741]
[0 0]	1	[0. 0. 0. 0. 0. 0.]	False	[0.21911861 0.07967261 0.134177   0.34278634 0.04605679 0.17818867]
[1 1]	1	[0. 0. 0. 0. 0. 0.]	False	[0.21911861 0.07967261 0.134177   0.34278634 0.04605679 0.17818867]
[2 3]	0	[0. 0. 0. 0. 0. 0.]	False	[0.21911861 0.07967261 0.134177   0.34278634 0.04605679 0.17818867]
[3 6]	1	[0. 0. 0. 0. 0. 0.]	False	[0.21911861 0.07967261 0.134177   0.34278634 0.04605679 0.17818867]
[ 4 13]	1	[0. 0. 0. 0. 0. 0.]	False	[0.21911861 0.07967261 0.134177   0.34278634 0.04605679 0.17818867]
[ 5 27]	1	[1.40468169 5.19102545 6.72110624 4.75666122 0.91486715 1.56334486]	True	[0.21911861 0.07967261 0.134177   0.34278634 0.04605679 0.17818867]
[0 0]	1	[0. 0. 0. 0. 0. 0.]	False	[0.01797986 0.15603378 0.39483678 0.20494214 0.21224718 0.0139602 ]
[1 1]	0	[0. 0. 0. 0. 0. 0.]	False	[0.01797986 0.15603378 0.39483678 0.20494214 0.21224718 0.0139602 ]
[2 2]	0	[0. 0. 0. 0. 0. 0.]	False	[0.01797986 0.15603378 0.39483678 0.20494214 0.21224718 0.0139602 ]
[3 4]	0	[0. 0. 0. 0. 0. 0.]	False	[0.01797986 0.15603378 0.39483678 0.20494214 0.21224718 0.0139602 ]
[4 8]	1	[0. 0. 0. 0. 0. 0.]	False	[0.01797986 0.15603378 0.39483678 0.20494214 0.21224718 0.0139602 ]
[ 5 17]	1	[7.11491625 1.26647073 5.01203819 4.52740681 1.16148237 0.89835304]	True	[0.01797986 0.15603378 0.39483678 0.20494214 0.21224718 0.0139602 ]
[0 0]	1	[0. 0. 0. 0. 0. 0.]	False	[0.18851802 0.25086087 0.09978318 0.06244952 0.30114973 0.0972387 ]
[1 1]	1	[0. 0. 0. 0. 0. 0.]	False	[0.18851802 0.25086087 0.09978318 0.06244952 0.30114973 0.0972387 ]
[2 3]	0	[0. 0. 0. 0. 0. 0.]	False	[0.18851802 0.25086087 0.09978318 0.06244952 0.30114973 0.0972387 ]
[3 6]	0	[0. 0. 0. 0. 0. 0.]	False	[0.18851802 0.25086087 0.09978318 0.06244952 0.30114973 0.0972387 ]
[ 4 12]	0	[0. 0. 0. 0. 0. 0.]	False	[0.18851802 0.25086087 0.09978318 0.06244952 0.30114973 0.0972387 ]
[ 5 24]	1	[4.44128859 1.8202686  4.22272069 2.30194565 0.67272146 7.30607281]	True	[0.18851802 0.25086087 0.09978318 0.06244952 0.30114973 0.0972387 ]
[0 0]	1	[0. 0. 0. 0. 0. 0.]	False	[0.1511975  0.13130662 0.17509629 0.26753318 0.26182875 0.01303766]
[1 1]	1	[0. 0. 0. 0. 0. 0.]	False	[0.1511975  0.13130662 0.17509629 0.26753318 0.26182875 0.01303766]
[2 3]	0	[0. 0. 0. 0. 0. 0.]	False	[0.1511975  0.13130662 0.17509629 0.26753318 0.26182875 0.01303766]
[3 6]	1	[0. 0. 0. 0. 0. 0.]	False	[0.1511975  0.13130662 0.17509629 0.26753318 0.26182875 0.01303766]
[ 4 13]	0	[0. 0. 0. 0. 0. 0.]	False	[0.1511975  0.13130662 0.17509629 0.26753318 0.26182875 0.01303766]
[ 5 26]	0	[4.27687318 2.83055698 5.27541783 5.03273808 0.01475194 4.53184284]	True	[0.1511975  0.13130662 0.17509629 0.26753318 0.26182875 0.01303766]
[0 0]	1	[0. 0. 0. 0. 0. 0.]	False	[0.10603557 0.16680685 0.02393005 0.20985319 0.07756197 0.41581234]
[1 1]	0	[0. 0. 0. 0. 0. 0.]	False	[0.10603557 0.16680685 0.02393005 0.20985319 0.07756197 0.41581234]
[2 2]	1	[0. 0. 0. 0. 0. 0.]	False	[0.10603557 0.16680685 0.02393005 0.20985319 0.07756197 0.41581234]
[3 5]	0	[0. 0. 0. 0. 0. 0.]	False	[0.10603557 0.16680685 0.02393005 0.20985319 0.07756197 0.41581234]
[ 4 10]	0	[0. 0. 0. 0. 0. 0.]	False	[0.10603557 0.16680685 0.02393005 0.20985319 0.07756197 0.41581234]
[ 5 20]	1	[0.71623214 3.11241519 1.7018771  7.50296641 5.38823009 1.25537605]	True	[0.10603557 0.16680685 0.02393005 0.20985319 0.07756197 0.41581234]
[0 0]	0	[0. 0. 0. 0. 0. 0.]	False	[0.06456512 0.5300557  0.02209807 0.05003529 0.1627995  0.17044634]
[1 0]	1	[0. 0. 0. 0. 0. 0.]	False	[0.06456512 0.5300557  0.02209807 0.05003529 0.1627995  0.17044634]
[2 1]	1	[0. 0. 0. 0. 0. 0.]	False	[0.06456512 0.5300557  0.02209807 0.05003529 0.1627995  0.17044634]
[3 3]	0	[0. 0. 0. 0. 0. 0.]	False	[0.06456512 0.5300557  0.02209807 0.05003529 0.1627995  0.17044634]
[4 6]	0	[0. 0. 0. 0. 0. 0.]	False	[0.06456512 0.5300557  0.02209807 0.05003529 0.1627995  0.17044634]
[ 5 12]	1	[1.05128312 4.85979168 3.28552824 6.26921471 3.39863537 3.69171469]	True	[0.06456512 0.5300557  0.02209807 0.05003529 0.1627995  0.17044634]
[0 0]	0	[0. 0. 0. 0. 0. 0.]	False	[0.24860415 0.10480766 0.15023813 0.11015709 0.3494449  0.03674807]
[1 0]	1	[0. 0. 0. 0. 0. 0.]	False	[0.24860415 0.10480766 0.15023813 0.11015709 0.3494449  0.03674807]
[2 1]	1	[0. 0. 0. 0. 0. 0.]	False	[0.24860415 0.10480766 0.15023813 0.11015709 0.3494449  0.03674807]
[3 3]	1	[0. 0. 0. 0. 0. 0.]	False	[0.24860415 0.10480766 0.15023813 0.11015709 0.3494449  0.03674807]
[4 7]	0	[0. 0. 0. 0. 0. 0.]	False	[0.24860415 0.10480766 0.15023813 0.11015709 0.3494449  0.03674807]
[ 5 14]	1	[0.63888729 0.28507461 4.87857435 6.41971655 5.85711844 0.43757381]	True	[0.24860415 0.10480766 0.15023813 0.11015709 0.3494449  0.03674807]
[0 0]	0	[0. 0. 0. 0. 0. 0.]	False	[0.054876   0.36834618 0.17022966 0.2347188  0.12749803 0.04433133]
[1 0]	0	[0. 0. 0. 0. 0. 0.]	False	[0.054876   0.36834618 0.17022966 0.2347188  0.12749803 0.04433133]
[2 0]	1	[0. 0. 0. 0. 0. 0.]	False	[0.054876   0.36834618 0.17022966 0.2347188  0.12749803 0.04433133]
[3 1]	0	[0. 0. 0. 0. 0. 0.]	False	[0.054876   0.36834618 0.17022966 0.2347188  0.12749803 0.04433133]
[4 2]	0	[0. 0. 0. 0. 0. 0.]	False	[0.054876   0.36834618 0.17022966 0.2347188  0.12749803 0.04433133]
[5 4]	0	[5.9254461  0.35473447 5.4459742  3.57702685 0.95237377 4.62628146]	True	[0.054876   0.36834618 0.17022966 0.2347188  0.12749803 0.04433133]
[0 0]	1	[0. 0. 0. 0. 0. 0.]	False	[0.07037552 0.03504232 0.16027893 0.08040544 0.348593   0.3053048 ]
[1 1]	1	[0. 0. 0. 0. 0. 0.]	False	[0.07037552 0.03504232 0.16027893 0.08040544 0.348593   0.3053048 ]
[2 3]	1	[0. 0. 0. 0. 0. 0.]	False	[0.07037552 0.03504232 0.16027893 0.08040544 0.348593   0.3053048 ]
[3 7]	0	[0. 0. 0. 0. 0. 0.]	False	[0.07037552 0.03504232 0.16027893 0.08040544 0.348593   0.3053048 ]
[ 4 14]	0	[0. 0. 0. 0. 0. 0.]	False	[0.07037552 0.03504232 0.16027893 0.08040544 0.348593   0.3053048 ]
[ 5 28]	1	[5.95498781 5.94146861 4.17018388 0.93397018 0.89950814 3.18829456]	True	[0.07037552 0.03504232 0.16027893 0.08040544 0.348593   0.3053048 ]
[0 0]	0	[0. 0. 0. 0. 0. 0.]	False	[0.05289583 0.33529106 0.110117   0.02661079 0.17306949 0.30201587]
[1 0]	0	[0. 0. 0. 0. 0. 0.]	False	[0.05289583 0.33529106 0.110117   0.02661079 0.17306949 0.30201587]
[2 0]	0	[0. 0. 0. 0. 0. 0.]	False	[0.05289583 0.33529106 0.110117   0.02661079 0.17306949 0.30201587]
[3 0]	1	[0. 0. 0. 0. 0. 0.]	False	[0.05289583 0.33529106 0.110117   0.02661079 0.17306949 0.30201587]
[4 1]	0	[0. 0. 0. 0. 0. 0.]	False	[0.05289583 0.33529106 0.110117   0.02661079 0.17306949 0.30201587]
[5 2]	1	[2.42167773 3.34415377 6.35216354 0.03806333 0.66323198 6.49313525]	True	[0.05289583 0.33529106 0.110117   0.02661079 0.17306949 0.30201587]
[0 0]	1	[0. 0. 0. 0. 0. 0.]	False	[0.26668707 0.14692774 0.01932938 0.32332453 0.09106791 0.1526634 ]
[1 1]	0	[0. 0. 0. 0. 0. 0.]	False	[0.26668707 0.14692774 0.01932938 0.32332453 0.09106791 0.1526634 ]
[2 2]	1	[0. 0. 0. 0. 0. 0.]	False	[0.26668707 0.14692774 0.01932938 0.32332453 0.09106791 0.1526634 ]
[3 5]	1	[0. 0. 0. 0. 0. 0.]	False	[0.26668707 0.14692774 0.01932938 0.32332453 0.09106791 0.1526634 ]
[ 4 11]	1	[0. 0. 0. 0. 0. 0.]	False	[0.26668707 0.14692774 0.01932938 0.32332453 0.09106791 0.1526634 ]
[ 5 23]	0	[5.96294481 6.46817991 1.35988062 2.83106174 0.74946184 3.48999411]	True	[0.26668707 0.14692774 0.01932938 0.32332453 0.09106791 0.1526634 ]
[0 0]	0	[0. 0. 0. 0. 0. 0.]	False	[0.08335882 0.16344662 0.21560112 0.15958743 0.19480643 0.18319967]
[1 0]	0	[0. 0. 0. 0. 0. 0.]	False	[0.08335882 0.16344662 0.21560112 0.15958743 0.19480643 0.18319967]
[2 0]	0	[0. 0. 0. 0. 0. 0.]	False	[0.08335882 0.16344662 0.21560112 0.15958743 0.19480643 0.18319967]
[3 0]	1	[0. 0. 0. 0. 0. 0.]	False	[0.08335882 0.16344662 0.21560112 0.15958743 0.19480643 0.18319967]
[4 1]	0	[0. 0. 0. 0. 0. 0.]	False	[0.08335882 0.16344662 0.21560112 0.15958743 0.19480643 0.18319967]
[5 2]	1	[2.42167773 3.34415377 6.35216354 0.03806333 0.66323198 6.49313525]	True	[0.08335882 0.16344662 0.21560112 0.15958743 0.19480643 0.18319967]
[0 0]	0	[0. 0. 0. 0. 0. 0.]	False	[0.15896672 0.23435386 0.21670355 0.01690787 0.23170705 0.14136103]
[1 0]	0	[0. 0. 0. 0. 0. 0.]	False	[0.15896672 0.23435386 0.21670355 0.01690787 0.23170705 0.14136103]
