[0 0]	0	[0. 0. 0. 0. 0. 0.]	False	[0.05660714 0.39448726 0.04642164 0.24338628 0.0300996  0.22899811]
[1 0]	1	[0. 0. 0. 0. 0. 0.]	False	[0.05660714 0.39448726 0.04642164 0.24338628 0.0300996  0.22899811]
[2 1]	0	[0. 0. 0. 0. 0. 0.]	False	[0.05660714 0.39448726 0.04642164 0.24338628 0.0300996  0.22899811]
[3 2]	1	[0. 0. 0. 0. 0. 0.]	False	[0.05660714 0.39448726 0.04642164 0.24338628 0.0300996  0.22899811]
[4 5]	0	[0. 0. 0. 0. 0. 0.]	False	[0.05660714 0.39448726 0.04642164 0.24338628 0.0300996  0.22899811]
[ 5 10]	0	[0. 0. 0. 0. 0. 0.]	False	[0.05660714 0.39448726 0.04642164 0.24338628 0.0300996  0.22899811]
[ 6 20]	0	[2.41451158 1.50862356 1.41410605 0.51982294 5.57708595 7.64986205]	True	[0.05660714 0.39448726 0.04642164 0.24338628 0.0300996  0.22899811]
[0 0]	1	[0. 0. 0. 0. 0. 0.]	False	[0.13434413 0.23942052 0.12158298 0.3158937  0.01925038 0.16950841]
[1 1]	0	[0. 0. 0. 0. 0. 0.]	False	[0.13434413 0.23942052 0.12158298 0.3158937  0.01925038 0.16950841]
[2 2]	1	[0. 0. 0. 0. 0. 0.]	False	[0.13434413 0.23942052 0.12158298 0.3158937  0.01925038 0.16950841]
[3 5]	1	[0. 0. 0. 0. 0. 0.]	False	[0.13434413 0.23942052 0.12158298 0.3158937  0.01925038 0.16950841]
[ 4 11]	1	[0. 0. 0. 0. 0. 0.]	False	[0.13434413 0.23942052 0.12158298 0.3158937  0.01925038 0.16950841]
[ 5 23]	0	[0. 0. 0. 0. 0. 0.]	False	[0.13434413 0.23942052 0.12158298 0.3158937  0.01925038 0.16950841]
[ 6 46]	1	[5.26466955 6.16182728 5.64238349 0.09414682 0.83475936 1.33152576]	True	[0.13434413 0.23942052 0.12158298 0.3158937  0.01925038 0.16950841]
[0 0]	0	[0. 0. 0. 0. 0. 0.]	False	[0.21645561 0.116281   0.3064732  0.21231487 0.14719148 0.00128383]
[1 0]	1	[0. 0. 0. 0. 0. 0.]	False	[0.21645561 0.116281   0.3064732  0.21231487 0.14719148 0.00128383]
[2 1]	0	[0. 0. 0. 0. 0. 0.]	False	[0.21645561 0.116281   0.3064732  0.21231487 0.14719148 0.00128383]
[3 2]	1	[0. 0. 0. 0. 0. 0.]	False	[0.21645561 0.116281   0.3064732  0.21231487 0.14719148 0.00128383]
[4 5]	0	[0. 0. 0. 0. 0. 0.]	False	[0.21645561 0.116281   0.3064732  0.21231487 0.14719148 0.00128383]
[ 5 10]	1	[0. 0. 0. 0. 0. 0.]	False	[0.21645561 0.116281   0.3064732  0.21231487 0.14719148 0.00128383]
[ 6 21]	0	[0.57978779 6.09839275 7.76016689 0.41757963 0.93387774 1.09852695]	True	[0.21645561 0.116281   0.3064732  0.21231487 0.14719148 0.00128383]
[0 0]	0	[0. 0. 0. 0. 0. 0.]	False	[0.05659338 0.02781741 0.27253637 0.16918418 0.01813886 0.45572978]
[1 0]	0	[0. 0. 0. 0. 0. 0.]	False	[0.05659338 0.02781741 0.27253637 0.16918418 0.01813886 0.45572978]
[2 0]	0	[0. 0. 0. 0. 0. 0.]	False	[0.05659338 0.02781741 0.27253637 0.16918418 0.01813886 0.45572978]
[3 0]	1	[0. 0. 0. 0. 0. 0.]	False	[0.05659338 0.02781741 0.27253637 0.16918418 0.01813886 0.45572978]
[4 1]	0	[0. 0. 0. 0. 0. 0.]	False	[0.05659338 0.02781741 0.27253637 0.16918418 0.01813886 0.45572978]
[5 2]	1	[0. 0. 0. 0. 0. 0.]	False	[0.05659338 0.02781741 0.27253637 0.16918418 0.01813886 0.45572978]
[6 5]	0	[4.42188476 1.93117784 7.33958506 4.19677527 0.9411932  2.08547622]	True	[0.05659338 0.02781741 0.27253637 0.16918418 0.01813886 0.45572978]
[0 0]	1	[0. 0. 0. 0. 0. 0.]	False	[0.3067228  0.24135046 0.01786421 0.04513175 0.31867245 0.07025843]
[1 1]	0	[0. 0. 0. 0. 0. 0.]	False	[0.3067228  0.24135046 0.01786421 0.04513175 0.31867245 0.07025843]
[2 2]	1	[0. 0. 0. 0. 0. 0.]	False	[0.3067228  0.24135046 0.01786421 0.04513175 0.31867245 0.07025843]
[3 5]	0	[0. 0. 0. 0. 0. 0.]	False	[0.3067228  0.24135046 0.01786421 0.04513175 0.31867245 0.07025843]
[ 4 10]	1	[0. 0. 0. 0. 0. 0.]	False	[0.3067228  0.24135046 0.01786421 0.04513175 0.31867245 0.07025843]
[ 5 21]	0	[0. 0. 0. 0. 0. 0.]	False	[0.3067228  0.24135046 0.01786421 0.04513175 0.31867245 0.07025843]
[ 6 42]	0	[5.84288335 2.11962167 3.05793046 0.02686868 2.2373544  6.85642056]	True	[0.3067228  0.24135046 0.01786421 0.04513175 0.31867245 0.07025843]
[0 0]	1	[0. 0. 0. 0. 0. 0.]	False	[0.19907291 0.17271028 0.01337477 0.0265916  0.2713718  0.31687862]
[1 1]	1	[0. 0. 0. 0. 0. 0.]	False	[0.19907291 0.17271028 0.01337477 0.0265916  0.2713718  0.31687862]
[2 3]	1	[0. 0. 0. 0. 0. 0.]	False	[0.19907291 0.17271028 0.01337477 0.0265916  0.2713718  0.31687862]
[3 7]	1	[0. 0. 0. 0. 0. 0.]	False	[0.19907291 0.17271028 0.01337477 0.0265916  0.2713718  0.31687862]
[ 4 15]	0	[0. 0. 0. 0. 0. 0.]	False	[0.19907291 0.17271028 0.01337477 0.0265916  0.2713718  0.31687862]
[ 5 30]	0	[0. 0. 0. 0. 0. 0.]	False	[0.19907291 0.17271028 0.01337477 0.0265916  0.2713718  0.31687862]
[ 6 60]	1	[4.61696992 4.6252333  5.0280026  4.30399729 3.24034661 1.72793421]	True	[0.19907291 0.17271028 0.01337477 0.0265916  0.2713718  0.31687862]
[0 0]	0	[0. 0. 0. 0. 0. 0.]	False	[0.20222707 0.17741407 0.198035   0.08320329 0.08723287 0.2518877 ]
[1 0]	1	[0. 0. 0. 0. 0. 0.]	False	[0.20222707 0.17741407 0.198035   0.08320329 0.08723287 0.2518877 ]
[2 1]	0	[0. 0. 0. 0. 0. 0.]	False	[0.20222707 0.17741407 0.198035   0.08320329 0.08723287 0.2518877 ]
[3 2]	0	[0. 0. 0. 0. 0. 0.]	False	[0.20222707 0.17741407 0.198035   0.08320329 0.08723287 0.2518877 ]
[4 4]	1	[0. 0. 0. 0. 0. 0.]	False	[0.20222707 0.17741407 0.198035   0.08320329 0.08723287 0.2518877 ]
[5 9]	1	[0. 0. 0. 0. 0. 0.]	False	[0.20222707 0.17741407 0.198035   0.08320329 0.08723287 0.2518877 ]
[ 6 19]	1	[3.89471153 5.32895093 1.35814442 4.04568659 4.12513338 4.60484989]	True	[0.20222707 0.17741407 0.198035   0.08320329 0.08723287 0.2518877 ]
[0 0]	0	[0. 0. 0. 0. 0. 0.]	False	[0.41351768 0.02215428 0.07226809 0.054623   0.2511408  0.18629618]
[1 0]	1	[0. 0. 0. 0. 0. 0.]	False	[0.41351768 0.02215428 0.07226809 0.054623   0.2511408  0.18629618]
[2 1]	1	[0. 0. 0. 0. 0. 0.]	False	[0.41351768 0.02215428 0.07226809 0.054623   0.2511408  0.18629618]
[3 3]	0	[0. 0. 0. 0. 0. 0.]	False	[0.41351768 0.02215428 0.07226809 0.054623   0.2511408  0.18629618]
[4 6]	0	[0. 0. 0. 0. 0. 0.]	False	[0.41351768 0.02215428 0.07226809 0.054623   0.2511408  0.18629618]
[ 5 12]	1	[0. 0. 0. 0. 0. 0.]	False	[0.41351768 0.02215428 0.07226809 0.054623   0.2511408  0.18629618]
[ 6 25]	1	[1.81587798 3.88103491 6.91095741 2.44678365 1.42743937 5.08473102]	True	[0.41351768 0.02215428 0.07226809 0.054623   0.2511408  0.18629618]
[0 0]	0	[0. 0. 0. 0. 0. 0.]	False	[0.10091855 0.26110432 0.167012   0.14019589 0.05483957 0.2759297 ]
[1 0]	1	[0. 0. 0. 0. 0. 0.]	False	[0.10091855 0.26110432 0.167012   0.14019589 0.05483957 0.2759297 ]
[2 1]	0	[0. 0. 0. 0. 0. 0.]	False	[0.10091855 0.26110432 0.167012   0.14019589 0.05483957 0.2759297 ]
[3 2]	1	[0. 0. 0. 0. 0. 0.]	False	[0.10091855 0.26110432 0.167012   0.14019589 0.05483957 0.2759297 ]
[4 5]	1	[0. 0. 0. 0. 0. 0.]	False	[0.10091855 0.26110432 0.167012   0.14019589 0.05483957 0.2759297 ]
[ 5 11]	0	[0. 0. 0. 0. 0. 0.]	False	[0.10091855 0.26110432 0.167012   0.14019589 0.05483957 0.2759297 ]
[ 6 22]	0	[1.19433531 6.29760769 1.55051483 3.59191723 6.60212631 0.14022512]	True	[0.10091855 0.26110432 0.167012   0.14019589 0.05483957 0.2759297 ]
[0 0]	1	[0. 0. 0. 0. 0. 0.]	False	[0.13637318 0.3573253  0.08169922 0.15505804 0.09259637 0.17694789]
[1 1]	0	[0. 0. 0. 0. 0. 0.]	False	[0.13637318 0.3573253  0.08169922 0.15505804 0.09259637 0.17694789]
[2 2]	0	[0. 0. 0. 0. 0. 0.]	False	[0.13637318 0.3573253  0.08169922 0.15505804 0.09259637 0.17694789]
[3 4]	0	[0. 0. 0. 0. 0. 0.]	False	[0.13637318 0.3573253  0.08169922 0.15505804 0.09259637 0.17694789]
[4 8]	0	[0. 0. 0. 0. 0. 0.]	False	[0.13637318 0.3573253  0.08169922 0.15505804 0.09259637 0.17694789]
[ 5 16]	1	[0. 0. 0. 0. 0. 0.]	False	[0.13637318 0.3573253  0.08169922 0.15505804 0.09259637 0.17694789]
[ 6 33]	1	[2.76492957 4.10249912 5.39611053 5.09161003 3.89378732 2.30663915]	True	[0.13637318 0.3573253  0.08169922 0.15505804 0.09259637 0.17694789]
[0 0]	1	[0. 0. 0. 0. 0. 0.]	False	[0.06946301 0.16440004 0.15824229 0.10265217 0.29651234 0.2087302 ]
[1 1]	0	[0. 0. 0. 0. 0. 0.]	False	[0.06946301 0.16440004 0.15824229 0.10265217 0.29651234 0.2087302 ]
[2 2]	1	[0. 0. 0. 0. 0. 0.]	False	[0.06946301 0.16440004 0.15824229 0.10265217 0.29651234 0.2087302 ]
[3 5]	1	[0. 0. 0. 0. 0. 0.]	False	[0.06946301 0.16440004 0.15824229 0.10265217 0.29651234 0.2087302 ]
[ 4 11]	0	[0. 0. 0. 0. 0. 0.]	False	[0.06946301 0.16440004 0.15824229 0.10265217 0.29651234 0.2087302 ]
[ 5 22]	1	[0. 0. 0. 0. 0. 0.]	False	[0.06946301 0.16440004 0.15824229 0.10265217 0.29651234 0.2087302 ]
[ 6 45]	0	[2.28255306 2.45104299 0.21768383 1.84082889 6.48114612 6.5833918 ]	True	[0.06946301 0.16440004 0.15824229 0.10265217 0.29651234 0.2087302 ]
[0 0]	0	[0. 0. 0. 0. 0. 0.]	False	[0.00486786 0.26080072 0.04486994 0.15837905 0.30378476 0.22729765]
[1 0]	0	[0. 0. 0. 0. 0. 0.]	False	[0.00486786 0.26080072 0.04486994 0.15837905 0.30378476 0.22729765]
[2 0]	0	[0. 0. 0. 0. 0. 0.]	False	[0.00486786 0.26080072 0.04486994 0.15837905 0.30378476 0.22729765]
[3 0]	0	[0. 0. 0. 0. 0. 0.]	False	[0.00486786 0.26080072 0.04486994 0.15837905 0.30378476 0.22729765]
[4 0]	1	[0. 0. 0. 0. 0. 0.]	False	[0.00486786 0.26080072 0.04486994 0.15837905 0.30378476 0.22729765]
[5 1]	1	[0. 0. 0. 0. 0. 0.]	False	[0.00486786 0.26080072 0.04486994 0.15837905 0.30378476 0.22729765]
[6 3]	1	[2.06562582 5.11098416 6.29032188 4.60098502 0.38568959 2.9538216 ]	True	[0.00486786 0.26080072 0.04486994 0.15837905 0.30378476 0.22729765]
[0 0]	1	[0. 0. 0. 0. 0. 0.]	False	[0.19860265 0.16657387 0.1902493  0.3286043  0.10590757 0.01006226]
[1 1]	1	[0. 0. 0. 0. 0. 0.]	False	[0.19860265 0.16657387 0.1902493  0.3286043  0.10590757 0.01006226]
[2 3]	1	[0. 0. 0. 0. 0. 0.]	False	[0.19860265 0.16657387 0.1902493  0.3286043  0.10590757 0.01006226]
[3 7]	1	[0. 0. 0. 0. 0. 0.]	False	[0.19860265 0.16657387 0.1902493  0.3286043  0.10590757 0.01006226]
[ 4 15]	0	[0. 0. 0. 0. 0. 0.]	False	[0.19860265 0.16657387 0.1902493  0.3286043  0.10590757 0.01006226]
[ 5 30]	1	[0. 0. 0. 0. 0. 0.]	False	[0.19860265 0.16657387 0.1902493  0.3286043  0.10590757 0.01006226]
[ 6 61]	1	[5.6513731  0.06657199 0.99745488 4.47419538 3.55469208 5.86586515]	True	[0.19860265 0.16657387 0.1902493  0.3286043  0.10590757 0.01006226]
[0 0]	1	[0. 0. 0. 0. 0. 0.]	False	[0.17100401 0.21203436 0.17348811 0.21500565 0.13947678 0.08899108]
[1 1]	0	[0. 0. 0. 0. 0. 0.]	False	[0.17100401 0.21203436 0.17348811 0.21500565 0.13947678 0.08899108]
[2 2]	0	[0. 0. 0. 0. 0. 0.]	False	[0.17100401 0.21203436 0.17348811 0.21500565 0.13947678 0.08899108]
[3 4]	1	[0. 0. 0. 0. 0. 0.]	False	[0.17100401 0.21203436 0.17348811 0.21500565 0.13947678 0.08899108]
[4 9]	1	[0. 0. 0. 0. 0. 0.]	False	[0.17100401 0.21203436 0.17348811 0.21500565 0.13947678 0.08899108]
[ 5 19]	0	[0. 0. 0. 0. 0. 0.]	False	[0.17100401 0.21203436 0.17348811 0.21500565 0.13947678 0.08899108]
[ 6 38]	0	[5.12459705 2.87302371 0.4364415  2.27226903 7.07471522 3.17473726]	True	[0.17100401 0.21203436 0.17348811 0.21500565 0.13947678 0.08899108]
[0 0]	0	[0. 0. 0. 0. 0. 0.]	False	[0.03814144 0.00622313 0.25094125 0.3948188  0.07334565 0.2365297 ]
[1 0]	1	[0. 0. 0. 0. 0. 0.]	False	[0.03814144 0.00622313 0.25094125 0.3948188  0.07334565 0.2365297 ]
[2 1]	0	[0. 0. 0. 0. 0. 0.]	False	[0.03814144 0.00622313 0.25094125 0.3948188  0.07334565 0.2365297 ]
[3 2]	1	[0. 0. 0. 0. 0. 0.]	False	[0.03814144 0.00622313 0.25094125 0.3948188  0.07334565 0.2365297 ]
[4 5]	0	[0. 0. 0. 0. 0. 0.]	False	[0.03814144 0.00622313 0.25094125 0.3948188  0.07334565 0.2365297 ]
[ 5 10]	0	[0. 0. 0. 0. 0. 0.]	False	[0.03814144 0.00622313 0.25094125 0.3948188  0.07334565 0.2365297 ]
[ 6 20]	0	[2.41451158 1.50862356 1.41410605 0.51982294 5.57708595 7.64986205]	True	[0.03814144 0.00622313 0.25094125 0.3948188  0.07334565 0.2365297 ]
[0 0]	1	[0. 0. 0. 0. 0. 0.]	False	[0.08558131 0.30230048 0.25122017 0.00428183 0.13756955 0.21904665]
[1 1]	0	[0. 0. 0. 0. 0. 0.]	False	[0.08558131 0.30230048 0.25122017 0.00428183 0.13756955 0.21904665]
[2 2]	0	[0. 0. 0. 0. 0. 0.]	False	[0.08558131 0.30230048 0.25122017 0.00428183 0.13756955 0.21904665]
[3 4]	0	[0. 0. 0. 0. 0. 0.]	False	[0.08558131 0.30230048 0.25122017 0.00428183 0.13756955 0.21904665]
[4 8]	0	[0. 0. 0. 0. 0. 0.]	False	[0.08558131 0.30230048 0.25122017 0.00428183 0.13756955 0.21904665]
[ 5 16]	1	[0. 0. 0. 0. 0. 0.]	False	[0.08558131 0.30230048 0.25122017 0.00428183 0.13756955 0.21904665]
[ 6 33]	1	[2.76492957 4.10249912 5.39611053 5.09161003 3.89378732 2.30663915]	True	[0.08558131 0.30230048 0.25122017 0.00428183 0.13756955 0.21904665]
[0 0]	0	[0. 0. 0. 0. 0. 0.]	False	[0.05572722 0.17944364 0.24614842 0.13736576 0.22865131 0.15266365]
[1 0]	0	[0. 0. 0. 0. 0. 0.]	False	[0.05572722 0.17944364 0.24614842 0.13736576 0.22865131 0.15266365]
[2 0]	1	[0. 0. 0. 0. 0. 0.]	False	[0.05572722 0.17944364 0.24614842 0.13736576 0.22865131 0.15266365]
[3 1]	0	[0. 0. 0. 0. 0. 0.]	False	[0.05572722 0.17944364 0.24614842 0.13736576 0.22865131 0.15266365]
[4 2]	0	[0. 0. 0. 0. 0. 0.]	False	[0.05572722 0.17944364 0.24614842 0.13736576 0.22865131 0.15266365]
[5 4]	0	[0. 0. 0. 0. 0. 0.]	False	[0.05572722 0.17944364 0.24614842 0.13736576 0.22865131 0.15266365]
[6 8]	1	[5.1054928  6.36812455 4.58494717 1.22495898 2.39242255 2.26604992]	True	[0.05572722 0.17944364 0.24614842 0.13736576 0.22865131 0.15266365]
[0 0]	1	[0. 0. 0. 0. 0. 0.]	False	[0.25491747 0.07965891 0.08276657 0.03738244 0.22183238 0.3234423 ]
[1 1]	1	[0. 0. 0. 0. 0. 0.]	False	[0.25491747 0.07965891 0.08276657 0.03738244 0.22183238 0.3234423 ]
[2 3]	1	[0. 0. 0. 0. 0. 0.]	False	[0.25491747 0.07965891 0.08276657 0.03738244 0.22183238 0.3234423 ]
[3 7]	0	[0. 0. 0. 0. 0. 0.]	False	[0.25491747 0.07965891 0.08276657 0.03738244 0.22183238 0.3234423 ]
[ 4 14]	1	[0. 0. 0. 0. 0. 0.]	False	[0.25491747 0.07965891 0.08276657 0.03738244 0.22183238 0.3234423 ]
[ 5 29]	0	[0. 0. 0. 0. 0. 0.]	False	[0.25491747 0.07965891 0.08276657 0.03738244 0.22183238 0.3234423 ]
[ 6 58]	1	[2.83343404 4.99152641 4.6123303  6.57058571 0.84136667 1.37921369]	True	[0.25491747 0.07965891 0.08276657 0.03738244 0.22183238 0.3234423 ]
[0 0]	1	[0. 0. 0. 0. 0. 0.]	False	[0.10270569 0.11788032 0.35301396 0.00481144 0.27675027 0.14483836]
[1 1]	1	[0. 0. 0. 0. 0. 0.]	False	[0.10270569 0.11788032 0.35301396 0.00481144 0.27675027 0.14483836]
[2 3]	0	[0. 0. 0. 0. 0. 0.]	False	[0.10270569 0.11788032 0.35301396 0.00481144 0.27675027 0.14483836]
[3 6]	0	[0. 0. 0. 0. 0. 0.]	False	[0.10270569 0.11788032 0.35301396 0.00481144 0.27675027 0.14483836]
[ 4 12]	1	[0. 0. 0. 0. 0. 0.]	False	[0.10270569 0.11788032 0.35301396 0.00481144 0.27675027 0.14483836]
[ 5 25]	0	[0. 0. 0. 0. 0. 0.]	False	[0.10270569 0.11788032 0.35301396 0.00481144 0.27675027 0.14483836]
[ 6 50]	1	[6.80965923 2.23215998 2.63179708 6.09494365 1.63349762 1.37949068]	True	[0.10270569 0.11788032 0.35301396 0.00481144 0.27675027 0.14483836]
[0 0]	0	[0. 0. 0. 0. 0. 0.]	False	[0.11167365 0.32302475 0.07148545 0.2686374  0.00350039 0.22167836]
[1 0]	0	[0. 0. 0. 0. 0. 0.]	False	[0.11167365 0.32302475 0.07148545 0.2686374  0.00350039 0.22167836]
[2 0]	1	[0. 0. 0. 0. 0. 0.]	False	[0.11167365 0.32302475 0.07148545 0.2686374  0.00350039 0.22167836]
[3 1]	1	[0. 0. 0. 0. 0. 0.]	False	[0.11167365 0.32302475 0.07148545 0.2686374  0.00350039 0.22167836]
[4 3]	0	[0. 0. 0. 0. 0. 0.]	False	[0.11167365 0.32302475 0.07148545 0.2686374  0.00350039 0.22167836]
[5 6]	1	[0. 0. 0. 0. 0. 0.]	False	[0.11167365 0.32302475 0.07148545 0.2686374  0.00350039 0.22167836]
[ 6 13]	1	[0.54574584 2.42444606 1.60434868 3.73649348 1.26056229 8.70056821]	True	[0.11167365 0.32302475 0.07148545 0.2686374  0.00350039 0.22167836]
[0 0]	0	[0. 0. 0. 0. 0. 0.]	False	[0.1159574  0.07600397 0.35242254 0.11536676 0.29526854 0.04498075]
[1 0]	0	[0. 0. 0. 0. 0. 0.]	False	[0.1159574  0.07600397 0.35242254 0.11536676 0.29526854 0.04498075]
[2 0]	1	[0. 0. 0. 0. 0. 0.]	False	[0.1159574  0.07600397 0.35242254 0.11536676 0.29526854 0.04498075]
[3 1]	0	[0. 0. 0. 0. 0. 0.]	False	[0.1159574  0.07600397 0.35242254 0.11536676 0.29526854 0.04498075]
[4 2]	0	[0. 0. 0. 0. 0. 0.]	False	[0.1159574  0.07600397 0.35242254 0.11536676 0.29526854 0.04498075]
[5 4]	1	[0. 0. 0. 0. 0. 0.]	False	[0.1159574  0.07600397 0.35242254 0.11536676 0.29526854 0.04498075]
[6 9]	1	[2.41451522 6.11407574 0.02657181 3.15297076 6.55980963 1.95324369]	True	[0.1159574  0.07600397 0.35242254 0.11536676 0.29526854 0.04498075]
[0 0]	1	[0. 0. 0. 0. 0. 0.]	False	[0.04388587 0.26088944 0.17684764 0.31425807 0.0176761  0.18644284]
[1 1]	1	[0. 0. 0. 0. 0. 0.]	False	[0.04388587 0.26088944 0.17684764 0.31425807 0.0176761  0.18644284]
[2 3]	1	[0. 0. 0. 0. 0. 0.]	False	[0.04388587 0.26088944 0.17684764 0.31425807 0.0176761  0.18644284]
[3 7]	0	[0. 0. 0. 0. 0. 0.]	False	[0.04388587 0.26088944 0.17684764 0.31425807 0.0176761  0.18644284]
[ 4 14]	1	[0. 0. 0. 0. 0. 0.]	False	[0.04388587 0.26088944 0.17684764 0.31425807 0.0176761  0.18644284]
[ 5 29]	0	[0. 0. 0. 0. 0. 0.]	False	[0.04388587 0.26088944 0.17684764 0.31425807 0.0176761  0.18644284]
[ 6 58]	0	[1.87916271 8.77986293 0.14218332 2.30457011 2.26344244 2.98803   ]	True	[0.04388587 0.26088944 0.17684764 0.31425807 0.0176761  0.18644284]
[0 0]	1	[0. 0. 0. 0. 0. 0.]	False	[0.3216251  0.136656   0.12859206 0.10932158 0.04997265 0.25383258]
[1 1]	0	[0. 0. 0. 0. 0. 0.]	False	[0.3216251  0.136656   0.12859206 0.10932158 0.04997265 0.25383258]
[2 2]	0	[0. 0. 0. 0. 0. 0.]	False	[0.3216251  0.136656   0.12859206 0.10932158 0.04997265 0.25383258]
[3 4]	1	[0. 0. 0. 0. 0. 0.]	False	[0.3216251  0.136656   0.12859206 0.10932158 0.04997265 0.25383258]
[4 9]	1	[0. 0. 0. 0. 0. 0.]	False	[0.3216251  0.136656   0.12859206 0.10932158 0.04997265 0.25383258]
[ 5 19]	0	[0. 0. 0. 0. 0. 0.]	False	[0.3216251  0.136656   0.12859206 0.10932158 0.04997265 0.25383258]
[ 6 38]	1	[0.70178603 2.88216063 4.06577522 6.39365228 5.80793442 0.24336517]	True	[0.3216251  0.136656   0.12859206 0.10932158 0.04997265 0.25383258]
[0 0]	0	[0. 0. 0. 0. 0. 0.]	False	[0.12376776 0.19405532 0.03753596 0.22602586 0.34041843 0.0781967 ]
[1 0]	1	[0. 0. 0. 0. 0. 0.]	False	[0.12376776 0.19405532 0.03753596 0.22602586 0.34041843 0.0781967 ]
[2 1]	1	[0. 0. 0. 0. 0. 0.]	False	[0.12376776 0.19405532 0.03753596 0.22602586 0.34041843 0.0781967 ]
[3 3]	0	[0. 0. 0. 0. 0. 0.]	False	[0.12376776 0.19405532 0.03753596 0.22602586 0.34041843 0.0781967 ]
[4 6]	1	[0. 0. 0. 0. 0. 0.]	False	[0.12376776 0.19405532 0.03753596 0.22602586 0.34041843 0.0781967 ]
[ 5 13]	1	[0. 0. 0. 0. 0. 0.]	False	[0.12376776 0.19405532 0.03753596 0.22602586 0.34041843 0.0781967 ]
[ 6 27]	1	[1.46014514 1.17338868 1.66221135 3.56456484 7.12719319 5.49774348]	True	[0.12376776 0.19405532 0.03753596 0.22602586 0.34041843 0.0781967 ]
[0 0]	0	[0. 0. 0. 0. 0. 0.]	False	[0.05998343 0.04968026 0.25627506 0.44824493 0.15225545 0.03356083]
[1 0]	1	[0. 0. 0. 0. 0. 0.]	False	[0.05998343 0.04968026 0.25627506 0.44824493 0.15225545 0.03356083]
[2 1]	1	[0. 0. 0. 0. 0. 0.]	False	[0.05998343 0.04968026 0.25627506 0.44824493 0.15225545 0.03356083]
[3 3]	1	[0. 0. 0. 0. 0. 0.]	False	[0.05998343 0.04968026 0.25627506 0.44824493 0.15225545 0.03356083]
[4 7]	1	[0. 0. 0. 0. 0. 0.]	False	[0.05998343 0.04968026 0.25627506 0.44824493 0.15225545 0.03356083]
[ 5 15]	0	[0. 0. 0. 0. 0. 0.]	False	[0.05998343 0.04968026 0.25627506 0.44824493 0.15225545 0.03356083]
[ 6 30]	1	[4.63626603 0.39739091 0.76906016 4.12608336 1.14102927 7.70903059]	True	[0.05998343 0.04968026 0.25627506 0.44824493 0.15225545 0.03356083]
[0 0]	1	[0. 0. 0. 0. 0. 0.]	False	[0.1263763  0.08315662 0.09380905 0.02270329 0.10138692 0.5725679 ]
[1 1]	0	[0. 0. 0. 0. 0. 0.]	False	[0.1263763  0.08315662 0.09380905 0.02270329 0.10138692 0.5725679 ]
[2 2]	1	[0. 0. 0. 0. 0. 0.]	False	[0.1263763  0.08315662 0.09380905 0.02270329 0.10138692 0.5725679 ]
[3 5]	0	[0. 0. 0. 0. 0. 0.]	False	[0.1263763  0.08315662 0.09380905 0.02270329 0.10138692 0.5725679 ]
[ 4 10]	0	[0. 0. 0. 0. 0. 0.]	False	[0.1263763  0.08315662 0.09380905 0.02270329 0.10138692 0.5725679 ]
[ 5 20]	0	[0. 0. 0. 0. 0. 0.]	False	[0.1263763  0.08315662 0.09380905 0.02270329 0.10138692 0.5725679 ]
[ 6 40]	1	[3.26246217 3.77555064 5.13658315 5.95335244 0.50710019 3.60797944]	True	[0.1263763  0.08315662 0.09380905 0.02270329 0.10138692 0.5725679 ]
[0 0]	1	[0. 0. 0. 0. 0. 0.]	False	[0.15077633 0.27326068 0.13584813 0.02037307 0.22855492 0.19118692]
[1 1]	1	[0. 0. 0. 0. 0. 0.]	False	[0.15077633 0.27326068 0.13584813 0.02037307 0.22855492 0.19118692]
[2 3]	1	[0. 0. 0. 0. 0. 0.]	False	[0.15077633 0.27326068 0.13584813 0.02037307 0.22855492 0.19118692]
[3 7]	0	[0. 0. 0. 0. 0. 0.]	False	[0.15077633 0.27326068 0.13584813 0.02037307 0.22855492 0.19118692]
[ 4 14]	0	[0. 0. 0. 0. 0. 0.]	False	[0.15077633 0.27326068 0.13584813 0.02037307 0.22855492 0.19118692]
[ 5 28]	0	[0. 0. 0. 0. 0. 0.]	False	[0.15077633 0.27326068 0.13584813 0.02037307 0.22855492 0.19118692]
[ 6 56]	1	[2.48584079 5.07531399 4.43407763 4.51885124 3.70528802 3.77512426]	True	[0.15077633 0.27326068 0.13584813 0.02037307 0.22855492 0.19118692]
[0 0]	0	[0. 0. 0. 0. 0. 0.]	False	[0.09477471 0.05258688 0.01038118 0.1017198  0.603152   0.13738544]
[1 0]	0	[0. 0. 0. 0. 0. 0.]	False	[0.09477471 0.05258688 0.01038118 0.1017198  0.603152   0.13738544]
[2 0]	1	[0. 0. 0. 0. 0. 0.]	False	[0.09477471 0.05258688 0.01038118 0.1017198  0.603152   0.13738544]
[3 1]	1	[0. 0. 0. 0. 0. 0.]	False	[0.09477471 0.05258688 0.01038118 0.1017198  0.603152   0.13738544]
[4 3]	0	[0. 0. 0. 0. 0. 0.]	False	[0.09477471 0.05258688 0.01038118 0.1017198  0.603152   0.13738544]
[5 6]	1	[0. 0. 0. 0. 0. 0.]	False	[0.09477471 0.05258688 0.01038118 0.1017198  0.603152   0.13738544]
[ 6 13]	0	[2.30298197 3.29946741 4.49935456 5.346016   5.21029158 2.79974498]	True	[0.09477471 0.05258688 0.01038118 0.1017198  0.603152   0.13738544]
[0 0]	0	[0. 0. 0. 0. 0. 0.]	False	[0.14267015 0.09280767 0.09274127 0.26467404 0.37341633 0.03369047]
[1 0]	0	[0. 0. 0. 0. 0. 0.]	False	[0.14267015 0.09280767 0.09274127 0.26467404 0.37341633 0.03369047]
[2 0]	1	[0. 0. 0. 0. 0. 0.]	False	[0.14267015 0.09280767 0.09274127 0.26467404 0.37341633 0.03369047]
[3 1]	1	[0. 0. 0. 0. 0. 0.]	False	[0.14267015 0.09280767 0.09274127 0.26467404 0.37341633 0.03369047]
[4 3]	1	[0. 0. 0. 0. 0. 0.]	False	[0.14267015 0.09280767 0.09274127 0.26467404 0.37341633 0.03369047]
[5 7]	0	[0. 0. 0. 0. 0. 0.]	False	[0.14267015 0.09280767 0.09274127 0.26467404 0.37341633 0.03369047]
[ 6 14]	0	[3.61195169 6.6502628  3.7480077  2.29512444 0.09778884 4.83767393]	True	[0.14267015 0.09280767 0.09274127 0.26467404 0.37341633 0.03369047]
[0 0]	0	[0. 0. 0. 0. 0. 0.]	False	[0.11023264 0.18784879 0.13584885 0.36277357 0.09712887 0.10616734]
[1 0]	1	[0. 0. 0. 0. 0. 0.]	False	[0.11023264 0.18784879 0.13584885 0.36277357 0.09712887 0.10616734]
[2 1]	1	[0. 0. 0. 0. 0. 0.]	False	[0.11023264 0.18784879 0.13584885 0.36277357 0.09712887 0.10616734]
[3 3]	0	[0. 0. 0. 0. 0. 0.]	False	[0.11023264 0.18784879 0.13584885 0.36277357 0.09712887 0.10616734]
[4 6]	0	[0. 0. 0. 0. 0. 0.]	False	[0.11023264 0.18784879 0.13584885 0.36277357 0.09712887 0.10616734]
[ 5 12]	0	[0. 0. 0. 0. 0. 0.]	False	[0.11023264 0.18784879 0.13584885 0.36277357 0.09712887 0.10616734]
[ 6 24]	0	[1.6815047  2.41378962 3.08030571 2.26997261 6.68549178 5.6576764 ]	True	[0.11023264 0.18784879 0.13584885 0.36277357 0.09712887 0.10616734]
[0 0]	0	[0. 0. 0. 0. 0. 0.]	False	[0.2629582  0.14076932 0.02060898 0.06099097 0.0928534  0.42181912]
[1 0]	0	[0. 0. 0. 0. 0. 0.]	False	[0.2629582  0.14076932 0.02060898 0.06099097 0.0928534  0.42181912]
[2 0]	0	[0. 0. 0. 0. 0. 0.]	False	[0.2629582  0.14076932 0.02060898 0.06099097 0.0928534  0.42181912]
[3 0]	1	[0. 0. 0. 0. 0. 0.]	False	[0.2629582  0.14076932 0.02060898 0.06099097 0.0928534  0.42181912]
[4 1]	1	[0. 0. 0. 0. 0. 0.]	False	[0.2629582  0.14076932 0.02060898 0.06099097 0.0928534  0.42181912]
[5 3]	1	[0. 0. 0. 0. 0. 0.]	False	[0.2629582  0.14076932 0.02060898 0.06099097 0.0928534  0.42181912]
[6 7]	1	[0.39341137 4.84127331 1.70702545 1.67922015 8.35107069 0.96602394]	True	[0.2629582  0.14076932 0.02060898 0.06099097 0.0928534  0.42181912]
[0 0]	0	[0. 0. 0. 0. 0. 0.]	False	[0.17903581 0.09274956 0.20242609 0.02132906 0.2518781  0.25258133]
[1 0]	1	[0. 0. 0. 0. 0. 0.]	False	[0.17903581 0.09274956 0.20242609 0.02132906 0.2518781  0.25258133]
[2 1]	0	[0. 0. 0. 0. 0. 0.]	False	[0.17903581 0.09274956 0.20242609 0.02132906 0.2518781  0.25258133]
[3 2]	1	[0. 0. 0. 0. 0. 0.]	False	[0.17903581 0.09274956 0.20242609 0.02132906 0.2518781  0.25258133]
[4 5]	1	[0. 0. 0. 0. 0. 0.]	False	[0.17903581 0.09274956 0.20242609 0.02132906 0.2518781  0.25258133]
[ 5 11]	1	[0. 0. 0. 0. 0. 0.]	False	[0.17903581 0.09274956 0.20242609 0.02132906 0.2518781  0.25258133]
[ 6 23]	1	[5.92805521 2.3177211  2.46175229 4.4635724  1.63871164 5.55132881]	True	[0.17903581 0.09274956 0.20242609 0.02132906 0.2518781  0.25258133]
[0 0]	1	[0. 0. 0. 0. 0. 0.]	False	[0.08788168 0.2736938  0.12658545 0.19209963 0.25227866 0.06746071]
[1 1]	1	[0. 0. 0. 0. 0. 0.]	False	[0.08788168 0.2736938  0.12658545 0.19209963 0.25227866 0.06746071]
[2 3]	1	[0. 0. 0. 0. 0. 0.]	False	[0.08788168 0.2736938  0.12658545 0.19209963 0.25227866 0.06746071]
[3 7]	1	[0. 0. 0. 0. 0. 0.]	False	[0.08788168 0.2736938  0.12658545 0.19209963 0.25227866 0.06746071]
[ 4 15]	1	[0. 0. 0. 0. 0. 0.]	False	[0.08788168 0.2736938  0.12658545 0.19209963 0.25227866 0.06746071]
[ 5 31]	0	[0. 0. 0. 0. 0. 0.]	False	[0.08788168 0.2736938  0.12658545 0.19209963 0.25227866 0.06746071]
[ 6 62]	0	[0.68558487 0.30887798 2.04370625 9.13806017 3.13470834 1.38826961]	True	[0.08788168 0.2736938  0.12658545 0.19209963 0.25227866 0.06746071]
[0 0]	1	[0. 0. 0. 0. 0. 0.]	False	[0.05592644 0.00573559 0.3453607  0.287324   0.05614525 0.24950801]
[1 1]	1	[0. 0. 0. 0. 0. 0.]	False	[0.05592644 0.00573559 0.3453607  0.287324   0.05614525 0.24950801]
[2 3]	1	[0. 0. 0. 0. 0. 0.]	False	[0.05592644 0.00573559 0.3453607  0.287324   0.05614525 0.24950801]
[3 7]	1	[0. 0. 0. 0. 0. 0.]	False	[0.05592644 0.00573559 0.3453607  0.287324   0.05614525 0.24950801]
[ 4 15]	1	[0. 0. 0. 0. 0. 0.]	False	[0.05592644 0.00573559 0.3453607  0.287324   0.05614525 0.24950801]
[ 5 31]	1	[0. 0. 0. 0. 0. 0.]	False	[0.05592644 0.00573559 0.3453607  0.287324   0.05614525 0.24950801]
[ 6 63]	1	[1.68967122 1.11253309 3.74425011 3.12606095 3.20780397 7.86292624]	True	[0.05592644 0.00573559 0.3453607  0.287324   0.05614525 0.24950801]
[0 0]	0	[0. 0. 0. 0. 0. 0.]	False	[0.6365722  0.00611865 0.00261216 0.07910841 0.14773044 0.12785825]
[1 0]	1	[0. 0. 0. 0. 0. 0.]	False	[0.6365722  0.00611865 0.00261216 0.07910841 0.14773044 0.12785825]
[2 1]	0	[0. 0. 0. 0. 0. 0.]	False	[0.6365722  0.00611865 0.00261216 0.07910841 0.14773044 0.12785825]
[3 2]	1	[0. 0. 0. 0. 0. 0.]	False	[0.6365722  0.00611865 0.00261216 0.07910841 0.14773044 0.12785825]
[4 5]	0	[0. 0. 0. 0. 0. 0.]	False	[0.6365722  0.00611865 0.00261216 0.07910841 0.14773044 0.12785825]
[ 5 10]	1	[0. 0. 0. 0. 0. 0.]	False	[0.6365722  0.00611865 0.00261216 0.07910841 0.14773044 0.12785825]
[ 6 21]	0	[0.57978779 6.09839275 7.76016689 0.41757963 0.93387774 1.09852695]	True	[0.6365722  0.00611865 0.00261216 0.07910841 0.14773044 0.12785825]
[0 0]	0	[0. 0. 0. 0. 0. 0.]	False	[0.30710673 0.04231469 0.3173604  0.00382121 0.2381774  0.09121952]
[1 0]	0	[0. 0. 0. 0. 0. 0.]	False	[0.30710673 0.04231469 0.3173604  0.00382121 0.2381774  0.09121952]
[2 0]	1	[0. 0. 0. 0. 0. 0.]	False	[0.30710673 0.04231469 0.3173604  0.00382121 0.2381774  0.09121952]
[3 1]	1	[0. 0. 0. 0. 0. 0.]	False	[0.30710673 0.04231469 0.3173604  0.00382121 0.2381774  0.09121952]
[4 3]	0	[0. 0. 0. 0. 0. 0.]	False	[0.30710673 0.04231469 0.3173604  0.00382121 0.2381774  0.09121952]
[5 6]	0	[0. 0. 0. 0. 0. 0.]	False	[0.30710673 0.04231469 0.3173604  0.00382121 0.2381774  0.09121952]
[ 6 12]	0	[4.61573836 0.10237836 3.84736614 7.75293952 1.19594946 1.53097533]	True	[0.30710673 0.04231469 0.3173604  0.00382121 0.2381774  0.09121952]
[0 0]	0	[0. 0. 0. 0. 0. 0.]	False	[0.14498557 0.21977341 0.14975305 0.27168727 0.07213598 0.14166474]
[1 0]	0	[0. 0. 0. 0. 0. 0.]	False	[0.14498557 0.21977341 0.14975305 0.27168727 0.07213598 0.14166474]
[2 0]	1	[0. 0. 0. 0. 0. 0.]	False	[0.14498557 0.21977341 0.14975305 0.27168727 0.07213598 0.14166474]
[3 1]	0	[0. 0. 0. 0. 0. 0.]	False	[0.14498557 0.21977341 0.14975305 0.27168727 0.07213598 0.14166474]
[4 2]	1	[0. 0. 0. 0. 0. 0.]	False	[0.14498557 0.21977341 0.14975305 0.27168727 0.07213598 0.14166474]
[5 5]	1	[0. 0. 0. 0. 0. 0.]	False	[0.14498557 0.21977341 0.14975305 0.27168727 0.07213598 0.14166474]
[ 6 11]	0	[6.04985605 2.15313597 3.01872538 2.14930505 6.31431071 2.27167613]	True	[0.14498557 0.21977341 0.14975305 0.27168727 0.07213598 0.14166474]
[0 0]	1	[0. 0. 0. 0. 0. 0.]	False	[0.01315652 0.29339576 0.0814485  0.21607861 0.16903159 0.22688904]
[1 1]	1	[0. 0. 0. 0. 0. 0.]	False	[0.01315652 0.29339576 0.0814485  0.21607861 0.16903159 0.22688904]
[2 3]	0	[0. 0. 0. 0. 0. 0.]	False	[0.01315652 0.29339576 0.0814485  0.21607861 0.16903159 0.22688904]
[3 6]	0	[0. 0. 0. 0. 0. 0.]	False	[0.01315652 0.29339576 0.0814485  0.21607861 0.16903159 0.22688904]
[ 4 12]	0	[0. 0. 0. 0. 0. 0.]	False	[0.01315652 0.29339576 0.0814485  0.21607861 0.16903159 0.22688904]
[ 5 24]	1	[0. 0. 0. 0. 0. 0.]	False	[0.01315652 0.29339576 0.0814485  0.21607861 0.16903159 0.22688904]
[ 6 49]	0	[0.77144415 4.40756648 2.838536   3.65761195 7.28753539 2.3312331 ]	True	[0.01315652 0.29339576 0.0814485  0.21607861 0.16903159 0.22688904]
[0 0]	1	[0. 0. 0. 0. 0. 0.]	False	[0.0404055  0.19179386 0.17256883 0.2734987  0.18028922 0.14144391]
[1 1]	1	[0. 0. 0. 0. 0. 0.]	False	[0.0404055  0.19179386 0.17256883 0.2734987  0.18028922 0.14144391]
[2 3]	0	[0. 0. 0. 0. 0. 0.]	False	[0.0404055  0.19179386 0.17256883 0.2734987  0.18028922 0.14144391]
[3 6]	0	[0. 0. 0. 0. 0. 0.]	False	[0.0404055  0.19179386 0.17256883 0.2734987  0.18028922 0.14144391]
[ 4 12]	1	[0. 0. 0. 0. 0. 0.]	False	[0.0404055  0.19179386 0.17256883 0.2734987  0.18028922 0.14144391]
[ 5 25]	1	[0. 0. 0. 0. 0. 0.]	False	[0.0404055  0.19179386 0.17256883 0.2734987  0.18028922 0.14144391]
[ 6 51]	1	[4.39372404 0.06868095 4.42865756 5.35634714 1.48055098 5.49499576]	True	[0.0404055  0.19179386 0.17256883 0.2734987  0.18028922 0.14144391]
[0 0]	0	[0. 0. 0. 0. 0. 0.]	False	[0.29676732 0.03748205 0.12834595 0.17517915 0.36175692 0.00046863]
[1 0]	1	[0. 0. 0. 0. 0. 0.]	False	[0.29676732 0.03748205 0.12834595 0.17517915 0.36175692 0.00046863]
[2 1]	1	[0. 0. 0. 0. 0. 0.]	False	[0.29676732 0.03748205 0.12834595 0.17517915 0.36175692 0.00046863]
[3 3]	0	[0. 0. 0. 0. 0. 0.]	False	[0.29676732 0.03748205 0.12834595 0.17517915 0.36175692 0.00046863]
[4 6]	0	[0. 0. 0. 0. 0. 0.]	False	[0.29676732 0.03748205 0.12834595 0.17517915 0.36175692 0.00046863]
[ 5 12]	0	[0. 0. 0. 0. 0. 0.]	False	[0.29676732 0.03748205 0.12834595 0.17517915 0.36175692 0.00046863]
[ 6 24]	1	[5.91934684 1.69803498 2.00819247 0.77198553 7.45425308 1.37234202]	True	[0.29676732 0.03748205 0.12834595 0.17517915 0.36175692 0.00046863]
[0 0]	0	[0. 0. 0. 0. 0. 0.]	False	[0.2983436  0.19553205 0.29680344 0.006162   0.16379716 0.03936175]
[1 0]	0	[0. 0. 0. 0. 0. 0.]	False	[0.2983436  0.19553205 0.29680344 0.006162   0.16379716 0.03936175]
[2 0]	0	[0. 0. 0. 0. 0. 0.]	False	[0.2983436  0.19553205 0.29680344 0.006162   0.16379716 0.03936175]
[3 0]	1	[0. 0. 0. 0. 0. 0.]	False	[0.2983436  0.19553205 0.29680344 0.006162   0.16379716 0.03936175]
[4 1]	0	[0. 0. 0. 0. 0. 0.]	False	[0.2983436  0.19553205 0.29680344 0.006162   0.16379716 0.03936175]
[5 2]	0	[0. 0. 0. 0. 0. 0.]	False	[0.2983436  0.19553205 0.29680344 0.006162   0.16379716 0.03936175]
[6 4]	1	[1.24387716 2.36413212 3.54918392 7.29005232 5.20695449 0.0985117 ]	True	[0.2983436  0.19553205 0.29680344 0.006162   0.16379716 0.03936175]
[0 0]	0	[0. 0. 0. 0. 0. 0.]	False	[0.1471539  0.09249128 0.22938748 0.26594317 0.16284563 0.10217845]
[1 0]	0	[0. 0. 0. 0. 0. 0.]	False	[0.1471539  0.09249128 0.22938748 0.26594317 0.16284563 0.10217845]
[2 0]	0	[0. 0. 0. 0. 0. 0.]	False	[0.1471539  0.09249128 0.22938748 0.26594317 0.16284563 0.10217845]
[3 0]	0	[0. 0. 0. 0. 0. 0.]	False	[0.1471539  0.09249128 0.22938748 0.26594317 0.16284563 0.10217845]
[4 0]	1	[0. 0. 0. 0. 0. 0.]	False	[0.1471539  0.09249128 0.22938748 0.26594317 0.16284563 0.10217845]
[5 1]	0	[0. 0. 0. 0. 0. 0.]	False	[0.1471539  0.09249128 0.22938748 0.26594317 0.16284563 0.10217845]
[6 2]	1	[6.88088248 6.02843423 0.02104655 4.00481529 0.48111127 0.20243633]	True	[0.1471539  0.09249128 0.22938748 0.26594317 0.16284563 0.10217845]
[0 0]	1	[0. 0. 0. 0. 0. 0.]	False	[0.23403417 0.15410537 0.05690202 0.18113086 0.16753209 0.2062955 ]
[1 1]	1	[0. 0. 0. 0. 0. 0.]	False	[0.23403417 0.15410537 0.05690202 0.18113086 0.16753209 0.2062955 ]
[2 3]	1	[0. 0. 0. 0. 0. 0.]	False	[0.23403417 0.15410537 0.05690202 0.18113086 0.16753209 0.2062955 ]
[3 7]	1	[0. 0. 0. 0. 0. 0.]	False	[0.23403417 0.15410537 0.05690202 0.18113086 0.16753209 0.2062955 ]
[ 4 15]	0	[0. 0. 0. 0. 0. 0.]	False	[0.23403417 0.15410537 0.05690202 0.18113086 0.16753209 0.2062955 ]
[ 5 30]	0	[0. 0. 0. 0. 0. 0.]	False	[0.23403417 0.15410537 0.05690202 0.18113086 0.16753209 0.2062955 ]
[ 6 60]	1	[4.61696992 4.6252333  5.0280026  4.30399729 3.24034661 1.72793421]	True	[0.23403417 0.15410537 0.05690202 0.18113086 0.16753209 0.2062955 ]
[0 0]	0	[0. 0. 0. 0. 0. 0.]	False	[0.00383666 0.05296198 0.009971   0.24315174 0.15688199 0.5331966 ]
[1 0]	0	[0. 0. 0. 0. 0. 0.]	False	[0.00383666 0.05296198 0.009971   0.24315174 0.15688199 0.5331966 ]
[2 0]	0	[0. 0. 0. 0. 0. 0.]	False	[0.00383666 0.05296198 0.009971   0.24315174 0.15688199 0.5331966 ]
[3 0]	0	[0. 0. 0. 0. 0. 0.]	False	[0.00383666 0.05296198 0.009971   0.24315174 0.15688199 0.5331966 ]
[4 0]	1	[0. 0. 0. 0. 0. 0.]	False	[0.00383666 0.05296198 0.009971   0.24315174 0.15688199 0.5331966 ]
[5 1]	1	[0. 0. 0. 0. 0. 0.]	False	[0.00383666 0.05296198 0.009971   0.24315174 0.15688199 0.5331966 ]
[6 3]	0	[0.96132316 1.9137132  0.94262497 3.51414795 1.61855745 8.91942003]	True	[0.00383666 0.05296198 0.009971   0.24315174 0.15688199 0.5331966 ]
[0 0]	0	[0. 0. 0. 0. 0. 0.]	False	[0.07540585 0.21921438 0.22499424 0.04146385 0.1703274  0.2685943 ]
[1 0]	1	[0. 0. 0. 0. 0. 0.]	False	[0.07540585 0.21921438 0.22499424 0.04146385 0.1703274  0.2685943 ]
[2 1]	1	[0. 0. 0. 0. 0. 0.]	False	[0.07540585 0.21921438 0.22499424 0.04146385 0.1703274  0.2685943 ]
[3 3]	0	[0. 0. 0. 0. 0. 0.]	False	[0.07540585 0.21921438 0.22499424 0.04146385 0.1703274  0.2685943 ]
[4 6]	0	[0. 0. 0. 0. 0. 0.]	False	[0.07540585 0.21921438 0.22499424 0.04146385 0.1703274  0.2685943 ]
[ 5 12]	0	[0. 0. 0. 0. 0. 0.]	False	[0.07540585 0.21921438 0.22499424 0.04146385 0.1703274  0.2685943 ]
[ 6 24]	0	[1.6815047  2.41378962 3.08030571 2.26997261 6.68549178 5.6576764 ]	True	[0.07540585 0.21921438 0.22499424 0.04146385 0.1703274  0.2685943 ]
[0 0]	1	[0. 0. 0. 0. 0. 0.]	False	[0.08645399 0.5148529  0.07136613 0.04396658 0.1763468  0.10701361]
[1 1]	1	[0. 0. 0. 0. 0. 0.]	False	[0.08645399 0.5148529  0.07136613 0.04396658 0.1763468  0.10701361]
[2 3]	0	[0. 0. 0. 0. 0. 0.]	False	[0.08645399 0.5148529  0.07136613 0.04396658 0.1763468  0.10701361]
[3 6]	0	[0. 0. 0. 0. 0. 0.]	False	[0.08645399 0.5148529  0.07136613 0.04396658 0.1763468  0.10701361]
[ 4 12]	1	[0. 0. 0. 0. 0. 0.]	False	[0.08645399 0.5148529  0.07136613 0.04396658 0.1763468  0.10701361]
[ 5 25]	1	[0. 0. 0. 0. 0. 0.]	False	[0.08645399 0.5148529  0.07136613 0.04396658 0.1763468  0.10701361]
[ 6 51]	0	[2.87351031 0.55340637 5.41604829 3.55340001 1.9120754  6.769078  ]	True	[0.08645399 0.5148529  0.07136613 0.04396658 0.1763468  0.10701361]
[0 0]	1	[0. 0. 0. 0. 0. 0.]	False	[0.42306057 0.17019345 0.21896634 0.00145028 0.04348055 0.14284877]
[1 1]	0	[0. 0. 0. 0. 0. 0.]	False	[0.42306057 0.17019345 0.21896634 0.00145028 0.04348055 0.14284877]
[2 2]	0	[0. 0. 0. 0. 0. 0.]	False	[0.42306057 0.17019345 0.21896634 0.00145028 0.04348055 0.14284877]
[3 4]	0	[0. 0. 0. 0. 0. 0.]	False	[0.42306057 0.17019345 0.21896634 0.00145028 0.04348055 0.14284877]
[4 8]	0	[0. 0. 0. 0. 0. 0.]	False	[0.42306057 0.17019345 0.21896634 0.00145028 0.04348055 0.14284877]
[ 5 16]	0	[0. 0. 0. 0. 0. 0.]	False	[0.42306057 0.17019345 0.21896634 0.00145028 0.04348055 0.14284877]
[ 6 32]	0	[3.4931331  4.54336493 1.56445202 4.02157354 6.96400202 0.19485449]	True	[0.42306057 0.17019345 0.21896634 0.00145028 0.04348055 0.14284877]
[0 0]	1	[0. 0. 0. 0. 0. 0.]	False	[0.03039821 0.2379482  0.13223061 0.08330693 0.36460266 0.15151338]
[1 1]	0	[0. 0. 0. 0. 0. 0.]	False	[0.03039821 0.2379482  0.13223061 0.08330693 0.36460266 0.15151338]
[2 2]	0	[0. 0. 0. 0. 0. 0.]	False	[0.03039821 0.2379482  0.13223061 0.08330693 0.36460266 0.15151338]
[3 4]	0	[0. 0. 0. 0. 0. 0.]	False	[0.03039821 0.2379482  0.13223061 0.08330693 0.36460266 0.15151338]
[4 8]	0	[0. 0. 0. 0. 0. 0.]	False	[0.03039821 0.2379482  0.13223061 0.08330693 0.36460266 0.15151338]
[ 5 16]	0	[0. 0. 0. 0. 0. 0.]	False	[0.03039821 0.2379482  0.13223061 0.08330693 0.36460266 0.15151338]
[ 6 32]	1	[2.7374258  3.81123532 5.00271032 1.84885547 3.60970535 6.04198936]	True	[0.03039821 0.2379482  0.13223061 0.08330693 0.36460266 0.15151338]
[0 0]	0	[0. 0. 0. 0. 0. 0.]	False	[0.16636083 0.59853405 0.08725879 0.07677192 0.01969634 0.05137808]
[1 0]	0	[0. 0. 0. 0. 0. 0.]	False	[0.16636083 0.59853405 0.08725879 0.07677192 0.01969634 0.05137808]
[2 0]	0	[0. 0. 0. 0. 0. 0.]	False	[0.16636083 0.59853405 0.08725879 0.07677192 0.01969634 0.05137808]
[3 0]	1	[0. 0. 0. 0. 0. 0.]	False	[0.16636083 0.59853405 0.08725879 0.07677192 0.01969634 0.05137808]
[4 1]	1	[0. 0. 0. 0. 0. 0.]	False	[0.16636083 0.59853405 0.08725879 0.07677192 0.01969634 0.05137808]
[5 3]	1	[0. 0. 0. 0. 0. 0.]	False	[0.16636083 0.59853405 0.08725879 0.07677192 0.01969634 0.05137808]
[6 7]	1	[0.39341137 4.84127331 1.70702545 1.67922015 8.35107069 0.96602394]	True	[0.16636083 0.59853405 0.08725879 0.07677192 0.01969634 0.05137808]
[0 0]	0	[0. 0. 0. 0. 0. 0.]	False	[0.37963226 0.00425577 0.04500557 0.00746733 0.3186913  0.24494767]
[1 0]	0	[0. 0. 0. 0. 0. 0.]	False	[0.37963226 0.00425577 0.04500557 0.00746733 0.3186913  0.24494767]
[2 0]	1	[0. 0. 0. 0. 0. 0.]	False	[0.37963226 0.00425577 0.04500557 0.00746733 0.3186913  0.24494767]
[3 1]	1	[0. 0. 0. 0. 0. 0.]	False	[0.37963226 0.00425577 0.04500557 0.00746733 0.3186913  0.24494767]
[4 3]	1	[0. 0. 0. 0. 0. 0.]	False	[0.37963226 0.00425577 0.04500557 0.00746733 0.3186913  0.24494767]
