[0 0]	1	[0. 0. 0. 0. 0. 0.]	False	[0.157073   0.18578435 0.2408668  0.09388765 0.27259865 0.04978952]
[1 1]	1	[0. 0. 0. 0. 0. 0.]	False	[0.157073   0.18578435 0.2408668  0.09388765 0.27259865 0.04978952]
[2 3]	0	[0. 0. 0. 0. 0. 0.]	False	[0.157073   0.18578435 0.2408668  0.09388765 0.27259865 0.04978952]
[3 6]	1	[0. 0. 0. 0. 0. 0.]	False	[0.157073   0.18578435 0.2408668  0.09388765 0.27259865 0.04978952]
[ 4 13]	1	[0. 0. 0. 0. 0. 0.]	False	[0.157073   0.18578435 0.2408668  0.09388765 0.27259865 0.04978952]
[ 5 27]	1	[1.40468169 5.19102545 6.72110624 4.75666122 0.91486715 1.56334486]	True	[0.157073   0.18578435 0.2408668  0.09388765 0.27259865 0.04978952]
[0 0]	0	[0. 0. 0. 0. 0. 0.]	False	[0.39852083 0.3468345  0.2060323  0.02496318 0.0061447  0.01750442]
[1 0]	1	[0. 0. 0. 0. 0. 0.]	False	[0.39852083 0.3468345  0.2060323  0.02496318 0.0061447  0.01750442]
[2 1]	0	[0. 0. 0. 0. 0. 0.]	False	[0.39852083 0.3468345  0.2060323  0.02496318 0.0061447  0.01750442]
[3 2]	1	[0. 0. 0. 0. 0. 0.]	False	[0.39852083 0.3468345  0.2060323  0.02496318 0.0061447  0.01750442]
[4 5]	1	[0. 0. 0. 0. 0. 0.]	False	[0.39852083 0.3468345  0.2060323  0.02496318 0.0061447  0.01750442]
[ 5 11]	1	[1.65116829 3.72063198 5.63953167 0.25461896 6.35720791 3.33875729]	True	[0.39852083 0.3468345  0.2060323  0.02496318 0.0061447  0.01750442]
[0 0]	1	[0. 0. 0. 0. 0. 0.]	False	[0.22357216 0.1763134  0.11089254 0.3187868  0.12032492 0.05011022]
[1 1]	1	[0. 0. 0. 0. 0. 0.]	False	[0.22357216 0.1763134  0.11089254 0.3187868  0.12032492 0.05011022]
[2 3]	1	[0. 0. 0. 0. 0. 0.]	False	[0.22357216 0.1763134  0.11089254 0.3187868  0.12032492 0.05011022]
[3 7]	0	[0. 0. 0. 0. 0. 0.]	False	[0.22357216 0.1763134  0.11089254 0.3187868  0.12032492 0.05011022]
[ 4 14]	0	[0. 0. 0. 0. 0. 0.]	False	[0.22357216 0.1763134  0.11089254 0.3187868  0.12032492 0.05011022]
[ 5 28]	0	[4.41604152 0.86551038 2.05709774 4.70986355 3.106477   6.60944809]	True	[0.22357216 0.1763134  0.11089254 0.3187868  0.12032492 0.05011022]
[0 0]	1	[0. 0. 0. 0. 0. 0.]	False	[0.204511   0.02149813 0.1402077  0.17540446 0.44358164 0.01479712]
[1 1]	0	[0. 0. 0. 0. 0. 0.]	False	[0.204511   0.02149813 0.1402077  0.17540446 0.44358164 0.01479712]
[2 2]	0	[0. 0. 0. 0. 0. 0.]	False	[0.204511   0.02149813 0.1402077  0.17540446 0.44358164 0.01479712]
[3 4]	1	[0. 0. 0. 0. 0. 0.]	False	[0.204511   0.02149813 0.1402077  0.17540446 0.44358164 0.01479712]
[4 9]	1	[0. 0. 0. 0. 0. 0.]	False	[0.204511   0.02149813 0.1402077  0.17540446 0.44358164 0.01479712]
[ 5 19]	1	[1.14431283 4.55594834 4.12473926 5.80221944 1.92147095 4.85413307]	True	[0.204511   0.02149813 0.1402077  0.17540446 0.44358164 0.01479712]
[0 0]	0	[0. 0. 0. 0. 0. 0.]	False	[0.08448686 0.16034763 0.2896149  0.09448509 0.28058195 0.09048364]
[1 0]	1	[0. 0. 0. 0. 0. 0.]	False	[0.08448686 0.16034763 0.2896149  0.09448509 0.28058195 0.09048364]
[2 1]	1	[0. 0. 0. 0. 0. 0.]	False	[0.08448686 0.16034763 0.2896149  0.09448509 0.28058195 0.09048364]
[3 3]	1	[0. 0. 0. 0. 0. 0.]	False	[0.08448686 0.16034763 0.2896149  0.09448509 0.28058195 0.09048364]
[4 7]	1	[0. 0. 0. 0. 0. 0.]	False	[0.08448686 0.16034763 0.2896149  0.09448509 0.28058195 0.09048364]
[ 5 15]	1	[3.57753129 3.67307393 5.43392619 2.06131042 2.63388133 5.74420686]	True	[0.08448686 0.16034763 0.2896149  0.09448509 0.28058195 0.09048364]
[0 0]	0	[0. 0. 0. 0. 0. 0.]	False	[0.171493   0.3516937  0.0884814  0.15723363 0.22227395 0.00882437]
[1 0]	0	[0. 0. 0. 0. 0. 0.]	False	[0.171493   0.3516937  0.0884814  0.15723363 0.22227395 0.00882437]
[2 0]	0	[0. 0. 0. 0. 0. 0.]	False	[0.171493   0.3516937  0.0884814  0.15723363 0.22227395 0.00882437]
[3 0]	1	[0. 0. 0. 0. 0. 0.]	False	[0.171493   0.3516937  0.0884814  0.15723363 0.22227395 0.00882437]
[4 1]	1	[0. 0. 0. 0. 0. 0.]	False	[0.171493   0.3516937  0.0884814  0.15723363 0.22227395 0.00882437]
[5 3]	1	[0.19537027 2.3433365  6.62653841 2.84247689 1.71456358 6.28809908]	True	[0.171493   0.3516937  0.0884814  0.15723363 0.22227395 0.00882437]
[0 0]	0	[0. 0. 0. 0. 0. 0.]	False	[0.32105285 0.20120981 0.09405963 0.16354705 0.05701942 0.1631112 ]
[1 0]	0	[0. 0. 0. 0. 0. 0.]	False	[0.32105285 0.20120981 0.09405963 0.16354705 0.05701942 0.1631112 ]
[2 0]	0	[0. 0. 0. 0. 0. 0.]	False	[0.32105285 0.20120981 0.09405963 0.16354705 0.05701942 0.1631112 ]
[3 0]	1	[0. 0. 0. 0. 0. 0.]	False	[0.32105285 0.20120981 0.09405963 0.16354705 0.05701942 0.1631112 ]
[4 1]	1	[0. 0. 0. 0. 0. 0.]	False	[0.32105285 0.20120981 0.09405963 0.16354705 0.05701942 0.1631112 ]
[5 3]	0	[5.26768145 0.23364916 0.23646111 1.25030802 1.41161868 8.28161149]	True	[0.32105285 0.20120981 0.09405963 0.16354705 0.05701942 0.1631112 ]
[0 0]	1	[0. 0. 0. 0. 0. 0.]	False	[0.18608959 0.22530551 0.12550418 0.23956183 0.1440689  0.07947   ]
[1 1]	1	[0. 0. 0. 0. 0. 0.]	False	[0.18608959 0.22530551 0.12550418 0.23956183 0.1440689  0.07947   ]
[2 3]	1	[0. 0. 0. 0. 0. 0.]	False	[0.18608959 0.22530551 0.12550418 0.23956183 0.1440689  0.07947   ]
[3 7]	1	[0. 0. 0. 0. 0. 0.]	False	[0.18608959 0.22530551 0.12550418 0.23956183 0.1440689  0.07947   ]
[ 4 15]	0	[0. 0. 0. 0. 0. 0.]	False	[0.18608959 0.22530551 0.12550418 0.23956183 0.1440689  0.07947   ]
[ 5 30]	1	[3.08973572 5.6223787  0.9737901  5.75218769 3.94430958 3.04119754]	True	[0.18608959 0.22530551 0.12550418 0.23956183 0.1440689  0.07947   ]
[0 0]	1	[0. 0. 0. 0. 0. 0.]	False	[0.05268303 0.28101903 0.02157674 0.24091111 0.29669517 0.1071149 ]
[1 1]	1	[0. 0. 0. 0. 0. 0.]	False	[0.05268303 0.28101903 0.02157674 0.24091111 0.29669517 0.1071149 ]
[2 3]	1	[0. 0. 0. 0. 0. 0.]	False	[0.05268303 0.28101903 0.02157674 0.24091111 0.29669517 0.1071149 ]
[3 7]	0	[0. 0. 0. 0. 0. 0.]	False	[0.05268303 0.28101903 0.02157674 0.24091111 0.29669517 0.1071149 ]
[ 4 14]	1	[0. 0. 0. 0. 0. 0.]	False	[0.05268303 0.28101903 0.02157674 0.24091111 0.29669517 0.1071149 ]
[ 5 29]	0	[9.59164585 1.48925818 0.72278285 2.04850964 1.0181982  0.16402902]	True	[0.05268303 0.28101903 0.02157674 0.24091111 0.29669517 0.1071149 ]
[0 0]	1	[0. 0. 0. 0. 0. 0.]	False	[0.18022597 0.10758892 0.05372493 0.00958927 0.62799823 0.02087272]
[1 1]	1	[0. 0. 0. 0. 0. 0.]	False	[0.18022597 0.10758892 0.05372493 0.00958927 0.62799823 0.02087272]
[2 3]	1	[0. 0. 0. 0. 0. 0.]	False	[0.18022597 0.10758892 0.05372493 0.00958927 0.62799823 0.02087272]
[3 7]	1	[0. 0. 0. 0. 0. 0.]	False	[0.18022597 0.10758892 0.05372493 0.00958927 0.62799823 0.02087272]
[ 4 15]	0	[0. 0. 0. 0. 0. 0.]	False	[0.18022597 0.10758892 0.05372493 0.00958927 0.62799823 0.02087272]
[ 5 30]	0	[2.12268361 0.64607954 6.43093367 0.73854263 6.94484318 2.22341982]	True	[0.18022597 0.10758892 0.05372493 0.00958927 0.62799823 0.02087272]
[0 0]	1	[0. 0. 0. 0. 0. 0.]	False	[0.07809158 0.25967106 0.01516762 0.01573443 0.2388586  0.39247674]
[1 1]	0	[0. 0. 0. 0. 0. 0.]	False	[0.07809158 0.25967106 0.01516762 0.01573443 0.2388586  0.39247674]
[2 2]	1	[0. 0. 0. 0. 0. 0.]	False	[0.07809158 0.25967106 0.01516762 0.01573443 0.2388586  0.39247674]
[3 5]	1	[0. 0. 0. 0. 0. 0.]	False	[0.07809158 0.25967106 0.01516762 0.01573443 0.2388586  0.39247674]
[ 4 11]	0	[0. 0. 0. 0. 0. 0.]	False	[0.07809158 0.25967106 0.01516762 0.01573443 0.2388586  0.39247674]
[ 5 22]	1	[8.30192712 0.40973443 1.69099424 4.54961192 2.64473811 0.59753994]	True	[0.07809158 0.25967106 0.01516762 0.01573443 0.2388586  0.39247674]
[0 0]	1	[0. 0. 0. 0. 0. 0.]	False	[0.29215565 0.41257784 0.12551884 0.07118896 0.02238963 0.07616907]
[1 1]	1	[0. 0. 0. 0. 0. 0.]	False	[0.29215565 0.41257784 0.12551884 0.07118896 0.02238963 0.07616907]
[2 3]	0	[0. 0. 0. 0. 0. 0.]	False	[0.29215565 0.41257784 0.12551884 0.07118896 0.02238963 0.07616907]
[3 6]	0	[0. 0. 0. 0. 0. 0.]	False	[0.29215565 0.41257784 0.12551884 0.07118896 0.02238963 0.07616907]
[ 4 12]	1	[0. 0. 0. 0. 0. 0.]	False	[0.29215565 0.41257784 0.12551884 0.07118896 0.02238963 0.07616907]
[ 5 25]	1	[1.12281975 2.73059913 0.32294675 2.84237021 1.68312155 8.95917647]	True	[0.29215565 0.41257784 0.12551884 0.07118896 0.02238963 0.07616907]
[0 0]	0	[0. 0. 0. 0. 0. 0.]	False	[0.1280951  0.0073091  0.5265051  0.00749881 0.0835231  0.2470688 ]
[1 0]	1	[0. 0. 0. 0. 0. 0.]	False	[0.1280951  0.0073091  0.5265051  0.00749881 0.0835231  0.2470688 ]
[2 1]	0	[0. 0. 0. 0. 0. 0.]	False	[0.1280951  0.0073091  0.5265051  0.00749881 0.0835231  0.2470688 ]
[3 2]	0	[0. 0. 0. 0. 0. 0.]	False	[0.1280951  0.0073091  0.5265051  0.00749881 0.0835231  0.2470688 ]
[4 4]	0	[0. 0. 0. 0. 0. 0.]	False	[0.1280951  0.0073091  0.5265051  0.00749881 0.0835231  0.2470688 ]
[5 8]	0	[2.7196025  2.17993876 2.79799651 7.20950623 4.70827355 2.42446381]	True	[0.1280951  0.0073091  0.5265051  0.00749881 0.0835231  0.2470688 ]
[0 0]	1	[0. 0. 0. 0. 0. 0.]	False	[0.42446822 0.0145696  0.08157383 0.10659064 0.11395578 0.258842  ]
[1 1]	1	[0. 0. 0. 0. 0. 0.]	False	[0.42446822 0.0145696  0.08157383 0.10659064 0.11395578 0.258842  ]
[2 3]	1	[0. 0. 0. 0. 0. 0.]	False	[0.42446822 0.0145696  0.08157383 0.10659064 0.11395578 0.258842  ]
[3 7]	0	[0. 0. 0. 0. 0. 0.]	False	[0.42446822 0.0145696  0.08157383 0.10659064 0.11395578 0.258842  ]
[ 4 14]	0	[0. 0. 0. 0. 0. 0.]	False	[0.42446822 0.0145696  0.08157383 0.10659064 0.11395578 0.258842  ]
[ 5 28]	0	[4.41604152 0.86551038 2.05709774 4.70986355 3.106477   6.60944809]	True	[0.42446822 0.0145696  0.08157383 0.10659064 0.11395578 0.258842  ]
[0 0]	1	[0. 0. 0. 0. 0. 0.]	False	[0.04456712 0.34000573 0.24768792 0.17146367 0.16711909 0.02915653]
[1 1]	0	[0. 0. 0. 0. 0. 0.]	False	[0.04456712 0.34000573 0.24768792 0.17146367 0.16711909 0.02915653]
[2 2]	0	[0. 0. 0. 0. 0. 0.]	False	[0.04456712 0.34000573 0.24768792 0.17146367 0.16711909 0.02915653]
[3 4]	1	[0. 0. 0. 0. 0. 0.]	False	[0.04456712 0.34000573 0.24768792 0.17146367 0.16711909 0.02915653]
[4 9]	0	[0. 0. 0. 0. 0. 0.]	False	[0.04456712 0.34000573 0.24768792 0.17146367 0.16711909 0.02915653]
[ 5 18]	0	[2.75824608 5.28476545 2.49891273 0.63079997 7.07433925 2.78829399]	True	[0.04456712 0.34000573 0.24768792 0.17146367 0.16711909 0.02915653]
[0 0]	1	[0. 0. 0. 0. 0. 0.]	False	[0.2102687  0.31239548 0.08244706 0.26926312 0.01884572 0.1067799 ]
[1 1]	0	[0. 0. 0. 0. 0. 0.]	False	[0.2102687  0.31239548 0.08244706 0.26926312 0.01884572 0.1067799 ]
[2 2]	1	[0. 0. 0. 0. 0. 0.]	False	[0.2102687  0.31239548 0.08244706 0.26926312 0.01884572 0.1067799 ]
[3 5]	1	[0. 0. 0. 0. 0. 0.]	False	[0.2102687  0.31239548 0.08244706 0.26926312 0.01884572 0.1067799 ]
[ 4 11]	0	[0. 0. 0. 0. 0. 0.]	False	[0.2102687  0.31239548 0.08244706 0.26926312 0.01884572 0.1067799 ]
[ 5 22]	1	[8.30192712 0.40973443 1.69099424 4.54961192 2.64473811 0.59753994]	True	[0.2102687  0.31239548 0.08244706 0.26926312 0.01884572 0.1067799 ]
[0 0]	0	[0. 0. 0. 0. 0. 0.]	False	[0.0101283  0.4676694  0.17549217 0.05108703 0.2850903  0.01053277]
[1 0]	1	[0. 0. 0. 0. 0. 0.]	False	[0.0101283  0.4676694  0.17549217 0.05108703 0.2850903  0.01053277]
[2 1]	0	[0. 0. 0. 0. 0. 0.]	False	[0.0101283  0.4676694  0.17549217 0.05108703 0.2850903  0.01053277]
[3 2]	0	[0. 0. 0. 0. 0. 0.]	False	[0.0101283  0.4676694  0.17549217 0.05108703 0.2850903  0.01053277]
[4 4]	1	[0. 0. 0. 0. 0. 0.]	False	[0.0101283  0.4676694  0.17549217 0.05108703 0.2850903  0.01053277]
[5 9]	0	[6.37849798 3.80507597 2.5126212  0.75632265 2.49531244 5.63243171]	True	[0.0101283  0.4676694  0.17549217 0.05108703 0.2850903  0.01053277]
[0 0]	0	[0. 0. 0. 0. 0. 0.]	False	[0.11481714 0.16441482 0.02670426 0.47816166 0.10980047 0.10610174]
[1 0]	0	[0. 0. 0. 0. 0. 0.]	False	[0.11481714 0.16441482 0.02670426 0.47816166 0.10980047 0.10610174]
[2 0]	0	[0. 0. 0. 0. 0. 0.]	False	[0.11481714 0.16441482 0.02670426 0.47816166 0.10980047 0.10610174]
[3 0]	1	[0. 0. 0. 0. 0. 0.]	False	[0.11481714 0.16441482 0.02670426 0.47816166 0.10980047 0.10610174]
[4 1]	1	[0. 0. 0. 0. 0. 0.]	False	[0.11481714 0.16441482 0.02670426 0.47816166 0.10980047 0.10610174]
[5 3]	1	[0.19537027 2.3433365  6.62653841 2.84247689 1.71456358 6.28809908]	True	[0.11481714 0.16441482 0.02670426 0.47816166 0.10980047 0.10610174]
[0 0]	0	[0. 0. 0. 0. 0. 0.]	False	[0.08358862 0.1205271  0.21738994 0.19147392 0.09358049 0.29343998]
[1 0]	1	[0. 0. 0. 0. 0. 0.]	False	[0.08358862 0.1205271  0.21738994 0.19147392 0.09358049 0.29343998]
[2 1]	0	[0. 0. 0. 0. 0. 0.]	False	[0.08358862 0.1205271  0.21738994 0.19147392 0.09358049 0.29343998]
[3 2]	0	[0. 0. 0. 0. 0. 0.]	False	[0.08358862 0.1205271  0.21738994 0.19147392 0.09358049 0.29343998]
[4 4]	1	[0. 0. 0. 0. 0. 0.]	False	[0.08358862 0.1205271  0.21738994 0.19147392 0.09358049 0.29343998]
[5 9]	1	[0.79285198 4.00586269 0.36314749 8.9344773  1.82041716 0.2318847 ]	True	[0.08358862 0.1205271  0.21738994 0.19147392 0.09358049 0.29343998]
[0 0]	1	[0. 0. 0. 0. 0. 0.]	False	[0.0933255  0.21557988 0.2955349  0.08445621 0.00352714 0.30757627]
[1 1]	1	[0. 0. 0. 0. 0. 0.]	False	[0.0933255  0.21557988 0.2955349  0.08445621 0.00352714 0.30757627]
[2 3]	1	[0. 0. 0. 0. 0. 0.]	False	[0.0933255  0.21557988 0.2955349  0.08445621 0.00352714 0.30757627]
[3 7]	0	[0. 0. 0. 0. 0. 0.]	False	[0.0933255  0.21557988 0.2955349  0.08445621 0.00352714 0.30757627]
[ 4 14]	0	[0. 0. 0. 0. 0. 0.]	False	[0.0933255  0.21557988 0.2955349  0.08445621 0.00352714 0.30757627]
[ 5 28]	0	[4.41604152 0.86551038 2.05709774 4.70986355 3.106477   6.60944809]	True	[0.0933255  0.21557988 0.2955349  0.08445621 0.00352714 0.30757627]
[0 0]	0	[0. 0. 0. 0. 0. 0.]	False	[0.24322134 0.13339244 0.21846953 0.33511367 0.02235633 0.04744674]
[1 0]	0	[0. 0. 0. 0. 0. 0.]	False	[0.24322134 0.13339244 0.21846953 0.33511367 0.02235633 0.04744674]
[2 0]	1	[0. 0. 0. 0. 0. 0.]	False	[0.24322134 0.13339244 0.21846953 0.33511367 0.02235633 0.04744674]
[3 1]	0	[0. 0. 0. 0. 0. 0.]	False	[0.24322134 0.13339244 0.21846953 0.33511367 0.02235633 0.04744674]
[4 2]	1	[0. 0. 0. 0. 0. 0.]	False	[0.24322134 0.13339244 0.21846953 0.33511367 0.02235633 0.04744674]
[5 5]	0	[4.43311346 4.91328158 5.11707495 3.9065904  2.22236853 3.13406169]	True	[0.24322134 0.13339244 0.21846953 0.33511367 0.02235633 0.04744674]
[0 0]	1	[0. 0. 0. 0. 0. 0.]	False	[0.01788989 0.36217517 0.13491845 0.07187767 0.1089022  0.30423662]
[1 1]	0	[0. 0. 0. 0. 0. 0.]	False	[0.01788989 0.36217517 0.13491845 0.07187767 0.1089022  0.30423662]
[2 2]	1	[0. 0. 0. 0. 0. 0.]	False	[0.01788989 0.36217517 0.13491845 0.07187767 0.1089022  0.30423662]
[3 5]	1	[0. 0. 0. 0. 0. 0.]	False	[0.01788989 0.36217517 0.13491845 0.07187767 0.1089022  0.30423662]
[ 4 11]	1	[0. 0. 0. 0. 0. 0.]	False	[0.01788989 0.36217517 0.13491845 0.07187767 0.1089022  0.30423662]
[ 5 23]	1	[0.43320751 1.24640954 5.6313907  1.62670791 4.58871327 6.54551489]	True	[0.01788989 0.36217517 0.13491845 0.07187767 0.1089022  0.30423662]
[0 0]	0	[0. 0. 0. 0. 0. 0.]	False	[0.30095205 0.18731329 0.05302209 0.05176866 0.32058707 0.08635682]
[1 0]	1	[0. 0. 0. 0. 0. 0.]	False	[0.30095205 0.18731329 0.05302209 0.05176866 0.32058707 0.08635682]
[2 1]	0	[0. 0. 0. 0. 0. 0.]	False	[0.30095205 0.18731329 0.05302209 0.05176866 0.32058707 0.08635682]
[3 2]	0	[0. 0. 0. 0. 0. 0.]	False	[0.30095205 0.18731329 0.05302209 0.05176866 0.32058707 0.08635682]
[4 4]	1	[0. 0. 0. 0. 0. 0.]	False	[0.30095205 0.18731329 0.05302209 0.05176866 0.32058707 0.08635682]
[5 9]	0	[6.37849798 3.80507597 2.5126212  0.75632265 2.49531244 5.63243171]	True	[0.30095205 0.18731329 0.05302209 0.05176866 0.32058707 0.08635682]
[0 0]	1	[0. 0. 0. 0. 0. 0.]	False	[0.29484916 0.21054956 0.24192129 0.07213259 0.11966949 0.0608779 ]
[1 1]	1	[0. 0. 0. 0. 0. 0.]	False	[0.29484916 0.21054956 0.24192129 0.07213259 0.11966949 0.0608779 ]
[2 3]	1	[0. 0. 0. 0. 0. 0.]	False	[0.29484916 0.21054956 0.24192129 0.07213259 0.11966949 0.0608779 ]
[3 7]	0	[0. 0. 0. 0. 0. 0.]	False	[0.29484916 0.21054956 0.24192129 0.07213259 0.11966949 0.0608779 ]
[ 4 14]	0	[0. 0. 0. 0. 0. 0.]	False	[0.29484916 0.21054956 0.24192129 0.07213259 0.11966949 0.0608779 ]
[ 5 28]	1	[5.95498781 5.94146861 4.17018388 0.93397018 0.89950814 3.18829456]	True	[0.29484916 0.21054956 0.24192129 0.07213259 0.11966949 0.0608779 ]
[0 0]	0	[0. 0. 0. 0. 0. 0.]	False	[0.55588156 0.08972049 0.08019926 0.03144262 0.03885759 0.20389839]
[1 0]	1	[0. 0. 0. 0. 0. 0.]	False	[0.55588156 0.08972049 0.08019926 0.03144262 0.03885759 0.20389839]
[2 1]	0	[0. 0. 0. 0. 0. 0.]	False	[0.55588156 0.08972049 0.08019926 0.03144262 0.03885759 0.20389839]
[3 2]	1	[0. 0. 0. 0. 0. 0.]	False	[0.55588156 0.08972049 0.08019926 0.03144262 0.03885759 0.20389839]
[4 5]	1	[0. 0. 0. 0. 0. 0.]	False	[0.55588156 0.08972049 0.08019926 0.03144262 0.03885759 0.20389839]
[ 5 11]	1	[1.65116829 3.72063198 5.63953167 0.25461896 6.35720791 3.33875729]	True	[0.55588156 0.08972049 0.08019926 0.03144262 0.03885759 0.20389839]
[0 0]	0	[0. 0. 0. 0. 0. 0.]	False	[0.4094533  0.24793728 0.05731757 0.12218732 0.06388573 0.09921881]
[1 0]	0	[0. 0. 0. 0. 0. 0.]	False	[0.4094533  0.24793728 0.05731757 0.12218732 0.06388573 0.09921881]
[2 0]	1	[0. 0. 0. 0. 0. 0.]	False	[0.4094533  0.24793728 0.05731757 0.12218732 0.06388573 0.09921881]
[3 1]	1	[0. 0. 0. 0. 0. 0.]	False	[0.4094533  0.24793728 0.05731757 0.12218732 0.06388573 0.09921881]
[4 3]	0	[0. 0. 0. 0. 0. 0.]	False	[0.4094533  0.24793728 0.05731757 0.12218732 0.06388573 0.09921881]
[5 6]	0	[2.39054781 1.97492965 4.51911017 0.07046741 1.74139824 8.18077893]	True	[0.4094533  0.24793728 0.05731757 0.12218732 0.06388573 0.09921881]
[0 0]	0	[0. 0. 0. 0. 0. 0.]	False	[0.03381555 0.21642175 0.12879293 0.3290335  0.21812126 0.07381496]
[1 0]	1	[0. 0. 0. 0. 0. 0.]	False	[0.03381555 0.21642175 0.12879293 0.3290335  0.21812126 0.07381496]
[2 1]	0	[0. 0. 0. 0. 0. 0.]	False	[0.03381555 0.21642175 0.12879293 0.3290335  0.21812126 0.07381496]
[3 2]	0	[0. 0. 0. 0. 0. 0.]	False	[0.03381555 0.21642175 0.12879293 0.3290335  0.21812126 0.07381496]
[4 4]	1	[0. 0. 0. 0. 0. 0.]	False	[0.03381555 0.21642175 0.12879293 0.3290335  0.21812126 0.07381496]
[5 9]	0	[6.37849798 3.80507597 2.5126212  0.75632265 2.49531244 5.63243171]	True	[0.03381555 0.21642175 0.12879293 0.3290335  0.21812126 0.07381496]
[0 0]	1	[0. 0. 0. 0. 0. 0.]	False	[0.12771948 0.12563097 0.05720789 0.2076073  0.24360485 0.23822951]
[1 1]	0	[0. 0. 0. 0. 0. 0.]	False	[0.12771948 0.12563097 0.05720789 0.2076073  0.24360485 0.23822951]
[2 2]	0	[0. 0. 0. 0. 0. 0.]	False	[0.12771948 0.12563097 0.05720789 0.2076073  0.24360485 0.23822951]
[3 4]	1	[0. 0. 0. 0. 0. 0.]	False	[0.12771948 0.12563097 0.05720789 0.2076073  0.24360485 0.23822951]
[4 9]	1	[0. 0. 0. 0. 0. 0.]	False	[0.12771948 0.12563097 0.05720789 0.2076073  0.24360485 0.23822951]
[ 5 19]	1	[1.14431283 4.55594834 4.12473926 5.80221944 1.92147095 4.85413307]	True	[0.12771948 0.12563097 0.05720789 0.2076073  0.24360485 0.23822951]
[0 0]	1	[0. 0. 0. 0. 0. 0.]	False	[0.06333704 0.21338454 0.14480123 0.3820498  0.08971465 0.10671272]
[1 1]	1	[0. 0. 0. 0. 0. 0.]	False	[0.06333704 0.21338454 0.14480123 0.3820498  0.08971465 0.10671272]
[2 3]	0	[0. 0. 0. 0. 0. 0.]	False	[0.06333704 0.21338454 0.14480123 0.3820498  0.08971465 0.10671272]
[3 6]	1	[0. 0. 0. 0. 0. 0.]	False	[0.06333704 0.21338454 0.14480123 0.3820498  0.08971465 0.10671272]
[ 4 13]	1	[0. 0. 0. 0. 0. 0.]	False	[0.06333704 0.21338454 0.14480123 0.3820498  0.08971465 0.10671272]
[ 5 27]	0	[6.05671623 0.7444296  4.30057711 3.09050824 1.16194731 5.77630391]	True	[0.06333704 0.21338454 0.14480123 0.3820498  0.08971465 0.10671272]
[0 0]	0	[0. 0. 0. 0. 0. 0.]	False	[0.03944656 0.17914572 0.41247344 0.13604176 0.10862641 0.12426614]
[1 0]	0	[0. 0. 0. 0. 0. 0.]	False	[0.03944656 0.17914572 0.41247344 0.13604176 0.10862641 0.12426614]
[2 0]	1	[0. 0. 0. 0. 0. 0.]	False	[0.03944656 0.17914572 0.41247344 0.13604176 0.10862641 0.12426614]
[3 1]	1	[0. 0. 0. 0. 0. 0.]	False	[0.03944656 0.17914572 0.41247344 0.13604176 0.10862641 0.12426614]
[4 3]	0	[0. 0. 0. 0. 0. 0.]	False	[0.03944656 0.17914572 0.41247344 0.13604176 0.10862641 0.12426614]
[5 6]	0	[2.39054781 1.97492965 4.51911017 0.07046741 1.74139824 8.18077893]	True	[0.03944656 0.17914572 0.41247344 0.13604176 0.10862641 0.12426614]
[0 0]	1	[0. 0. 0. 0. 0. 0.]	False	[0.1469619  0.18287277 0.1654214  0.17308468 0.14564036 0.18601885]
[1 1]	1	[0. 0. 0. 0. 0. 0.]	False	[0.1469619  0.18287277 0.1654214  0.17308468 0.14564036 0.18601885]
[2 3]	1	[0. 0. 0. 0. 0. 0.]	False	[0.1469619  0.18287277 0.1654214  0.17308468 0.14564036 0.18601885]
[3 7]	1	[0. 0. 0. 0. 0. 0.]	False	[0.1469619  0.18287277 0.1654214  0.17308468 0.14564036 0.18601885]
[ 4 15]	0	[0. 0. 0. 0. 0. 0.]	False	[0.1469619  0.18287277 0.1654214  0.17308468 0.14564036 0.18601885]
[ 5 30]	1	[3.08973572 5.6223787  0.9737901  5.75218769 3.94430958 3.04119754]	True	[0.1469619  0.18287277 0.1654214  0.17308468 0.14564036 0.18601885]
[0 0]	1	[0. 0. 0. 0. 0. 0.]	False	[0.36885133 0.0590551  0.12099826 0.12661007 0.17825216 0.1462331 ]
[1 1]	1	[0. 0. 0. 0. 0. 0.]	False	[0.36885133 0.0590551  0.12099826 0.12661007 0.17825216 0.1462331 ]
[2 3]	1	[0. 0. 0. 0. 0. 0.]	False	[0.36885133 0.0590551  0.12099826 0.12661007 0.17825216 0.1462331 ]
[3 7]	1	[0. 0. 0. 0. 0. 0.]	False	[0.36885133 0.0590551  0.12099826 0.12661007 0.17825216 0.1462331 ]
[ 4 15]	0	[0. 0. 0. 0. 0. 0.]	False	[0.36885133 0.0590551  0.12099826 0.12661007 0.17825216 0.1462331 ]
[ 5 30]	0	[2.12268361 0.64607954 6.43093367 0.73854263 6.94484318 2.22341982]	True	[0.36885133 0.0590551  0.12099826 0.12661007 0.17825216 0.1462331 ]
[0 0]	0	[0. 0. 0. 0. 0. 0.]	False	[0.10993832 0.25318474 0.22947599 0.10548747 0.28485858 0.01705493]
[1 0]	0	[0. 0. 0. 0. 0. 0.]	False	[0.10993832 0.25318474 0.22947599 0.10548747 0.28485858 0.01705493]
[2 0]	1	[0. 0. 0. 0. 0. 0.]	False	[0.10993832 0.25318474 0.22947599 0.10548747 0.28485858 0.01705493]
[3 1]	0	[0. 0. 0. 0. 0. 0.]	False	[0.10993832 0.25318474 0.22947599 0.10548747 0.28485858 0.01705493]
[4 2]	1	[0. 0. 0. 0. 0. 0.]	False	[0.10993832 0.25318474 0.22947599 0.10548747 0.28485858 0.01705493]
[5 5]	0	[4.43311346 4.91328158 5.11707495 3.9065904  2.22236853 3.13406169]	True	[0.10993832 0.25318474 0.22947599 0.10548747 0.28485858 0.01705493]
[0 0]	1	[0. 0. 0. 0. 0. 0.]	False	[0.38568193 0.2768331  0.0923397  0.16551    0.06511499 0.01452029]
[1 1]	1	[0. 0. 0. 0. 0. 0.]	False	[0.38568193 0.2768331  0.0923397  0.16551    0.06511499 0.01452029]
[2 3]	1	[0. 0. 0. 0. 0. 0.]	False	[0.38568193 0.2768331  0.0923397  0.16551    0.06511499 0.01452029]
[3 7]	1	[0. 0. 0. 0. 0. 0.]	False	[0.38568193 0.2768331  0.0923397  0.16551    0.06511499 0.01452029]
[ 4 15]	1	[0. 0. 0. 0. 0. 0.]	False	[0.38568193 0.2768331  0.0923397  0.16551    0.06511499 0.01452029]
[ 5 31]	1	[4.72502594 5.38532887 5.40386645 1.57883722 0.24912224 4.11288237]	True	[0.38568193 0.2768331  0.0923397  0.16551    0.06511499 0.01452029]
[0 0]	0	[0. 0. 0. 0. 0. 0.]	False	[0.0772485  0.13154617 0.3550114  0.22509648 0.11378608 0.09731126]
[1 0]	1	[0. 0. 0. 0. 0. 0.]	False	[0.0772485  0.13154617 0.3550114  0.22509648 0.11378608 0.09731126]
[2 1]	1	[0. 0. 0. 0. 0. 0.]	False	[0.0772485  0.13154617 0.3550114  0.22509648 0.11378608 0.09731126]
[3 3]	1	[0. 0. 0. 0. 0. 0.]	False	[0.0772485  0.13154617 0.3550114  0.22509648 0.11378608 0.09731126]
[4 7]	1	[0. 0. 0. 0. 0. 0.]	False	[0.0772485  0.13154617 0.3550114  0.22509648 0.11378608 0.09731126]
[ 5 15]	1	[3.57753129 3.67307393 5.43392619 2.06131042 2.63388133 5.74420686]	True	[0.0772485  0.13154617 0.3550114  0.22509648 0.11378608 0.09731126]
[0 0]	1	[0. 0. 0. 0. 0. 0.]	False	[0.17717539 0.09468903 0.16698521 0.11537412 0.37915537 0.06662098]
[1 1]	0	[0. 0. 0. 0. 0. 0.]	False	[0.17717539 0.09468903 0.16698521 0.11537412 0.37915537 0.06662098]
[2 2]	0	[0. 0. 0. 0. 0. 0.]	False	[0.17717539 0.09468903 0.16698521 0.11537412 0.37915537 0.06662098]
[3 4]	0	[0. 0. 0. 0. 0. 0.]	False	[0.17717539 0.09468903 0.16698521 0.11537412 0.37915537 0.06662098]
[4 8]	0	[0. 0. 0. 0. 0. 0.]	False	[0.17717539 0.09468903 0.16698521 0.11537412 0.37915537 0.06662098]
[ 5 16]	1	[2.53054533 4.2406129  2.22057705 7.51774642 3.47885032 1.43654771]	True	[0.17717539 0.09468903 0.16698521 0.11537412 0.37915537 0.06662098]
[0 0]	1	[0. 0. 0. 0. 0. 0.]	False	[0.12783101 0.0485676  0.3163125  0.06574145 0.11806098 0.32348642]
[1 1]	1	[0. 0. 0. 0. 0. 0.]	False	[0.12783101 0.0485676  0.3163125  0.06574145 0.11806098 0.32348642]
[2 3]	1	[0. 0. 0. 0. 0. 0.]	False	[0.12783101 0.0485676  0.3163125  0.06574145 0.11806098 0.32348642]
[3 7]	1	[0. 0. 0. 0. 0. 0.]	False	[0.12783101 0.0485676  0.3163125  0.06574145 0.11806098 0.32348642]
[ 4 15]	0	[0. 0. 0. 0. 0. 0.]	False	[0.12783101 0.0485676  0.3163125  0.06574145 0.11806098 0.32348642]
[ 5 30]	0	[2.12268361 0.64607954 6.43093367 0.73854263 6.94484318 2.22341982]	True	[0.12783101 0.0485676  0.3163125  0.06574145 0.11806098 0.32348642]
[0 0]	1	[0. 0. 0. 0. 0. 0.]	False	[0.42547026 0.1473778  0.22984917 0.03913564 0.00476861 0.15339845]
[1 1]	1	[0. 0. 0. 0. 0. 0.]	False	[0.42547026 0.1473778  0.22984917 0.03913564 0.00476861 0.15339845]
[2 3]	0	[0. 0. 0. 0. 0. 0.]	False	[0.42547026 0.1473778  0.22984917 0.03913564 0.00476861 0.15339845]
[3 6]	1	[0. 0. 0. 0. 0. 0.]	False	[0.42547026 0.1473778  0.22984917 0.03913564 0.00476861 0.15339845]
[ 4 13]	0	[0. 0. 0. 0. 0. 0.]	False	[0.42547026 0.1473778  0.22984917 0.03913564 0.00476861 0.15339845]
[ 5 26]	0	[4.27687318 2.83055698 5.27541783 5.03273808 0.01475194 4.53184284]	True	[0.42547026 0.1473778  0.22984917 0.03913564 0.00476861 0.15339845]
[0 0]	1	[0. 0. 0. 0. 0. 0.]	False	[0.2392106  0.03488225 0.25079945 0.10676673 0.10849379 0.25984716]
[1 1]	0	[0. 0. 0. 0. 0. 0.]	False	[0.2392106  0.03488225 0.25079945 0.10676673 0.10849379 0.25984716]
[2 2]	1	[0. 0. 0. 0. 0. 0.]	False	[0.2392106  0.03488225 0.25079945 0.10676673 0.10849379 0.25984716]
[3 5]	1	[0. 0. 0. 0. 0. 0.]	False	[0.2392106  0.03488225 0.25079945 0.10676673 0.10849379 0.25984716]
[ 4 11]	1	[0. 0. 0. 0. 0. 0.]	False	[0.2392106  0.03488225 0.25079945 0.10676673 0.10849379 0.25984716]
[ 5 23]	1	[0.43320751 1.24640954 5.6313907  1.62670791 4.58871327 6.54551489]	True	[0.2392106  0.03488225 0.25079945 0.10676673 0.10849379 0.25984716]
[0 0]	1	[0. 0. 0. 0. 0. 0.]	False	[0.11911616 0.11739703 0.4046744  0.04170666 0.1921577  0.12494806]
[1 1]	1	[0. 0. 0. 0. 0. 0.]	False	[0.11911616 0.11739703 0.4046744  0.04170666 0.1921577  0.12494806]
[2 3]	1	[0. 0. 0. 0. 0. 0.]	False	[0.11911616 0.11739703 0.4046744  0.04170666 0.1921577  0.12494806]
[3 7]	1	[0. 0. 0. 0. 0. 0.]	False	[0.11911616 0.11739703 0.4046744  0.04170666 0.1921577  0.12494806]
[ 4 15]	0	[0. 0. 0. 0. 0. 0.]	False	[0.11911616 0.11739703 0.4046744  0.04170666 0.1921577  0.12494806]
[ 5 30]	0	[2.12268361 0.64607954 6.43093367 0.73854263 6.94484318 2.22341982]	True	[0.11911616 0.11739703 0.4046744  0.04170666 0.1921577  0.12494806]
[0 0]	0	[0. 0. 0. 0. 0. 0.]	False	[0.07625771 0.3567683  0.17953569 0.1072855  0.10404987 0.17610288]
[1 0]	0	[0. 0. 0. 0. 0. 0.]	False	[0.07625771 0.3567683  0.17953569 0.1072855  0.10404987 0.17610288]
[2 0]	0	[0. 0. 0. 0. 0. 0.]	False	[0.07625771 0.3567683  0.17953569 0.1072855  0.10404987 0.17610288]
[3 0]	1	[0. 0. 0. 0. 0. 0.]	False	[0.07625771 0.3567683  0.17953569 0.1072855  0.10404987 0.17610288]
[4 1]	0	[0. 0. 0. 0. 0. 0.]	False	[0.07625771 0.3567683  0.17953569 0.1072855  0.10404987 0.17610288]
[5 2]	1	[2.42167773 3.34415377 6.35216354 0.03806333 0.66323198 6.49313525]	True	[0.07625771 0.3567683  0.17953569 0.1072855  0.10404987 0.17610288]
[0 0]	1	[0. 0. 0. 0. 0. 0.]	False	[0.15851195 0.05799833 0.17726916 0.23206547 0.23826335 0.1358918 ]
[1 1]	0	[0. 0. 0. 0. 0. 0.]	False	[0.15851195 0.05799833 0.17726916 0.23206547 0.23826335 0.1358918 ]
[2 2]	1	[0. 0. 0. 0. 0. 0.]	False	[0.15851195 0.05799833 0.17726916 0.23206547 0.23826335 0.1358918 ]
[3 5]	1	[0. 0. 0. 0. 0. 0.]	False	[0.15851195 0.05799833 0.17726916 0.23206547 0.23826335 0.1358918 ]
[ 4 11]	1	[0. 0. 0. 0. 0. 0.]	False	[0.15851195 0.05799833 0.17726916 0.23206547 0.23826335 0.1358918 ]
[ 5 23]	0	[5.96294481 6.46817991 1.35988062 2.83106174 0.74946184 3.48999411]	True	[0.15851195 0.05799833 0.17726916 0.23206547 0.23826335 0.1358918 ]
[0 0]	1	[0. 0. 0. 0. 0. 0.]	False	[0.08771412 0.08297183 0.5954793  0.01480863 0.19013187 0.02889422]
[1 1]	0	[0. 0. 0. 0. 0. 0.]	False	[0.08771412 0.08297183 0.5954793  0.01480863 0.19013187 0.02889422]
[2 2]	1	[0. 0. 0. 0. 0. 0.]	False	[0.08771412 0.08297183 0.5954793  0.01480863 0.19013187 0.02889422]
[3 5]	0	[0. 0. 0. 0. 0. 0.]	False	[0.08771412 0.08297183 0.5954793  0.01480863 0.19013187 0.02889422]
[ 4 10]	1	[0. 0. 0. 0. 0. 0.]	False	[0.08771412 0.08297183 0.5954793  0.01480863 0.19013187 0.02889422]
[ 5 21]	0	[1.33651336 4.76969307 0.64008086 6.48262472 5.64538051 1.07671362]	True	[0.08771412 0.08297183 0.5954793  0.01480863 0.19013187 0.02889422]
[0 0]	0	[0. 0. 0. 0. 0. 0.]	False	[0.09753475 0.38443285 0.08291273 0.02250134 0.36414728 0.04847106]
[1 0]	0	[0. 0. 0. 0. 0. 0.]	False	[0.09753475 0.38443285 0.08291273 0.02250134 0.36414728 0.04847106]
[2 0]	0	[0. 0. 0. 0. 0. 0.]	False	[0.09753475 0.38443285 0.08291273 0.02250134 0.36414728 0.04847106]
[3 0]	0	[0. 0. 0. 0. 0. 0.]	False	[0.09753475 0.38443285 0.08291273 0.02250134 0.36414728 0.04847106]
[4 0]	1	[0. 0. 0. 0. 0. 0.]	False	[0.09753475 0.38443285 0.08291273 0.02250134 0.36414728 0.04847106]
[5 1]	0	[0.5844333  4.28059796 7.00237899 2.51448544 4.32323182 2.69974756]	True	[0.09753475 0.38443285 0.08291273 0.02250134 0.36414728 0.04847106]
[0 0]	1	[0. 0. 0. 0. 0. 0.]	False	[0.05769423 0.19946647 0.11954769 0.39518976 0.06930034 0.15880151]
[1 1]	0	[0. 0. 0. 0. 0. 0.]	False	[0.05769423 0.19946647 0.11954769 0.39518976 0.06930034 0.15880151]
[2 2]	1	[0. 0. 0. 0. 0. 0.]	False	[0.05769423 0.19946647 0.11954769 0.39518976 0.06930034 0.15880151]
[3 5]	1	[0. 0. 0. 0. 0. 0.]	False	[0.05769423 0.19946647 0.11954769 0.39518976 0.06930034 0.15880151]
[ 4 11]	0	[0. 0. 0. 0. 0. 0.]	False	[0.05769423 0.19946647 0.11954769 0.39518976 0.06930034 0.15880151]
[ 5 22]	1	[8.30192712 0.40973443 1.69099424 4.54961192 2.64473811 0.59753994]	True	[0.05769423 0.19946647 0.11954769 0.39518976 0.06930034 0.15880151]
[0 0]	1	[0. 0. 0. 0. 0. 0.]	False	[0.09147317 0.34021756 0.10272127 0.09507898 0.19482882 0.17568016]
[1 1]	0	[0. 0. 0. 0. 0. 0.]	False	[0.09147317 0.34021756 0.10272127 0.09507898 0.19482882 0.17568016]
[2 2]	0	[0. 0. 0. 0. 0. 0.]	False	[0.09147317 0.34021756 0.10272127 0.09507898 0.19482882 0.17568016]
[3 4]	1	[0. 0. 0. 0. 0. 0.]	False	[0.09147317 0.34021756 0.10272127 0.09507898 0.19482882 0.17568016]
[4 9]	1	[0. 0. 0. 0. 0. 0.]	False	[0.09147317 0.34021756 0.10272127 0.09507898 0.19482882 0.17568016]
[ 5 19]	1	[1.14431283 4.55594834 4.12473926 5.80221944 1.92147095 4.85413307]	True	[0.09147317 0.34021756 0.10272127 0.09507898 0.19482882 0.17568016]
[0 0]	0	[0. 0. 0. 0. 0. 0.]	False	[0.12517527 0.12437438 0.2586613  0.30531928 0.13816144 0.04830833]
[1 0]	0	[0. 0. 0. 0. 0. 0.]	False	[0.12517527 0.12437438 0.2586613  0.30531928 0.13816144 0.04830833]
[2 0]	0	[0. 0. 0. 0. 0. 0.]	False	[0.12517527 0.12437438 0.2586613  0.30531928 0.13816144 0.04830833]
[3 0]	0	[0. 0. 0. 0. 0. 0.]	False	[0.12517527 0.12437438 0.2586613  0.30531928 0.13816144 0.04830833]
[4 0]	0	[0. 0. 0. 0. 0. 0.]	False	[0.12517527 0.12437438 0.2586613  0.30531928 0.13816144 0.04830833]
[5 0]	0	[0.26745039 3.54435815 4.39088762 0.5898826  7.7984232  2.63110921]	True	[0.12517527 0.12437438 0.2586613  0.30531928 0.13816144 0.04830833]
[0 0]	1	[0. 0. 0. 0. 0. 0.]	False	[0.31434786 0.22460663 0.01023964 0.00680596 0.2845001  0.15949984]
[1 1]	0	[0. 0. 0. 0. 0. 0.]	False	[0.31434786 0.22460663 0.01023964 0.00680596 0.2845001  0.15949984]
[2 2]	0	[0. 0. 0. 0. 0. 0.]	False	[0.31434786 0.22460663 0.01023964 0.00680596 0.2845001  0.15949984]
[3 4]	0	[0. 0. 0. 0. 0. 0.]	False	[0.31434786 0.22460663 0.01023964 0.00680596 0.2845001  0.15949984]
[4 8]	0	[0. 0. 0. 0. 0. 0.]	False	[0.31434786 0.22460663 0.01023964 0.00680596 0.2845001  0.15949984]
[ 5 16]	1	[2.53054533 4.2406129  2.22057705 7.51774642 3.47885032 1.43654771]	True	[0.31434786 0.22460663 0.01023964 0.00680596 0.2845001  0.15949984]
[0 0]	1	[0. 0. 0. 0. 0. 0.]	False	[0.11824775 0.07166976 0.25646508 0.31366065 0.17086865 0.06908807]
[1 1]	1	[0. 0. 0. 0. 0. 0.]	False	[0.11824775 0.07166976 0.25646508 0.31366065 0.17086865 0.06908807]
[2 3]	1	[0. 0. 0. 0. 0. 0.]	False	[0.11824775 0.07166976 0.25646508 0.31366065 0.17086865 0.06908807]
[3 7]	1	[0. 0. 0. 0. 0. 0.]	False	[0.11824775 0.07166976 0.25646508 0.31366065 0.17086865 0.06908807]
[ 4 15]	1	[0. 0. 0. 0. 0. 0.]	False	[0.11824775 0.07166976 0.25646508 0.31366065 0.17086865 0.06908807]
[ 5 31]	1	[4.72502594 5.38532887 5.40386645 1.57883722 0.24912224 4.11288237]	True	[0.11824775 0.07166976 0.25646508 0.31366065 0.17086865 0.06908807]
[0 0]	0	[0. 0. 0. 0. 0. 0.]	False	[0.19606991 0.21064602 0.05776023 0.2910715  0.16525304 0.07919932]
[1 0]	1	[0. 0. 0. 0. 0. 0.]	False	[0.19606991 0.21064602 0.05776023 0.2910715  0.16525304 0.07919932]
[2 1]	0	[0. 0. 0. 0. 0. 0.]	False	[0.19606991 0.21064602 0.05776023 0.2910715  0.16525304 0.07919932]
[3 2]	0	[0. 0. 0. 0. 0. 0.]	False	[0.19606991 0.21064602 0.05776023 0.2910715  0.16525304 0.07919932]
[4 4]	1	[0. 0. 0. 0. 0. 0.]	False	[0.19606991 0.21064602 0.05776023 0.2910715  0.16525304 0.07919932]
[5 9]	1	[0.79285198 4.00586269 0.36314749 8.9344773  1.82041716 0.2318847 ]	True	[0.19606991 0.21064602 0.05776023 0.2910715  0.16525304 0.07919932]
[0 0]	0	[0. 0. 0. 0. 0. 0.]	False	[0.5454298  0.13984917 0.00298092 0.20984483 0.07665898 0.02523631]
[1 0]	1	[0. 0. 0. 0. 0. 0.]	False	[0.5454298  0.13984917 0.00298092 0.20984483 0.07665898 0.02523631]
[2 1]	1	[0. 0. 0. 0. 0. 0.]	False	[0.5454298  0.13984917 0.00298092 0.20984483 0.07665898 0.02523631]
[3 3]	0	[0. 0. 0. 0. 0. 0.]	False	[0.5454298  0.13984917 0.00298092 0.20984483 0.07665898 0.02523631]
[4 6]	0	[0. 0. 0. 0. 0. 0.]	False	[0.5454298  0.13984917 0.00298092 0.20984483 0.07665898 0.02523631]
[ 5 12]	1	[1.05128312 4.85979168 3.28552824 6.26921471 3.39863537 3.69171469]	True	[0.5454298  0.13984917 0.00298092 0.20984483 0.07665898 0.02523631]
[0 0]	0	[0. 0. 0. 0. 0. 0.]	False	[0.38402513 0.19986697 0.09008607 0.12523025 0.00294875 0.19784284]
[1 0]	1	[0. 0. 0. 0. 0. 0.]	False	[0.38402513 0.19986697 0.09008607 0.12523025 0.00294875 0.19784284]
[2 1]	1	[0. 0. 0. 0. 0. 0.]	False	[0.38402513 0.19986697 0.09008607 0.12523025 0.00294875 0.19784284]
[3 3]	0	[0. 0. 0. 0. 0. 0.]	False	[0.38402513 0.19986697 0.09008607 0.12523025 0.00294875 0.19784284]
[4 6]	0	[0. 0. 0. 0. 0. 0.]	False	[0.38402513 0.19986697 0.09008607 0.12523025 0.00294875 0.19784284]
[ 5 12]	1	[1.05128312 4.85979168 3.28552824 6.26921471 3.39863537 3.69171469]	True	[0.38402513 0.19986697 0.09008607 0.12523025 0.00294875 0.19784284]
[0 0]	0	[0. 0. 0. 0. 0. 0.]	False	[0.06828704 0.07428683 0.09036802 0.20253637 0.26248765 0.30203405]
[1 0]	0	[0. 0. 0. 0. 0. 0.]	False	[0.06828704 0.07428683 0.09036802 0.20253637 0.26248765 0.30203405]
