[0 0]	1	[ 0.7 -1. ]	True	[0.44890323 0.55109674]
[0 0]	1	[ 0.7 -1. ]	True	[0.75746876 0.24253123]
[0 0]	1	[ 0.7 -1. ]	True	[0.40260696 0.597393  ]
[0 0]	1	[ 0.7 -1. ]	True	[0.3035093  0.69649076]
[0 0]	0	[ 0. -1.]	False	[0.42164963 0.5783504 ]
[0 0]	1	[ 0.7 -1. ]	True	[0.42164963 0.5783504 ]
[0 0]	2	[ 0. -1.]	False	[0.11012047 0.8898795 ]
[0 0]	3	[ 0. -1.]	False	[0.11012047 0.8898795 ]
[0 1]	1	[ 0. -1.]	False	[0.11012047 0.8898795 ]
[1 1]	1	[ 8.2 -1. ]	True	[0.11012047 0.8898795 ]
[0 0]	1	[ 0.7 -1. ]	True	[0.7943327  0.20566735]
[0 0]	3	[ 0. -1.]	False	[0.9989575 0.0010425]
[0 1]	2	[ 0. -1.]	False	[0.9989575 0.0010425]
[0 0]	3	[ 0. -1.]	False	[0.9989575 0.0010425]
[0 1]	3	[ 0. -1.]	False	[0.9989575 0.0010425]
[0 2]	3	[ 0. -1.]	False	[0.9989575 0.0010425]
[0 3]	0	[ 0. -1.]	False	[0.9989575 0.0010425]
[0 3]	0	[ 0. -1.]	False	[0.9989575 0.0010425]
[0 3]	2	[ 0. -1.]	False	[0.9989575 0.0010425]
[0 2]	3	[ 0. -1.]	False	[0.9989575 0.0010425]
[0 3]	2	[ 0. -1.]	False	[0.9989575 0.0010425]
[0 2]	0	[ 0. -1.]	False	[0.9989575 0.0010425]
[0 2]	0	[ 0. -1.]	False	[0.9989575 0.0010425]
[0 2]	1	[ 0. -1.]	False	[0.9989575 0.0010425]
[1 2]	1	[ 0. -1.]	False	[0.9989575 0.0010425]
[2 2]	2	[ 8.2 -1. ]	True	[0.9989575 0.0010425]
[0 0]	2	[ 0. -1.]	False	[0.4595538 0.5404462]
[0 0]	2	[ 0. -1.]	False	[0.4595538 0.5404462]
[0 0]	3	[ 0. -1.]	False	[0.4595538 0.5404462]
[0 1]	0	[ 0. -1.]	False	[0.4595538 0.5404462]
[0 1]	1	[ 0. -1.]	False	[0.4595538 0.5404462]
[1 1]	2	[ 0.7 -1. ]	True	[0.4595538 0.5404462]
[0 0]	2	[ 0. -1.]	False	[0.309583 0.690417]
[0 0]	1	[ 0.7 -1. ]	True	[0.309583 0.690417]
[0 0]	1	[ 0.7 -1. ]	True	[0.334334   0.66566604]
[0 0]	0	[ 0. -1.]	False	[0.43928912 0.5607109 ]
[0 0]	0	[ 0. -1.]	False	[0.43928912 0.5607109 ]
[0 0]	0	[ 0. -1.]	False	[0.43928912 0.5607109 ]
[0 0]	1	[ 0.7 -1. ]	True	[0.43928912 0.5607109 ]
[0 0]	1	[ 0.7 -1. ]	True	[0.1366634 0.8633366]
[0 0]	2	[ 0. -1.]	False	[0.42634156 0.57365847]
[0 0]	1	[ 0.7 -1. ]	True	[0.42634156 0.57365847]
[0 0]	0	[ 0. -1.]	False	[0.54684865 0.45315135]
[0 0]	0	[ 0. -1.]	False	[0.54684865 0.45315135]
[0 0]	0	[ 0. -1.]	False	[0.54684865 0.45315135]
[0 0]	1	[ 0.7 -1. ]	True	[0.54684865 0.45315135]
[0 0]	0	[ 0. -1.]	False	[0.14295258 0.85704744]
[0 0]	2	[ 0. -1.]	False	[0.14295258 0.85704744]
[0 0]	3	[ 0. -1.]	False	[0.14295258 0.85704744]
[0 1]	2	[ 0. -1.]	False	[0.14295258 0.85704744]
[0 0]	0	[ 0. -1.]	False	[0.14295258 0.85704744]
[0 0]	1	[ 0.7 -1. ]	True	[0.14295258 0.85704744]
[0 0]	2	[ 0. -1.]	False	[0.4946523  0.50534767]
[0 0]	2	[ 0. -1.]	False	[0.4946523  0.50534767]
[0 0]	3	[ 0. -1.]	False	[0.4946523  0.50534767]
[0 1]	3	[ 0. -1.]	False	[0.4946523  0.50534767]
[0 2]	1	[ 0. -1.]	False	[0.4946523  0.50534767]
[1 2]	1	[ 0. -1.]	False	[0.4946523  0.50534767]
[2 2]	1	[11.5 -1. ]	True	[0.4946523  0.50534767]
[0 0]	0	[ 0. -1.]	False	[0.9544075  0.04559252]
[0 0]	3	[ 0. -1.]	False	[0.9544075  0.04559252]
[0 1]	1	[ 0. -1.]	False	[0.9544075  0.04559252]
[1 1]	3	[ 0. -1.]	False	[0.9544075  0.04559252]
[1 2]	2	[ 0. -1.]	False	[0.9544075  0.04559252]
[1 1]	1	[ 8.2 -1. ]	True	[0.9544075  0.04559252]
[0 0]	1	[ 0.7 -1. ]	True	[0.8776964  0.12230361]
[0 0]	2	[ 0. -1.]	False	[0.46291772 0.53708225]
[0 0]	1	[ 0.7 -1. ]	True	[0.46291772 0.53708225]
[0 0]	0	[ 0. -1.]	False	[0.09529121 0.9047088 ]
[0 0]	2	[ 0. -1.]	False	[0.09529121 0.9047088 ]
[0 0]	2	[ 0. -1.]	False	[0.09529121 0.9047088 ]
[0 0]	2	[ 0. -1.]	False	[0.09529121 0.9047088 ]
[0 0]	2	[ 0. -1.]	False	[0.09529121 0.9047088 ]
[0 0]	2	[ 0. -1.]	False	[0.09529121 0.9047088 ]
[0 0]	3	[ 0. -1.]	False	[0.09529121 0.9047088 ]
[0 1]	0	[ 0. -1.]	False	[0.09529121 0.9047088 ]
[0 1]	2	[ 0. -1.]	False	[0.09529121 0.9047088 ]
[0 0]	0	[ 0. -1.]	False	[0.09529121 0.9047088 ]
[0 0]	0	[ 0. -1.]	False	[0.09529121 0.9047088 ]
[0 0]	2	[ 0. -1.]	False	[0.09529121 0.9047088 ]
[0 0]	3	[ 0. -1.]	False	[0.09529121 0.9047088 ]
[0 1]	3	[ 0. -1.]	False	[0.09529121 0.9047088 ]
[0 2]	2	[ 0. -1.]	False	[0.09529121 0.9047088 ]
[0 1]	0	[ 0. -1.]	False	[0.09529121 0.9047088 ]
[0 1]	2	[ 0. -1.]	False	[0.09529121 0.9047088 ]
[0 0]	2	[ 0. -1.]	False	[0.09529121 0.9047088 ]
[0 0]	2	[ 0. -1.]	False	[0.09529121 0.9047088 ]
[0 0]	0	[ 0. -1.]	False	[0.09529121 0.9047088 ]
[0 0]	1	[ 0.7 -1. ]	True	[0.09529121 0.9047088 ]
[0 0]	1	[ 0.7 -1. ]	True	[0.5608794 0.4391206]
[0 0]	0	[ 0. -1.]	False	[0.5086248  0.49137524]
[0 0]	0	[ 0. -1.]	False	[0.5086248  0.49137524]
[0 0]	2	[ 0. -1.]	False	[0.5086248  0.49137524]
[0 0]	0	[ 0. -1.]	False	[0.5086248  0.49137524]
[0 0]	3	[ 0. -1.]	False	[0.5086248  0.49137524]
[0 1]	1	[ 0. -1.]	False	[0.5086248  0.49137524]
[1 1]	0	[ 0. -1.]	False	[0.5086248  0.49137524]
[0 1]	0	[ 0. -1.]	False	[0.5086248  0.49137524]
[0 1]	3	[ 0. -1.]	False	[0.5086248  0.49137524]
[0 2]	1	[ 0. -1.]	False	[0.5086248  0.49137524]
[1 2]	2	[ 0. -1.]	False	[0.5086248  0.49137524]
[1 1]	0	[ 0. -1.]	False	[0.5086248  0.49137524]
[0 1]	1	[ 0. -1.]	False	[0.5086248  0.49137524]
[1 1]	3	[ 0. -1.]	False	[0.5086248  0.49137524]
[1 2]	1	[ 0. -1.]	False	[0.5086248  0.49137524]
[2 2]	2	[ 8.2 -1. ]	True	[0.5086248  0.49137524]
[0 0]	1	[ 0.7 -1. ]	True	[0.23950739 0.7604926 ]
[0 0]	2	[ 0. -1.]	False	[0.46292722 0.5370728 ]
[0 0]	3	[ 0. -1.]	False	[0.46292722 0.5370728 ]
[0 1]	3	[ 0. -1.]	False	[0.46292722 0.5370728 ]
[0 2]	0	[ 0. -1.]	False	[0.46292722 0.5370728 ]
[0 2]	2	[ 0. -1.]	False	[0.46292722 0.5370728 ]
[0 1]	3	[ 0. -1.]	False	[0.46292722 0.5370728 ]
[0 2]	3	[ 0. -1.]	False	[0.46292722 0.5370728 ]
[0 3]	1	[ 0. -1.]	False	[0.46292722 0.5370728 ]
[1 3]	3	[ 0. -1.]	False	[0.46292722 0.5370728 ]
[1 4]	3	[ 0. -1.]	False	[0.46292722 0.5370728 ]
[1 5]	0	[ 0. -1.]	False	[0.46292722 0.5370728 ]
[0 5]	1	[ 0. -1.]	False	[0.46292722 0.5370728 ]
[1 5]	3	[ 0. -1.]	False	[0.46292722 0.5370728 ]
[1 6]	3	[ 0. -1.]	False	[0.46292722 0.5370728 ]
[1 7]	0	[ 0. -1.]	False	[0.46292722 0.5370728 ]
[0 7]	2	[ 0. -1.]	False	[0.46292722 0.5370728 ]
[0 6]	1	[ 0. -1.]	False	[0.46292722 0.5370728 ]
[1 6]	2	[ 0. -1.]	False	[0.46292722 0.5370728 ]
[1 5]	1	[ 0. -1.]	False	[0.46292722 0.5370728 ]
[2 5]	0	[ 0. -1.]	False	[0.46292722 0.5370728 ]
[1 5]	1	[ 0. -1.]	False	[0.46292722 0.5370728 ]
[2 5]	0	[ 0. -1.]	False	[0.46292722 0.5370728 ]
[1 5]	0	[ 0. -1.]	False	[0.46292722 0.5370728 ]
[0 5]	3	[ 0. -1.]	False	[0.46292722 0.5370728 ]
[0 6]	1	[ 0. -1.]	False	[0.46292722 0.5370728 ]
[1 6]	2	[ 0. -1.]	False	[0.46292722 0.5370728 ]
[1 5]	0	[ 0. -1.]	False	[0.46292722 0.5370728 ]
[0 5]	0	[ 0. -1.]	False	[0.46292722 0.5370728 ]
[0 5]	3	[ 0. -1.]	False	[0.46292722 0.5370728 ]
[0 6]	3	[ 0. -1.]	False	[0.46292722 0.5370728 ]
[0 7]	2	[ 0. -1.]	False	[0.46292722 0.5370728 ]
[0 6]	2	[ 0. -1.]	False	[0.46292722 0.5370728 ]
[0 5]	3	[ 0. -1.]	False	[0.46292722 0.5370728 ]
[0 6]	1	[ 0. -1.]	False	[0.46292722 0.5370728 ]
[1 6]	3	[ 0. -1.]	False	[0.46292722 0.5370728 ]
[1 7]	1	[ 0. -1.]	False	[0.46292722 0.5370728 ]
[2 7]	2	[ 0. -1.]	False	[0.46292722 0.5370728 ]
[2 6]	3	[ 0. -1.]	False	[0.46292722 0.5370728 ]
[2 7]	3	[ 0. -1.]	False	[0.46292722 0.5370728 ]
[2 8]	1	[ 0. -1.]	False	[0.46292722 0.5370728 ]
[3 8]	1	[ 0. -1.]	False	[0.46292722 0.5370728 ]
[4 8]	1	[ 0. -1.]	False	[0.46292722 0.5370728 ]
[5 8]	2	[ 0. -1.]	False	[0.46292722 0.5370728 ]
[5 7]	2	[ 0. -1.]	False	[0.46292722 0.5370728 ]
[5 6]	2	[ 0. -1.]	False	[0.46292722 0.5370728 ]
[5 6]	1	[ 0. -1.]	False	[0.46292722 0.5370728 ]
[6 6]	3	[ 0. -1.]	False	[0.46292722 0.5370728 ]
[6 7]	1	[20.3 -1. ]	True	[0.46292722 0.5370728 ]
[0 0]	2	[ 0. -1.]	False	[0.3933111 0.6066889]
[0 0]	2	[ 0. -1.]	False	[0.3933111 0.6066889]
[0 0]	2	[ 0. -1.]	False	[0.3933111 0.6066889]
[0 0]	2	[ 0. -1.]	False	[0.3933111 0.6066889]
[0 0]	3	[ 0. -1.]	False	[0.3933111 0.6066889]
[0 1]	3	[ 0. -1.]	False	[0.3933111 0.6066889]
[0 2]	0	[ 0. -1.]	False	[0.3933111 0.6066889]
[0 2]	1	[ 0. -1.]	False	[0.3933111 0.6066889]
[1 2]	2	[ 0. -1.]	False	[0.3933111 0.6066889]
[1 1]	0	[ 0. -1.]	False	[0.3933111 0.6066889]
[0 1]	2	[ 0. -1.]	False	[0.3933111 0.6066889]
[0 0]	0	[ 0. -1.]	False	[0.3933111 0.6066889]
[0 0]	1	[ 0.7 -1. ]	True	[0.3933111 0.6066889]
[0 0]	2	[ 0. -1.]	False	[0.15344433 0.8465557 ]
[0 0]	3	[ 0. -1.]	False	[0.15344433 0.8465557 ]
[0 1]	3	[ 0. -1.]	False	[0.15344433 0.8465557 ]
[0 2]	1	[ 0. -1.]	False	[0.15344433 0.8465557 ]
[1 2]	0	[ 0. -1.]	False	[0.15344433 0.8465557 ]
[0 2]	1	[ 0. -1.]	False	[0.15344433 0.8465557 ]
[1 2]	1	[ 0. -1.]	False	[0.15344433 0.8465557 ]
[2 2]	0	[ 0. -1.]	False	[0.15344433 0.8465557 ]
[1 2]	3	[ 0. -1.]	False	[0.15344433 0.8465557 ]
[1 3]	1	[ 0. -1.]	False	[0.15344433 0.8465557 ]
[2 3]	0	[ 0. -1.]	False	[0.15344433 0.8465557 ]
[1 3]	1	[ 0. -1.]	False	[0.15344433 0.8465557 ]
[2 3]	0	[ 0. -1.]	False	[0.15344433 0.8465557 ]
[1 3]	0	[ 0. -1.]	False	[0.15344433 0.8465557 ]
[0 3]	0	[ 0. -1.]	False	[0.15344433 0.8465557 ]
[0 3]	3	[ 0. -1.]	False	[0.15344433 0.8465557 ]
[0 4]	3	[ 0. -1.]	False	[0.15344433 0.8465557 ]
[0 5]	2	[ 0. -1.]	False	[0.15344433 0.8465557 ]
[0 4]	3	[ 0. -1.]	False	[0.15344433 0.8465557 ]
[0 5]	1	[ 0. -1.]	False	[0.15344433 0.8465557 ]
[1 5]	0	[ 0. -1.]	False	[0.15344433 0.8465557 ]
[0 5]	3	[ 0. -1.]	False	[0.15344433 0.8465557 ]
[0 6]	0	[ 0. -1.]	False	[0.15344433 0.8465557 ]
[0 6]	2	[ 0. -1.]	False	[0.15344433 0.8465557 ]
[0 5]	1	[ 0. -1.]	False	[0.15344433 0.8465557 ]
[1 5]	3	[ 0. -1.]	False	[0.15344433 0.8465557 ]
[1 6]	1	[ 0. -1.]	False	[0.15344433 0.8465557 ]
[2 6]	2	[ 0. -1.]	False	[0.15344433 0.8465557 ]
[2 5]	3	[ 0. -1.]	False	[0.15344433 0.8465557 ]
[2 6]	1	[ 0. -1.]	False	[0.15344433 0.8465557 ]
[3 6]	3	[ 0. -1.]	False	[0.15344433 0.8465557 ]
[3 7]	1	[ 0. -1.]	False	[0.15344433 0.8465557 ]
[4 7]	1	[ 0. -1.]	False	[0.15344433 0.8465557 ]
[5 7]	0	[ 0. -1.]	False	[0.15344433 0.8465557 ]
[4 7]	2	[ 0. -1.]	False	[0.15344433 0.8465557 ]
[4 6]	2	[16.1 -1. ]	True	[0.15344433 0.8465557 ]
[0 0]	3	[ 0. -1.]	False	[0.12966989 0.8703301 ]
[0 1]	3	[ 0. -1.]	False	[0.12966989 0.8703301 ]
[0 2]	3	[ 0. -1.]	False	[0.12966989 0.8703301 ]
[0 3]	3	[ 0. -1.]	False	[0.12966989 0.8703301 ]
[0 4]	0	[ 0. -1.]	False	[0.12966989 0.8703301 ]
[0 4]	1	[ 0. -1.]	False	[0.12966989 0.8703301 ]
[1 4]	0	[ 0. -1.]	False	[0.12966989 0.8703301 ]
[0 4]	0	[ 0. -1.]	False	[0.12966989 0.8703301 ]
[0 4]	2	[ 0. -1.]	False	[0.12966989 0.8703301 ]
[0 3]	1	[ 0. -1.]	False	[0.12966989 0.8703301 ]
[1 3]	1	[ 0. -1.]	False	[0.12966989 0.8703301 ]
[2 3]	2	[ 0. -1.]	False	[0.12966989 0.8703301 ]
[2 2]	0	[ 0. -1.]	False	[0.12966989 0.8703301 ]
[1 2]	0	[ 0. -1.]	False	[0.12966989 0.8703301 ]
[0 2]	3	[ 0. -1.]	False	[0.12966989 0.8703301 ]
[0 3]	1	[ 0. -1.]	False	[0.12966989 0.8703301 ]
[1 3]	0	[ 0. -1.]	False	[0.12966989 0.8703301 ]
[0 3]	3	[ 0. -1.]	False	[0.12966989 0.8703301 ]
[0 4]	2	[ 0. -1.]	False	[0.12966989 0.8703301 ]
[0 3]	2	[ 0. -1.]	False	[0.12966989 0.8703301 ]
[0 2]	3	[ 0. -1.]	False	[0.12966989 0.8703301 ]
[0 3]	1	[ 0. -1.]	False	[0.12966989 0.8703301 ]
[1 3]	1	[ 0. -1.]	False	[0.12966989 0.8703301 ]
[2 3]	3	[ 0. -1.]	False	[0.12966989 0.8703301 ]
[2 4]	1	[ 0. -1.]	False	[0.12966989 0.8703301 ]
[3 4]	2	[ 0. -1.]	False	[0.12966989 0.8703301 ]
[3 3]	1	[14. -1.]	True	[0.12966989 0.8703301 ]
[0 0]	2	[ 0. -1.]	False	[0.03140598 0.968594  ]
[0 0]	1	[ 0.7 -1. ]	True	[0.03140598 0.968594  ]
[0 0]	2	[ 0. -1.]	False	[0.5356918 0.4643082]
[0 0]	0	[ 0. -1.]	False	[0.5356918 0.4643082]
[0 0]	1	[ 0.7 -1. ]	True	[0.5356918 0.4643082]
[0 0]	3	[ 0. -1.]	False	[0.6582796  0.34172034]
[0 1]	1	[ 0. -1.]	False	[0.6582796  0.34172034]
[1 1]	3	[ 0. -1.]	False	[0.6582796  0.34172034]
[1 2]	0	[ 0. -1.]	False	[0.6582796  0.34172034]
[0 2]	0	[ 0. -1.]	False	[0.6582796  0.34172034]
[0 2]	0	[ 0. -1.]	False	[0.6582796  0.34172034]
[0 2]	1	[ 0. -1.]	False	[0.6582796  0.34172034]
[1 2]	1	[ 0. -1.]	False	[0.6582796  0.34172034]
[2 2]	3	[ 0. -1.]	False	[0.6582796  0.34172034]
[2 3]	3	[ 0. -1.]	False	[0.6582796  0.34172034]
[2 4]	0	[ 0. -1.]	False	[0.6582796  0.34172034]
[1 4]	2	[ 0. -1.]	False	[0.6582796  0.34172034]
[1 3]	2	[ 0. -1.]	False	[0.6582796  0.34172034]
[1 2]	3	[ 0. -1.]	False	[0.6582796  0.34172034]
[1 3]	1	[ 0. -1.]	False	[0.6582796  0.34172034]
[2 3]	2	[ 0. -1.]	False	[0.6582796  0.34172034]
[2 2]	2	[ 8.2 -1. ]	True	[0.6582796  0.34172034]
[0 0]	1	[ 0.7 -1. ]	True	[0.5187023  0.48129767]
[0 0]	2	[ 0. -1.]	False	[0.43983144 0.56016856]
[0 0]	0	[ 0. -1.]	False	[0.43983144 0.56016856]
[0 0]	3	[ 0. -1.]	False	[0.43983144 0.56016856]
[0 1]	0	[ 0. -1.]	False	[0.43983144 0.56016856]
[0 1]	2	[ 0. -1.]	False	[0.43983144 0.56016856]
[0 0]	0	[ 0. -1.]	False	[0.43983144 0.56016856]
[0 0]	1	[ 0.7 -1. ]	True	[0.43983144 0.56016856]
[0 0]	1	[ 0.7 -1. ]	True	[0.7598432  0.24015683]
[0 0]	1	[ 0.7 -1. ]	True	[0.07669944 0.92330056]
[0 0]	1	[ 0.7 -1. ]	True	[0.21663822 0.78336173]
[0 0]	1	[ 0.7 -1. ]	True	[0.49940968 0.5005903 ]
[0 0]	1	[ 0.7 -1. ]	True	[0.5851018 0.4148982]
[0 0]	1	[ 0.7 -1. ]	True	[0.96445394 0.0355461 ]
[0 0]	1	[ 0.7 -1. ]	True	[0.4716916 0.5283084]
[0 0]	3	[ 0. -1.]	False	[0.6651443  0.33485574]
[0 1]	1	[ 0. -1.]	False	[0.6651443  0.33485574]
[1 1]	1	[ 8.2 -1. ]	True	[0.6651443  0.33485574]
[0 0]	1	[ 0.7 -1. ]	True	[0.28941903 0.71058095]
[0 0]	1	[ 0.7 -1. ]	True	[0.6976629  0.30233708]
[0 0]	1	[ 0.7 -1. ]	True	[0.62536895 0.3746311 ]
[0 0]	1	[ 0.7 -1. ]	True	[0.73237604 0.26762396]
[0 0]	3	[ 0. -1.]	False	[0.8760304  0.12396964]
[0 1]	1	[ 0. -1.]	False	[0.8760304  0.12396964]
[1 1]	1	[ 8.2 -1. ]	True	[0.8760304  0.12396964]
[0 0]	3	[ 0. -1.]	False	[0.14797562 0.8520244 ]
[0 1]	1	[ 0. -1.]	False	[0.14797562 0.8520244 ]
[1 1]	1	[ 8.2 -1. ]	True	[0.14797562 0.8520244 ]
[0 0]	1	[ 0.7 -1. ]	True	[0.00185926 0.9981407 ]
[0 0]	1	[ 0.7 -1. ]	True	[0.5507823 0.4492177]
[0 0]	1	[ 0.7 -1. ]	True	[0.47845986 0.5215401 ]
[0 0]	1	[ 0.7 -1. ]	True	[0.68717456 0.31282544]
[0 0]	2	[ 0. -1.]	False	[0.06411327 0.93588674]
[0 0]	1	[ 0.7 -1. ]	True	[0.06411327 0.93588674]
[0 0]	1	[ 0.7 -1. ]	True	[0.25709432 0.7429057 ]
[0 0]	1	[ 0.7 -1. ]	True	[0.02371634 0.97628367]
[0 0]	2	[ 0. -1.]	False	[0.59298396 0.40701607]
[0 0]	2	[ 0. -1.]	False	[0.59298396 0.40701607]
[0 0]	1	[ 0.7 -1. ]	True	[0.59298396 0.40701607]
[0 0]	1	[ 0.7 -1. ]	True	[0.7603618  0.23963825]
[0 0]	2	[ 0. -1.]	False	[0.80404556 0.19595441]
[0 0]	1	[ 0.7 -1. ]	True	[0.80404556 0.19595441]
[0 0]	1	[ 0.7 -1. ]	True	[0.6003434  0.39965665]
[0 0]	1	[ 0.7 -1. ]	True	[0.88699543 0.11300461]
[0 0]	2	[ 0. -1.]	False	[0.33472627 0.66527367]
[0 0]	1	[ 0.7 -1. ]	True	[0.33472627 0.66527367]
[0 0]	1	[ 0.7 -1. ]	True	[0.19259042 0.80740964]
[0 0]	1	[ 0.7 -1. ]	True	[0.7690632  0.23093681]
[0 0]	1	[ 0.7 -1. ]	True	[0.47326612 0.52673393]
[0 0]	1	[ 0.7 -1. ]	True	[0.47666216 0.52333784]
[0 0]	1	[ 0.7 -1. ]	True	[0.33194682 0.66805315]
[0 0]	1	[ 0.7 -1. ]	True	[0.47316206 0.5268379 ]
[0 0]	1	[ 0.7 -1. ]	True	[0.7192792 0.2807208]
[0 0]	0	[ 0. -1.]	False	[0.8423549  0.15764512]
[0 0]	0	[ 0. -1.]	False	[0.8423549  0.15764512]
[0 0]	3	[ 0. -1.]	False	[0.8423549  0.15764512]
[0 1]	1	[ 0. -1.]	False	[0.8423549  0.15764512]
[1 1]	1	[ 8.2 -1. ]	True	[0.8423549  0.15764512]
[0 0]	1	[ 0.7 -1. ]	True	[0.85141784 0.14858213]
[0 0]	0	[ 0. -1.]	False	[0.38134342 0.6186565 ]
[0 0]	0	[ 0. -1.]	False	[0.38134342 0.6186565 ]
[0 0]	1	[ 0.7 -1. ]	True	[0.38134342 0.6186565 ]
[0 0]	1	[ 0.7 -1. ]	True	[0.8584475  0.14155251]
