[0 0]	1	[0. 0. 0. 0. 0. 0.]	False	[0.00408424 0.13417785 0.23052652 0.34159958 0.20824637 0.08136541]
[1 1]	0	[0. 0. 0. 0. 0. 0.]	False	[0.00408424 0.13417785 0.23052652 0.34159958 0.20824637 0.08136541]
[2 2]	0	[0. 0. 0. 0. 0. 0.]	False	[0.00408424 0.13417785 0.23052652 0.34159958 0.20824637 0.08136541]
[3 4]	1	[0. 0. 0. 0. 0. 0.]	False	[0.00408424 0.13417785 0.23052652 0.34159958 0.20824637 0.08136541]
[4 9]	1	[0. 0. 0. 0. 0. 0.]	False	[0.00408424 0.13417785 0.23052652 0.34159958 0.20824637 0.08136541]
[ 5 19]	0	[0. 0. 0. 0. 0. 0.]	False	[0.00408424 0.13417785 0.23052652 0.34159958 0.20824637 0.08136541]
[ 6 38]	1	[0.70178603 2.88216063 4.06577522 6.39365228 5.80793442 0.24336517]	True	[0.00408424 0.13417785 0.23052652 0.34159958 0.20824637 0.08136541]
[0 0]	1	[0. 0. 0. 0. 0. 0.]	False	[0.01521014 0.08658677 0.07264277 0.3011454  0.28608972 0.23832515]
[1 1]	1	[0. 0. 0. 0. 0. 0.]	False	[0.01521014 0.08658677 0.07264277 0.3011454  0.28608972 0.23832515]
[2 3]	1	[0. 0. 0. 0. 0. 0.]	False	[0.01521014 0.08658677 0.07264277 0.3011454  0.28608972 0.23832515]
[3 7]	0	[0. 0. 0. 0. 0. 0.]	False	[0.01521014 0.08658677 0.07264277 0.3011454  0.28608972 0.23832515]
[ 4 14]	1	[0. 0. 0. 0. 0. 0.]	False	[0.01521014 0.08658677 0.07264277 0.3011454  0.28608972 0.23832515]
[ 5 29]	0	[0. 0. 0. 0. 0. 0.]	False	[0.01521014 0.08658677 0.07264277 0.3011454  0.28608972 0.23832515]
[ 6 58]	0	[1.87916271 8.77986293 0.14218332 2.30457011 2.26344244 2.98803   ]	True	[0.01521014 0.08658677 0.07264277 0.3011454  0.28608972 0.23832515]
[0 0]	0	[0. 0. 0. 0. 0. 0.]	False	[0.12367453 0.10602514 0.20590818 0.15132625 0.01805782 0.3950081 ]
[1 0]	0	[0. 0. 0. 0. 0. 0.]	False	[0.12367453 0.10602514 0.20590818 0.15132625 0.01805782 0.3950081 ]
[2 0]	0	[0. 0. 0. 0. 0. 0.]	False	[0.12367453 0.10602514 0.20590818 0.15132625 0.01805782 0.3950081 ]
[3 0]	1	[0. 0. 0. 0. 0. 0.]	False	[0.12367453 0.10602514 0.20590818 0.15132625 0.01805782 0.3950081 ]
[4 1]	0	[0. 0. 0. 0. 0. 0.]	False	[0.12367453 0.10602514 0.20590818 0.15132625 0.01805782 0.3950081 ]
[5 2]	0	[0. 0. 0. 0. 0. 0.]	False	[0.12367453 0.10602514 0.20590818 0.15132625 0.01805782 0.3950081 ]
[6 4]	0	[0.58513677 4.00782651 0.08530382 8.62832436 1.93453438 2.32320047]	True	[0.12367453 0.10602514 0.20590818 0.15132625 0.01805782 0.3950081 ]
[0 0]	1	[0. 0. 0. 0. 0. 0.]	False	[0.10324559 0.02552969 0.2359167  0.0681554  0.19916378 0.36798882]
[1 1]	1	[0. 0. 0. 0. 0. 0.]	False	[0.10324559 0.02552969 0.2359167  0.0681554  0.19916378 0.36798882]
[2 3]	1	[0. 0. 0. 0. 0. 0.]	False	[0.10324559 0.02552969 0.2359167  0.0681554  0.19916378 0.36798882]
[3 7]	1	[0. 0. 0. 0. 0. 0.]	False	[0.10324559 0.02552969 0.2359167  0.0681554  0.19916378 0.36798882]
[ 4 15]	0	[0. 0. 0. 0. 0. 0.]	False	[0.10324559 0.02552969 0.2359167  0.0681554  0.19916378 0.36798882]
[ 5 30]	0	[0. 0. 0. 0. 0. 0.]	False	[0.10324559 0.02552969 0.2359167  0.0681554  0.19916378 0.36798882]
[ 6 60]	0	[3.9020951  1.06132813 0.91070059 3.86200052 1.1712411  8.15665416]	True	[0.10324559 0.02552969 0.2359167  0.0681554  0.19916378 0.36798882]
[0 0]	1	[0. 0. 0. 0. 0. 0.]	False	[0.35983905 0.03863468 0.10497936 0.24478531 0.1441664  0.10759515]
[1 1]	0	[0. 0. 0. 0. 0. 0.]	False	[0.35983905 0.03863468 0.10497936 0.24478531 0.1441664  0.10759515]
[2 2]	1	[0. 0. 0. 0. 0. 0.]	False	[0.35983905 0.03863468 0.10497936 0.24478531 0.1441664  0.10759515]
[3 5]	0	[0. 0. 0. 0. 0. 0.]	False	[0.35983905 0.03863468 0.10497936 0.24478531 0.1441664  0.10759515]
[ 4 10]	0	[0. 0. 0. 0. 0. 0.]	False	[0.35983905 0.03863468 0.10497936 0.24478531 0.1441664  0.10759515]
[ 5 20]	0	[0. 0. 0. 0. 0. 0.]	False	[0.35983905 0.03863468 0.10497936 0.24478531 0.1441664  0.10759515]
[ 6 40]	1	[3.26246217 3.77555064 5.13658315 5.95335244 0.50710019 3.60797944]	True	[0.35983905 0.03863468 0.10497936 0.24478531 0.1441664  0.10759515]
[0 0]	1	[0. 0. 0. 0. 0. 0.]	False	[0.255572   0.02906688 0.21500763 0.2615281  0.03159437 0.2072311 ]
[1 1]	1	[0. 0. 0. 0. 0. 0.]	False	[0.255572   0.02906688 0.21500763 0.2615281  0.03159437 0.2072311 ]
[2 3]	1	[0. 0. 0. 0. 0. 0.]	False	[0.255572   0.02906688 0.21500763 0.2615281  0.03159437 0.2072311 ]
[3 7]	1	[0. 0. 0. 0. 0. 0.]	False	[0.255572   0.02906688 0.21500763 0.2615281  0.03159437 0.2072311 ]
[ 4 15]	0	[0. 0. 0. 0. 0. 0.]	False	[0.255572   0.02906688 0.21500763 0.2615281  0.03159437 0.2072311 ]
[ 5 30]	0	[0. 0. 0. 0. 0. 0.]	False	[0.255572   0.02906688 0.21500763 0.2615281  0.03159437 0.2072311 ]
[ 6 60]	1	[4.61696992 4.6252333  5.0280026  4.30399729 3.24034661 1.72793421]	True	[0.255572   0.02906688 0.21500763 0.2615281  0.03159437 0.2072311 ]
[0 0]	1	[0. 0. 0. 0. 0. 0.]	False	[0.05643179 0.06096214 0.12607224 0.36035657 0.20087068 0.19530666]
[1 1]	0	[0. 0. 0. 0. 0. 0.]	False	[0.05643179 0.06096214 0.12607224 0.36035657 0.20087068 0.19530666]
[2 2]	0	[0. 0. 0. 0. 0. 0.]	False	[0.05643179 0.06096214 0.12607224 0.36035657 0.20087068 0.19530666]
[3 4]	0	[0. 0. 0. 0. 0. 0.]	False	[0.05643179 0.06096214 0.12607224 0.36035657 0.20087068 0.19530666]
[4 8]	1	[0. 0. 0. 0. 0. 0.]	False	[0.05643179 0.06096214 0.12607224 0.36035657 0.20087068 0.19530666]
[ 5 17]	1	[0. 0. 0. 0. 0. 0.]	False	[0.05643179 0.06096214 0.12607224 0.36035657 0.20087068 0.19530666]
[ 6 35]	0	[7.75709126 2.86264536 2.29374145 2.68872195 3.44058744 2.70271701]	True	[0.05643179 0.06096214 0.12607224 0.36035657 0.20087068 0.19530666]
[0 0]	1	[0. 0. 0. 0. 0. 0.]	False	[0.00349703 0.51665074 0.06997676 0.11240465 0.08171863 0.21575223]
[1 1]	1	[0. 0. 0. 0. 0. 0.]	False	[0.00349703 0.51665074 0.06997676 0.11240465 0.08171863 0.21575223]
[2 3]	1	[0. 0. 0. 0. 0. 0.]	False	[0.00349703 0.51665074 0.06997676 0.11240465 0.08171863 0.21575223]
[3 7]	0	[0. 0. 0. 0. 0. 0.]	False	[0.00349703 0.51665074 0.06997676 0.11240465 0.08171863 0.21575223]
[ 4 14]	1	[0. 0. 0. 0. 0. 0.]	False	[0.00349703 0.51665074 0.06997676 0.11240465 0.08171863 0.21575223]
[ 5 29]	1	[0. 0. 0. 0. 0. 0.]	False	[0.00349703 0.51665074 0.06997676 0.11240465 0.08171863 0.21575223]
[ 6 59]	1	[2.37882278 7.6679982  2.56820049 3.40968706 3.97975549 1.21775717]	True	[0.00349703 0.51665074 0.06997676 0.11240465 0.08171863 0.21575223]
[0 0]	1	[0. 0. 0. 0. 0. 0.]	False	[0.24720615 0.22541331 0.10745545 0.00258495 0.15675938 0.26058075]
[1 1]	0	[0. 0. 0. 0. 0. 0.]	False	[0.24720615 0.22541331 0.10745545 0.00258495 0.15675938 0.26058075]
[2 2]	0	[0. 0. 0. 0. 0. 0.]	False	[0.24720615 0.22541331 0.10745545 0.00258495 0.15675938 0.26058075]
[3 4]	0	[0. 0. 0. 0. 0. 0.]	False	[0.24720615 0.22541331 0.10745545 0.00258495 0.15675938 0.26058075]
[4 8]	1	[0. 0. 0. 0. 0. 0.]	False	[0.24720615 0.22541331 0.10745545 0.00258495 0.15675938 0.26058075]
[ 5 17]	1	[0. 0. 0. 0. 0. 0.]	False	[0.24720615 0.22541331 0.10745545 0.00258495 0.15675938 0.26058075]
[ 6 35]	1	[1.47805473 0.56765227 7.37702891 0.09271143 4.36384564 4.90110451]	True	[0.24720615 0.22541331 0.10745545 0.00258495 0.15675938 0.26058075]
[0 0]	1	[0. 0. 0. 0. 0. 0.]	False	[0.06303465 0.18944918 0.17338054 0.25982904 0.22606725 0.08823942]
[1 1]	0	[0. 0. 0. 0. 0. 0.]	False	[0.06303465 0.18944918 0.17338054 0.25982904 0.22606725 0.08823942]
[2 2]	1	[0. 0. 0. 0. 0. 0.]	False	[0.06303465 0.18944918 0.17338054 0.25982904 0.22606725 0.08823942]
[3 5]	1	[0. 0. 0. 0. 0. 0.]	False	[0.06303465 0.18944918 0.17338054 0.25982904 0.22606725 0.08823942]
[ 4 11]	0	[0. 0. 0. 0. 0. 0.]	False	[0.06303465 0.18944918 0.17338054 0.25982904 0.22606725 0.08823942]
[ 5 22]	0	[0. 0. 0. 0. 0. 0.]	False	[0.06303465 0.18944918 0.17338054 0.25982904 0.22606725 0.08823942]
[ 6 44]	1	[1.86322992 3.54240501 4.19454516 2.3846053  4.28548294 6.50644492]	True	[0.06303465 0.18944918 0.17338054 0.25982904 0.22606725 0.08823942]
[0 0]	1	[0. 0. 0. 0. 0. 0.]	False	[0.09759936 0.1260691  0.2957851  0.02534905 0.06023175 0.39496568]
[1 1]	0	[0. 0. 0. 0. 0. 0.]	False	[0.09759936 0.1260691  0.2957851  0.02534905 0.06023175 0.39496568]
[2 2]	1	[0. 0. 0. 0. 0. 0.]	False	[0.09759936 0.1260691  0.2957851  0.02534905 0.06023175 0.39496568]
[3 5]	0	[0. 0. 0. 0. 0. 0.]	False	[0.09759936 0.1260691  0.2957851  0.02534905 0.06023175 0.39496568]
[ 4 10]	1	[0. 0. 0. 0. 0. 0.]	False	[0.09759936 0.1260691  0.2957851  0.02534905 0.06023175 0.39496568]
[ 5 21]	0	[0. 0. 0. 0. 0. 0.]	False	[0.09759936 0.1260691  0.2957851  0.02534905 0.06023175 0.39496568]
[ 6 42]	0	[5.84288335 2.11962167 3.05793046 0.02686868 2.2373544  6.85642056]	True	[0.09759936 0.1260691  0.2957851  0.02534905 0.06023175 0.39496568]
[0 0]	1	[0. 0. 0. 0. 0. 0.]	False	[0.11995273 0.26342356 0.27893075 0.1309377  0.09578042 0.11097485]
[1 1]	1	[0. 0. 0. 0. 0. 0.]	False	[0.11995273 0.26342356 0.27893075 0.1309377  0.09578042 0.11097485]
[2 3]	0	[0. 0. 0. 0. 0. 0.]	False	[0.11995273 0.26342356 0.27893075 0.1309377  0.09578042 0.11097485]
[3 6]	1	[0. 0. 0. 0. 0. 0.]	False	[0.11995273 0.26342356 0.27893075 0.1309377  0.09578042 0.11097485]
[ 4 13]	1	[0. 0. 0. 0. 0. 0.]	False	[0.11995273 0.26342356 0.27893075 0.1309377  0.09578042 0.11097485]
[ 5 27]	1	[0. 0. 0. 0. 0. 0.]	False	[0.11995273 0.26342356 0.27893075 0.1309377  0.09578042 0.11097485]
[ 6 55]	1	[0.88402512 0.35402459 3.25443105 6.37560825 6.50357815 2.35731528]	True	[0.11995273 0.26342356 0.27893075 0.1309377  0.09578042 0.11097485]
[0 0]	0	[0. 0. 0. 0. 0. 0.]	False	[0.3837667  0.00161794 0.0530945  0.15260404 0.28589776 0.12301902]
[1 0]	1	[0. 0. 0. 0. 0. 0.]	False	[0.3837667  0.00161794 0.0530945  0.15260404 0.28589776 0.12301902]
[2 1]	0	[0. 0. 0. 0. 0. 0.]	False	[0.3837667  0.00161794 0.0530945  0.15260404 0.28589776 0.12301902]
[3 2]	0	[0. 0. 0. 0. 0. 0.]	False	[0.3837667  0.00161794 0.0530945  0.15260404 0.28589776 0.12301902]
[4 4]	1	[0. 0. 0. 0. 0. 0.]	False	[0.3837667  0.00161794 0.0530945  0.15260404 0.28589776 0.12301902]
[5 9]	0	[0. 0. 0. 0. 0. 0.]	False	[0.3837667  0.00161794 0.0530945  0.15260404 0.28589776 0.12301902]
[ 6 18]	1	[5.73690431 1.64965556 0.64870873 5.25548535 5.8454173  1.46857511]	True	[0.3837667  0.00161794 0.0530945  0.15260404 0.28589776 0.12301902]
[0 0]	1	[0. 0. 0. 0. 0. 0.]	False	[0.06885567 0.27392268 0.10596239 0.25190464 0.04311679 0.25623783]
[1 1]	0	[0. 0. 0. 0. 0. 0.]	False	[0.06885567 0.27392268 0.10596239 0.25190464 0.04311679 0.25623783]
[2 2]	0	[0. 0. 0. 0. 0. 0.]	False	[0.06885567 0.27392268 0.10596239 0.25190464 0.04311679 0.25623783]
[3 4]	0	[0. 0. 0. 0. 0. 0.]	False	[0.06885567 0.27392268 0.10596239 0.25190464 0.04311679 0.25623783]
[4 8]	0	[0. 0. 0. 0. 0. 0.]	False	[0.06885567 0.27392268 0.10596239 0.25190464 0.04311679 0.25623783]
[ 5 16]	1	[0. 0. 0. 0. 0. 0.]	False	[0.06885567 0.27392268 0.10596239 0.25190464 0.04311679 0.25623783]
[ 6 33]	0	[1.31467477 2.17922309 2.63299757 0.16194893 9.27658681 0.71319734]	True	[0.06885567 0.27392268 0.10596239 0.25190464 0.04311679 0.25623783]
[0 0]	1	[0. 0. 0. 0. 0. 0.]	False	[0.01651087 0.07748927 0.48435584 0.08593236 0.04926516 0.28644648]
[1 1]	0	[0. 0. 0. 0. 0. 0.]	False	[0.01651087 0.07748927 0.48435584 0.08593236 0.04926516 0.28644648]
[2 2]	1	[0. 0. 0. 0. 0. 0.]	False	[0.01651087 0.07748927 0.48435584 0.08593236 0.04926516 0.28644648]
[3 5]	0	[0. 0. 0. 0. 0. 0.]	False	[0.01651087 0.07748927 0.48435584 0.08593236 0.04926516 0.28644648]
[ 4 10]	0	[0. 0. 0. 0. 0. 0.]	False	[0.01651087 0.07748927 0.48435584 0.08593236 0.04926516 0.28644648]
[ 5 20]	0	[0. 0. 0. 0. 0. 0.]	False	[0.01651087 0.07748927 0.48435584 0.08593236 0.04926516 0.28644648]
[ 6 40]	1	[3.26246217 3.77555064 5.13658315 5.95335244 0.50710019 3.60797944]	True	[0.01651087 0.07748927 0.48435584 0.08593236 0.04926516 0.28644648]
[0 0]	1	[0. 0. 0. 0. 0. 0.]	False	[0.24797077 0.13050283 0.12299104 0.37955952 0.05228771 0.06668814]
[1 1]	0	[0. 0. 0. 0. 0. 0.]	False	[0.24797077 0.13050283 0.12299104 0.37955952 0.05228771 0.06668814]
[2 2]	1	[0. 0. 0. 0. 0. 0.]	False	[0.24797077 0.13050283 0.12299104 0.37955952 0.05228771 0.06668814]
[3 5]	1	[0. 0. 0. 0. 0. 0.]	False	[0.24797077 0.13050283 0.12299104 0.37955952 0.05228771 0.06668814]
[ 4 11]	1	[0. 0. 0. 0. 0. 0.]	False	[0.24797077 0.13050283 0.12299104 0.37955952 0.05228771 0.06668814]
[ 5 23]	0	[0. 0. 0. 0. 0. 0.]	False	[0.24797077 0.13050283 0.12299104 0.37955952 0.05228771 0.06668814]
[ 6 46]	0	[0.95794499 1.73192724 5.52153846 3.2793689  7.20088206 1.72870459]	True	[0.24797077 0.13050283 0.12299104 0.37955952 0.05228771 0.06668814]
[0 0]	0	[0. 0. 0. 0. 0. 0.]	False	[0.1237101  0.14692922 0.00645205 0.22323415 0.38560155 0.11407291]
[1 0]	0	[0. 0. 0. 0. 0. 0.]	False	[0.1237101  0.14692922 0.00645205 0.22323415 0.38560155 0.11407291]
[2 0]	1	[0. 0. 0. 0. 0. 0.]	False	[0.1237101  0.14692922 0.00645205 0.22323415 0.38560155 0.11407291]
[3 1]	0	[0. 0. 0. 0. 0. 0.]	False	[0.1237101  0.14692922 0.00645205 0.22323415 0.38560155 0.11407291]
[4 2]	0	[0. 0. 0. 0. 0. 0.]	False	[0.1237101  0.14692922 0.00645205 0.22323415 0.38560155 0.11407291]
[5 4]	0	[0. 0. 0. 0. 0. 0.]	False	[0.1237101  0.14692922 0.00645205 0.22323415 0.38560155 0.11407291]
[6 8]	0	[3.45410722 7.40358442 4.80502365 1.81341621 0.66537847 2.53704984]	True	[0.1237101  0.14692922 0.00645205 0.22323415 0.38560155 0.11407291]
[0 0]	1	[0. 0. 0. 0. 0. 0.]	False	[0.08085024 0.13422304 0.1015057  0.40353858 0.16124547 0.11863694]
[1 1]	0	[0. 0. 0. 0. 0. 0.]	False	[0.08085024 0.13422304 0.1015057  0.40353858 0.16124547 0.11863694]
[2 2]	1	[0. 0. 0. 0. 0. 0.]	False	[0.08085024 0.13422304 0.1015057  0.40353858 0.16124547 0.11863694]
[3 5]	0	[0. 0. 0. 0. 0. 0.]	False	[0.08085024 0.13422304 0.1015057  0.40353858 0.16124547 0.11863694]
[ 4 10]	0	[0. 0. 0. 0. 0. 0.]	False	[0.08085024 0.13422304 0.1015057  0.40353858 0.16124547 0.11863694]
[ 5 20]	1	[0. 0. 0. 0. 0. 0.]	False	[0.08085024 0.13422304 0.1015057  0.40353858 0.16124547 0.11863694]
[ 6 41]	1	[1.73776892 2.79515779 5.26232705 6.15519998 2.91607776 3.88396316]	True	[0.08085024 0.13422304 0.1015057  0.40353858 0.16124547 0.11863694]
[0 0]	1	[0. 0. 0. 0. 0. 0.]	False	[0.09194889 0.09701959 0.1819991  0.35185865 0.00360975 0.27356404]
[1 1]	0	[0. 0. 0. 0. 0. 0.]	False	[0.09194889 0.09701959 0.1819991  0.35185865 0.00360975 0.27356404]
[2 2]	0	[0. 0. 0. 0. 0. 0.]	False	[0.09194889 0.09701959 0.1819991  0.35185865 0.00360975 0.27356404]
[3 4]	1	[0. 0. 0. 0. 0. 0.]	False	[0.09194889 0.09701959 0.1819991  0.35185865 0.00360975 0.27356404]
[4 9]	0	[0. 0. 0. 0. 0. 0.]	False	[0.09194889 0.09701959 0.1819991  0.35185865 0.00360975 0.27356404]
[ 5 18]	1	[0. 0. 0. 0. 0. 0.]	False	[0.09194889 0.09701959 0.1819991  0.35185865 0.00360975 0.27356404]
[ 6 37]	0	[0.78787403 3.72625502 1.21190521 8.38489292 3.70155394 0.13278932]	True	[0.09194889 0.09701959 0.1819991  0.35185865 0.00360975 0.27356404]
[0 0]	0	[0. 0. 0. 0. 0. 0.]	False	[0.01836218 0.3873036  0.11348243 0.18155017 0.14023896 0.15906267]
[1 0]	0	[0. 0. 0. 0. 0. 0.]	False	[0.01836218 0.3873036  0.11348243 0.18155017 0.14023896 0.15906267]
[2 0]	1	[0. 0. 0. 0. 0. 0.]	False	[0.01836218 0.3873036  0.11348243 0.18155017 0.14023896 0.15906267]
[3 1]	1	[0. 0. 0. 0. 0. 0.]	False	[0.01836218 0.3873036  0.11348243 0.18155017 0.14023896 0.15906267]
[4 3]	1	[0. 0. 0. 0. 0. 0.]	False	[0.01836218 0.3873036  0.11348243 0.18155017 0.14023896 0.15906267]
[5 7]	0	[0. 0. 0. 0. 0. 0.]	False	[0.01836218 0.3873036  0.11348243 0.18155017 0.14023896 0.15906267]
[ 6 14]	1	[7.63538382 3.88682729 3.22292045 0.21632413 0.071194   4.01925448]	True	[0.01836218 0.3873036  0.11348243 0.18155017 0.14023896 0.15906267]
[0 0]	1	[0. 0. 0. 0. 0. 0.]	False	[0.10049544 0.2985207  0.20032868 0.11656832 0.17924425 0.10484265]
[1 1]	0	[0. 0. 0. 0. 0. 0.]	False	[0.10049544 0.2985207  0.20032868 0.11656832 0.17924425 0.10484265]
[2 2]	1	[0. 0. 0. 0. 0. 0.]	False	[0.10049544 0.2985207  0.20032868 0.11656832 0.17924425 0.10484265]
[3 5]	1	[0. 0. 0. 0. 0. 0.]	False	[0.10049544 0.2985207  0.20032868 0.11656832 0.17924425 0.10484265]
[ 4 11]	1	[0. 0. 0. 0. 0. 0.]	False	[0.10049544 0.2985207  0.20032868 0.11656832 0.17924425 0.10484265]
[ 5 23]	0	[0. 0. 0. 0. 0. 0.]	False	[0.10049544 0.2985207  0.20032868 0.11656832 0.17924425 0.10484265]
[ 6 46]	0	[0.95794499 1.73192724 5.52153846 3.2793689  7.20088206 1.72870459]	True	[0.10049544 0.2985207  0.20032868 0.11656832 0.17924425 0.10484265]
[0 0]	1	[0. 0. 0. 0. 0. 0.]	False	[0.23451501 0.04539014 0.14875542 0.08216402 0.4565268  0.03264869]
[1 1]	1	[0. 0. 0. 0. 0. 0.]	False	[0.23451501 0.04539014 0.14875542 0.08216402 0.4565268  0.03264869]
[2 3]	0	[0. 0. 0. 0. 0. 0.]	False	[0.23451501 0.04539014 0.14875542 0.08216402 0.4565268  0.03264869]
[3 6]	1	[0. 0. 0. 0. 0. 0.]	False	[0.23451501 0.04539014 0.14875542 0.08216402 0.4565268  0.03264869]
[ 4 13]	0	[0. 0. 0. 0. 0. 0.]	False	[0.23451501 0.04539014 0.14875542 0.08216402 0.4565268  0.03264869]
[ 5 26]	0	[0. 0. 0. 0. 0. 0.]	False	[0.23451501 0.04539014 0.14875542 0.08216402 0.4565268  0.03264869]
[ 6 52]	0	[1.04344792 0.31173723 1.56573663 5.79359716 2.79947656 7.41347881]	True	[0.23451501 0.04539014 0.14875542 0.08216402 0.4565268  0.03264869]
[0 0]	0	[0. 0. 0. 0. 0. 0.]	False	[0.1188413  0.069871   0.15637642 0.24256743 0.19693266 0.21541119]
[1 0]	1	[0. 0. 0. 0. 0. 0.]	False	[0.1188413  0.069871   0.15637642 0.24256743 0.19693266 0.21541119]
[2 1]	1	[0. 0. 0. 0. 0. 0.]	False	[0.1188413  0.069871   0.15637642 0.24256743 0.19693266 0.21541119]
[3 3]	0	[0. 0. 0. 0. 0. 0.]	False	[0.1188413  0.069871   0.15637642 0.24256743 0.19693266 0.21541119]
[4 6]	1	[0. 0. 0. 0. 0. 0.]	False	[0.1188413  0.069871   0.15637642 0.24256743 0.19693266 0.21541119]
[ 5 13]	1	[0. 0. 0. 0. 0. 0.]	False	[0.1188413  0.069871   0.15637642 0.24256743 0.19693266 0.21541119]
[ 6 27]	0	[0.27055161 1.32505827 0.82880694 5.07516063 3.65750329 7.63868547]	True	[0.1188413  0.069871   0.15637642 0.24256743 0.19693266 0.21541119]
[0 0]	0	[0. 0. 0. 0. 0. 0.]	False	[0.07883692 0.17202646 0.18349409 0.34585774 0.01906433 0.20072053]
[1 0]	1	[0. 0. 0. 0. 0. 0.]	False	[0.07883692 0.17202646 0.18349409 0.34585774 0.01906433 0.20072053]
[2 1]	0	[0. 0. 0. 0. 0. 0.]	False	[0.07883692 0.17202646 0.18349409 0.34585774 0.01906433 0.20072053]
[3 2]	0	[0. 0. 0. 0. 0. 0.]	False	[0.07883692 0.17202646 0.18349409 0.34585774 0.01906433 0.20072053]
[4 4]	0	[0. 0. 0. 0. 0. 0.]	False	[0.07883692 0.17202646 0.18349409 0.34585774 0.01906433 0.20072053]
[5 8]	1	[0. 0. 0. 0. 0. 0.]	False	[0.07883692 0.17202646 0.18349409 0.34585774 0.01906433 0.20072053]
[ 6 17]	0	[1.8072286  3.77826266 0.1609332  0.03592059 4.83503526 7.68465356]	True	[0.07883692 0.17202646 0.18349409 0.34585774 0.01906433 0.20072053]
[0 0]	1	[0. 0. 0. 0. 0. 0.]	False	[0.1435035  0.2275502  0.17462096 0.2949254  0.00914029 0.15025954]
[1 1]	1	[0. 0. 0. 0. 0. 0.]	False	[0.1435035  0.2275502  0.17462096 0.2949254  0.00914029 0.15025954]
[2 3]	0	[0. 0. 0. 0. 0. 0.]	False	[0.1435035  0.2275502  0.17462096 0.2949254  0.00914029 0.15025954]
[3 6]	1	[0. 0. 0. 0. 0. 0.]	False	[0.1435035  0.2275502  0.17462096 0.2949254  0.00914029 0.15025954]
[ 4 13]	0	[0. 0. 0. 0. 0. 0.]	False	[0.1435035  0.2275502  0.17462096 0.2949254  0.00914029 0.15025954]
[ 5 26]	1	[0. 0. 0. 0. 0. 0.]	False	[0.1435035  0.2275502  0.17462096 0.2949254  0.00914029 0.15025954]
[ 6 53]	0	[1.08440052 5.95542225 0.39378945 2.98381656 3.56511194 6.44893532]	True	[0.1435035  0.2275502  0.17462096 0.2949254  0.00914029 0.15025954]
[0 0]	1	[0. 0. 0. 0. 0. 0.]	False	[0.32640418 0.31827104 0.06302568 0.06972574 0.00189209 0.22068135]
[1 1]	1	[0. 0. 0. 0. 0. 0.]	False	[0.32640418 0.31827104 0.06302568 0.06972574 0.00189209 0.22068135]
[2 3]	1	[0. 0. 0. 0. 0. 0.]	False	[0.32640418 0.31827104 0.06302568 0.06972574 0.00189209 0.22068135]
[3 7]	1	[0. 0. 0. 0. 0. 0.]	False	[0.32640418 0.31827104 0.06302568 0.06972574 0.00189209 0.22068135]
[ 4 15]	0	[0. 0. 0. 0. 0. 0.]	False	[0.32640418 0.31827104 0.06302568 0.06972574 0.00189209 0.22068135]
[ 5 30]	0	[0. 0. 0. 0. 0. 0.]	False	[0.32640418 0.31827104 0.06302568 0.06972574 0.00189209 0.22068135]
[ 6 60]	1	[4.61696992 4.6252333  5.0280026  4.30399729 3.24034661 1.72793421]	True	[0.32640418 0.31827104 0.06302568 0.06972574 0.00189209 0.22068135]
[0 0]	0	[0. 0. 0. 0. 0. 0.]	False	[0.2880782  0.19992405 0.28772506 0.00951085 0.19031796 0.02444395]
[1 0]	1	[0. 0. 0. 0. 0. 0.]	False	[0.2880782  0.19992405 0.28772506 0.00951085 0.19031796 0.02444395]
[2 1]	0	[0. 0. 0. 0. 0. 0.]	False	[0.2880782  0.19992405 0.28772506 0.00951085 0.19031796 0.02444395]
[3 2]	1	[0. 0. 0. 0. 0. 0.]	False	[0.2880782  0.19992405 0.28772506 0.00951085 0.19031796 0.02444395]
[4 5]	0	[0. 0. 0. 0. 0. 0.]	False	[0.2880782  0.19992405 0.28772506 0.00951085 0.19031796 0.02444395]
[ 5 10]	0	[0. 0. 0. 0. 0. 0.]	False	[0.2880782  0.19992405 0.28772506 0.00951085 0.19031796 0.02444395]
[ 6 20]	1	[5.34003191 1.89167534 2.58671856 0.85251419 6.32481989 4.5259677 ]	True	[0.2880782  0.19992405 0.28772506 0.00951085 0.19031796 0.02444395]
[0 0]	1	[0. 0. 0. 0. 0. 0.]	False	[0.00613031 0.01365653 0.03093926 0.5599403  0.22590268 0.16343102]
[1 1]	1	[0. 0. 0. 0. 0. 0.]	False	[0.00613031 0.01365653 0.03093926 0.5599403  0.22590268 0.16343102]
[2 3]	1	[0. 0. 0. 0. 0. 0.]	False	[0.00613031 0.01365653 0.03093926 0.5599403  0.22590268 0.16343102]
[3 7]	0	[0. 0. 0. 0. 0. 0.]	False	[0.00613031 0.01365653 0.03093926 0.5599403  0.22590268 0.16343102]
[ 4 14]	0	[0. 0. 0. 0. 0. 0.]	False	[0.00613031 0.01365653 0.03093926 0.5599403  0.22590268 0.16343102]
[ 5 28]	1	[0. 0. 0. 0. 0. 0.]	False	[0.00613031 0.01365653 0.03093926 0.5599403  0.22590268 0.16343102]
[ 6 57]	1	[3.59720211 4.94644652 2.96841414 4.91597513 4.88131902 2.40566715]	True	[0.00613031 0.01365653 0.03093926 0.5599403  0.22590268 0.16343102]
[0 0]	1	[0. 0. 0. 0. 0. 0.]	False	[0.0751287  0.2640063  0.17777343 0.14307146 0.16010404 0.17991614]
[1 1]	1	[0. 0. 0. 0. 0. 0.]	False	[0.0751287  0.2640063  0.17777343 0.14307146 0.16010404 0.17991614]
[2 3]	0	[0. 0. 0. 0. 0. 0.]	False	[0.0751287  0.2640063  0.17777343 0.14307146 0.16010404 0.17991614]
[3 6]	1	[0. 0. 0. 0. 0. 0.]	False	[0.0751287  0.2640063  0.17777343 0.14307146 0.16010404 0.17991614]
[ 4 13]	0	[0. 0. 0. 0. 0. 0.]	False	[0.0751287  0.2640063  0.17777343 0.14307146 0.16010404 0.17991614]
[ 5 26]	1	[0. 0. 0. 0. 0. 0.]	False	[0.0751287  0.2640063  0.17777343 0.14307146 0.16010404 0.17991614]
[ 6 53]	1	[0.99064629 1.35478691 4.38745525 2.66407385 7.56658676 3.68549645]	True	[0.0751287  0.2640063  0.17777343 0.14307146 0.16010404 0.17991614]
[0 0]	1	[0. 0. 0. 0. 0. 0.]	False	[0.08422254 0.02867678 0.15602176 0.22726232 0.25028038 0.2535362 ]
[1 1]	1	[0. 0. 0. 0. 0. 0.]	False	[0.08422254 0.02867678 0.15602176 0.22726232 0.25028038 0.2535362 ]
[2 3]	0	[0. 0. 0. 0. 0. 0.]	False	[0.08422254 0.02867678 0.15602176 0.22726232 0.25028038 0.2535362 ]
[3 6]	1	[0. 0. 0. 0. 0. 0.]	False	[0.08422254 0.02867678 0.15602176 0.22726232 0.25028038 0.2535362 ]
[ 4 13]	1	[0. 0. 0. 0. 0. 0.]	False	[0.08422254 0.02867678 0.15602176 0.22726232 0.25028038 0.2535362 ]
[ 5 27]	1	[0. 0. 0. 0. 0. 0.]	False	[0.08422254 0.02867678 0.15602176 0.22726232 0.25028038 0.2535362 ]
[ 6 55]	0	[2.94607977 5.56169236 2.59013018 4.02632765 3.30995993 5.14900658]	True	[0.08422254 0.02867678 0.15602176 0.22726232 0.25028038 0.2535362 ]
[0 0]	1	[0. 0. 0. 0. 0. 0.]	False	[0.12223959 0.22873977 0.13163313 0.19859046 0.2907881  0.02800897]
[1 1]	1	[0. 0. 0. 0. 0. 0.]	False	[0.12223959 0.22873977 0.13163313 0.19859046 0.2907881  0.02800897]
[2 3]	0	[0. 0. 0. 0. 0. 0.]	False	[0.12223959 0.22873977 0.13163313 0.19859046 0.2907881  0.02800897]
[3 6]	0	[0. 0. 0. 0. 0. 0.]	False	[0.12223959 0.22873977 0.13163313 0.19859046 0.2907881  0.02800897]
[ 4 12]	0	[0. 0. 0. 0. 0. 0.]	False	[0.12223959 0.22873977 0.13163313 0.19859046 0.2907881  0.02800897]
[ 5 24]	1	[0. 0. 0. 0. 0. 0.]	False	[0.12223959 0.22873977 0.13163313 0.19859046 0.2907881  0.02800897]
[ 6 49]	1	[6.65232787 0.61323121 0.05237419 3.02035801 4.15410725 5.38410334]	True	[0.12223959 0.22873977 0.13163313 0.19859046 0.2907881  0.02800897]
[0 0]	1	[0. 0. 0. 0. 0. 0.]	False	[0.371876   0.11060518 0.05349014 0.21369809 0.20486438 0.04546624]
[1 1]	1	[0. 0. 0. 0. 0. 0.]	False	[0.371876   0.11060518 0.05349014 0.21369809 0.20486438 0.04546624]
[2 3]	1	[0. 0. 0. 0. 0. 0.]	False	[0.371876   0.11060518 0.05349014 0.21369809 0.20486438 0.04546624]
[3 7]	1	[0. 0. 0. 0. 0. 0.]	False	[0.371876   0.11060518 0.05349014 0.21369809 0.20486438 0.04546624]
[ 4 15]	0	[0. 0. 0. 0. 0. 0.]	False	[0.371876   0.11060518 0.05349014 0.21369809 0.20486438 0.04546624]
[ 5 30]	1	[0. 0. 0. 0. 0. 0.]	False	[0.371876   0.11060518 0.05349014 0.21369809 0.20486438 0.04546624]
[ 6 61]	0	[2.21521553 1.61363547 2.97780427 7.14111649 1.5164266  5.50695815]	True	[0.371876   0.11060518 0.05349014 0.21369809 0.20486438 0.04546624]
[0 0]	0	[0. 0. 0. 0. 0. 0.]	False	[0.08935024 0.21423207 0.18575776 0.03939641 0.14832821 0.3229353 ]
[1 0]	0	[0. 0. 0. 0. 0. 0.]	False	[0.08935024 0.21423207 0.18575776 0.03939641 0.14832821 0.3229353 ]
[2 0]	1	[0. 0. 0. 0. 0. 0.]	False	[0.08935024 0.21423207 0.18575776 0.03939641 0.14832821 0.3229353 ]
[3 1]	1	[0. 0. 0. 0. 0. 0.]	False	[0.08935024 0.21423207 0.18575776 0.03939641 0.14832821 0.3229353 ]
[4 3]	1	[0. 0. 0. 0. 0. 0.]	False	[0.08935024 0.21423207 0.18575776 0.03939641 0.14832821 0.3229353 ]
[5 7]	0	[0. 0. 0. 0. 0. 0.]	False	[0.08935024 0.21423207 0.18575776 0.03939641 0.14832821 0.3229353 ]
[ 6 14]	1	[7.63538382 3.88682729 3.22292045 0.21632413 0.071194   4.01925448]	True	[0.08935024 0.21423207 0.18575776 0.03939641 0.14832821 0.3229353 ]
[0 0]	1	[0. 0. 0. 0. 0. 0.]	False	[0.31236944 0.22932604 0.18216912 0.15507294 0.02003887 0.1010235 ]
[1 1]	0	[0. 0. 0. 0. 0. 0.]	False	[0.31236944 0.22932604 0.18216912 0.15507294 0.02003887 0.1010235 ]
[2 2]	1	[0. 0. 0. 0. 0. 0.]	False	[0.31236944 0.22932604 0.18216912 0.15507294 0.02003887 0.1010235 ]
[3 5]	0	[0. 0. 0. 0. 0. 0.]	False	[0.31236944 0.22932604 0.18216912 0.15507294 0.02003887 0.1010235 ]
[ 4 10]	1	[0. 0. 0. 0. 0. 0.]	False	[0.31236944 0.22932604 0.18216912 0.15507294 0.02003887 0.1010235 ]
[ 5 21]	0	[0. 0. 0. 0. 0. 0.]	False	[0.31236944 0.22932604 0.18216912 0.15507294 0.02003887 0.1010235 ]
[ 6 42]	1	[3.91342565 1.03017066 1.54153396 9.00377711 0.12064941 0.40615586]	True	[0.31236944 0.22932604 0.18216912 0.15507294 0.02003887 0.1010235 ]
[0 0]	1	[0. 0. 0. 0. 0. 0.]	False	[0.33595648 0.05748807 0.13562234 0.03601434 0.11628595 0.31863275]
[1 1]	1	[0. 0. 0. 0. 0. 0.]	False	[0.33595648 0.05748807 0.13562234 0.03601434 0.11628595 0.31863275]
[2 3]	1	[0. 0. 0. 0. 0. 0.]	False	[0.33595648 0.05748807 0.13562234 0.03601434 0.11628595 0.31863275]
[3 7]	1	[0. 0. 0. 0. 0. 0.]	False	[0.33595648 0.05748807 0.13562234 0.03601434 0.11628595 0.31863275]
[ 4 15]	1	[0. 0. 0. 0. 0. 0.]	False	[0.33595648 0.05748807 0.13562234 0.03601434 0.11628595 0.31863275]
[ 5 31]	0	[0. 0. 0. 0. 0. 0.]	False	[0.33595648 0.05748807 0.13562234 0.03601434 0.11628595 0.31863275]
[ 6 62]	0	[0.68558487 0.30887798 2.04370625 9.13806017 3.13470834 1.38826961]	True	[0.33595648 0.05748807 0.13562234 0.03601434 0.11628595 0.31863275]
[0 0]	0	[0. 0. 0. 0. 0. 0.]	False	[0.30045784 0.21041319 0.23524262 0.12188209 0.00370574 0.12829857]
[1 0]	1	[0. 0. 0. 0. 0. 0.]	False	[0.30045784 0.21041319 0.23524262 0.12188209 0.00370574 0.12829857]
[2 1]	1	[0. 0. 0. 0. 0. 0.]	False	[0.30045784 0.21041319 0.23524262 0.12188209 0.00370574 0.12829857]
[3 3]	1	[0. 0. 0. 0. 0. 0.]	False	[0.30045784 0.21041319 0.23524262 0.12188209 0.00370574 0.12829857]
[4 7]	1	[0. 0. 0. 0. 0. 0.]	False	[0.30045784 0.21041319 0.23524262 0.12188209 0.00370574 0.12829857]
[ 5 15]	0	[0. 0. 0. 0. 0. 0.]	False	[0.30045784 0.21041319 0.23524262 0.12188209 0.00370574 0.12829857]
[ 6 30]	1	[4.63626603 0.39739091 0.76906016 4.12608336 1.14102927 7.70903059]	True	[0.30045784 0.21041319 0.23524262 0.12188209 0.00370574 0.12829857]
[0 0]	1	[0. 0. 0. 0. 0. 0.]	False	[0.27408525 0.23670769 0.10711814 0.06254415 0.15225947 0.1672852 ]
[1 1]	1	[0. 0. 0. 0. 0. 0.]	False	[0.27408525 0.23670769 0.10711814 0.06254415 0.15225947 0.1672852 ]
[2 3]	0	[0. 0. 0. 0. 0. 0.]	False	[0.27408525 0.23670769 0.10711814 0.06254415 0.15225947 0.1672852 ]
[3 6]	1	[0. 0. 0. 0. 0. 0.]	False	[0.27408525 0.23670769 0.10711814 0.06254415 0.15225947 0.1672852 ]
[ 4 13]	1	[0. 0. 0. 0. 0. 0.]	False	[0.27408525 0.23670769 0.10711814 0.06254415 0.15225947 0.1672852 ]
[ 5 27]	0	[0. 0. 0. 0. 0. 0.]	False	[0.27408525 0.23670769 0.10711814 0.06254415 0.15225947 0.1672852 ]
[ 6 54]	0	[7.14046972 4.96484612 3.19339033 1.5445168  3.42381    0.24134276]	True	[0.27408525 0.23670769 0.10711814 0.06254415 0.15225947 0.1672852 ]
[0 0]	1	[0. 0. 0. 0. 0. 0.]	False	[0.2734291  0.13641022 0.09674573 0.12033037 0.09127849 0.28180614]
